OpenJDK 64-Bit Server VM warning: ignoring option MaxPermSize=2048m; support was removed in 8.0
Changed client loglevel to info
WMS:initContainer cp
Initialized container:cp_d8a2505a-029d-464f-9889-bb4314f234ca using api-key:00000000000000000000000000000000
Init'ed and set active container to cp_d8a2505a-029d-464f-9889-bb4314f234ca

WMS:uploadTestrig 00000000000000000000000000000000 cp_d8a2505a-029d-464f-9889-bb4314f234ca smt-test
Environment data for testrig:smt-test; bgpTables:false, routingTables:false
Uploaded testrig:smt-test for container:cp_d8a2505a-029d-464f-9889-bb4314f234ca using api-key:00000000000000000000000000000000
Uploaded testrig.
Parsing now.
work-id is d243a4a2-bdbe-4d62-ba2a-e438080eaf37
WMS:queueWork 00000000000000000000000000000000 {
  "containerName" : "cp_d8a2505a-029d-464f-9889-bb4314f234ca",
  "id" : "d243a4a2-bdbe-4d62-ba2a-e438080eaf37",
  "requestParams" : {
    "sv" : "",
    "haltonparseerror" : "",
    "si" : "",
    "initinfo" : "false",
    "loglevel" : "fatal",
    "unimplementedsuppress" : "",
    "haltonconverterror" : ""
  },
  "testrigName" : "smt-test"
}
WM:AssignWork: Trying to assign [d243a4a2-bdbe-4d62-ba2a-e438080eaf37 cp_d8a2505a-029d-464f-9889-bb4314f234ca smt-test {sv=, haltonparseerror=, si=, initinfo=false, loglevel=fatal, unimplementedsuppress=, haltonconverterror=}] [TRYINGTOASSIGN] [Thu Dec 27 16:15:46 CST 2018 null null] [null] [null, null] to localhost:9999
Queuing result: true
WMS:getWorkStatus d243a4a2-bdbe-4d62-ba2a-e438080eaf37
status: TRYINGTOASSIGN
.... no task information
BFS:runTask(d243a4a2-bdbe-4d62-ba2a-e438080eaf37,{"sv":"","haltonparseerror":"","si":"","initinfo":"false","loglevel":"fatal","unimplementedsuppress":"","haltonconverterror":"","containerdir":"\/home\/plankton\/batfish\/experiments\/containers\/cp_d8a2505a-029d-464f-9889-bb4314f234ca","testrig":"smt-test","logfile":"\/home\/plankton\/batfish\/experiments\/containers\/cp_d8a2505a-029d-464f-9889-bb4314f234ca\/testrigs\/smt-test\/d243a4a2-bdbe-4d62-ba2a-e438080eaf37.log","answerjsonpath":"\/home\/plankton\/batfish\/experiments\/containers\/cp_d8a2505a-029d-464f-9889-bb4314f234ca\/testrigs\/smt-test\/d243a4a2-bdbe-4d62-ba2a-e438080eaf37.json"})
Will run with args: [-sv, -haltonparseerror, -si, -initinfo, false, -loglevel, fatal, -unimplementedsuppress, -haltonconverterror, -containerdir, /home/plankton/batfish/experiments/containers/cp_d8a2505a-029d-464f-9889-bb4314f234ca, -testrig, smt-test, -logfile, /home/plankton/batfish/experiments/containers/cp_d8a2505a-029d-464f-9889-bb4314f234ca/testrigs/smt-test/d243a4a2-bdbe-4d62-ba2a-e438080eaf37.log, -answerjsonpath, /home/plankton/batfish/experiments/containers/cp_d8a2505a-029d-464f-9889-bb4314f234ca/testrigs/smt-test/d243a4a2-bdbe-4d62-ba2a-e438080eaf37.json]
WMS:getWorkStatus d243a4a2-bdbe-4d62-ba2a-e438080eaf37
status: TRYINGTOASSIGN
.... no task information
WMS:getWorkStatus d243a4a2-bdbe-4d62-ba2a-e438080eaf37
status: TRYINGTOASSIGN
WM:AssignWork: response: ["success","running now"] [success] [running now]
.... no task information
WMS:getWorkStatus d243a4a2-bdbe-4d62-ba2a-e438080eaf37
status: ASSIGNED
.... no task information
WMS:getWorkStatus d243a4a2-bdbe-4d62-ba2a-e438080eaf37
status: ASSIGNED
.... no task information
WMS:getWorkStatus d243a4a2-bdbe-4d62-ba2a-e438080eaf37
status: ASSIGNED
.... no task information
WMS:getWorkStatus d243a4a2-bdbe-4d62-ba2a-e438080eaf37
status: ASSIGNED
.... no task information
WMS:getWorkStatus d243a4a2-bdbe-4d62-ba2a-e438080eaf37
status: ASSIGNED
.... no task information
WMS:getWorkStatus d243a4a2-bdbe-4d62-ba2a-e438080eaf37
status: ASSIGNED
.... no task information
WMS:getWorkStatus d243a4a2-bdbe-4d62-ba2a-e438080eaf37
status: ASSIGNED
.... no task information
WMS:getWorkStatus d243a4a2-bdbe-4d62-ba2a-e438080eaf37
status: ASSIGNED
.... no task information
WMS:getWorkStatus d243a4a2-bdbe-4d62-ba2a-e438080eaf37
status: ASSIGNED
.... no task information
WMS:getWorkStatus d243a4a2-bdbe-4d62-ba2a-e438080eaf37
status: ASSIGNED
.... no task information
WM:CheckWork: Trying to check [d243a4a2-bdbe-4d62-ba2a-e438080eaf37 cp_d8a2505a-029d-464f-9889-bb4314f234ca smt-test {sv=, haltonparseerror=, si=, initinfo=false, loglevel=fatal, unimplementedsuppress=, haltonconverterror=}] [CHECKINGSTATUS] [Thu Dec 27 16:15:46 CST 2018 Thu Dec 27 16:15:46 CST 2018 null] [localhost:9999] [null, null] on localhost:9999
BFS:getTaskStatus d243a4a2-bdbe-4d62-ba2a-e438080eaf37
response: ["success","{\n  \"args\" : [\n    \"-sv\",\n    \"-haltonparseerror\",\n    \"-si\",\n    \"-initinfo\",\n    \"false\",\n    \"-loglevel\",\n    \"fatal\",\n    \"-unimplementedsuppress\",\n    \"-haltonconverterror\",\n    \"-containerdir\",\n    \"\/home\/plankton\/batfish\/experiments\/containers\/cp_d8a2505a-029d-464f-9889-bb4314f234ca\",\n    \"-testrig\",\n    \"smt-test\",\n    \"-logfile\",\n    \"\/home\/plankton\/batfish\/experiments\/containers\/cp_d8a2505a-029d-464f-9889-bb4314f234ca\/testrigs\/smt-test\/d243a4a2-bdbe-4d62-ba2a-e438080eaf37.log\",\n    \"-answerjsonpath\",\n    \"\/home\/plankton\/batfish\/experiments\/containers\/cp_d8a2505a-029d-464f-9889-bb4314f234ca\/testrigs\/smt-test\/d243a4a2-bdbe-4d62-ba2a-e438080eaf37.json\"\n  ],\n  \"batches\" : [\n    {\n      \"completed\" : 0,\n      \"description\" : \"Begin job\",\n      \"size\" : 0,\n      \"startDate\" : \"2018-12-27T22:15:46.926+0000\"\n    },\n    {\n      \"completed\" : 45,\n      \"description\" : \"Reading network configuration files\",\n      \"size\" : 45,\n      \"startDate\" : \"2018-12-27T22:15:46.953+0000\"\n    },\n    {\n      \"completed\" : 0,\n      \"description\" : \"Parse configurations\",\n      \"size\" : 45,\n      \"startDate\" : \"2018-12-27T22:15:47.029+0000\"\n    }\n  ],\n  \"obtained\" : \"2018-12-27T22:15:46.921+0000\",\n  \"status\" : \"InProgress\"\n}"] [success] [{
  "args" : [
    "-sv",
    "-haltonparseerror",
    "-si",
    "-initinfo",
    "false",
    "-loglevel",
    "fatal",
    "-unimplementedsuppress",
    "-haltonconverterror",
    "-containerdir",
    "/home/plankton/batfish/experiments/containers/cp_d8a2505a-029d-464f-9889-bb4314f234ca",
    "-testrig",
    "smt-test",
    "-logfile",
    "/home/plankton/batfish/experiments/containers/cp_d8a2505a-029d-464f-9889-bb4314f234ca/testrigs/smt-test/d243a4a2-bdbe-4d62-ba2a-e438080eaf37.log",
    "-answerjsonpath",
    "/home/plankton/batfish/experiments/containers/cp_d8a2505a-029d-464f-9889-bb4314f234ca/testrigs/smt-test/d243a4a2-bdbe-4d62-ba2a-e438080eaf37.json"
  ],
  "batches" : [
    {
      "completed" : 0,
      "description" : "Begin job",
      "size" : 0,
      "startDate" : "2018-12-27T22:15:46.926+0000"
    },
    {
      "completed" : 45,
      "description" : "Reading network configuration files",
      "size" : 45,
      "startDate" : "2018-12-27T22:15:46.953+0000"
    },
    {
      "completed" : 0,
      "description" : "Parse configurations",
      "size" : 45,
      "startDate" : "2018-12-27T22:15:47.029+0000"
    }
  ],
  "obtained" : "2018-12-27T22:15:46.921+0000",
  "status" : "InProgress"
}]
WMS:getWorkStatus d243a4a2-bdbe-4d62-ba2a-e438080eaf37
status: ASSIGNED
.... Thu Dec 27 16:15:47 CST 2018: Parse configurations: 0/45
WMS:getWorkStatus d243a4a2-bdbe-4d62-ba2a-e438080eaf37
status: ASSIGNED
.... Thu Dec 27 16:15:47 CST 2018: Parse configurations: 0/45
WMS:getWorkStatus d243a4a2-bdbe-4d62-ba2a-e438080eaf37
WM:CheckWork: Trying to check [d243a4a2-bdbe-4d62-ba2a-e438080eaf37 cp_d8a2505a-029d-464f-9889-bb4314f234ca smt-test {sv=, haltonparseerror=, si=, initinfo=false, loglevel=fatal, unimplementedsuppress=, haltonconverterror=}] [CHECKINGSTATUS] [Thu Dec 27 16:15:46 CST 2018 Thu Dec 27 16:15:46 CST 2018 null] [localhost:9999] [InProgress, Thu Dec 27 16:15:47 CST 2018] on localhost:9999
status: CHECKINGSTATUS
.... Thu Dec 27 16:15:47 CST 2018: Parse configurations: 0/45
BFS:getTaskStatus d243a4a2-bdbe-4d62-ba2a-e438080eaf37
response: ["success","{\n  \"args\" : [\n    \"-sv\",\n    \"-haltonparseerror\",\n    \"-si\",\n    \"-initinfo\",\n    \"false\",\n    \"-loglevel\",\n    \"fatal\",\n    \"-unimplementedsuppress\",\n    \"-haltonconverterror\",\n    \"-containerdir\",\n    \"\/home\/plankton\/batfish\/experiments\/containers\/cp_d8a2505a-029d-464f-9889-bb4314f234ca\",\n    \"-testrig\",\n    \"smt-test\",\n    \"-logfile\",\n    \"\/home\/plankton\/batfish\/experiments\/containers\/cp_d8a2505a-029d-464f-9889-bb4314f234ca\/testrigs\/smt-test\/d243a4a2-bdbe-4d62-ba2a-e438080eaf37.log\",\n    \"-answerjsonpath\",\n    \"\/home\/plankton\/batfish\/experiments\/containers\/cp_d8a2505a-029d-464f-9889-bb4314f234ca\/testrigs\/smt-test\/d243a4a2-bdbe-4d62-ba2a-e438080eaf37.json\"\n  ],\n  \"batches\" : [\n    {\n      \"completed\" : 0,\n      \"description\" : \"Begin job\",\n      \"size\" : 0,\n      \"startDate\" : \"2018-12-27T22:15:46.926+0000\"\n    },\n    {\n      \"completed\" : 45,\n      \"description\" : \"Reading network configuration files\",\n      \"size\" : 45,\n      \"startDate\" : \"2018-12-27T22:15:46.953+0000\"\n    },\n    {\n      \"completed\" : 0,\n      \"description\" : \"Parse configurations\",\n      \"size\" : 45,\n      \"startDate\" : \"2018-12-27T22:15:47.029+0000\"\n    }\n  ],\n  \"obtained\" : \"2018-12-27T22:15:46.921+0000\",\n  \"status\" : \"InProgress\"\n}"] [success] [{
  "args" : [
    "-sv",
    "-haltonparseerror",
    "-si",
    "-initinfo",
    "false",
    "-loglevel",
    "fatal",
    "-unimplementedsuppress",
    "-haltonconverterror",
    "-containerdir",
    "/home/plankton/batfish/experiments/containers/cp_d8a2505a-029d-464f-9889-bb4314f234ca",
    "-testrig",
    "smt-test",
    "-logfile",
    "/home/plankton/batfish/experiments/containers/cp_d8a2505a-029d-464f-9889-bb4314f234ca/testrigs/smt-test/d243a4a2-bdbe-4d62-ba2a-e438080eaf37.log",
    "-answerjsonpath",
    "/home/plankton/batfish/experiments/containers/cp_d8a2505a-029d-464f-9889-bb4314f234ca/testrigs/smt-test/d243a4a2-bdbe-4d62-ba2a-e438080eaf37.json"
  ],
  "batches" : [
    {
      "completed" : 0,
      "description" : "Begin job",
      "size" : 0,
      "startDate" : "2018-12-27T22:15:46.926+0000"
    },
    {
      "completed" : 45,
      "description" : "Reading network configuration files",
      "size" : 45,
      "startDate" : "2018-12-27T22:15:46.953+0000"
    },
    {
      "completed" : 0,
      "description" : "Parse configurations",
      "size" : 45,
      "startDate" : "2018-12-27T22:15:47.029+0000"
    }
  ],
  "obtained" : "2018-12-27T22:15:46.921+0000",
  "status" : "InProgress"
}]
WMS:getWorkStatus d243a4a2-bdbe-4d62-ba2a-e438080eaf37
status: ASSIGNED
.... Thu Dec 27 16:15:47 CST 2018: Parse configurations: 0/45
WM:CheckWork: Trying to check [d243a4a2-bdbe-4d62-ba2a-e438080eaf37 cp_d8a2505a-029d-464f-9889-bb4314f234ca smt-test {sv=, haltonparseerror=, si=, initinfo=false, loglevel=fatal, unimplementedsuppress=, haltonconverterror=}] [CHECKINGSTATUS] [Thu Dec 27 16:15:46 CST 2018 Thu Dec 27 16:15:46 CST 2018 null] [localhost:9999] [InProgress, Thu Dec 27 16:15:48 CST 2018] on localhost:9999
BFS:getTaskStatus d243a4a2-bdbe-4d62-ba2a-e438080eaf37
response: ["success","{\n  \"args\" : [\n    \"-sv\",\n    \"-haltonparseerror\",\n    \"-si\",\n    \"-initinfo\",\n    \"false\",\n    \"-loglevel\",\n    \"fatal\",\n    \"-unimplementedsuppress\",\n    \"-haltonconverterror\",\n    \"-containerdir\",\n    \"\/home\/plankton\/batfish\/experiments\/containers\/cp_d8a2505a-029d-464f-9889-bb4314f234ca\",\n    \"-testrig\",\n    \"smt-test\",\n    \"-logfile\",\n    \"\/home\/plankton\/batfish\/experiments\/containers\/cp_d8a2505a-029d-464f-9889-bb4314f234ca\/testrigs\/smt-test\/d243a4a2-bdbe-4d62-ba2a-e438080eaf37.log\",\n    \"-answerjsonpath\",\n    \"\/home\/plankton\/batfish\/experiments\/containers\/cp_d8a2505a-029d-464f-9889-bb4314f234ca\/testrigs\/smt-test\/d243a4a2-bdbe-4d62-ba2a-e438080eaf37.json\"\n  ],\n  \"batches\" : [\n    {\n      \"completed\" : 0,\n      \"description\" : \"Begin job\",\n      \"size\" : 0,\n      \"startDate\" : \"2018-12-27T22:15:46.926+0000\"\n    },\n    {\n      \"completed\" : 45,\n      \"description\" : \"Reading network configuration files\",\n      \"size\" : 45,\n      \"startDate\" : \"2018-12-27T22:15:46.953+0000\"\n    },\n    {\n      \"completed\" : 0,\n      \"description\" : \"Parse configurations\",\n      \"size\" : 45,\n      \"startDate\" : \"2018-12-27T22:15:47.029+0000\"\n    }\n  ],\n  \"obtained\" : \"2018-12-27T22:15:46.921+0000\",\n  \"status\" : \"InProgress\"\n}"] [success] [{
  "args" : [
    "-sv",
    "-haltonparseerror",
    "-si",
    "-initinfo",
    "false",
    "-loglevel",
    "fatal",
    "-unimplementedsuppress",
    "-haltonconverterror",
    "-containerdir",
    "/home/plankton/batfish/experiments/containers/cp_d8a2505a-029d-464f-9889-bb4314f234ca",
    "-testrig",
    "smt-test",
    "-logfile",
    "/home/plankton/batfish/experiments/containers/cp_d8a2505a-029d-464f-9889-bb4314f234ca/testrigs/smt-test/d243a4a2-bdbe-4d62-ba2a-e438080eaf37.log",
    "-answerjsonpath",
    "/home/plankton/batfish/experiments/containers/cp_d8a2505a-029d-464f-9889-bb4314f234ca/testrigs/smt-test/d243a4a2-bdbe-4d62-ba2a-e438080eaf37.json"
  ],
  "batches" : [
    {
      "completed" : 0,
      "description" : "Begin job",
      "size" : 0,
      "startDate" : "2018-12-27T22:15:46.926+0000"
    },
    {
      "completed" : 45,
      "description" : "Reading network configuration files",
      "size" : 45,
      "startDate" : "2018-12-27T22:15:46.953+0000"
    },
    {
      "completed" : 0,
      "description" : "Parse configurations",
      "size" : 45,
      "startDate" : "2018-12-27T22:15:47.029+0000"
    }
  ],
  "obtained" : "2018-12-27T22:15:46.921+0000",
  "status" : "InProgress"
}]
WMS:getWorkStatus d243a4a2-bdbe-4d62-ba2a-e438080eaf37
status: ASSIGNED
.... Thu Dec 27 16:15:47 CST 2018: Parse configurations: 0/45
WM:CheckWork: Trying to check [d243a4a2-bdbe-4d62-ba2a-e438080eaf37 cp_d8a2505a-029d-464f-9889-bb4314f234ca smt-test {sv=, haltonparseerror=, si=, initinfo=false, loglevel=fatal, unimplementedsuppress=, haltonconverterror=}] [CHECKINGSTATUS] [Thu Dec 27 16:15:46 CST 2018 Thu Dec 27 16:15:46 CST 2018 null] [localhost:9999] [InProgress, Thu Dec 27 16:15:49 CST 2018] on localhost:9999
BFS:getTaskStatus d243a4a2-bdbe-4d62-ba2a-e438080eaf37
response: ["success","{\n  \"args\" : [\n    \"-sv\",\n    \"-haltonparseerror\",\n    \"-si\",\n    \"-initinfo\",\n    \"false\",\n    \"-loglevel\",\n    \"fatal\",\n    \"-unimplementedsuppress\",\n    \"-haltonconverterror\",\n    \"-containerdir\",\n    \"\/home\/plankton\/batfish\/experiments\/containers\/cp_d8a2505a-029d-464f-9889-bb4314f234ca\",\n    \"-testrig\",\n    \"smt-test\",\n    \"-logfile\",\n    \"\/home\/plankton\/batfish\/experiments\/containers\/cp_d8a2505a-029d-464f-9889-bb4314f234ca\/testrigs\/smt-test\/d243a4a2-bdbe-4d62-ba2a-e438080eaf37.log\",\n    \"-answerjsonpath\",\n    \"\/home\/plankton\/batfish\/experiments\/containers\/cp_d8a2505a-029d-464f-9889-bb4314f234ca\/testrigs\/smt-test\/d243a4a2-bdbe-4d62-ba2a-e438080eaf37.json\"\n  ],\n  \"batches\" : [\n    {\n      \"completed\" : 0,\n      \"description\" : \"Begin job\",\n      \"size\" : 0,\n      \"startDate\" : \"2018-12-27T22:15:46.926+0000\"\n    },\n    {\n      \"completed\" : 45,\n      \"description\" : \"Reading network configuration files\",\n      \"size\" : 45,\n      \"startDate\" : \"2018-12-27T22:15:46.953+0000\"\n    },\n    {\n      \"completed\" : 0,\n      \"description\" : \"Parse configurations\",\n      \"size\" : 45,\n      \"startDate\" : \"2018-12-27T22:15:47.029+0000\"\n    }\n  ],\n  \"obtained\" : \"2018-12-27T22:15:46.921+0000\",\n  \"status\" : \"InProgress\"\n}"] [success] [{
  "args" : [
    "-sv",
    "-haltonparseerror",
    "-si",
    "-initinfo",
    "false",
    "-loglevel",
    "fatal",
    "-unimplementedsuppress",
    "-haltonconverterror",
    "-containerdir",
    "/home/plankton/batfish/experiments/containers/cp_d8a2505a-029d-464f-9889-bb4314f234ca",
    "-testrig",
    "smt-test",
    "-logfile",
    "/home/plankton/batfish/experiments/containers/cp_d8a2505a-029d-464f-9889-bb4314f234ca/testrigs/smt-test/d243a4a2-bdbe-4d62-ba2a-e438080eaf37.log",
    "-answerjsonpath",
    "/home/plankton/batfish/experiments/containers/cp_d8a2505a-029d-464f-9889-bb4314f234ca/testrigs/smt-test/d243a4a2-bdbe-4d62-ba2a-e438080eaf37.json"
  ],
  "batches" : [
    {
      "completed" : 0,
      "description" : "Begin job",
      "size" : 0,
      "startDate" : "2018-12-27T22:15:46.926+0000"
    },
    {
      "completed" : 45,
      "description" : "Reading network configuration files",
      "size" : 45,
      "startDate" : "2018-12-27T22:15:46.953+0000"
    },
    {
      "completed" : 0,
      "description" : "Parse configurations",
      "size" : 45,
      "startDate" : "2018-12-27T22:15:47.029+0000"
    }
  ],
  "obtained" : "2018-12-27T22:15:46.921+0000",
  "status" : "InProgress"
}]
WMS:getWorkStatus d243a4a2-bdbe-4d62-ba2a-e438080eaf37
status: ASSIGNED
.... Thu Dec 27 16:15:47 CST 2018: Parse configurations: 0/45
WM:CheckWork: Trying to check [d243a4a2-bdbe-4d62-ba2a-e438080eaf37 cp_d8a2505a-029d-464f-9889-bb4314f234ca smt-test {sv=, haltonparseerror=, si=, initinfo=false, loglevel=fatal, unimplementedsuppress=, haltonconverterror=}] [CHECKINGSTATUS] [Thu Dec 27 16:15:46 CST 2018 Thu Dec 27 16:15:46 CST 2018 null] [localhost:9999] [InProgress, Thu Dec 27 16:15:50 CST 2018] on localhost:9999
BFS:getTaskStatus d243a4a2-bdbe-4d62-ba2a-e438080eaf37
response: ["success","{\n  \"args\" : [\n    \"-sv\",\n    \"-haltonparseerror\",\n    \"-si\",\n    \"-initinfo\",\n    \"false\",\n    \"-loglevel\",\n    \"fatal\",\n    \"-unimplementedsuppress\",\n    \"-haltonconverterror\",\n    \"-containerdir\",\n    \"\/home\/plankton\/batfish\/experiments\/containers\/cp_d8a2505a-029d-464f-9889-bb4314f234ca\",\n    \"-testrig\",\n    \"smt-test\",\n    \"-logfile\",\n    \"\/home\/plankton\/batfish\/experiments\/containers\/cp_d8a2505a-029d-464f-9889-bb4314f234ca\/testrigs\/smt-test\/d243a4a2-bdbe-4d62-ba2a-e438080eaf37.log\",\n    \"-answerjsonpath\",\n    \"\/home\/plankton\/batfish\/experiments\/containers\/cp_d8a2505a-029d-464f-9889-bb4314f234ca\/testrigs\/smt-test\/d243a4a2-bdbe-4d62-ba2a-e438080eaf37.json\"\n  ],\n  \"batches\" : [\n    {\n      \"completed\" : 0,\n      \"description\" : \"Begin job\",\n      \"size\" : 0,\n      \"startDate\" : \"2018-12-27T22:15:46.926+0000\"\n    },\n    {\n      \"completed\" : 45,\n      \"description\" : \"Reading network configuration files\",\n      \"size\" : 45,\n      \"startDate\" : \"2018-12-27T22:15:46.953+0000\"\n    },\n    {\n      \"completed\" : 45,\n      \"description\" : \"Parse configurations\",\n      \"size\" : 45,\n      \"startDate\" : \"2018-12-27T22:15:47.029+0000\"\n    },\n    {\n      \"completed\" : 45,\n      \"description\" : \"Serializing 'org.batfish.representation.cisco.CiscoConfiguration' instances to disk\",\n      \"size\" : 45,\n      \"startDate\" : \"2018-12-27T22:15:51.406+0000\"\n    },\n    {\n      \"completed\" : 45,\n      \"description\" : \"Reading and unpacking files containing 'org.batfish.datamodel.GenericConfigObject' instances\",\n      \"size\" : 45,\n      \"startDate\" : \"2018-12-27T22:15:51.491+0000\"\n    },\n    {\n      \"completed\" : 45,\n      \"description\" : \"Deserializing 'org.batfish.datamodel.GenericConfigObject' instances\",\n      \"size\" : 45,\n      \"startDate\" : \"2018-12-27T22:15:51.500+0000\"\n    },\n    {\n      \"completed\" : 45,\n      \"description\" : \"Convert configurations to vendor-independent format\",\n      \"size\" : 45,\n      \"startDate\" : \"2018-12-27T22:15:51.551+0000\"\n    }\n  ],\n  \"obtained\" : \"2018-12-27T22:15:46.921+0000\",\n  \"status\" : \"InProgress\"\n}"] [success] [{
  "args" : [
    "-sv",
    "-haltonparseerror",
    "-si",
    "-initinfo",
    "false",
    "-loglevel",
    "fatal",
    "-unimplementedsuppress",
    "-haltonconverterror",
    "-containerdir",
    "/home/plankton/batfish/experiments/containers/cp_d8a2505a-029d-464f-9889-bb4314f234ca",
    "-testrig",
    "smt-test",
    "-logfile",
    "/home/plankton/batfish/experiments/containers/cp_d8a2505a-029d-464f-9889-bb4314f234ca/testrigs/smt-test/d243a4a2-bdbe-4d62-ba2a-e438080eaf37.log",
    "-answerjsonpath",
    "/home/plankton/batfish/experiments/containers/cp_d8a2505a-029d-464f-9889-bb4314f234ca/testrigs/smt-test/d243a4a2-bdbe-4d62-ba2a-e438080eaf37.json"
  ],
  "batches" : [
    {
      "completed" : 0,
      "description" : "Begin job",
      "size" : 0,
      "startDate" : "2018-12-27T22:15:46.926+0000"
    },
    {
      "completed" : 45,
      "description" : "Reading network configuration files",
      "size" : 45,
      "startDate" : "2018-12-27T22:15:46.953+0000"
    },
    {
      "completed" : 45,
      "description" : "Parse configurations",
      "size" : 45,
      "startDate" : "2018-12-27T22:15:47.029+0000"
    },
    {
      "completed" : 45,
      "description" : "Serializing 'org.batfish.representation.cisco.CiscoConfiguration' instances to disk",
      "size" : 45,
      "startDate" : "2018-12-27T22:15:51.406+0000"
    },
    {
      "completed" : 45,
      "description" : "Reading and unpacking files containing 'org.batfish.datamodel.GenericConfigObject' instances",
      "size" : 45,
      "startDate" : "2018-12-27T22:15:51.491+0000"
    },
    {
      "completed" : 45,
      "description" : "Deserializing 'org.batfish.datamodel.GenericConfigObject' instances",
      "size" : 45,
      "startDate" : "2018-12-27T22:15:51.500+0000"
    },
    {
      "completed" : 45,
      "description" : "Convert configurations to vendor-independent format",
      "size" : 45,
      "startDate" : "2018-12-27T22:15:51.551+0000"
    }
  ],
  "obtained" : "2018-12-27T22:15:46.921+0000",
  "status" : "InProgress"
}]
WMS:getWorkStatus d243a4a2-bdbe-4d62-ba2a-e438080eaf37
status: ASSIGNED
.... Thu Dec 27 16:15:51 CST 2018: Convert configurations to vendor-independent format: 45/45
WM:CheckWork: Trying to check [d243a4a2-bdbe-4d62-ba2a-e438080eaf37 cp_d8a2505a-029d-464f-9889-bb4314f234ca smt-test {sv=, haltonparseerror=, si=, initinfo=false, loglevel=fatal, unimplementedsuppress=, haltonconverterror=}] [CHECKINGSTATUS] [Thu Dec 27 16:15:46 CST 2018 Thu Dec 27 16:15:46 CST 2018 null] [localhost:9999] [InProgress, Thu Dec 27 16:15:51 CST 2018] on localhost:9999
BFS:getTaskStatus d243a4a2-bdbe-4d62-ba2a-e438080eaf37
response: ["success","{\n  \"args\" : [\n    \"-sv\",\n    \"-haltonparseerror\",\n    \"-si\",\n    \"-initinfo\",\n    \"false\",\n    \"-loglevel\",\n    \"fatal\",\n    \"-unimplementedsuppress\",\n    \"-haltonconverterror\",\n    \"-containerdir\",\n    \"\/home\/plankton\/batfish\/experiments\/containers\/cp_d8a2505a-029d-464f-9889-bb4314f234ca\",\n    \"-testrig\",\n    \"smt-test\",\n    \"-logfile\",\n    \"\/home\/plankton\/batfish\/experiments\/containers\/cp_d8a2505a-029d-464f-9889-bb4314f234ca\/testrigs\/smt-test\/d243a4a2-bdbe-4d62-ba2a-e438080eaf37.log\",\n    \"-answerjsonpath\",\n    \"\/home\/plankton\/batfish\/experiments\/containers\/cp_d8a2505a-029d-464f-9889-bb4314f234ca\/testrigs\/smt-test\/d243a4a2-bdbe-4d62-ba2a-e438080eaf37.json\"\n  ],\n  \"batches\" : [\n    {\n      \"completed\" : 0,\n      \"description\" : \"Begin job\",\n      \"size\" : 0,\n      \"startDate\" : \"2018-12-27T22:15:46.926+0000\"\n    },\n    {\n      \"completed\" : 45,\n      \"description\" : \"Reading network configuration files\",\n      \"size\" : 45,\n      \"startDate\" : \"2018-12-27T22:15:46.953+0000\"\n    },\n    {\n      \"completed\" : 45,\n      \"description\" : \"Parse configurations\",\n      \"size\" : 45,\n      \"startDate\" : \"2018-12-27T22:15:47.029+0000\"\n    },\n    {\n      \"completed\" : 45,\n      \"description\" : \"Serializing 'org.batfish.representation.cisco.CiscoConfiguration' instances to disk\",\n      \"size\" : 45,\n      \"startDate\" : \"2018-12-27T22:15:51.406+0000\"\n    },\n    {\n      \"completed\" : 45,\n      \"description\" : \"Reading and unpacking files containing 'org.batfish.datamodel.GenericConfigObject' instances\",\n      \"size\" : 45,\n      \"startDate\" : \"2018-12-27T22:15:51.491+0000\"\n    },\n    {\n      \"completed\" : 45,\n      \"description\" : \"Deserializing 'org.batfish.datamodel.GenericConfigObject' instances\",\n      \"size\" : 45,\n      \"startDate\" : \"2018-12-27T22:15:51.500+0000\"\n    },\n    {\n      \"completed\" : 45,\n      \"description\" : \"Convert configurations to vendor-independent format\",\n      \"size\" : 45,\n      \"startDate\" : \"2018-12-27T22:15:51.551+0000\"\n    },\n    {\n      \"completed\" : 45,\n      \"description\" : \"Serializing 45 vendor-independent configuration structures for testrig smt-test\",\n      \"size\" : 45,\n      \"startDate\" : \"2018-12-27T22:15:51.620+0000\"\n    }\n  ],\n  \"obtained\" : \"2018-12-27T22:15:46.921+0000\",\n  \"status\" : \"TerminatedNormally\",\n  \"terminated\" : \"2018-12-27T22:15:51.735+0000\"\n}"] [success] [{
  "args" : [
    "-sv",
    "-haltonparseerror",
    "-si",
    "-initinfo",
    "false",
    "-loglevel",
    "fatal",
    "-unimplementedsuppress",
    "-haltonconverterror",
    "-containerdir",
    "/home/plankton/batfish/experiments/containers/cp_d8a2505a-029d-464f-9889-bb4314f234ca",
    "-testrig",
    "smt-test",
    "-logfile",
    "/home/plankton/batfish/experiments/containers/cp_d8a2505a-029d-464f-9889-bb4314f234ca/testrigs/smt-test/d243a4a2-bdbe-4d62-ba2a-e438080eaf37.log",
    "-answerjsonpath",
    "/home/plankton/batfish/experiments/containers/cp_d8a2505a-029d-464f-9889-bb4314f234ca/testrigs/smt-test/d243a4a2-bdbe-4d62-ba2a-e438080eaf37.json"
  ],
  "batches" : [
    {
      "completed" : 0,
      "description" : "Begin job",
      "size" : 0,
      "startDate" : "2018-12-27T22:15:46.926+0000"
    },
    {
      "completed" : 45,
      "description" : "Reading network configuration files",
      "size" : 45,
      "startDate" : "2018-12-27T22:15:46.953+0000"
    },
    {
      "completed" : 45,
      "description" : "Parse configurations",
      "size" : 45,
      "startDate" : "2018-12-27T22:15:47.029+0000"
    },
    {
      "completed" : 45,
      "description" : "Serializing 'org.batfish.representation.cisco.CiscoConfiguration' instances to disk",
      "size" : 45,
      "startDate" : "2018-12-27T22:15:51.406+0000"
    },
    {
      "completed" : 45,
      "description" : "Reading and unpacking files containing 'org.batfish.datamodel.GenericConfigObject' instances",
      "size" : 45,
      "startDate" : "2018-12-27T22:15:51.491+0000"
    },
    {
      "completed" : 45,
      "description" : "Deserializing 'org.batfish.datamodel.GenericConfigObject' instances",
      "size" : 45,
      "startDate" : "2018-12-27T22:15:51.500+0000"
    },
    {
      "completed" : 45,
      "description" : "Convert configurations to vendor-independent format",
      "size" : 45,
      "startDate" : "2018-12-27T22:15:51.551+0000"
    },
    {
      "completed" : 45,
      "description" : "Serializing 45 vendor-independent configuration structures for testrig smt-test",
      "size" : 45,
      "startDate" : "2018-12-27T22:15:51.620+0000"
    }
  ],
  "obtained" : "2018-12-27T22:15:46.921+0000",
  "status" : "TerminatedNormally",
  "terminated" : "2018-12-27T22:15:51.735+0000"
}]
WMS:getWorkStatus d243a4a2-bdbe-4d62-ba2a-e438080eaf37
status: TERMINATEDNORMALLY
.... Thu Dec 27 16:15:46 CST 2018: Begin job
.... Thu Dec 27 16:15:46 CST 2018: Reading network configuration files: 45/45
.... Thu Dec 27 16:15:47 CST 2018: Parse configurations: 45/45
.... Thu Dec 27 16:15:51 CST 2018: Serializing 'org.batfish.representation.cisco.CiscoConfiguration' instances to disk: 45/45
.... Thu Dec 27 16:15:51 CST 2018: Reading and unpacking files containing 'org.batfish.datamodel.GenericConfigObject' instances: 45/45
.... Thu Dec 27 16:15:51 CST 2018: Deserializing 'org.batfish.datamodel.GenericConfigObject' instances: 45/45
.... Thu Dec 27 16:15:51 CST 2018: Convert configurations to vendor-independent format: 45/45
.... Thu Dec 27 16:15:51 CST 2018: Serializing 45 vendor-independent configuration structures for testrig smt-test: 45/45
.... Thu Dec 27 16:15:51 CST 2018: TERMINATEDNORMALLY
WMS:getObject smt-test --> d243a4a2-bdbe-4d62-ba2a-e438080eaf37.json
Status: SUCCESS
Summary: 0 (non-assertion) results; 
Base testrig is now smt-test
WMS:uploadQuestion 00000000000000000000000000000000 cp_d8a2505a-029d-464f-9889-bb4314f234ca smt-test/q_51cbc5af-8276-45bc-b2df-a48776bfa9b8
work-id is eda207af-3743-4606-a58c-78b9209a4ab0
WMS:queueWork 00000000000000000000000000000000 {
  "containerName" : "cp_d8a2505a-029d-464f-9889-bb4314f234ca",
  "id" : "eda207af-3743-4606-a58c-78b9209a4ab0",
  "requestParams" : {
    "answer" : "",
    "haltonparseerror" : "",
    "loglevel" : "fatal",
    "initinfo" : "false",
    "questionname" : "q_51cbc5af-8276-45bc-b2df-a48776bfa9b8",
    "env" : "env_default",
    "haltonconverterror" : ""
  },
  "testrigName" : "smt-test"
}
WM:AssignWork: Trying to assign [eda207af-3743-4606-a58c-78b9209a4ab0 cp_d8a2505a-029d-464f-9889-bb4314f234ca smt-test {answer=, haltonparseerror=, loglevel=fatal, initinfo=false, questionname=q_51cbc5af-8276-45bc-b2df-a48776bfa9b8, env=env_default, haltonconverterror=}] [TRYINGTOASSIGN] [Thu Dec 27 16:15:53 CST 2018 null null] [null] [null, null] to localhost:9999
Queuing result: true
WMS:getWorkStatus eda207af-3743-4606-a58c-78b9209a4ab0
status: TRYINGTOASSIGN
.... no task information
WMS:getWorkStatus eda207af-3743-4606-a58c-78b9209a4ab0
status: TRYINGTOASSIGN
.... no task information
WMS:getWorkStatus eda207af-3743-4606-a58c-78b9209a4ab0
status: TRYINGTOASSIGN
.... no task information
BFS:runTask(eda207af-3743-4606-a58c-78b9209a4ab0,{"answer":"","haltonparseerror":"","loglevel":"fatal","initinfo":"false","questionname":"q_51cbc5af-8276-45bc-b2df-a48776bfa9b8","env":"env_default","haltonconverterror":"","containerdir":"\/home\/plankton\/batfish\/experiments\/containers\/cp_d8a2505a-029d-464f-9889-bb4314f234ca","testrig":"smt-test","logfile":"\/home\/plankton\/batfish\/experiments\/containers\/cp_d8a2505a-029d-464f-9889-bb4314f234ca\/testrigs\/smt-test\/eda207af-3743-4606-a58c-78b9209a4ab0.log","answerjsonpath":"\/home\/plankton\/batfish\/experiments\/containers\/cp_d8a2505a-029d-464f-9889-bb4314f234ca\/testrigs\/smt-test\/eda207af-3743-4606-a58c-78b9209a4ab0.json"})
Will run with args: [-answer, -haltonparseerror, -loglevel, fatal, -initinfo, false, -questionname, q_51cbc5af-8276-45bc-b2df-a48776bfa9b8, -env, env_default, -haltonconverterror, -containerdir, /home/plankton/batfish/experiments/containers/cp_d8a2505a-029d-464f-9889-bb4314f234ca, -testrig, smt-test, -logfile, /home/plankton/batfish/experiments/containers/cp_d8a2505a-029d-464f-9889-bb4314f234ca/testrigs/smt-test/eda207af-3743-4606-a58c-78b9209a4ab0.log, -answerjsonpath, /home/plankton/batfish/experiments/containers/cp_d8a2505a-029d-464f-9889-bb4314f234ca/testrigs/smt-test/eda207af-3743-4606-a58c-78b9209a4ab0.json]
WM:AssignWork: response: ["success","running now"] [success] [running now]
WMS:getWorkStatus eda207af-3743-4606-a58c-78b9209a4ab0
status: ASSIGNED
.... no task information
WMS:getWorkStatus eda207af-3743-4606-a58c-78b9209a4ab0
status: ASSIGNED
.... no task information
WMS:getWorkStatus eda207af-3743-4606-a58c-78b9209a4ab0
status: ASSIGNED
.... no task information
WMS:getWorkStatus eda207af-3743-4606-a58c-78b9209a4ab0
status: ASSIGNED
.... no task information
WMS:getWorkStatus eda207af-3743-4606-a58c-78b9209a4ab0
status: ASSIGNED
.... no task information
WMS:getWorkStatus eda207af-3743-4606-a58c-78b9209a4ab0
status: ASSIGNED
.... no task information
=====[DEBUG]===== sourceRouters: [R27]
Start verification
Using headerspace: [10.0.0.2, 10.0.0.14, 10.0.0.25, 10.0.0.33, 10.0.0.41, 10.0.0.46, 10.0.0.57, 10.0.0.61, 10.0.0.70, 10.0.0.74, 10.0.0.82, 10.0.0.86, 10.0.0.94, 10.0.0.98, 10.0.0.105, 10.0.0.109, 10.0.0.126, 10.0.0.129, 10.0.0.133, 10.0.0.138, 10.0.0.142, 10.0.0.149, 10.0.0.157, 10.0.0.166, 10.0.0.169, 10.0.0.177, 10.0.0.181, 10.0.0.186, 10.0.0.190, 10.0.0.193, 10.0.0.198, 10.0.0.202, 10.0.0.206, 10.0.0.214, 10.0.0.229, 10.0.0.238, 10.0.0.250, 10.0.1.1, 10.0.1.6, 10.0.1.14, 10.0.1.26, 10.0.1.33, 10.0.1.41, 10.0.1.53, 10.0.1.62, 10.0.1.66, 10.0.1.77, 10.0.1.81, 10.0.1.86, 10.0.1.90, 10.0.1.125, 10.0.1.129, 10.0.1.149, 10.0.1.153, 10.0.1.161, 10.0.1.169, 10.0.1.173, 10.0.1.181, 10.0.1.186, 10.0.1.197, 10.0.1.202, 10.0.1.205, 10.0.1.213, 10.0.1.226, 10.0.1.237, 10.0.1.242, 10.0.2.2, 10.0.2.14, 10.0.2.22, 10.0.2.33, 10.0.2.41, 10.0.2.45, 10.0.2.49, 10.0.2.58, 10.0.2.70, 10.0.2.114, 10.0.2.133, 10.0.2.145, 10.0.2.150, 10.0.2.154, 10.0.2.161, 10.0.2.178, 10.0.2.181, 10.0.2.190, 10.0.2.194, 10.0.2.209, 10.0.2.217, 10.0.2.221, 10.0.2.226, 10.0.2.233, 10.0.2.249, 10.0.3.17, 10.0.3.21, 10.0.3.34, 10.0.3.45, 10.0.3.50, 10.0.3.62, 10.0.3.69, 10.0.3.74, 10.0.3.78, 10.0.3.82, 10.0.3.90]
WMS:getWorkStatus eda207af-3743-4606-a58c-78b9209a4ab0
status: ASSIGNED
.... no task information
Number of edges: 432
Created destination classes
Num Classes: 51
WMS:getWorkStatus eda207af-3743-4606-a58c-78b9209a4ab0
status: ASSIGNED
.... no task information
WMS:getWorkStatus eda207af-3743-4606-a58c-78b9209a4ab0
status: ASSIGNED
.... no task information
WMS:getWorkStatus eda207af-3743-4606-a58c-78b9209a4ab0
status: ASSIGNED
.... no task information
WMS:getWorkStatus eda207af-3743-4606-a58c-78b9209a4ab0
status: ASSIGNED
.... no task information
WM:CheckWork: Trying to check [eda207af-3743-4606-a58c-78b9209a4ab0 cp_d8a2505a-029d-464f-9889-bb4314f234ca smt-test {answer=, haltonparseerror=, loglevel=fatal, initinfo=false, questionname=q_51cbc5af-8276-45bc-b2df-a48776bfa9b8, env=env_default, haltonconverterror=}] [CHECKINGSTATUS] [Thu Dec 27 16:15:53 CST 2018 Thu Dec 27 16:15:53 CST 2018 null] [localhost:9999] [null, null] on localhost:9999
BFS:getTaskStatus eda207af-3743-4606-a58c-78b9209a4ab0
response: ["success","{\n  \"args\" : [\n    \"-answer\",\n    \"-haltonparseerror\",\n    \"-loglevel\",\n    \"fatal\",\n    \"-initinfo\",\n    \"false\",\n    \"-questionname\",\n    \"q_51cbc5af-8276-45bc-b2df-a48776bfa9b8\",\n    \"-env\",\n    \"env_default\",\n    \"-haltonconverterror\",\n    \"-containerdir\",\n    \"\/home\/plankton\/batfish\/experiments\/containers\/cp_d8a2505a-029d-464f-9889-bb4314f234ca\",\n    \"-testrig\",\n    \"smt-test\",\n    \"-logfile\",\n    \"\/home\/plankton\/batfish\/experiments\/containers\/cp_d8a2505a-029d-464f-9889-bb4314f234ca\/testrigs\/smt-test\/eda207af-3743-4606-a58c-78b9209a4ab0.log\",\n    \"-answerjsonpath\",\n    \"\/home\/plankton\/batfish\/experiments\/containers\/cp_d8a2505a-029d-464f-9889-bb4314f234ca\/testrigs\/smt-test\/eda207af-3743-4606-a58c-78b9209a4ab0.json\"\n  ],\n  \"batches\" : [\n    {\n      \"completed\" : 0,\n      \"description\" : \"Begin job\",\n      \"size\" : 0,\n      \"startDate\" : \"2018-12-27T22:15:53.667+0000\"\n    },\n    {\n      \"completed\" : 45,\n      \"description\" : \"Deserializing objects of type 'org.batfish.datamodel.Configuration' from files\",\n      \"size\" : 45,\n      \"startDate\" : \"2018-12-27T22:15:53.705+0000\"\n    }\n  ],\n  \"obtained\" : \"2018-12-27T22:15:53.667+0000\",\n  \"status\" : \"InProgress\"\n}"] [success] [{
  "args" : [
    "-answer",
    "-haltonparseerror",
    "-loglevel",
    "fatal",
    "-initinfo",
    "false",
    "-questionname",
    "q_51cbc5af-8276-45bc-b2df-a48776bfa9b8",
    "-env",
    "env_default",
    "-haltonconverterror",
    "-containerdir",
    "/home/plankton/batfish/experiments/containers/cp_d8a2505a-029d-464f-9889-bb4314f234ca",
    "-testrig",
    "smt-test",
    "-logfile",
    "/home/plankton/batfish/experiments/containers/cp_d8a2505a-029d-464f-9889-bb4314f234ca/testrigs/smt-test/eda207af-3743-4606-a58c-78b9209a4ab0.log",
    "-answerjsonpath",
    "/home/plankton/batfish/experiments/containers/cp_d8a2505a-029d-464f-9889-bb4314f234ca/testrigs/smt-test/eda207af-3743-4606-a58c-78b9209a4ab0.json"
  ],
  "batches" : [
    {
      "completed" : 0,
      "description" : "Begin job",
      "size" : 0,
      "startDate" : "2018-12-27T22:15:53.667+0000"
    },
    {
      "completed" : 45,
      "description" : "Deserializing objects of type 'org.batfish.datamodel.Configuration' from files",
      "size" : 45,
      "startDate" : "2018-12-27T22:15:53.705+0000"
    }
  ],
  "obtained" : "2018-12-27T22:15:53.667+0000",
  "status" : "InProgress"
}]
WMS:getWorkStatus eda207af-3743-4606-a58c-78b9209a4ab0
status: ASSIGNED
.... Thu Dec 27 16:15:53 CST 2018: Deserializing objects of type 'org.batfish.datamodel.Configuration' from files: 45/45
Created BDDs
=====[DEBUG]===== abstract representatives of R27: [R27, R29, R39, R41]
=====[DEBUG]===== mapped srcRouters: [R27, R29, R39, R41]
=====[DEBUG]===== abstract representatives of R27: [R43, R42, R36, R38, R27, R29]
=====[DEBUG]===== mapped srcRouters: [R43, R42, R36, R38, R27, R29]
=====[DEBUG]===== abstract representatives of R27: [R32, R31, R39, R41]
=====[DEBUG]===== mapped srcRouters: [R32, R31, R39, R41]
WMS:getWorkStatus eda207af-3743-4606-a58c-78b9209a4ab0
=====[DEBUG]===== abstract representatives of R27: [R27, R29, R39, R41]
=====[DEBUG]===== mapped srcRouters: [R27, R29, R39, R41]
status: ASSIGNED
.... Thu Dec 27 16:15:53 CST 2018: Deserializing objects of type 'org.batfish.datamodel.Configuration' from files: 45/45
=====[DEBUG]===== abstract representatives of R27: [R43, R42, R36, R38, R27, R29]
=====[DEBUG]===== mapped srcRouters: [R43, R42, R36, R38, R27, R29]
=====[DEBUG]===== abstract representatives of R27: [R43, R42, R36, R27, R38, R29]
=====[DEBUG]===== mapped srcRouters: [R43, R42, R36, R27, R38, R29]
=====[DEBUG]===== abstract representatives of R27: [R36, R27, R38, R29, R39, R41]
=====[DEBUG]===== mapped srcRouters: [R36, R27, R38, R29, R39, R41]
=====[DEBUG]===== abstract representatives of R27: [R32, R31, R27, R29, R39, R41]
=====[DEBUG]===== mapped srcRouters: [R32, R31, R27, R29, R39, R41]
=====[DEBUG]===== abstract representatives of R27: [R36, R38, R27, R29, R39, R41]
=====[DEBUG]===== mapped srcRouters: [R36, R38, R27, R29, R39, R41]
=====[DEBUG]===== abstract representatives of R27: [R32, R31, R27, R29, R39, R41]
=====[DEBUG]===== mapped srcRouters: [R32, R31, R27, R29, R39, R41]
=====[DEBUG]===== abstract representatives of R27: [R36, R38, R27, R29, R39, R41]
=====[DEBUG]===== mapped srcRouters: [R36, R38, R27, R29, R39, R41]
=====[DEBUG]===== abstract representatives of R27: [R27, R28]
=====[DEBUG]===== mapped srcRouters: [R27, R28]
=====[DEBUG]===== abstract representatives of R27: [R27, R29]
=====[DEBUG]===== mapped srcRouters: [R27, R29]
=====[DEBUG]===== abstract representatives of R27: [R43, R42, R36, R38, R39, R41]
=====[DEBUG]===== mapped srcRouters: [R43, R42, R36, R38, R39, R41]
=====[DEBUG]===== abstract representatives of R27: [R27, R29, R39, R41]
=====[DEBUG]===== mapped srcRouters: [R27, R29, R39, R41]
=====[DEBUG]===== abstract representatives of R27: [R36, R27, R38, R29, R39, R41]
=====[DEBUG]===== mapped srcRouters: [R36, R27, R38, R29, R39, R41]
=====[DEBUG]===== abstract representatives of R27: [R43, R42, R36, R38, R27, R29]
=====[DEBUG]===== mapped srcRouters: [R43, R42, R36, R38, R27, R29]
=====[DEBUG]===== abstract representatives of R27: [R32, R31, R27, R29, R39, R41]
=====[DEBUG]===== mapped srcRouters: [R32, R31, R27, R29, R39, R41]
=====[DEBUG]===== abstract representatives of R27: [R27, R29]
=====[DEBUG]===== mapped srcRouters: [R27, R29]
=====[DEBUG]===== abstract representatives of R27: [R43, R42, R36, R38, R27, R29]
=====[DEBUG]===== mapped srcRouters: [R43, R42, R36, R38, R27, R29]
=====[DEBUG]===== abstract representatives of R27: [R43, R42, R36, R27, R38, R29]
=====[DEBUG]===== mapped srcRouters: [R43, R42, R36, R27, R38, R29]
=====[DEBUG]===== abstract representatives of R27: [R43, R42, R36, R27, R38, R29]
=====[DEBUG]===== mapped srcRouters: [R43, R42, R36, R27, R38, R29]
=====[DEBUG]===== abstract representatives of R27: [R27, R28]
=====[DEBUG]===== mapped srcRouters: [R27, R28]
=====[DEBUG]===== abstract representatives of R27: [R27, R29]
=====[DEBUG]===== mapped srcRouters: [R27, R29]
=====[DEBUG]===== abstract representatives of R27: [R36, R27, R38, R29, R39, R41]
=====[DEBUG]===== mapped srcRouters: [R36, R27, R38, R29, R39, R41]
=====[DEBUG]===== abstract representatives of R27: [R36, R27, R38, R29, R39, R41]
=====[DEBUG]===== mapped srcRouters: [R36, R27, R38, R29, R39, R41]
=====[DEBUG]===== abstract representatives of R27: [R32, R31, R27, R29, R39, R41]
=====[DEBUG]===== mapped srcRouters: [R32, R31, R27, R29, R39, R41]
=====[DEBUG]===== abstract representatives of R27: [R27, R28]
=====[DEBUG]===== mapped srcRouters: [R27, R28]
=====[DEBUG]===== abstract representatives of R27: [R32, R31, R27, R29, R39, R41]
=====[DEBUG]===== mapped srcRouters: [R32, R31, R27, R29, R39, R41]
=====[DEBUG]===== abstract representatives of R27: [R32, R31, R27, R29, R39, R41]
=====[DEBUG]===== mapped srcRouters: [R32, R31, R27, R29, R39, R41]
=====[DEBUG]===== abstract representatives of R27: [R36, R38, R27, R29, R39, R41]
=====[DEBUG]===== mapped srcRouters: [R36, R38, R27, R29, R39, R41]
=====[DEBUG]===== abstract representatives of R27: [R43, R42, R27, R29, R39, R41]
=====[DEBUG]===== mapped srcRouters: [R43, R42, R27, R29, R39, R41]
=====[DEBUG]===== abstract representatives of R27: [R43, R42, R36, R38, R27, R29]
=====[DEBUG]===== mapped srcRouters: [R43, R42, R36, R38, R27, R29]
=====[DEBUG]===== abstract representatives of R27: [R32, R31, R27, R29, R39, R41]
=====[DEBUG]===== mapped srcRouters: [R32, R31, R27, R29, R39, R41]
=====[DEBUG]===== abstract representatives of R27: [R36, R27, R38, R29, R39, R41]
=====[DEBUG]===== mapped srcRouters: [R36, R27, R38, R29, R39, R41]
=====[DEBUG]===== abstract representatives of R27: [R32, R31, R36, R38, R39, R41]
=====[DEBUG]===== mapped srcRouters: [R32, R31, R36, R38, R39, R41]
=====[DEBUG]===== abstract representatives of R27: [R32, R31, R39, R41]
=====[DEBUG]===== mapped srcRouters: [R32, R31, R39, R41]
=====[DEBUG]===== abstract representatives of R27: [R27, R29, R39, R41]
=====[DEBUG]===== mapped srcRouters: [R27, R29, R39, R41]
=====[DEBUG]===== abstract representatives of R27: [R43, R42, R36, R38, R39, R41]
=====[DEBUG]===== mapped srcRouters: [R43, R42, R36, R38, R39, R41]
=====[DEBUG]===== abstract representatives of R27: [R36, R27, R38, R29, R39, R41]
=====[DEBUG]===== mapped srcRouters: [R36, R27, R38, R29, R39, R41]
=====[DEBUG]===== abstract representatives of R27: [R36, R27, R38, R29, R39, R41]
=====[DEBUG]===== mapped srcRouters: [R36, R27, R38, R29, R39, R41]
=====[DEBUG]===== abstract representatives of R27: [R36, R27, R38, R29, R39, R41]
=====[DEBUG]===== mapped srcRouters: [R36, R27, R38, R29, R39, R41]
=====[DEBUG]===== abstract representatives of R27: [R36, R38, R27, R29, R39, R41]
=====[DEBUG]===== mapped srcRouters: [R36, R38, R27, R29, R39, R41]
=====[DEBUG]===== abstract representatives of R27: [R27, R29, R39, R41]
=====[DEBUG]===== mapped srcRouters: [R27, R29, R39, R41]
=====[DEBUG]===== abstract representatives of R27: [R36, R38, R27, R29, R39, R41]
=====[DEBUG]===== mapped srcRouters: [R36, R38, R27, R29, R39, R41]
=====[DEBUG]===== abstract representatives of R27: [R36, R38, R27, R29, R39, R41]
=====[DEBUG]===== mapped srcRouters: [R36, R38, R27, R29, R39, R41]
=====[DEBUG]===== abstract representatives of R27: [R43, R42, R27, R29, R39, R41]
=====[DEBUG]===== mapped srcRouters: [R43, R42, R27, R29, R39, R41]
=====[DEBUG]===== abstract representatives of R27: [R36, R27, R38, R29, R39, R41]
=====[DEBUG]===== mapped srcRouters: [R36, R27, R38, R29, R39, R41]
=====[DEBUG]===== abstract representatives of R27: [R43, R32, R42, R31, R27, R29]
=====[DEBUG]===== mapped srcRouters: [R43, R32, R42, R31, R27, R29]
=====[DEBUG]===== abstract representatives of R27: [R32, R31, R39, R41]
=====[DEBUG]===== mapped srcRouters: [R32, R31, R39, R41]
=====[DEBUG]===== abstract representatives of R27: [R43, R42, R36, R38, R39, R41]
=====[DEBUG]===== mapped srcRouters: [R43, R42, R36, R38, R39, R41]
WM:CheckWork: Trying to check [eda207af-3743-4606-a58c-78b9209a4ab0 cp_d8a2505a-029d-464f-9889-bb4314f234ca smt-test {answer=, haltonparseerror=, loglevel=fatal, initinfo=false, questionname=q_51cbc5af-8276-45bc-b2df-a48776bfa9b8, env=env_default, haltonconverterror=}] [CHECKINGSTATUS] [Thu Dec 27 16:15:53 CST 2018 Thu Dec 27 16:15:53 CST 2018 null] [localhost:9999] [InProgress, Thu Dec 27 16:15:54 CST 2018] on localhost:9999
BFS:getTaskStatus eda207af-3743-4606-a58c-78b9209a4ab0
response: ["success","{\n  \"args\" : [\n    \"-answer\",\n    \"-haltonparseerror\",\n    \"-loglevel\",\n    \"fatal\",\n    \"-initinfo\",\n    \"false\",\n    \"-questionname\",\n    \"q_51cbc5af-8276-45bc-b2df-a48776bfa9b8\",\n    \"-env\",\n    \"env_default\",\n    \"-haltonconverterror\",\n    \"-containerdir\",\n    \"\/home\/plankton\/batfish\/experiments\/containers\/cp_d8a2505a-029d-464f-9889-bb4314f234ca\",\n    \"-testrig\",\n    \"smt-test\",\n    \"-logfile\",\n    \"\/home\/plankton\/batfish\/experiments\/containers\/cp_d8a2505a-029d-464f-9889-bb4314f234ca\/testrigs\/smt-test\/eda207af-3743-4606-a58c-78b9209a4ab0.log\",\n    \"-answerjsonpath\",\n    \"\/home\/plankton\/batfish\/experiments\/containers\/cp_d8a2505a-029d-464f-9889-bb4314f234ca\/testrigs\/smt-test\/eda207af-3743-4606-a58c-78b9209a4ab0.json\"\n  ],\n  \"batches\" : [\n    {\n      \"completed\" : 0,\n      \"description\" : \"Begin job\",\n      \"size\" : 0,\n      \"startDate\" : \"2018-12-27T22:15:53.667+0000\"\n    },\n    {\n      \"completed\" : 45,\n      \"description\" : \"Deserializing objects of type 'org.batfish.datamodel.Configuration' from files\",\n      \"size\" : 45,\n      \"startDate\" : \"2018-12-27T22:15:53.705+0000\"\n    }\n  ],\n  \"errMessage\" : \"org.batfish.common.QuestionException: Exception answering question\",\n  \"obtained\" : \"2018-12-27T22:15:53.667+0000\",\n  \"status\" : \"TerminatedAbnormally\",\n  \"terminated\" : \"2018-12-27T22:15:55.228+0000\"\n}"] [success] [{
  "args" : [
    "-answer",
    "-haltonparseerror",
    "-loglevel",
    "fatal",
    "-initinfo",
    "false",
    "-questionname",
    "q_51cbc5af-8276-45bc-b2df-a48776bfa9b8",
    "-env",
    "env_default",
    "-haltonconverterror",
    "-containerdir",
    "/home/plankton/batfish/experiments/containers/cp_d8a2505a-029d-464f-9889-bb4314f234ca",
    "-testrig",
    "smt-test",
    "-logfile",
    "/home/plankton/batfish/experiments/containers/cp_d8a2505a-029d-464f-9889-bb4314f234ca/testrigs/smt-test/eda207af-3743-4606-a58c-78b9209a4ab0.log",
    "-answerjsonpath",
    "/home/plankton/batfish/experiments/containers/cp_d8a2505a-029d-464f-9889-bb4314f234ca/testrigs/smt-test/eda207af-3743-4606-a58c-78b9209a4ab0.json"
  ],
  "batches" : [
    {
      "completed" : 0,
      "description" : "Begin job",
      "size" : 0,
      "startDate" : "2018-12-27T22:15:53.667+0000"
    },
    {
      "completed" : 45,
      "description" : "Deserializing objects of type 'org.batfish.datamodel.Configuration' from files",
      "size" : 45,
      "startDate" : "2018-12-27T22:15:53.705+0000"
    }
  ],
  "errMessage" : "org.batfish.common.QuestionException: Exception answering question",
  "obtained" : "2018-12-27T22:15:53.667+0000",
  "status" : "TerminatedAbnormally",
  "terminated" : "2018-12-27T22:15:55.228+0000"
}]
WMS:getWorkStatus eda207af-3743-4606-a58c-78b9209a4ab0
status: TERMINATEDABNORMALLY
.... Thu Dec 27 16:15:53 CST 2018: Begin job
.... Thu Dec 27 16:15:53 CST 2018: Deserializing objects of type 'org.batfish.datamodel.Configuration' from files: 45/45
.... Thu Dec 27 16:15:55 CST 2018: TERMINATEDABNORMALLY
WMS:getObject smt-test --> eda207af-3743-4606-a58c-78b9209a4ab0.json
Status: FAILURE
Question: smt-reachability actions=[ACCEPT], dstIps=[10.0.0.2, 10.0.0.14, 10.0.0.25, 10.0.0.33, 10.0.0.41, 10.0.0.46, 10.0.0.57, 10.0.0.61, 10.0.0.70, 10.0.0.74, 10.0.0.82, 10.0.0.86, 10.0.0.94, 10.0.0.98, 10.0.0.105, 10.0.0.109, 10.0.0.126, 10.0.0.129, 10.0.0.133, 10.0.0.138, 10.0.0.142, 10.0.0.149, 10.0.0.157, 10.0.0.166, 10.0.0.169, 10.0.0.177, 10.0.0.181, 10.0.0.186, 10.0.0.190, 10.0.0.193, 10.0.0.198, 10.0.0.202, 10.0.0.206, 10.0.0.214, 10.0.0.229, 10.0.0.238, 10.0.0.250, 10.0.1.1, 10.0.1.6, 10.0.1.14, 10.0.1.26, 10.0.1.33, 10.0.1.41, 10.0.1.53, 10.0.1.62, 10.0.1.66, 10.0.1.77, 10.0.1.81, 10.0.1.86, 10.0.1.90, 10.0.1.125, 10.0.1.129, 10.0.1.149, 10.0.1.153, 10.0.1.161, 10.0.1.169, 10.0.1.173, 10.0.1.181, 10.0.1.186, 10.0.1.197, 10.0.1.202, 10.0.1.205, 10.0.1.213, 10.0.1.226, 10.0.1.237, 10.0.1.242, 10.0.2.2, 10.0.2.14, 10.0.2.22, 10.0.2.33, 10.0.2.41, 10.0.2.45, 10.0.2.49, 10.0.2.58, 10.0.2.70, 10.0.2.114, 10.0.2.133, 10.0.2.145, 10.0.2.150, 10.0.2.154, 10.0.2.161, 10.0.2.178, 10.0.2.181, 10.0.2.190, 10.0.2.194, 10.0.2.209, 10.0.2.217, 10.0.2.221, 10.0.2.226, 10.0.2.233, 10.0.2.249, 10.0.3.17, 10.0.3.21, 10.0.3.34, 10.0.3.45, 10.0.3.50, 10.0.3.62, 10.0.3.69, 10.0.3.74, 10.0.3.78, 10.0.3.82, 10.0.3.90], finalNodeRegex=R(28|29|30|31|32|33|34|35|36|37|38|39|40|41|42|43|44), ingressNodeRegex=R27
org.batfish.common.BatfishException: Failed to answer question
   at org.batfish.main.Batfish.answer(Batfish.java:619)
   at org.batfish.main.Batfish.run(Batfish.java:3647)
   at org.batfish.main.Driver$2.run(Driver.java:575)
Caused by: java.lang.NullPointerException
   at org.batfish.symbolic.Graph.getOriginatedNetworks(Graph.java:283)
   at org.batfish.symbolic.smt.EncoderSlice.initOriginatedPrefixes(EncoderSlice.java:785)
   at org.batfish.symbolic.smt.EncoderSlice.<init>(EncoderSlice.java:132)
   at org.batfish.symbolic.smt.Encoder.initSlices(Encoder.java:233)
   at org.batfish.symbolic.smt.Encoder.<init>(Encoder.java:193)
   at org.batfish.symbolic.smt.Encoder.<init>(Encoder.java:94)
   at org.batfish.symbolic.smt.PropertyChecker.lambda$checkProperty$2(PropertyChecker.java:413)
   at java.util.stream.MatchOps$1MatchSink.accept(MatchOps.java:90)
   at java.util.ArrayList$ArrayListSpliterator.tryAdvance(ArrayList.java:1359)
   at java.util.stream.ReferencePipeline.forEachWithCancel(ReferencePipeline.java:126)
   at java.util.stream.AbstractPipeline.copyIntoWithCancel(AbstractPipeline.java:498)
   at java.util.stream.AbstractPipeline.copyInto(AbstractPipeline.java:485)
   at java.util.stream.AbstractPipeline.wrapAndCopyInto(AbstractPipeline.java:471)
   at java.util.stream.MatchOps$MatchTask.doLeaf(MatchOps.java:306)
   at java.util.stream.MatchOps$MatchTask.doLeaf(MatchOps.java:277)
   at java.util.stream.AbstractShortCircuitTask.compute(AbstractShortCircuitTask.java:115)
   at java.util.concurrent.CountedCompleter.exec(CountedCompleter.java:731)
   at java.util.concurrent.ForkJoinTask.doExec(ForkJoinTask.java:289)
   at java.util.concurrent.ForkJoinTask.doInvoke(ForkJoinTask.java:401)
   at java.util.concurrent.ForkJoinTask.invoke(ForkJoinTask.java:734)
   at java.util.stream.MatchOps$MatchOp.evaluateParallel(MatchOps.java:242)
   at java.util.stream.MatchOps$MatchOp.evaluateParallel(MatchOps.java:196)
   at java.util.stream.AbstractPipeline.evaluate(AbstractPipeline.java:233)
   at java.util.stream.ReferencePipeline.anyMatch(ReferencePipeline.java:449)
   at org.batfish.symbolic.smt.PropertyChecker.checkProperty(PropertyChecker.java:374)
   at org.batfish.symbolic.smt.PropertyChecker.checkReachability(PropertyChecker.java:560)
   at org.batfish.main.Batfish.smtReachability(Batfish.java:4054)
   at org.batfish.question.SmtReachabilityQuestionPlugin$ReachabilityAnswerer.answer(SmtReachabilityQuestionPlugin.java:33)
   at org.batfish.main.Batfish.answer(Batfish.java:616)
   ... 2 more

Summary: 0 (non-assertion) results; 
79.11user 1.80system 0:11.82elapsed 684%CPU (0avgtext+0avgdata 1434524maxresident)k
16inputs+43504outputs (0major+376315minor)pagefaults 0swaps
