OpenJDK 64-Bit Server VM warning: ignoring option MaxPermSize=2048m; support was removed in 8.0
Changed client loglevel to info
WARNING: Command init-testrig has been deprecated and may be removed. The term "testrig" has been replaced with "snapshot". Use init-snapshot instead.
WMS:initNetwork np
Initialized network:np_dda9ff80-1dc7-4a6b-aeb8-7316257067be using api-key:00000000000000000000000000000000
Init'ed and set active network to np_dda9ff80-1dc7-4a6b-aeb8-7316257067be

WMS:uploadSnapshot 00000000000000000000000000000000 np_dda9ff80-1dc7-4a6b-aeb8-7316257067be fat-tree.4-ary
Environment data for snapshot:fat-tree.4-ary; bgpTables:false, routingTables:false, nodeRoles:false referenceBooks:false
Uploaded snapshot:fat-tree.4-ary for network:np_dda9ff80-1dc7-4a6b-aeb8-7316257067be using api-key:00000000000000000000000000000000
Uploaded snapshot.
Parsing now.
work-id is c6d2d433-4d58-4cc0-9a72-ce33ba90e04d
WMS:queueWork 00000000000000000000000000000000 {"containerName":"np_dda9ff80-1dc7-4a6b-aeb8-7316257067be","id":"c6d2d433-4d58-4cc0-9a72-ce33ba90e04d","requestParams":{"sv":"","haltonparseerror":"","si":"","initinfo":"false","ignoremanagementinterfaces":"","loglevel":"fatal","haltonconverterror":""},"testrigName":"fat-tree.4-ary"}
WM:AssignWork: Trying to assign [c6d2d433-4d58-4cc0-9a72-ce33ba90e04d 23809247-3b59-4f29-a3f7-1354bd8670ba 7101c421-1ddd-4809-8822-6b9321f24dd9 {container=23809247-3b59-4f29-a3f7-1354bd8670ba, sv=, haltonparseerror=, si=, initinfo=false, ignoremanagementinterfaces=, loglevel=fatal, testrig=7101c421-1ddd-4809-8822-6b9321f24dd9, snapshotname=fat-tree.4-ary, haltonconverterror=}] [TRYINGTOASSIGN] [Mon Jan 14 23:07:49 CST 2019 null null] [null] [null, null] to localhost:43763
Queuing result: true
WMS:getWorkStatus c6d2d433-4d58-4cc0-9a72-ce33ba90e04d
status: TRYINGTOASSIGN
.... no task information
BFS:runTask(c6d2d433-4d58-4cc0-9a72-ce33ba90e04d,{"container":"23809247-3b59-4f29-a3f7-1354bd8670ba","sv":"","haltonparseerror":"","si":"","initinfo":"false","ignoremanagementinterfaces":"","loglevel":"fatal","testrig":"7101c421-1ddd-4809-8822-6b9321f24dd9","snapshotname":"fat-tree.4-ary","haltonconverterror":"","storagebase":"\/home\/plankton\/batfish\/experiments\/containers"})
Will run with args: [-container, 23809247-3b59-4f29-a3f7-1354bd8670ba, -sv, -haltonparseerror, -si, -initinfo, false, -ignoremanagementinterfaces, -loglevel, fatal, -testrig, 7101c421-1ddd-4809-8822-6b9321f24dd9, -snapshotname, fat-tree.4-ary, -haltonconverterror, -storagebase, /home/plankton/batfish/experiments/containers]
WMS:getWorkStatus c6d2d433-4d58-4cc0-9a72-ce33ba90e04d
status: TRYINGTOASSIGN
.... no task information
WMS:getWorkStatus c6d2d433-4d58-4cc0-9a72-ce33ba90e04d
WM:AssignWork: response: ["success","running now"] [success] [running now]
status: TRYINGTOASSIGN
.... no task information
WMS:getWorkStatus c6d2d433-4d58-4cc0-9a72-ce33ba90e04d
status: ASSIGNED
.... no task information
WMS:getWorkStatus c6d2d433-4d58-4cc0-9a72-ce33ba90e04d
status: ASSIGNED
.... no task information
WMS:getWorkStatus c6d2d433-4d58-4cc0-9a72-ce33ba90e04d
status: ASSIGNED
.... no task information
WMS:getWorkStatus c6d2d433-4d58-4cc0-9a72-ce33ba90e04d
status: ASSIGNED
.... no task information
WMS:getWorkStatus c6d2d433-4d58-4cc0-9a72-ce33ba90e04d
status: ASSIGNED
.... no task information
WM:CheckWork: Trying to check [c6d2d433-4d58-4cc0-9a72-ce33ba90e04d 23809247-3b59-4f29-a3f7-1354bd8670ba 7101c421-1ddd-4809-8822-6b9321f24dd9 {container=23809247-3b59-4f29-a3f7-1354bd8670ba, sv=, haltonparseerror=, si=, initinfo=false, ignoremanagementinterfaces=, loglevel=fatal, testrig=7101c421-1ddd-4809-8822-6b9321f24dd9, snapshotname=fat-tree.4-ary, haltonconverterror=}] [CHECKINGSTATUS] [Mon Jan 14 23:07:49 CST 2019 Mon Jan 14 23:07:50 CST 2019 null] [localhost:43763] [null, null] on localhost:43763
BFS:getTaskStatus c6d2d433-4d58-4cc0-9a72-ce33ba90e04d
WMS:getWorkStatus c6d2d433-4d58-4cc0-9a72-ce33ba90e04d
status: CHECKINGSTATUS
.... no task information
response: ["success","{\n  \"args\" : [\n    \"-container\",\n    \"23809247-3b59-4f29-a3f7-1354bd8670ba\",\n    \"-sv\",\n    \"-haltonparseerror\",\n    \"-si\",\n    \"-initinfo\",\n    \"false\",\n    \"-ignoremanagementinterfaces\",\n    \"-loglevel\",\n    \"fatal\",\n    \"-testrig\",\n    \"7101c421-1ddd-4809-8822-6b9321f24dd9\",\n    \"-snapshotname\",\n    \"fat-tree.4-ary\",\n    \"-haltonconverterror\",\n    \"-storagebase\",\n    \"\/home\/plankton\/batfish\/experiments\/containers\"\n  ],\n  \"batches\" : [\n    {\n      \"completed\" : 0,\n      \"description\" : \"Begin job\",\n      \"size\" : 0,\n      \"startDate\" : \"2019-01-15T05:07:50.032+0000\"\n    },\n    {\n      \"completed\" : 20,\n      \"description\" : \"Reading network configuration files\",\n      \"size\" : 20,\n      \"startDate\" : \"2019-01-15T05:07:50.072+0000\"\n    },\n    {\n      \"completed\" : 0,\n      \"description\" : \"Parse configurations\",\n      \"size\" : 20,\n      \"startDate\" : \"2019-01-15T05:07:50.113+0000\"\n    }\n  ],\n  \"obtained\" : \"2019-01-15T05:07:50.027+0000\",\n  \"status\" : \"InProgress\"\n}"] [success] [{
  "args" : [
    "-container",
    "23809247-3b59-4f29-a3f7-1354bd8670ba",
    "-sv",
    "-haltonparseerror",
    "-si",
    "-initinfo",
    "false",
    "-ignoremanagementinterfaces",
    "-loglevel",
    "fatal",
    "-testrig",
    "7101c421-1ddd-4809-8822-6b9321f24dd9",
    "-snapshotname",
    "fat-tree.4-ary",
    "-haltonconverterror",
    "-storagebase",
    "/home/plankton/batfish/experiments/containers"
  ],
  "batches" : [
    {
      "completed" : 0,
      "description" : "Begin job",
      "size" : 0,
      "startDate" : "2019-01-15T05:07:50.032+0000"
    },
    {
      "completed" : 20,
      "description" : "Reading network configuration files",
      "size" : 20,
      "startDate" : "2019-01-15T05:07:50.072+0000"
    },
    {
      "completed" : 0,
      "description" : "Parse configurations",
      "size" : 20,
      "startDate" : "2019-01-15T05:07:50.113+0000"
    }
  ],
  "obtained" : "2019-01-15T05:07:50.027+0000",
  "status" : "InProgress"
}]
WMS:getWorkStatus c6d2d433-4d58-4cc0-9a72-ce33ba90e04d
status: ASSIGNED
.... Mon Jan 14 23:07:50 CST 2019: Parse configurations: 0/20
WMS:getWorkStatus c6d2d433-4d58-4cc0-9a72-ce33ba90e04d
status: ASSIGNED
.... Mon Jan 14 23:07:50 CST 2019: Parse configurations: 0/20
WMS:getWorkStatus c6d2d433-4d58-4cc0-9a72-ce33ba90e04d
status: ASSIGNED
.... Mon Jan 14 23:07:50 CST 2019: Parse configurations: 0/20
WMS:getWorkStatus c6d2d433-4d58-4cc0-9a72-ce33ba90e04d
status: ASSIGNED
.... Mon Jan 14 23:07:50 CST 2019: Parse configurations: 0/20
WMS:getWorkStatus c6d2d433-4d58-4cc0-9a72-ce33ba90e04d
status: ASSIGNED
.... Mon Jan 14 23:07:50 CST 2019: Parse configurations: 0/20
WM:CheckWork: Trying to check [c6d2d433-4d58-4cc0-9a72-ce33ba90e04d 23809247-3b59-4f29-a3f7-1354bd8670ba 7101c421-1ddd-4809-8822-6b9321f24dd9 {container=23809247-3b59-4f29-a3f7-1354bd8670ba, sv=, haltonparseerror=, si=, initinfo=false, ignoremanagementinterfaces=, loglevel=fatal, testrig=7101c421-1ddd-4809-8822-6b9321f24dd9, snapshotname=fat-tree.4-ary, haltonconverterror=}] [CHECKINGSTATUS] [Mon Jan 14 23:07:49 CST 2019 Mon Jan 14 23:07:50 CST 2019 null] [localhost:43763] [InProgress, Mon Jan 14 23:07:50 CST 2019] on localhost:43763
BFS:getTaskStatus c6d2d433-4d58-4cc0-9a72-ce33ba90e04d
response: ["success","{\n  \"args\" : [\n    \"-container\",\n    \"23809247-3b59-4f29-a3f7-1354bd8670ba\",\n    \"-sv\",\n    \"-haltonparseerror\",\n    \"-si\",\n    \"-initinfo\",\n    \"false\",\n    \"-ignoremanagementinterfaces\",\n    \"-loglevel\",\n    \"fatal\",\n    \"-testrig\",\n    \"7101c421-1ddd-4809-8822-6b9321f24dd9\",\n    \"-snapshotname\",\n    \"fat-tree.4-ary\",\n    \"-haltonconverterror\",\n    \"-storagebase\",\n    \"\/home\/plankton\/batfish\/experiments\/containers\"\n  ],\n  \"batches\" : [\n    {\n      \"completed\" : 0,\n      \"description\" : \"Begin job\",\n      \"size\" : 0,\n      \"startDate\" : \"2019-01-15T05:07:50.032+0000\"\n    },\n    {\n      \"completed\" : 20,\n      \"description\" : \"Reading network configuration files\",\n      \"size\" : 20,\n      \"startDate\" : \"2019-01-15T05:07:50.072+0000\"\n    },\n    {\n      \"completed\" : 0,\n      \"description\" : \"Parse configurations\",\n      \"size\" : 20,\n      \"startDate\" : \"2019-01-15T05:07:50.113+0000\"\n    }\n  ],\n  \"obtained\" : \"2019-01-15T05:07:50.027+0000\",\n  \"status\" : \"InProgress\"\n}"] [success] [{
  "args" : [
    "-container",
    "23809247-3b59-4f29-a3f7-1354bd8670ba",
    "-sv",
    "-haltonparseerror",
    "-si",
    "-initinfo",
    "false",
    "-ignoremanagementinterfaces",
    "-loglevel",
    "fatal",
    "-testrig",
    "7101c421-1ddd-4809-8822-6b9321f24dd9",
    "-snapshotname",
    "fat-tree.4-ary",
    "-haltonconverterror",
    "-storagebase",
    "/home/plankton/batfish/experiments/containers"
  ],
  "batches" : [
    {
      "completed" : 0,
      "description" : "Begin job",
      "size" : 0,
      "startDate" : "2019-01-15T05:07:50.032+0000"
    },
    {
      "completed" : 20,
      "description" : "Reading network configuration files",
      "size" : 20,
      "startDate" : "2019-01-15T05:07:50.072+0000"
    },
    {
      "completed" : 0,
      "description" : "Parse configurations",
      "size" : 20,
      "startDate" : "2019-01-15T05:07:50.113+0000"
    }
  ],
  "obtained" : "2019-01-15T05:07:50.027+0000",
  "status" : "InProgress"
}]
WMS:getWorkStatus c6d2d433-4d58-4cc0-9a72-ce33ba90e04d
status: ASSIGNED
.... Mon Jan 14 23:07:50 CST 2019: Parse configurations: 0/20
WMS:getWorkStatus c6d2d433-4d58-4cc0-9a72-ce33ba90e04d
status: ASSIGNED
.... Mon Jan 14 23:07:50 CST 2019: Parse configurations: 0/20
WM:CheckWork: Trying to check [c6d2d433-4d58-4cc0-9a72-ce33ba90e04d 23809247-3b59-4f29-a3f7-1354bd8670ba 7101c421-1ddd-4809-8822-6b9321f24dd9 {container=23809247-3b59-4f29-a3f7-1354bd8670ba, sv=, haltonparseerror=, si=, initinfo=false, ignoremanagementinterfaces=, loglevel=fatal, testrig=7101c421-1ddd-4809-8822-6b9321f24dd9, snapshotname=fat-tree.4-ary, haltonconverterror=}] [CHECKINGSTATUS] [Mon Jan 14 23:07:49 CST 2019 Mon Jan 14 23:07:50 CST 2019 null] [localhost:43763] [InProgress, Mon Jan 14 23:07:51 CST 2019] on localhost:43763
BFS:getTaskStatus c6d2d433-4d58-4cc0-9a72-ce33ba90e04d
response: ["success","{\n  \"args\" : [\n    \"-container\",\n    \"23809247-3b59-4f29-a3f7-1354bd8670ba\",\n    \"-sv\",\n    \"-haltonparseerror\",\n    \"-si\",\n    \"-initinfo\",\n    \"false\",\n    \"-ignoremanagementinterfaces\",\n    \"-loglevel\",\n    \"fatal\",\n    \"-testrig\",\n    \"7101c421-1ddd-4809-8822-6b9321f24dd9\",\n    \"-snapshotname\",\n    \"fat-tree.4-ary\",\n    \"-haltonconverterror\",\n    \"-storagebase\",\n    \"\/home\/plankton\/batfish\/experiments\/containers\"\n  ],\n  \"batches\" : [\n    {\n      \"completed\" : 0,\n      \"description\" : \"Begin job\",\n      \"size\" : 0,\n      \"startDate\" : \"2019-01-15T05:07:50.032+0000\"\n    },\n    {\n      \"completed\" : 20,\n      \"description\" : \"Reading network configuration files\",\n      \"size\" : 20,\n      \"startDate\" : \"2019-01-15T05:07:50.072+0000\"\n    },\n    {\n      \"completed\" : 0,\n      \"description\" : \"Parse configurations\",\n      \"size\" : 20,\n      \"startDate\" : \"2019-01-15T05:07:50.113+0000\"\n    }\n  ],\n  \"obtained\" : \"2019-01-15T05:07:50.027+0000\",\n  \"status\" : \"InProgress\"\n}"] [success] [{
  "args" : [
    "-container",
    "23809247-3b59-4f29-a3f7-1354bd8670ba",
    "-sv",
    "-haltonparseerror",
    "-si",
    "-initinfo",
    "false",
    "-ignoremanagementinterfaces",
    "-loglevel",
    "fatal",
    "-testrig",
    "7101c421-1ddd-4809-8822-6b9321f24dd9",
    "-snapshotname",
    "fat-tree.4-ary",
    "-haltonconverterror",
    "-storagebase",
    "/home/plankton/batfish/experiments/containers"
  ],
  "batches" : [
    {
      "completed" : 0,
      "description" : "Begin job",
      "size" : 0,
      "startDate" : "2019-01-15T05:07:50.032+0000"
    },
    {
      "completed" : 20,
      "description" : "Reading network configuration files",
      "size" : 20,
      "startDate" : "2019-01-15T05:07:50.072+0000"
    },
    {
      "completed" : 0,
      "description" : "Parse configurations",
      "size" : 20,
      "startDate" : "2019-01-15T05:07:50.113+0000"
    }
  ],
  "obtained" : "2019-01-15T05:07:50.027+0000",
  "status" : "InProgress"
}]
WMS:getWorkStatus c6d2d433-4d58-4cc0-9a72-ce33ba90e04d
status: ASSIGNED
.... Mon Jan 14 23:07:50 CST 2019: Parse configurations: 0/20
WM:CheckWork: Trying to check [c6d2d433-4d58-4cc0-9a72-ce33ba90e04d 23809247-3b59-4f29-a3f7-1354bd8670ba 7101c421-1ddd-4809-8822-6b9321f24dd9 {container=23809247-3b59-4f29-a3f7-1354bd8670ba, sv=, haltonparseerror=, si=, initinfo=false, ignoremanagementinterfaces=, loglevel=fatal, testrig=7101c421-1ddd-4809-8822-6b9321f24dd9, snapshotname=fat-tree.4-ary, haltonconverterror=}] [CHECKINGSTATUS] [Mon Jan 14 23:07:49 CST 2019 Mon Jan 14 23:07:50 CST 2019 null] [localhost:43763] [InProgress, Mon Jan 14 23:07:52 CST 2019] on localhost:43763
BFS:getTaskStatus c6d2d433-4d58-4cc0-9a72-ce33ba90e04d
response: ["success","{\n  \"args\" : [\n    \"-container\",\n    \"23809247-3b59-4f29-a3f7-1354bd8670ba\",\n    \"-sv\",\n    \"-haltonparseerror\",\n    \"-si\",\n    \"-initinfo\",\n    \"false\",\n    \"-ignoremanagementinterfaces\",\n    \"-loglevel\",\n    \"fatal\",\n    \"-testrig\",\n    \"7101c421-1ddd-4809-8822-6b9321f24dd9\",\n    \"-snapshotname\",\n    \"fat-tree.4-ary\",\n    \"-haltonconverterror\",\n    \"-storagebase\",\n    \"\/home\/plankton\/batfish\/experiments\/containers\"\n  ],\n  \"batches\" : [\n    {\n      \"completed\" : 0,\n      \"description\" : \"Begin job\",\n      \"size\" : 0,\n      \"startDate\" : \"2019-01-15T05:07:50.032+0000\"\n    },\n    {\n      \"completed\" : 20,\n      \"description\" : \"Reading network configuration files\",\n      \"size\" : 20,\n      \"startDate\" : \"2019-01-15T05:07:50.072+0000\"\n    },\n    {\n      \"completed\" : 0,\n      \"description\" : \"Parse configurations\",\n      \"size\" : 20,\n      \"startDate\" : \"2019-01-15T05:07:50.113+0000\"\n    }\n  ],\n  \"obtained\" : \"2019-01-15T05:07:50.027+0000\",\n  \"status\" : \"InProgress\"\n}"] [success] [{
  "args" : [
    "-container",
    "23809247-3b59-4f29-a3f7-1354bd8670ba",
    "-sv",
    "-haltonparseerror",
    "-si",
    "-initinfo",
    "false",
    "-ignoremanagementinterfaces",
    "-loglevel",
    "fatal",
    "-testrig",
    "7101c421-1ddd-4809-8822-6b9321f24dd9",
    "-snapshotname",
    "fat-tree.4-ary",
    "-haltonconverterror",
    "-storagebase",
    "/home/plankton/batfish/experiments/containers"
  ],
  "batches" : [
    {
      "completed" : 0,
      "description" : "Begin job",
      "size" : 0,
      "startDate" : "2019-01-15T05:07:50.032+0000"
    },
    {
      "completed" : 20,
      "description" : "Reading network configuration files",
      "size" : 20,
      "startDate" : "2019-01-15T05:07:50.072+0000"
    },
    {
      "completed" : 0,
      "description" : "Parse configurations",
      "size" : 20,
      "startDate" : "2019-01-15T05:07:50.113+0000"
    }
  ],
  "obtained" : "2019-01-15T05:07:50.027+0000",
  "status" : "InProgress"
}]
WMS:getWorkStatus c6d2d433-4d58-4cc0-9a72-ce33ba90e04d
status: ASSIGNED
.... Mon Jan 14 23:07:50 CST 2019: Parse configurations: 0/20
WM:CheckWork: Trying to check [c6d2d433-4d58-4cc0-9a72-ce33ba90e04d 23809247-3b59-4f29-a3f7-1354bd8670ba 7101c421-1ddd-4809-8822-6b9321f24dd9 {container=23809247-3b59-4f29-a3f7-1354bd8670ba, sv=, haltonparseerror=, si=, initinfo=false, ignoremanagementinterfaces=, loglevel=fatal, testrig=7101c421-1ddd-4809-8822-6b9321f24dd9, snapshotname=fat-tree.4-ary, haltonconverterror=}] [CHECKINGSTATUS] [Mon Jan 14 23:07:49 CST 2019 Mon Jan 14 23:07:50 CST 2019 null] [localhost:43763] [InProgress, Mon Jan 14 23:07:53 CST 2019] on localhost:43763
BFS:getTaskStatus c6d2d433-4d58-4cc0-9a72-ce33ba90e04d
response: ["success","{\n  \"args\" : [\n    \"-container\",\n    \"23809247-3b59-4f29-a3f7-1354bd8670ba\",\n    \"-sv\",\n    \"-haltonparseerror\",\n    \"-si\",\n    \"-initinfo\",\n    \"false\",\n    \"-ignoremanagementinterfaces\",\n    \"-loglevel\",\n    \"fatal\",\n    \"-testrig\",\n    \"7101c421-1ddd-4809-8822-6b9321f24dd9\",\n    \"-snapshotname\",\n    \"fat-tree.4-ary\",\n    \"-haltonconverterror\",\n    \"-storagebase\",\n    \"\/home\/plankton\/batfish\/experiments\/containers\"\n  ],\n  \"batches\" : [\n    {\n      \"completed\" : 0,\n      \"description\" : \"Begin job\",\n      \"size\" : 0,\n      \"startDate\" : \"2019-01-15T05:07:50.032+0000\"\n    },\n    {\n      \"completed\" : 20,\n      \"description\" : \"Reading network configuration files\",\n      \"size\" : 20,\n      \"startDate\" : \"2019-01-15T05:07:50.072+0000\"\n    },\n    {\n      \"completed\" : 20,\n      \"description\" : \"Parse configurations\",\n      \"size\" : 20,\n      \"startDate\" : \"2019-01-15T05:07:50.113+0000\"\n    },\n    {\n      \"completed\" : 20,\n      \"description\" : \"Serializing 'org.batfish.representation.cisco.CiscoConfiguration' instances to disk\",\n      \"size\" : 20,\n      \"startDate\" : \"2019-01-15T05:07:53.801+0000\"\n    },\n    {\n      \"completed\" : 20,\n      \"description\" : \"Reading, unpacking, and deserializing files containing 'org.batfish.datamodel.GenericConfigObject' instances\",\n      \"size\" : 20,\n      \"startDate\" : \"2019-01-15T05:07:53.980+0000\"\n    },\n    {\n      \"completed\" : 20,\n      \"description\" : \"Convert configurations to vendor-independent format\",\n      \"size\" : 20,\n      \"startDate\" : \"2019-01-15T05:07:54.028+0000\"\n    },\n    {\n      \"completed\" : 15,\n      \"description\" : \"Serializing 20 vendor-independent configuration structures for snapshot 7101c421-1ddd-4809-8822-6b9321f24dd9\",\n      \"size\" : 20,\n      \"startDate\" : \"2019-01-15T05:07:54.154+0000\"\n    }\n  ],\n  \"obtained\" : \"2019-01-15T05:07:50.027+0000\",\n  \"status\" : \"InProgress\"\n}"] [success] [{
  "args" : [
    "-container",
    "23809247-3b59-4f29-a3f7-1354bd8670ba",
    "-sv",
    "-haltonparseerror",
    "-si",
    "-initinfo",
    "false",
    "-ignoremanagementinterfaces",
    "-loglevel",
    "fatal",
    "-testrig",
    "7101c421-1ddd-4809-8822-6b9321f24dd9",
    "-snapshotname",
    "fat-tree.4-ary",
    "-haltonconverterror",
    "-storagebase",
    "/home/plankton/batfish/experiments/containers"
  ],
  "batches" : [
    {
      "completed" : 0,
      "description" : "Begin job",
      "size" : 0,
      "startDate" : "2019-01-15T05:07:50.032+0000"
    },
    {
      "completed" : 20,
      "description" : "Reading network configuration files",
      "size" : 20,
      "startDate" : "2019-01-15T05:07:50.072+0000"
    },
    {
      "completed" : 20,
      "description" : "Parse configurations",
      "size" : 20,
      "startDate" : "2019-01-15T05:07:50.113+0000"
    },
    {
      "completed" : 20,
      "description" : "Serializing 'org.batfish.representation.cisco.CiscoConfiguration' instances to disk",
      "size" : 20,
      "startDate" : "2019-01-15T05:07:53.801+0000"
    },
    {
      "completed" : 20,
      "description" : "Reading, unpacking, and deserializing files containing 'org.batfish.datamodel.GenericConfigObject' instances",
      "size" : 20,
      "startDate" : "2019-01-15T05:07:53.980+0000"
    },
    {
      "completed" : 20,
      "description" : "Convert configurations to vendor-independent format",
      "size" : 20,
      "startDate" : "2019-01-15T05:07:54.028+0000"
    },
    {
      "completed" : 15,
      "description" : "Serializing 20 vendor-independent configuration structures for snapshot 7101c421-1ddd-4809-8822-6b9321f24dd9",
      "size" : 20,
      "startDate" : "2019-01-15T05:07:54.154+0000"
    }
  ],
  "obtained" : "2019-01-15T05:07:50.027+0000",
  "status" : "InProgress"
}]
WMS:getWorkStatus c6d2d433-4d58-4cc0-9a72-ce33ba90e04d
status: ASSIGNED
.... Mon Jan 14 23:07:54 CST 2019: Serializing 20 vendor-independent configuration structures for snapshot 7101c421-1ddd-4809-8822-6b9321f24dd9: 15/20
WM:CheckWork: Trying to check [c6d2d433-4d58-4cc0-9a72-ce33ba90e04d 23809247-3b59-4f29-a3f7-1354bd8670ba 7101c421-1ddd-4809-8822-6b9321f24dd9 {container=23809247-3b59-4f29-a3f7-1354bd8670ba, sv=, haltonparseerror=, si=, initinfo=false, ignoremanagementinterfaces=, loglevel=fatal, testrig=7101c421-1ddd-4809-8822-6b9321f24dd9, snapshotname=fat-tree.4-ary, haltonconverterror=}] [CHECKINGSTATUS] [Mon Jan 14 23:07:49 CST 2019 Mon Jan 14 23:07:50 CST 2019 null] [localhost:43763] [InProgress, Mon Jan 14 23:07:54 CST 2019] on localhost:43763
BFS:getTaskStatus c6d2d433-4d58-4cc0-9a72-ce33ba90e04d
response: ["success","{\n  \"args\" : [\n    \"-container\",\n    \"23809247-3b59-4f29-a3f7-1354bd8670ba\",\n    \"-sv\",\n    \"-haltonparseerror\",\n    \"-si\",\n    \"-initinfo\",\n    \"false\",\n    \"-ignoremanagementinterfaces\",\n    \"-loglevel\",\n    \"fatal\",\n    \"-testrig\",\n    \"7101c421-1ddd-4809-8822-6b9321f24dd9\",\n    \"-snapshotname\",\n    \"fat-tree.4-ary\",\n    \"-haltonconverterror\",\n    \"-storagebase\",\n    \"\/home\/plankton\/batfish\/experiments\/containers\"\n  ],\n  \"batches\" : [\n    {\n      \"completed\" : 0,\n      \"description\" : \"Begin job\",\n      \"size\" : 0,\n      \"startDate\" : \"2019-01-15T05:07:50.032+0000\"\n    },\n    {\n      \"completed\" : 20,\n      \"description\" : \"Reading network configuration files\",\n      \"size\" : 20,\n      \"startDate\" : \"2019-01-15T05:07:50.072+0000\"\n    },\n    {\n      \"completed\" : 20,\n      \"description\" : \"Parse configurations\",\n      \"size\" : 20,\n      \"startDate\" : \"2019-01-15T05:07:50.113+0000\"\n    },\n    {\n      \"completed\" : 20,\n      \"description\" : \"Serializing 'org.batfish.representation.cisco.CiscoConfiguration' instances to disk\",\n      \"size\" : 20,\n      \"startDate\" : \"2019-01-15T05:07:53.801+0000\"\n    },\n    {\n      \"completed\" : 20,\n      \"description\" : \"Reading, unpacking, and deserializing files containing 'org.batfish.datamodel.GenericConfigObject' instances\",\n      \"size\" : 20,\n      \"startDate\" : \"2019-01-15T05:07:53.980+0000\"\n    },\n    {\n      \"completed\" : 20,\n      \"description\" : \"Convert configurations to vendor-independent format\",\n      \"size\" : 20,\n      \"startDate\" : \"2019-01-15T05:07:54.028+0000\"\n    },\n    {\n      \"completed\" : 20,\n      \"description\" : \"Serializing 20 vendor-independent configuration structures for snapshot 7101c421-1ddd-4809-8822-6b9321f24dd9\",\n      \"size\" : 20,\n      \"startDate\" : \"2019-01-15T05:07:54.154+0000\"\n    },\n    {\n      \"completed\" : 20,\n      \"description\" : \"Deserializing objects of type 'org.batfish.datamodel.Configuration' from files\",\n      \"size\" : 20,\n      \"startDate\" : \"2019-01-15T05:07:54.243+0000\"\n    }\n  ],\n  \"obtained\" : \"2019-01-15T05:07:50.027+0000\",\n  \"status\" : \"TerminatedNormally\",\n  \"terminated\" : \"2019-01-15T05:07:54.295+0000\"\n}"] [success] [{
  "args" : [
    "-container",
    "23809247-3b59-4f29-a3f7-1354bd8670ba",
    "-sv",
    "-haltonparseerror",
    "-si",
    "-initinfo",
    "false",
    "-ignoremanagementinterfaces",
    "-loglevel",
    "fatal",
    "-testrig",
    "7101c421-1ddd-4809-8822-6b9321f24dd9",
    "-snapshotname",
    "fat-tree.4-ary",
    "-haltonconverterror",
    "-storagebase",
    "/home/plankton/batfish/experiments/containers"
  ],
  "batches" : [
    {
      "completed" : 0,
      "description" : "Begin job",
      "size" : 0,
      "startDate" : "2019-01-15T05:07:50.032+0000"
    },
    {
      "completed" : 20,
      "description" : "Reading network configuration files",
      "size" : 20,
      "startDate" : "2019-01-15T05:07:50.072+0000"
    },
    {
      "completed" : 20,
      "description" : "Parse configurations",
      "size" : 20,
      "startDate" : "2019-01-15T05:07:50.113+0000"
    },
    {
      "completed" : 20,
      "description" : "Serializing 'org.batfish.representation.cisco.CiscoConfiguration' instances to disk",
      "size" : 20,
      "startDate" : "2019-01-15T05:07:53.801+0000"
    },
    {
      "completed" : 20,
      "description" : "Reading, unpacking, and deserializing files containing 'org.batfish.datamodel.GenericConfigObject' instances",
      "size" : 20,
      "startDate" : "2019-01-15T05:07:53.980+0000"
    },
    {
      "completed" : 20,
      "description" : "Convert configurations to vendor-independent format",
      "size" : 20,
      "startDate" : "2019-01-15T05:07:54.028+0000"
    },
    {
      "completed" : 20,
      "description" : "Serializing 20 vendor-independent configuration structures for snapshot 7101c421-1ddd-4809-8822-6b9321f24dd9",
      "size" : 20,
      "startDate" : "2019-01-15T05:07:54.154+0000"
    },
    {
      "completed" : 20,
      "description" : "Deserializing objects of type 'org.batfish.datamodel.Configuration' from files",
      "size" : 20,
      "startDate" : "2019-01-15T05:07:54.243+0000"
    }
  ],
  "obtained" : "2019-01-15T05:07:50.027+0000",
  "status" : "TerminatedNormally",
  "terminated" : "2019-01-15T05:07:54.295+0000"
}]
WMS:getWorkStatus c6d2d433-4d58-4cc0-9a72-ce33ba90e04d
status: TERMINATEDNORMALLY
.... Mon Jan 14 23:07:50 CST 2019: Begin job
.... Mon Jan 14 23:07:50 CST 2019: Reading network configuration files: 20/20
.... Mon Jan 14 23:07:50 CST 2019: Parse configurations: 20/20
.... Mon Jan 14 23:07:53 CST 2019: Serializing 'org.batfish.representation.cisco.CiscoConfiguration' instances to disk: 20/20
.... Mon Jan 14 23:07:53 CST 2019: Reading, unpacking, and deserializing files containing 'org.batfish.datamodel.GenericConfigObject' instances: 20/20
.... Mon Jan 14 23:07:54 CST 2019: Convert configurations to vendor-independent format: 20/20
.... Mon Jan 14 23:07:54 CST 2019: Serializing 20 vendor-independent configuration structures for snapshot 7101c421-1ddd-4809-8822-6b9321f24dd9: 20/20
.... Mon Jan 14 23:07:54 CST 2019: Deserializing objects of type 'org.batfish.datamodel.Configuration' from files: 20/20
.... Mon Jan 14 23:07:54 CST 2019: TERMINATEDNORMALLY
WMS:getObject fat-tree.4-ary --> c6d2d433-4d58-4cc0-9a72-ce33ba90e04d.json
Status: SUCCESS
Summary: 0 (non-assertion) results; 
Current snapshot is now fat-tree.4-ary
WMS:uploadQuestion 00000000000000000000000000000000 np_dda9ff80-1dc7-4a6b-aeb8-7316257067be/q_114ec5b6-79fb-4418-af50-c6057b9e4a2e
work-id is 541db2fd-30a8-46b3-abd8-bc9454cba398
WMS:queueWork 00000000000000000000000000000000 {"containerName":"np_dda9ff80-1dc7-4a6b-aeb8-7316257067be","id":"541db2fd-30a8-46b3-abd8-bc9454cba398","requestParams":{"answer":"","haltonparseerror":"","loglevel":"fatal","initinfo":"false","questionname":"q_114ec5b6-79fb-4418-af50-c6057b9e4a2e","haltonconverterror":""},"testrigName":"fat-tree.4-ary"}
WM:AssignWork: Trying to assign [541db2fd-30a8-46b3-abd8-bc9454cba398 23809247-3b59-4f29-a3f7-1354bd8670ba 7101c421-1ddd-4809-8822-6b9321f24dd9 {container=23809247-3b59-4f29-a3f7-1354bd8670ba, answer=, haltonparseerror=, loglevel=fatal, initinfo=false, questionname=d4af7fa5-512f-49d9-ae3f-61f48403312f, testrig=7101c421-1ddd-4809-8822-6b9321f24dd9, snapshotname=fat-tree.4-ary, haltonconverterror=}] [TRYINGTOASSIGN] [Mon Jan 14 23:07:55 CST 2019 null null] [null] [null, null] to localhost:43763
Queuing result: true
WMS:getWorkStatus 541db2fd-30a8-46b3-abd8-bc9454cba398
status: TRYINGTOASSIGN
.... no task information
WMS:getWorkStatus 541db2fd-30a8-46b3-abd8-bc9454cba398
status: TRYINGTOASSIGN
.... no task information
WMS:getWorkStatus 541db2fd-30a8-46b3-abd8-bc9454cba398
status: TRYINGTOASSIGN
.... no task information
BFS:runTask(541db2fd-30a8-46b3-abd8-bc9454cba398,{"container":"23809247-3b59-4f29-a3f7-1354bd8670ba","answer":"","haltonparseerror":"","loglevel":"fatal","initinfo":"false","questionname":"d4af7fa5-512f-49d9-ae3f-61f48403312f","testrig":"7101c421-1ddd-4809-8822-6b9321f24dd9","snapshotname":"fat-tree.4-ary","haltonconverterror":"","storagebase":"\/home\/plankton\/batfish\/experiments\/containers"})
Will run with args: [-container, 23809247-3b59-4f29-a3f7-1354bd8670ba, -answer, -haltonparseerror, -loglevel, fatal, -initinfo, false, -questionname, d4af7fa5-512f-49d9-ae3f-61f48403312f, -testrig, 7101c421-1ddd-4809-8822-6b9321f24dd9, -snapshotname, fat-tree.4-ary, -haltonconverterror, -storagebase, /home/plankton/batfish/experiments/containers]
WMS:getWorkStatus 541db2fd-30a8-46b3-abd8-bc9454cba398
WM:AssignWork: response: ["success","running now"] [success] [running now]
status: ASSIGNED
.... no task information
WMS:getWorkStatus 541db2fd-30a8-46b3-abd8-bc9454cba398
status: ASSIGNED
.... no task information
WMS:getWorkStatus 541db2fd-30a8-46b3-abd8-bc9454cba398
status: ASSIGNED
.... no task information
WMS:getWorkStatus 541db2fd-30a8-46b3-abd8-bc9454cba398
status: ASSIGNED
.... no task information
WMS:getWorkStatus 541db2fd-30a8-46b3-abd8-bc9454cba398
status: ASSIGNED
.... no task information
=====[DEBUG]===== sourceRouters: [r12]
=====[DEBUG]===== mapped srcRouters: [r12]
WMS:getWorkStatus 541db2fd-30a8-46b3-abd8-bc9454cba398
status: ASSIGNED
.... no task information
WMS:getWorkStatus 541db2fd-30a8-46b3-abd8-bc9454cba398
status: ASSIGNED
.... no task information
WMS:getWorkStatus 541db2fd-30a8-46b3-abd8-bc9454cba398
status: ASSIGNED
.... no task information
WMS:getWorkStatus 541db2fd-30a8-46b3-abd8-bc9454cba398
status: ASSIGNED
.... no task information
WM:CheckWork: Trying to check [541db2fd-30a8-46b3-abd8-bc9454cba398 23809247-3b59-4f29-a3f7-1354bd8670ba 7101c421-1ddd-4809-8822-6b9321f24dd9 {container=23809247-3b59-4f29-a3f7-1354bd8670ba, answer=, haltonparseerror=, loglevel=fatal, initinfo=false, questionname=d4af7fa5-512f-49d9-ae3f-61f48403312f, testrig=7101c421-1ddd-4809-8822-6b9321f24dd9, snapshotname=fat-tree.4-ary, haltonconverterror=}] [CHECKINGSTATUS] [Mon Jan 14 23:07:55 CST 2019 Mon Jan 14 23:07:55 CST 2019 null] [localhost:43763] [null, null] on localhost:43763
WMS:getWorkStatus 541db2fd-30a8-46b3-abd8-bc9454cba398
status: CHECKINGSTATUS
.... no task information
BFS:getTaskStatus 541db2fd-30a8-46b3-abd8-bc9454cba398
response: ["success","{\n  \"args\" : [\n    \"-container\",\n    \"23809247-3b59-4f29-a3f7-1354bd8670ba\",\n    \"-answer\",\n    \"-haltonparseerror\",\n    \"-loglevel\",\n    \"fatal\",\n    \"-initinfo\",\n    \"false\",\n    \"-questionname\",\n    \"d4af7fa5-512f-49d9-ae3f-61f48403312f\",\n    \"-testrig\",\n    \"7101c421-1ddd-4809-8822-6b9321f24dd9\",\n    \"-snapshotname\",\n    \"fat-tree.4-ary\",\n    \"-haltonconverterror\",\n    \"-storagebase\",\n    \"\/home\/plankton\/batfish\/experiments\/containers\"\n  ],\n  \"batches\" : [\n    {\n      \"completed\" : 0,\n      \"description\" : \"Begin job\",\n      \"size\" : 0,\n      \"startDate\" : \"2019-01-15T05:07:55.664+0000\"\n    }\n  ],\n  \"obtained\" : \"2019-01-15T05:07:55.664+0000\",\n  \"status\" : \"InProgress\"\n}"] [success] [{
  "args" : [
    "-container",
    "23809247-3b59-4f29-a3f7-1354bd8670ba",
    "-answer",
    "-haltonparseerror",
    "-loglevel",
    "fatal",
    "-initinfo",
    "false",
    "-questionname",
    "d4af7fa5-512f-49d9-ae3f-61f48403312f",
    "-testrig",
    "7101c421-1ddd-4809-8822-6b9321f24dd9",
    "-snapshotname",
    "fat-tree.4-ary",
    "-haltonconverterror",
    "-storagebase",
    "/home/plankton/batfish/experiments/containers"
  ],
  "batches" : [
    {
      "completed" : 0,
      "description" : "Begin job",
      "size" : 0,
      "startDate" : "2019-01-15T05:07:55.664+0000"
    }
  ],
  "obtained" : "2019-01-15T05:07:55.664+0000",
  "status" : "InProgress"
}]
WMS:getWorkStatus 541db2fd-30a8-46b3-abd8-bc9454cba398
status: ASSIGNED
.... Mon Jan 14 23:07:55 CST 2019: Begin job
WMS:getWorkStatus 541db2fd-30a8-46b3-abd8-bc9454cba398
status: ASSIGNED
.... Mon Jan 14 23:07:55 CST 2019: Begin job
WM:CheckWork: Trying to check [541db2fd-30a8-46b3-abd8-bc9454cba398 23809247-3b59-4f29-a3f7-1354bd8670ba 7101c421-1ddd-4809-8822-6b9321f24dd9 {container=23809247-3b59-4f29-a3f7-1354bd8670ba, answer=, haltonparseerror=, loglevel=fatal, initinfo=false, questionname=d4af7fa5-512f-49d9-ae3f-61f48403312f, testrig=7101c421-1ddd-4809-8822-6b9321f24dd9, snapshotname=fat-tree.4-ary, haltonconverterror=}] [CHECKINGSTATUS] [Mon Jan 14 23:07:55 CST 2019 Mon Jan 14 23:07:55 CST 2019 null] [localhost:43763] [InProgress, Mon Jan 14 23:07:56 CST 2019] on localhost:43763
BFS:getTaskStatus 541db2fd-30a8-46b3-abd8-bc9454cba398
response: ["success","{\n  \"args\" : [\n    \"-container\",\n    \"23809247-3b59-4f29-a3f7-1354bd8670ba\",\n    \"-answer\",\n    \"-haltonparseerror\",\n    \"-loglevel\",\n    \"fatal\",\n    \"-initinfo\",\n    \"false\",\n    \"-questionname\",\n    \"d4af7fa5-512f-49d9-ae3f-61f48403312f\",\n    \"-testrig\",\n    \"7101c421-1ddd-4809-8822-6b9321f24dd9\",\n    \"-snapshotname\",\n    \"fat-tree.4-ary\",\n    \"-haltonconverterror\",\n    \"-storagebase\",\n    \"\/home\/plankton\/batfish\/experiments\/containers\"\n  ],\n  \"batches\" : [\n    {\n      \"completed\" : 0,\n      \"description\" : \"Begin job\",\n      \"size\" : 0,\n      \"startDate\" : \"2019-01-15T05:07:55.664+0000\"\n    }\n  ],\n  \"obtained\" : \"2019-01-15T05:07:55.664+0000\",\n  \"status\" : \"TerminatedNormally\",\n  \"terminated\" : \"2019-01-15T05:07:56.670+0000\"\n}"] [success] [{
  "args" : [
    "-container",
    "23809247-3b59-4f29-a3f7-1354bd8670ba",
    "-answer",
    "-haltonparseerror",
    "-loglevel",
    "fatal",
    "-initinfo",
    "false",
    "-questionname",
    "d4af7fa5-512f-49d9-ae3f-61f48403312f",
    "-testrig",
    "7101c421-1ddd-4809-8822-6b9321f24dd9",
    "-snapshotname",
    "fat-tree.4-ary",
    "-haltonconverterror",
    "-storagebase",
    "/home/plankton/batfish/experiments/containers"
  ],
  "batches" : [
    {
      "completed" : 0,
      "description" : "Begin job",
      "size" : 0,
      "startDate" : "2019-01-15T05:07:55.664+0000"
    }
  ],
  "obtained" : "2019-01-15T05:07:55.664+0000",
  "status" : "TerminatedNormally",
  "terminated" : "2019-01-15T05:07:56.670+0000"
}]
WMS:getWorkStatus 541db2fd-30a8-46b3-abd8-bc9454cba398
status: TERMINATEDNORMALLY
.... Mon Jan 14 23:07:55 CST 2019: Begin job
.... Mon Jan 14 23:07:56 CST 2019: TERMINATEDNORMALLY
WMS:getObject fat-tree.4-ary --> 541db2fd-30a8-46b3-abd8-bc9454cba398.json
Status: SUCCESS
Question: smt-reachability actions=[ACCEPTED], dstIps=[10.0.0.5, 10.0.0.9, 10.0.0.13, 10.0.0.29, 10.0.0.58, 10.0.0.70, 10.0.0.85, 10.0.0.90, 10.0.0.94, 10.0.0.98, 10.0.0.101, 10.0.0.117, 10.0.0.129, 10.0.0.134, 10.0.0.142, 10.0.0.154, 10.0.0.158, 10.0.0.165, 10.0.0.174, 10.0.0.182, 10.0.0.194, 10.0.0.197, 10.0.0.201, 10.0.0.210, 10.0.0.217, 10.0.0.229, 10.0.0.234, 10.0.0.249], finalNodeRegex=r(13|14|15|16|17|18|19), ingressNodeRegex=r12

Verified

Summary: 0 (non-assertion) results; 
45.60user 1.66system 0:09.93elapsed 475%CPU (0avgtext+0avgdata 1366776maxresident)k
0inputs+2472outputs (0major+356595minor)pagefaults 0swaps
