OpenJDK 64-Bit Server VM warning: ignoring option MaxPermSize=2048m; support was removed in 8.0
Changed client loglevel to info
WARNING: Command init-testrig has been deprecated and may be removed. The term "testrig" has been replaced with "snapshot". Use init-snapshot instead.
WMS:initNetwork np
Initialized network:np_d0d234af-04d5-410e-82f2-71e937cbe263 using api-key:00000000000000000000000000000000
Init'ed and set active network to np_d0d234af-04d5-410e-82f2-71e937cbe263

WMS:uploadSnapshot 00000000000000000000000000000000 np_d0d234af-04d5-410e-82f2-71e937cbe263 fat-tree.4-ary
Environment data for snapshot:fat-tree.4-ary; bgpTables:false, routingTables:false, nodeRoles:false referenceBooks:false
Uploaded snapshot:fat-tree.4-ary for network:np_d0d234af-04d5-410e-82f2-71e937cbe263 using api-key:00000000000000000000000000000000
Uploaded snapshot.
Parsing now.
work-id is dd731ef6-d5d5-41e8-89fb-27ff9402589c
WMS:queueWork 00000000000000000000000000000000 {"containerName":"np_d0d234af-04d5-410e-82f2-71e937cbe263","id":"dd731ef6-d5d5-41e8-89fb-27ff9402589c","requestParams":{"sv":"","haltonparseerror":"","si":"","initinfo":"false","ignoremanagementinterfaces":"","loglevel":"fatal","haltonconverterror":""},"testrigName":"fat-tree.4-ary"}
WM:AssignWork: Trying to assign [dd731ef6-d5d5-41e8-89fb-27ff9402589c f30c5a14-e532-4134-bede-cd6ac03dec93 4f1047a9-0b93-4afa-a213-60a78257a835 {container=f30c5a14-e532-4134-bede-cd6ac03dec93, sv=, haltonparseerror=, si=, initinfo=false, ignoremanagementinterfaces=, loglevel=fatal, testrig=4f1047a9-0b93-4afa-a213-60a78257a835, snapshotname=fat-tree.4-ary, haltonconverterror=}] [TRYINGTOASSIGN] [Sun Jan 13 17:48:22 CST 2019 null null] [null] [null, null] to localhost:36973
Queuing result: true
WMS:getWorkStatus dd731ef6-d5d5-41e8-89fb-27ff9402589c
status: TRYINGTOASSIGN
.... no task information
BFS:runTask(dd731ef6-d5d5-41e8-89fb-27ff9402589c,{"container":"f30c5a14-e532-4134-bede-cd6ac03dec93","sv":"","haltonparseerror":"","si":"","initinfo":"false","ignoremanagementinterfaces":"","loglevel":"fatal","testrig":"4f1047a9-0b93-4afa-a213-60a78257a835","snapshotname":"fat-tree.4-ary","haltonconverterror":"","storagebase":"\/home\/plankton\/batfish\/experiments\/containers"})
Will run with args: [-container, f30c5a14-e532-4134-bede-cd6ac03dec93, -sv, -haltonparseerror, -si, -initinfo, false, -ignoremanagementinterfaces, -loglevel, fatal, -testrig, 4f1047a9-0b93-4afa-a213-60a78257a835, -snapshotname, fat-tree.4-ary, -haltonconverterror, -storagebase, /home/plankton/batfish/experiments/containers]
WMS:getWorkStatus dd731ef6-d5d5-41e8-89fb-27ff9402589c
status: TRYINGTOASSIGN
.... no task information
WMS:getWorkStatus dd731ef6-d5d5-41e8-89fb-27ff9402589c
status: TRYINGTOASSIGN
.... no task information
WM:AssignWork: response: ["success","running now"] [success] [running now]
WMS:getWorkStatus dd731ef6-d5d5-41e8-89fb-27ff9402589c
status: ASSIGNED
.... no task information
WMS:getWorkStatus dd731ef6-d5d5-41e8-89fb-27ff9402589c
status: ASSIGNED
.... no task information
WMS:getWorkStatus dd731ef6-d5d5-41e8-89fb-27ff9402589c
status: ASSIGNED
.... no task information
WM:CheckWork: Trying to check [dd731ef6-d5d5-41e8-89fb-27ff9402589c f30c5a14-e532-4134-bede-cd6ac03dec93 4f1047a9-0b93-4afa-a213-60a78257a835 {container=f30c5a14-e532-4134-bede-cd6ac03dec93, sv=, haltonparseerror=, si=, initinfo=false, ignoremanagementinterfaces=, loglevel=fatal, testrig=4f1047a9-0b93-4afa-a213-60a78257a835, snapshotname=fat-tree.4-ary, haltonconverterror=}] [CHECKINGSTATUS] [Sun Jan 13 17:48:22 CST 2019 Sun Jan 13 17:48:22 CST 2019 null] [localhost:36973] [null, null] on localhost:36973
WMS:getWorkStatus dd731ef6-d5d5-41e8-89fb-27ff9402589c
status: CHECKINGSTATUS
.... no task information
BFS:getTaskStatus dd731ef6-d5d5-41e8-89fb-27ff9402589c
response: ["success","{\n  \"args\" : [\n    \"-container\",\n    \"f30c5a14-e532-4134-bede-cd6ac03dec93\",\n    \"-sv\",\n    \"-haltonparseerror\",\n    \"-si\",\n    \"-initinfo\",\n    \"false\",\n    \"-ignoremanagementinterfaces\",\n    \"-loglevel\",\n    \"fatal\",\n    \"-testrig\",\n    \"4f1047a9-0b93-4afa-a213-60a78257a835\",\n    \"-snapshotname\",\n    \"fat-tree.4-ary\",\n    \"-haltonconverterror\",\n    \"-storagebase\",\n    \"\/home\/plankton\/batfish\/experiments\/containers\"\n  ],\n  \"batches\" : [\n    {\n      \"completed\" : 0,\n      \"description\" : \"Begin job\",\n      \"size\" : 0,\n      \"startDate\" : \"2019-01-13T23:48:22.516+0000\"\n    },\n    {\n      \"completed\" : 20,\n      \"description\" : \"Reading network configuration files\",\n      \"size\" : 20,\n      \"startDate\" : \"2019-01-13T23:48:22.557+0000\"\n    }\n  ],\n  \"obtained\" : \"2019-01-13T23:48:22.511+0000\",\n  \"status\" : \"InProgress\"\n}"] [success] [{
  "args" : [
    "-container",
    "f30c5a14-e532-4134-bede-cd6ac03dec93",
    "-sv",
    "-haltonparseerror",
    "-si",
    "-initinfo",
    "false",
    "-ignoremanagementinterfaces",
    "-loglevel",
    "fatal",
    "-testrig",
    "4f1047a9-0b93-4afa-a213-60a78257a835",
    "-snapshotname",
    "fat-tree.4-ary",
    "-haltonconverterror",
    "-storagebase",
    "/home/plankton/batfish/experiments/containers"
  ],
  "batches" : [
    {
      "completed" : 0,
      "description" : "Begin job",
      "size" : 0,
      "startDate" : "2019-01-13T23:48:22.516+0000"
    },
    {
      "completed" : 20,
      "description" : "Reading network configuration files",
      "size" : 20,
      "startDate" : "2019-01-13T23:48:22.557+0000"
    }
  ],
  "obtained" : "2019-01-13T23:48:22.511+0000",
  "status" : "InProgress"
}]
WMS:getWorkStatus dd731ef6-d5d5-41e8-89fb-27ff9402589c
status: ASSIGNED
.... Sun Jan 13 17:48:22 CST 2019: Reading network configuration files: 20/20
WMS:getWorkStatus dd731ef6-d5d5-41e8-89fb-27ff9402589c
status: ASSIGNED
.... Sun Jan 13 17:48:22 CST 2019: Reading network configuration files: 20/20
WMS:getWorkStatus dd731ef6-d5d5-41e8-89fb-27ff9402589c
WMS:getWorkStatus dd731ef6-d5d5-41e8-89fb-27ff9402589c
status: ASSIGNED
.... Sun Jan 13 17:48:22 CST 2019: Reading network configuration files: 20/20
WMS:getWorkStatus dd731ef6-d5d5-41e8-89fb-27ff9402589c
status: ASSIGNED
.... Sun Jan 13 17:48:22 CST 2019: Reading network configuration files: 20/20
WMS:getWorkStatus dd731ef6-d5d5-41e8-89fb-27ff9402589c
status: ASSIGNED
.... Sun Jan 13 17:48:22 CST 2019: Reading network configuration files: 20/20
WMS:getWorkStatus dd731ef6-d5d5-41e8-89fb-27ff9402589c
status: ASSIGNED
.... Sun Jan 13 17:48:22 CST 2019: Reading network configuration files: 20/20
WMS:getWorkStatus dd731ef6-d5d5-41e8-89fb-27ff9402589c
status: ASSIGNED
.... Sun Jan 13 17:48:22 CST 2019: Reading network configuration files: 20/20
WM:CheckWork: Trying to check [dd731ef6-d5d5-41e8-89fb-27ff9402589c f30c5a14-e532-4134-bede-cd6ac03dec93 4f1047a9-0b93-4afa-a213-60a78257a835 {container=f30c5a14-e532-4134-bede-cd6ac03dec93, sv=, haltonparseerror=, si=, initinfo=false, ignoremanagementinterfaces=, loglevel=fatal, testrig=4f1047a9-0b93-4afa-a213-60a78257a835, snapshotname=fat-tree.4-ary, haltonconverterror=}] [CHECKINGSTATUS] [Sun Jan 13 17:48:22 CST 2019 Sun Jan 13 17:48:22 CST 2019 null] [localhost:36973] [InProgress, Sun Jan 13 17:48:22 CST 2019] on localhost:36973
BFS:getTaskStatus dd731ef6-d5d5-41e8-89fb-27ff9402589c
response: ["success","{\n  \"args\" : [\n    \"-container\",\n    \"f30c5a14-e532-4134-bede-cd6ac03dec93\",\n    \"-sv\",\n    \"-haltonparseerror\",\n    \"-si\",\n    \"-initinfo\",\n    \"false\",\n    \"-ignoremanagementinterfaces\",\n    \"-loglevel\",\n    \"fatal\",\n    \"-testrig\",\n    \"4f1047a9-0b93-4afa-a213-60a78257a835\",\n    \"-snapshotname\",\n    \"fat-tree.4-ary\",\n    \"-haltonconverterror\",\n    \"-storagebase\",\n    \"\/home\/plankton\/batfish\/experiments\/containers\"\n  ],\n  \"batches\" : [\n    {\n      \"completed\" : 0,\n      \"description\" : \"Begin job\",\n      \"size\" : 0,\n      \"startDate\" : \"2019-01-13T23:48:22.516+0000\"\n    },\n    {\n      \"completed\" : 20,\n      \"description\" : \"Reading network configuration files\",\n      \"size\" : 20,\n      \"startDate\" : \"2019-01-13T23:48:22.557+0000\"\n    },\n    {\n      \"completed\" : 0,\n      \"description\" : \"Parse configurations\",\n      \"size\" : 20,\n      \"startDate\" : \"2019-01-13T23:48:22.617+0000\"\n    }\n  ],\n  \"obtained\" : \"2019-01-13T23:48:22.511+0000\",\n  \"status\" : \"InProgress\"\n}"] [success] [{
  "args" : [
    "-container",
    "f30c5a14-e532-4134-bede-cd6ac03dec93",
    "-sv",
    "-haltonparseerror",
    "-si",
    "-initinfo",
    "false",
    "-ignoremanagementinterfaces",
    "-loglevel",
    "fatal",
    "-testrig",
    "4f1047a9-0b93-4afa-a213-60a78257a835",
    "-snapshotname",
    "fat-tree.4-ary",
    "-haltonconverterror",
    "-storagebase",
    "/home/plankton/batfish/experiments/containers"
  ],
  "batches" : [
    {
      "completed" : 0,
      "description" : "Begin job",
      "size" : 0,
      "startDate" : "2019-01-13T23:48:22.516+0000"
    },
    {
      "completed" : 20,
      "description" : "Reading network configuration files",
      "size" : 20,
      "startDate" : "2019-01-13T23:48:22.557+0000"
    },
    {
      "completed" : 0,
      "description" : "Parse configurations",
      "size" : 20,
      "startDate" : "2019-01-13T23:48:22.617+0000"
    }
  ],
  "obtained" : "2019-01-13T23:48:22.511+0000",
  "status" : "InProgress"
}]
WMS:getWorkStatus dd731ef6-d5d5-41e8-89fb-27ff9402589c
status: ASSIGNED
.... Sun Jan 13 17:48:22 CST 2019: Parse configurations: 0/20
WMS:getWorkStatus dd731ef6-d5d5-41e8-89fb-27ff9402589c
status: ASSIGNED
.... Sun Jan 13 17:48:22 CST 2019: Parse configurations: 0/20
WM:CheckWork: Trying to check [dd731ef6-d5d5-41e8-89fb-27ff9402589c f30c5a14-e532-4134-bede-cd6ac03dec93 4f1047a9-0b93-4afa-a213-60a78257a835 {container=f30c5a14-e532-4134-bede-cd6ac03dec93, sv=, haltonparseerror=, si=, initinfo=false, ignoremanagementinterfaces=, loglevel=fatal, testrig=4f1047a9-0b93-4afa-a213-60a78257a835, snapshotname=fat-tree.4-ary, haltonconverterror=}] [CHECKINGSTATUS] [Sun Jan 13 17:48:22 CST 2019 Sun Jan 13 17:48:22 CST 2019 null] [localhost:36973] [InProgress, Sun Jan 13 17:48:23 CST 2019] on localhost:36973
BFS:getTaskStatus dd731ef6-d5d5-41e8-89fb-27ff9402589c
response: ["success","{\n  \"args\" : [\n    \"-container\",\n    \"f30c5a14-e532-4134-bede-cd6ac03dec93\",\n    \"-sv\",\n    \"-haltonparseerror\",\n    \"-si\",\n    \"-initinfo\",\n    \"false\",\n    \"-ignoremanagementinterfaces\",\n    \"-loglevel\",\n    \"fatal\",\n    \"-testrig\",\n    \"4f1047a9-0b93-4afa-a213-60a78257a835\",\n    \"-snapshotname\",\n    \"fat-tree.4-ary\",\n    \"-haltonconverterror\",\n    \"-storagebase\",\n    \"\/home\/plankton\/batfish\/experiments\/containers\"\n  ],\n  \"batches\" : [\n    {\n      \"completed\" : 0,\n      \"description\" : \"Begin job\",\n      \"size\" : 0,\n      \"startDate\" : \"2019-01-13T23:48:22.516+0000\"\n    },\n    {\n      \"completed\" : 20,\n      \"description\" : \"Reading network configuration files\",\n      \"size\" : 20,\n      \"startDate\" : \"2019-01-13T23:48:22.557+0000\"\n    },\n    {\n      \"completed\" : 0,\n      \"description\" : \"Parse configurations\",\n      \"size\" : 20,\n      \"startDate\" : \"2019-01-13T23:48:22.617+0000\"\n    }\n  ],\n  \"obtained\" : \"2019-01-13T23:48:22.511+0000\",\n  \"status\" : \"InProgress\"\n}"] [success] [{
  "args" : [
    "-container",
    "f30c5a14-e532-4134-bede-cd6ac03dec93",
    "-sv",
    "-haltonparseerror",
    "-si",
    "-initinfo",
    "false",
    "-ignoremanagementinterfaces",
    "-loglevel",
    "fatal",
    "-testrig",
    "4f1047a9-0b93-4afa-a213-60a78257a835",
    "-snapshotname",
    "fat-tree.4-ary",
    "-haltonconverterror",
    "-storagebase",
    "/home/plankton/batfish/experiments/containers"
  ],
  "batches" : [
    {
      "completed" : 0,
      "description" : "Begin job",
      "size" : 0,
      "startDate" : "2019-01-13T23:48:22.516+0000"
    },
    {
      "completed" : 20,
      "description" : "Reading network configuration files",
      "size" : 20,
      "startDate" : "2019-01-13T23:48:22.557+0000"
    },
    {
      "completed" : 0,
      "description" : "Parse configurations",
      "size" : 20,
      "startDate" : "2019-01-13T23:48:22.617+0000"
    }
  ],
  "obtained" : "2019-01-13T23:48:22.511+0000",
  "status" : "InProgress"
}]
WMS:getWorkStatus dd731ef6-d5d5-41e8-89fb-27ff9402589c
status: ASSIGNED
.... Sun Jan 13 17:48:22 CST 2019: Parse configurations: 0/20
WM:CheckWork: Trying to check [dd731ef6-d5d5-41e8-89fb-27ff9402589c f30c5a14-e532-4134-bede-cd6ac03dec93 4f1047a9-0b93-4afa-a213-60a78257a835 {container=f30c5a14-e532-4134-bede-cd6ac03dec93, sv=, haltonparseerror=, si=, initinfo=false, ignoremanagementinterfaces=, loglevel=fatal, testrig=4f1047a9-0b93-4afa-a213-60a78257a835, snapshotname=fat-tree.4-ary, haltonconverterror=}] [CHECKINGSTATUS] [Sun Jan 13 17:48:22 CST 2019 Sun Jan 13 17:48:22 CST 2019 null] [localhost:36973] [InProgress, Sun Jan 13 17:48:24 CST 2019] on localhost:36973
BFS:getTaskStatus dd731ef6-d5d5-41e8-89fb-27ff9402589c
response: ["success","{\n  \"args\" : [\n    \"-container\",\n    \"f30c5a14-e532-4134-bede-cd6ac03dec93\",\n    \"-sv\",\n    \"-haltonparseerror\",\n    \"-si\",\n    \"-initinfo\",\n    \"false\",\n    \"-ignoremanagementinterfaces\",\n    \"-loglevel\",\n    \"fatal\",\n    \"-testrig\",\n    \"4f1047a9-0b93-4afa-a213-60a78257a835\",\n    \"-snapshotname\",\n    \"fat-tree.4-ary\",\n    \"-haltonconverterror\",\n    \"-storagebase\",\n    \"\/home\/plankton\/batfish\/experiments\/containers\"\n  ],\n  \"batches\" : [\n    {\n      \"completed\" : 0,\n      \"description\" : \"Begin job\",\n      \"size\" : 0,\n      \"startDate\" : \"2019-01-13T23:48:22.516+0000\"\n    },\n    {\n      \"completed\" : 20,\n      \"description\" : \"Reading network configuration files\",\n      \"size\" : 20,\n      \"startDate\" : \"2019-01-13T23:48:22.557+0000\"\n    },\n    {\n      \"completed\" : 0,\n      \"description\" : \"Parse configurations\",\n      \"size\" : 20,\n      \"startDate\" : \"2019-01-13T23:48:22.617+0000\"\n    }\n  ],\n  \"obtained\" : \"2019-01-13T23:48:22.511+0000\",\n  \"status\" : \"InProgress\"\n}"] [success] [{
  "args" : [
    "-container",
    "f30c5a14-e532-4134-bede-cd6ac03dec93",
    "-sv",
    "-haltonparseerror",
    "-si",
    "-initinfo",
    "false",
    "-ignoremanagementinterfaces",
    "-loglevel",
    "fatal",
    "-testrig",
    "4f1047a9-0b93-4afa-a213-60a78257a835",
    "-snapshotname",
    "fat-tree.4-ary",
    "-haltonconverterror",
    "-storagebase",
    "/home/plankton/batfish/experiments/containers"
  ],
  "batches" : [
    {
      "completed" : 0,
      "description" : "Begin job",
      "size" : 0,
      "startDate" : "2019-01-13T23:48:22.516+0000"
    },
    {
      "completed" : 20,
      "description" : "Reading network configuration files",
      "size" : 20,
      "startDate" : "2019-01-13T23:48:22.557+0000"
    },
    {
      "completed" : 0,
      "description" : "Parse configurations",
      "size" : 20,
      "startDate" : "2019-01-13T23:48:22.617+0000"
    }
  ],
  "obtained" : "2019-01-13T23:48:22.511+0000",
  "status" : "InProgress"
}]
WMS:getWorkStatus dd731ef6-d5d5-41e8-89fb-27ff9402589c
status: ASSIGNED
.... Sun Jan 13 17:48:22 CST 2019: Parse configurations: 0/20
WM:CheckWork: Trying to check [dd731ef6-d5d5-41e8-89fb-27ff9402589c f30c5a14-e532-4134-bede-cd6ac03dec93 4f1047a9-0b93-4afa-a213-60a78257a835 {container=f30c5a14-e532-4134-bede-cd6ac03dec93, sv=, haltonparseerror=, si=, initinfo=false, ignoremanagementinterfaces=, loglevel=fatal, testrig=4f1047a9-0b93-4afa-a213-60a78257a835, snapshotname=fat-tree.4-ary, haltonconverterror=}] [CHECKINGSTATUS] [Sun Jan 13 17:48:22 CST 2019 Sun Jan 13 17:48:22 CST 2019 null] [localhost:36973] [InProgress, Sun Jan 13 17:48:25 CST 2019] on localhost:36973
BFS:getTaskStatus dd731ef6-d5d5-41e8-89fb-27ff9402589c
response: ["success","{\n  \"args\" : [\n    \"-container\",\n    \"f30c5a14-e532-4134-bede-cd6ac03dec93\",\n    \"-sv\",\n    \"-haltonparseerror\",\n    \"-si\",\n    \"-initinfo\",\n    \"false\",\n    \"-ignoremanagementinterfaces\",\n    \"-loglevel\",\n    \"fatal\",\n    \"-testrig\",\n    \"4f1047a9-0b93-4afa-a213-60a78257a835\",\n    \"-snapshotname\",\n    \"fat-tree.4-ary\",\n    \"-haltonconverterror\",\n    \"-storagebase\",\n    \"\/home\/plankton\/batfish\/experiments\/containers\"\n  ],\n  \"batches\" : [\n    {\n      \"completed\" : 0,\n      \"description\" : \"Begin job\",\n      \"size\" : 0,\n      \"startDate\" : \"2019-01-13T23:48:22.516+0000\"\n    },\n    {\n      \"completed\" : 20,\n      \"description\" : \"Reading network configuration files\",\n      \"size\" : 20,\n      \"startDate\" : \"2019-01-13T23:48:22.557+0000\"\n    },\n    {\n      \"completed\" : 20,\n      \"description\" : \"Parse configurations\",\n      \"size\" : 20,\n      \"startDate\" : \"2019-01-13T23:48:22.617+0000\"\n    },\n    {\n      \"completed\" : 20,\n      \"description\" : \"Serializing 'org.batfish.representation.cisco.CiscoConfiguration' instances to disk\",\n      \"size\" : 20,\n      \"startDate\" : \"2019-01-13T23:48:26.284+0000\"\n    },\n    {\n      \"completed\" : 20,\n      \"description\" : \"Reading, unpacking, and deserializing files containing 'org.batfish.datamodel.GenericConfigObject' instances\",\n      \"size\" : 20,\n      \"startDate\" : \"2019-01-13T23:48:26.450+0000\"\n    },\n    {\n      \"completed\" : 20,\n      \"description\" : \"Convert configurations to vendor-independent format\",\n      \"size\" : 20,\n      \"startDate\" : \"2019-01-13T23:48:26.498+0000\"\n    }\n  ],\n  \"obtained\" : \"2019-01-13T23:48:22.511+0000\",\n  \"status\" : \"InProgress\"\n}"] [success] [{
  "args" : [
    "-container",
    "f30c5a14-e532-4134-bede-cd6ac03dec93",
    "-sv",
    "-haltonparseerror",
    "-si",
    "-initinfo",
    "false",
    "-ignoremanagementinterfaces",
    "-loglevel",
    "fatal",
    "-testrig",
    "4f1047a9-0b93-4afa-a213-60a78257a835",
    "-snapshotname",
    "fat-tree.4-ary",
    "-haltonconverterror",
    "-storagebase",
    "/home/plankton/batfish/experiments/containers"
  ],
  "batches" : [
    {
      "completed" : 0,
      "description" : "Begin job",
      "size" : 0,
      "startDate" : "2019-01-13T23:48:22.516+0000"
    },
    {
      "completed" : 20,
      "description" : "Reading network configuration files",
      "size" : 20,
      "startDate" : "2019-01-13T23:48:22.557+0000"
    },
    {
      "completed" : 20,
      "description" : "Parse configurations",
      "size" : 20,
      "startDate" : "2019-01-13T23:48:22.617+0000"
    },
    {
      "completed" : 20,
      "description" : "Serializing 'org.batfish.representation.cisco.CiscoConfiguration' instances to disk",
      "size" : 20,
      "startDate" : "2019-01-13T23:48:26.284+0000"
    },
    {
      "completed" : 20,
      "description" : "Reading, unpacking, and deserializing files containing 'org.batfish.datamodel.GenericConfigObject' instances",
      "size" : 20,
      "startDate" : "2019-01-13T23:48:26.450+0000"
    },
    {
      "completed" : 20,
      "description" : "Convert configurations to vendor-independent format",
      "size" : 20,
      "startDate" : "2019-01-13T23:48:26.498+0000"
    }
  ],
  "obtained" : "2019-01-13T23:48:22.511+0000",
  "status" : "InProgress"
}]
WMS:getWorkStatus dd731ef6-d5d5-41e8-89fb-27ff9402589c
status: ASSIGNED
.... Sun Jan 13 17:48:26 CST 2019: Convert configurations to vendor-independent format: 20/20
WM:CheckWork: Trying to check [dd731ef6-d5d5-41e8-89fb-27ff9402589c f30c5a14-e532-4134-bede-cd6ac03dec93 4f1047a9-0b93-4afa-a213-60a78257a835 {container=f30c5a14-e532-4134-bede-cd6ac03dec93, sv=, haltonparseerror=, si=, initinfo=false, ignoremanagementinterfaces=, loglevel=fatal, testrig=4f1047a9-0b93-4afa-a213-60a78257a835, snapshotname=fat-tree.4-ary, haltonconverterror=}] [CHECKINGSTATUS] [Sun Jan 13 17:48:22 CST 2019 Sun Jan 13 17:48:22 CST 2019 null] [localhost:36973] [InProgress, Sun Jan 13 17:48:26 CST 2019] on localhost:36973
BFS:getTaskStatus dd731ef6-d5d5-41e8-89fb-27ff9402589c
response: ["success","{\n  \"args\" : [\n    \"-container\",\n    \"f30c5a14-e532-4134-bede-cd6ac03dec93\",\n    \"-sv\",\n    \"-haltonparseerror\",\n    \"-si\",\n    \"-initinfo\",\n    \"false\",\n    \"-ignoremanagementinterfaces\",\n    \"-loglevel\",\n    \"fatal\",\n    \"-testrig\",\n    \"4f1047a9-0b93-4afa-a213-60a78257a835\",\n    \"-snapshotname\",\n    \"fat-tree.4-ary\",\n    \"-haltonconverterror\",\n    \"-storagebase\",\n    \"\/home\/plankton\/batfish\/experiments\/containers\"\n  ],\n  \"batches\" : [\n    {\n      \"completed\" : 0,\n      \"description\" : \"Begin job\",\n      \"size\" : 0,\n      \"startDate\" : \"2019-01-13T23:48:22.516+0000\"\n    },\n    {\n      \"completed\" : 20,\n      \"description\" : \"Reading network configuration files\",\n      \"size\" : 20,\n      \"startDate\" : \"2019-01-13T23:48:22.557+0000\"\n    },\n    {\n      \"completed\" : 20,\n      \"description\" : \"Parse configurations\",\n      \"size\" : 20,\n      \"startDate\" : \"2019-01-13T23:48:22.617+0000\"\n    },\n    {\n      \"completed\" : 20,\n      \"description\" : \"Serializing 'org.batfish.representation.cisco.CiscoConfiguration' instances to disk\",\n      \"size\" : 20,\n      \"startDate\" : \"2019-01-13T23:48:26.284+0000\"\n    },\n    {\n      \"completed\" : 20,\n      \"description\" : \"Reading, unpacking, and deserializing files containing 'org.batfish.datamodel.GenericConfigObject' instances\",\n      \"size\" : 20,\n      \"startDate\" : \"2019-01-13T23:48:26.450+0000\"\n    },\n    {\n      \"completed\" : 20,\n      \"description\" : \"Convert configurations to vendor-independent format\",\n      \"size\" : 20,\n      \"startDate\" : \"2019-01-13T23:48:26.498+0000\"\n    },\n    {\n      \"completed\" : 20,\n      \"description\" : \"Serializing 20 vendor-independent configuration structures for snapshot 4f1047a9-0b93-4afa-a213-60a78257a835\",\n      \"size\" : 20,\n      \"startDate\" : \"2019-01-13T23:48:26.603+0000\"\n    },\n    {\n      \"completed\" : 20,\n      \"description\" : \"Deserializing objects of type 'org.batfish.datamodel.Configuration' from files\",\n      \"size\" : 20,\n      \"startDate\" : \"2019-01-13T23:48:26.732+0000\"\n    }\n  ],\n  \"obtained\" : \"2019-01-13T23:48:22.511+0000\",\n  \"status\" : \"TerminatedNormally\",\n  \"terminated\" : \"2019-01-13T23:48:26.790+0000\"\n}"] [success] [{
  "args" : [
    "-container",
    "f30c5a14-e532-4134-bede-cd6ac03dec93",
    "-sv",
    "-haltonparseerror",
    "-si",
    "-initinfo",
    "false",
    "-ignoremanagementinterfaces",
    "-loglevel",
    "fatal",
    "-testrig",
    "4f1047a9-0b93-4afa-a213-60a78257a835",
    "-snapshotname",
    "fat-tree.4-ary",
    "-haltonconverterror",
    "-storagebase",
    "/home/plankton/batfish/experiments/containers"
  ],
  "batches" : [
    {
      "completed" : 0,
      "description" : "Begin job",
      "size" : 0,
      "startDate" : "2019-01-13T23:48:22.516+0000"
    },
    {
      "completed" : 20,
      "description" : "Reading network configuration files",
      "size" : 20,
      "startDate" : "2019-01-13T23:48:22.557+0000"
    },
    {
      "completed" : 20,
      "description" : "Parse configurations",
      "size" : 20,
      "startDate" : "2019-01-13T23:48:22.617+0000"
    },
    {
      "completed" : 20,
      "description" : "Serializing 'org.batfish.representation.cisco.CiscoConfiguration' instances to disk",
      "size" : 20,
      "startDate" : "2019-01-13T23:48:26.284+0000"
    },
    {
      "completed" : 20,
      "description" : "Reading, unpacking, and deserializing files containing 'org.batfish.datamodel.GenericConfigObject' instances",
      "size" : 20,
      "startDate" : "2019-01-13T23:48:26.450+0000"
    },
    {
      "completed" : 20,
      "description" : "Convert configurations to vendor-independent format",
      "size" : 20,
      "startDate" : "2019-01-13T23:48:26.498+0000"
    },
    {
      "completed" : 20,
      "description" : "Serializing 20 vendor-independent configuration structures for snapshot 4f1047a9-0b93-4afa-a213-60a78257a835",
      "size" : 20,
      "startDate" : "2019-01-13T23:48:26.603+0000"
    },
    {
      "completed" : 20,
      "description" : "Deserializing objects of type 'org.batfish.datamodel.Configuration' from files",
      "size" : 20,
      "startDate" : "2019-01-13T23:48:26.732+0000"
    }
  ],
  "obtained" : "2019-01-13T23:48:22.511+0000",
  "status" : "TerminatedNormally",
  "terminated" : "2019-01-13T23:48:26.790+0000"
}]
WMS:getWorkStatus dd731ef6-d5d5-41e8-89fb-27ff9402589c
status: TERMINATEDNORMALLY
.... Sun Jan 13 17:48:22 CST 2019: Begin job
.... Sun Jan 13 17:48:22 CST 2019: Reading network configuration files: 20/20
.... Sun Jan 13 17:48:22 CST 2019: Parse configurations: 20/20
.... Sun Jan 13 17:48:26 CST 2019: Serializing 'org.batfish.representation.cisco.CiscoConfiguration' instances to disk: 20/20
.... Sun Jan 13 17:48:26 CST 2019: Reading, unpacking, and deserializing files containing 'org.batfish.datamodel.GenericConfigObject' instances: 20/20
.... Sun Jan 13 17:48:26 CST 2019: Convert configurations to vendor-independent format: 20/20
.... Sun Jan 13 17:48:26 CST 2019: Serializing 20 vendor-independent configuration structures for snapshot 4f1047a9-0b93-4afa-a213-60a78257a835: 20/20
.... Sun Jan 13 17:48:26 CST 2019: Deserializing objects of type 'org.batfish.datamodel.Configuration' from files: 20/20
.... Sun Jan 13 17:48:26 CST 2019: TERMINATEDNORMALLY
WMS:getObject fat-tree.4-ary --> dd731ef6-d5d5-41e8-89fb-27ff9402589c.json
Status: SUCCESS
Summary: 0 (non-assertion) results; 
Current snapshot is now fat-tree.4-ary
WMS:uploadQuestion 00000000000000000000000000000000 np_d0d234af-04d5-410e-82f2-71e937cbe263/q_74306248-d040-4ab0-9bb6-3bfd349d0063
work-id is ae288568-05c0-4f85-8537-11b2984308fb
WMS:queueWork 00000000000000000000000000000000 {"containerName":"np_d0d234af-04d5-410e-82f2-71e937cbe263","id":"ae288568-05c0-4f85-8537-11b2984308fb","requestParams":{"answer":"","haltonparseerror":"","loglevel":"fatal","initinfo":"false","questionname":"q_74306248-d040-4ab0-9bb6-3bfd349d0063","haltonconverterror":""},"testrigName":"fat-tree.4-ary"}
WM:AssignWork: Trying to assign [ae288568-05c0-4f85-8537-11b2984308fb f30c5a14-e532-4134-bede-cd6ac03dec93 4f1047a9-0b93-4afa-a213-60a78257a835 {container=f30c5a14-e532-4134-bede-cd6ac03dec93, answer=, haltonparseerror=, loglevel=fatal, initinfo=false, questionname=397df232-396c-476b-b126-d7f0447852c4, testrig=4f1047a9-0b93-4afa-a213-60a78257a835, snapshotname=fat-tree.4-ary, haltonconverterror=}] [TRYINGTOASSIGN] [Sun Jan 13 17:48:28 CST 2019 null null] [null] [null, null] to localhost:36973
Queuing result: true
WMS:getWorkStatus ae288568-05c0-4f85-8537-11b2984308fb
status: TRYINGTOASSIGN
.... no task information
WMS:getWorkStatus ae288568-05c0-4f85-8537-11b2984308fb
status: TRYINGTOASSIGN
.... no task information
WMS:getWorkStatus ae288568-05c0-4f85-8537-11b2984308fb
status: TRYINGTOASSIGN
.... no task information
WMS:getWorkStatus ae288568-05c0-4f85-8537-11b2984308fb
BFS:runTask(ae288568-05c0-4f85-8537-11b2984308fb,{"container":"f30c5a14-e532-4134-bede-cd6ac03dec93","answer":"","haltonparseerror":"","loglevel":"fatal","initinfo":"false","questionname":"397df232-396c-476b-b126-d7f0447852c4","testrig":"4f1047a9-0b93-4afa-a213-60a78257a835","snapshotname":"fat-tree.4-ary","haltonconverterror":"","storagebase":"\/home\/plankton\/batfish\/experiments\/containers"})
Will run with args: [-container, f30c5a14-e532-4134-bede-cd6ac03dec93, -answer, -haltonparseerror, -loglevel, fatal, -initinfo, false, -questionname, 397df232-396c-476b-b126-d7f0447852c4, -testrig, 4f1047a9-0b93-4afa-a213-60a78257a835, -snapshotname, fat-tree.4-ary, -haltonconverterror, -storagebase, /home/plankton/batfish/experiments/containers]
status: TRYINGTOASSIGN
.... no task information
WM:AssignWork: response: ["success","running now"] [success] [running now]
WMS:getWorkStatus ae288568-05c0-4f85-8537-11b2984308fb
status: ASSIGNED
.... no task information
WMS:getWorkStatus ae288568-05c0-4f85-8537-11b2984308fb
status: ASSIGNED
.... no task information
WMS:getWorkStatus ae288568-05c0-4f85-8537-11b2984308fb
status: ASSIGNED
.... no task information
WMS:getWorkStatus ae288568-05c0-4f85-8537-11b2984308fb
status: ASSIGNED
.... no task information
=====[DEBUG]===== sourceRouters: [r12]
=====[DEBUG]===== mapped srcRouters: [r12]
WMS:getWorkStatus ae288568-05c0-4f85-8537-11b2984308fb
status: ASSIGNED
.... no task information
WMS:getWorkStatus ae288568-05c0-4f85-8537-11b2984308fb
status: ASSIGNED
.... no task information
WMS:getWorkStatus ae288568-05c0-4f85-8537-11b2984308fb
status: ASSIGNED
.... no task information
WMS:getWorkStatus ae288568-05c0-4f85-8537-11b2984308fb
status: ASSIGNED
.... no task information
WM:CheckWork: Trying to check [ae288568-05c0-4f85-8537-11b2984308fb f30c5a14-e532-4134-bede-cd6ac03dec93 4f1047a9-0b93-4afa-a213-60a78257a835 {container=f30c5a14-e532-4134-bede-cd6ac03dec93, answer=, haltonparseerror=, loglevel=fatal, initinfo=false, questionname=397df232-396c-476b-b126-d7f0447852c4, testrig=4f1047a9-0b93-4afa-a213-60a78257a835, snapshotname=fat-tree.4-ary, haltonconverterror=}] [CHECKINGSTATUS] [Sun Jan 13 17:48:28 CST 2019 Sun Jan 13 17:48:28 CST 2019 null] [localhost:36973] [null, null] on localhost:36973
BFS:getTaskStatus ae288568-05c0-4f85-8537-11b2984308fb
response: ["success","{\n  \"args\" : [\n    \"-container\",\n    \"f30c5a14-e532-4134-bede-cd6ac03dec93\",\n    \"-answer\",\n    \"-haltonparseerror\",\n    \"-loglevel\",\n    \"fatal\",\n    \"-initinfo\",\n    \"false\",\n    \"-questionname\",\n    \"397df232-396c-476b-b126-d7f0447852c4\",\n    \"-testrig\",\n    \"4f1047a9-0b93-4afa-a213-60a78257a835\",\n    \"-snapshotname\",\n    \"fat-tree.4-ary\",\n    \"-haltonconverterror\",\n    \"-storagebase\",\n    \"\/home\/plankton\/batfish\/experiments\/containers\"\n  ],\n  \"batches\" : [\n    {\n      \"completed\" : 0,\n      \"description\" : \"Begin job\",\n      \"size\" : 0,\n      \"startDate\" : \"2019-01-13T23:48:28.150+0000\"\n    }\n  ],\n  \"obtained\" : \"2019-01-13T23:48:28.149+0000\",\n  \"status\" : \"InProgress\"\n}"] [success] [{
  "args" : [
    "-container",
    "f30c5a14-e532-4134-bede-cd6ac03dec93",
    "-answer",
    "-haltonparseerror",
    "-loglevel",
    "fatal",
    "-initinfo",
    "false",
    "-questionname",
    "397df232-396c-476b-b126-d7f0447852c4",
    "-testrig",
    "4f1047a9-0b93-4afa-a213-60a78257a835",
    "-snapshotname",
    "fat-tree.4-ary",
    "-haltonconverterror",
    "-storagebase",
    "/home/plankton/batfish/experiments/containers"
  ],
  "batches" : [
    {
      "completed" : 0,
      "description" : "Begin job",
      "size" : 0,
      "startDate" : "2019-01-13T23:48:28.150+0000"
    }
  ],
  "obtained" : "2019-01-13T23:48:28.149+0000",
  "status" : "InProgress"
}]
WMS:getWorkStatus ae288568-05c0-4f85-8537-11b2984308fb
status: ASSIGNED
.... Sun Jan 13 17:48:28 CST 2019: Begin job
WMS:getWorkStatus ae288568-05c0-4f85-8537-11b2984308fb
status: ASSIGNED
.... Sun Jan 13 17:48:28 CST 2019: Begin job
WMS:getWorkStatus ae288568-05c0-4f85-8537-11b2984308fb
status: ASSIGNED
.... Sun Jan 13 17:48:28 CST 2019: Begin job
WM:CheckWork: Trying to check [ae288568-05c0-4f85-8537-11b2984308fb f30c5a14-e532-4134-bede-cd6ac03dec93 4f1047a9-0b93-4afa-a213-60a78257a835 {container=f30c5a14-e532-4134-bede-cd6ac03dec93, answer=, haltonparseerror=, loglevel=fatal, initinfo=false, questionname=397df232-396c-476b-b126-d7f0447852c4, testrig=4f1047a9-0b93-4afa-a213-60a78257a835, snapshotname=fat-tree.4-ary, haltonconverterror=}] [CHECKINGSTATUS] [Sun Jan 13 17:48:28 CST 2019 Sun Jan 13 17:48:28 CST 2019 null] [localhost:36973] [InProgress, Sun Jan 13 17:48:28 CST 2019] on localhost:36973
BFS:getTaskStatus ae288568-05c0-4f85-8537-11b2984308fb
response: ["success","{\n  \"args\" : [\n    \"-container\",\n    \"f30c5a14-e532-4134-bede-cd6ac03dec93\",\n    \"-answer\",\n    \"-haltonparseerror\",\n    \"-loglevel\",\n    \"fatal\",\n    \"-initinfo\",\n    \"false\",\n    \"-questionname\",\n    \"397df232-396c-476b-b126-d7f0447852c4\",\n    \"-testrig\",\n    \"4f1047a9-0b93-4afa-a213-60a78257a835\",\n    \"-snapshotname\",\n    \"fat-tree.4-ary\",\n    \"-haltonconverterror\",\n    \"-storagebase\",\n    \"\/home\/plankton\/batfish\/experiments\/containers\"\n  ],\n  \"batches\" : [\n    {\n      \"completed\" : 0,\n      \"description\" : \"Begin job\",\n      \"size\" : 0,\n      \"startDate\" : \"2019-01-13T23:48:28.150+0000\"\n    }\n  ],\n  \"obtained\" : \"2019-01-13T23:48:28.149+0000\",\n  \"status\" : \"InProgress\"\n}"] [success] [{
  "args" : [
    "-container",
    "f30c5a14-e532-4134-bede-cd6ac03dec93",
    "-answer",
    "-haltonparseerror",
    "-loglevel",
    "fatal",
    "-initinfo",
    "false",
    "-questionname",
    "397df232-396c-476b-b126-d7f0447852c4",
    "-testrig",
    "4f1047a9-0b93-4afa-a213-60a78257a835",
    "-snapshotname",
    "fat-tree.4-ary",
    "-haltonconverterror",
    "-storagebase",
    "/home/plankton/batfish/experiments/containers"
  ],
  "batches" : [
    {
      "completed" : 0,
      "description" : "Begin job",
      "size" : 0,
      "startDate" : "2019-01-13T23:48:28.150+0000"
    }
  ],
  "obtained" : "2019-01-13T23:48:28.149+0000",
  "status" : "InProgress"
}]
WMS:getWorkStatus ae288568-05c0-4f85-8537-11b2984308fb
status: ASSIGNED
.... Sun Jan 13 17:48:28 CST 2019: Begin job
WMS:getWorkStatus ae288568-05c0-4f85-8537-11b2984308fb
status: ASSIGNED
.... Sun Jan 13 17:48:28 CST 2019: Begin job
WM:CheckWork: Trying to check [ae288568-05c0-4f85-8537-11b2984308fb f30c5a14-e532-4134-bede-cd6ac03dec93 4f1047a9-0b93-4afa-a213-60a78257a835 {container=f30c5a14-e532-4134-bede-cd6ac03dec93, answer=, haltonparseerror=, loglevel=fatal, initinfo=false, questionname=397df232-396c-476b-b126-d7f0447852c4, testrig=4f1047a9-0b93-4afa-a213-60a78257a835, snapshotname=fat-tree.4-ary, haltonconverterror=}] [CHECKINGSTATUS] [Sun Jan 13 17:48:28 CST 2019 Sun Jan 13 17:48:28 CST 2019 null] [localhost:36973] [InProgress, Sun Jan 13 17:48:29 CST 2019] on localhost:36973
BFS:getTaskStatus ae288568-05c0-4f85-8537-11b2984308fb
response: ["success","{\n  \"args\" : [\n    \"-container\",\n    \"f30c5a14-e532-4134-bede-cd6ac03dec93\",\n    \"-answer\",\n    \"-haltonparseerror\",\n    \"-loglevel\",\n    \"fatal\",\n    \"-initinfo\",\n    \"false\",\n    \"-questionname\",\n    \"397df232-396c-476b-b126-d7f0447852c4\",\n    \"-testrig\",\n    \"4f1047a9-0b93-4afa-a213-60a78257a835\",\n    \"-snapshotname\",\n    \"fat-tree.4-ary\",\n    \"-haltonconverterror\",\n    \"-storagebase\",\n    \"\/home\/plankton\/batfish\/experiments\/containers\"\n  ],\n  \"batches\" : [\n    {\n      \"completed\" : 0,\n      \"description\" : \"Begin job\",\n      \"size\" : 0,\n      \"startDate\" : \"2019-01-13T23:48:28.150+0000\"\n    }\n  ],\n  \"obtained\" : \"2019-01-13T23:48:28.149+0000\",\n  \"status\" : \"TerminatedNormally\",\n  \"terminated\" : \"2019-01-13T23:48:29.845+0000\"\n}"] [success] [{
  "args" : [
    "-container",
    "f30c5a14-e532-4134-bede-cd6ac03dec93",
    "-answer",
    "-haltonparseerror",
    "-loglevel",
    "fatal",
    "-initinfo",
    "false",
    "-questionname",
    "397df232-396c-476b-b126-d7f0447852c4",
    "-testrig",
    "4f1047a9-0b93-4afa-a213-60a78257a835",
    "-snapshotname",
    "fat-tree.4-ary",
    "-haltonconverterror",
    "-storagebase",
    "/home/plankton/batfish/experiments/containers"
  ],
  "batches" : [
    {
      "completed" : 0,
      "description" : "Begin job",
      "size" : 0,
      "startDate" : "2019-01-13T23:48:28.150+0000"
    }
  ],
  "obtained" : "2019-01-13T23:48:28.149+0000",
  "status" : "TerminatedNormally",
  "terminated" : "2019-01-13T23:48:29.845+0000"
}]
WMS:getWorkStatus ae288568-05c0-4f85-8537-11b2984308fb
status: TERMINATEDNORMALLY
.... Sun Jan 13 17:48:28 CST 2019: Begin job
.... Sun Jan 13 17:48:29 CST 2019: TERMINATEDNORMALLY
WMS:getObject fat-tree.4-ary --> ae288568-05c0-4f85-8537-11b2984308fb.json
Status: SUCCESS
Question: smt-reachability actions=[ACCEPTED], dstIps=[10.0.0.58, 10.0.0.117, 10.0.0.142, 10.0.0.197], finalNodeRegex=r19, ingressNodeRegex=r12

Verified

Summary: 0 (non-assertion) results; 
50.02user 1.97system 0:11.83elapsed 439%CPU (0avgtext+0avgdata 1523216maxresident)k
0inputs+2648outputs (0major+397636minor)pagefaults 0swaps
