OpenJDK 64-Bit Server VM warning: ignoring option MaxPermSize=2048m; support was removed in 8.0
Changed client loglevel to info
WARNING: Command init-testrig has been deprecated and may be removed. The term "testrig" has been replaced with "snapshot". Use init-snapshot instead.
WMS:initNetwork np
Initialized network:np_56e901ce-c60d-4339-82d8-9a353cb53acf using api-key:00000000000000000000000000000000
Init'ed and set active network to np_56e901ce-c60d-4339-82d8-9a353cb53acf

WMS:uploadSnapshot 00000000000000000000000000000000 np_56e901ce-c60d-4339-82d8-9a353cb53acf fat-tree.4-ary
Environment data for snapshot:fat-tree.4-ary; bgpTables:false, routingTables:false, nodeRoles:false referenceBooks:false
Uploaded snapshot:fat-tree.4-ary for network:np_56e901ce-c60d-4339-82d8-9a353cb53acf using api-key:00000000000000000000000000000000
Uploaded snapshot.
Parsing now.
work-id is 606f31c5-aa85-46d9-b1ec-56613f8b229c
WMS:queueWork 00000000000000000000000000000000 {"containerName":"np_56e901ce-c60d-4339-82d8-9a353cb53acf","id":"606f31c5-aa85-46d9-b1ec-56613f8b229c","requestParams":{"sv":"","haltonparseerror":"","si":"","initinfo":"false","ignoremanagementinterfaces":"","loglevel":"fatal","haltonconverterror":""},"testrigName":"fat-tree.4-ary"}
WM:AssignWork: Trying to assign [606f31c5-aa85-46d9-b1ec-56613f8b229c 83f26f47-773d-4937-ac65-b107fb09c6d4 55134110-3850-48c1-a8b7-138f3d650a82 {container=83f26f47-773d-4937-ac65-b107fb09c6d4, sv=, haltonparseerror=, si=, initinfo=false, ignoremanagementinterfaces=, loglevel=fatal, testrig=55134110-3850-48c1-a8b7-138f3d650a82, snapshotname=fat-tree.4-ary, haltonconverterror=}] [TRYINGTOASSIGN] [Mon Jan 14 08:32:17 CST 2019 null null] [null] [null, null] to localhost:45508
Queuing result: true
WMS:getWorkStatus 606f31c5-aa85-46d9-b1ec-56613f8b229c
status: TRYINGTOASSIGN
.... no task information
WMS:getWorkStatus 606f31c5-aa85-46d9-b1ec-56613f8b229c
status: TRYINGTOASSIGN
.... no task information
BFS:runTask(606f31c5-aa85-46d9-b1ec-56613f8b229c,{"container":"83f26f47-773d-4937-ac65-b107fb09c6d4","sv":"","haltonparseerror":"","si":"","initinfo":"false","ignoremanagementinterfaces":"","loglevel":"fatal","testrig":"55134110-3850-48c1-a8b7-138f3d650a82","snapshotname":"fat-tree.4-ary","haltonconverterror":"","storagebase":"\/home\/plankton\/batfish\/experiments\/containers"})
Will run with args: [-container, 83f26f47-773d-4937-ac65-b107fb09c6d4, -sv, -haltonparseerror, -si, -initinfo, false, -ignoremanagementinterfaces, -loglevel, fatal, -testrig, 55134110-3850-48c1-a8b7-138f3d650a82, -snapshotname, fat-tree.4-ary, -haltonconverterror, -storagebase, /home/plankton/batfish/experiments/containers]
WMS:getWorkStatus 606f31c5-aa85-46d9-b1ec-56613f8b229c
status: TRYINGTOASSIGN
.... no task information
WMS:getWorkStatus 606f31c5-aa85-46d9-b1ec-56613f8b229c
status: TRYINGTOASSIGN
.... no task information
WM:AssignWork: response: ["success","running now"] [success] [running now]
WMS:getWorkStatus 606f31c5-aa85-46d9-b1ec-56613f8b229c
status: ASSIGNED
.... no task information
WMS:getWorkStatus 606f31c5-aa85-46d9-b1ec-56613f8b229c
status: ASSIGNED
.... no task information
WMS:getWorkStatus 606f31c5-aa85-46d9-b1ec-56613f8b229c
status: ASSIGNED
.... no task information
WMS:getWorkStatus 606f31c5-aa85-46d9-b1ec-56613f8b229c
status: ASSIGNED
.... no task information
WMS:getWorkStatus 606f31c5-aa85-46d9-b1ec-56613f8b229c
status: ASSIGNED
.... no task information
WM:CheckWork: Trying to check [606f31c5-aa85-46d9-b1ec-56613f8b229c 83f26f47-773d-4937-ac65-b107fb09c6d4 55134110-3850-48c1-a8b7-138f3d650a82 {container=83f26f47-773d-4937-ac65-b107fb09c6d4, sv=, haltonparseerror=, si=, initinfo=false, ignoremanagementinterfaces=, loglevel=fatal, testrig=55134110-3850-48c1-a8b7-138f3d650a82, snapshotname=fat-tree.4-ary, haltonconverterror=}] [CHECKINGSTATUS] [Mon Jan 14 08:32:17 CST 2019 Mon Jan 14 08:32:17 CST 2019 null] [localhost:45508] [null, null] on localhost:45508
BFS:getTaskStatus 606f31c5-aa85-46d9-b1ec-56613f8b229c
WMS:getWorkStatus 606f31c5-aa85-46d9-b1ec-56613f8b229c
status: CHECKINGSTATUS
.... no task information
response: ["success","{\n  \"args\" : [\n    \"-container\",\n    \"83f26f47-773d-4937-ac65-b107fb09c6d4\",\n    \"-sv\",\n    \"-haltonparseerror\",\n    \"-si\",\n    \"-initinfo\",\n    \"false\",\n    \"-ignoremanagementinterfaces\",\n    \"-loglevel\",\n    \"fatal\",\n    \"-testrig\",\n    \"55134110-3850-48c1-a8b7-138f3d650a82\",\n    \"-snapshotname\",\n    \"fat-tree.4-ary\",\n    \"-haltonconverterror\",\n    \"-storagebase\",\n    \"\/home\/plankton\/batfish\/experiments\/containers\"\n  ],\n  \"batches\" : [\n    {\n      \"completed\" : 0,\n      \"description\" : \"Begin job\",\n      \"size\" : 0,\n      \"startDate\" : \"2019-01-14T14:32:17.692+0000\"\n    },\n    {\n      \"completed\" : 20,\n      \"description\" : \"Reading network configuration files\",\n      \"size\" : 20,\n      \"startDate\" : \"2019-01-14T14:32:17.720+0000\"\n    },\n    {\n      \"completed\" : 0,\n      \"description\" : \"Parse configurations\",\n      \"size\" : 20,\n      \"startDate\" : \"2019-01-14T14:32:17.782+0000\"\n    }\n  ],\n  \"obtained\" : \"2019-01-14T14:32:17.688+0000\",\n  \"status\" : \"InProgress\"\n}"] [success] [{
  "args" : [
    "-container",
    "83f26f47-773d-4937-ac65-b107fb09c6d4",
    "-sv",
    "-haltonparseerror",
    "-si",
    "-initinfo",
    "false",
    "-ignoremanagementinterfaces",
    "-loglevel",
    "fatal",
    "-testrig",
    "55134110-3850-48c1-a8b7-138f3d650a82",
    "-snapshotname",
    "fat-tree.4-ary",
    "-haltonconverterror",
    "-storagebase",
    "/home/plankton/batfish/experiments/containers"
  ],
  "batches" : [
    {
      "completed" : 0,
      "description" : "Begin job",
      "size" : 0,
      "startDate" : "2019-01-14T14:32:17.692+0000"
    },
    {
      "completed" : 20,
      "description" : "Reading network configuration files",
      "size" : 20,
      "startDate" : "2019-01-14T14:32:17.720+0000"
    },
    {
      "completed" : 0,
      "description" : "Parse configurations",
      "size" : 20,
      "startDate" : "2019-01-14T14:32:17.782+0000"
    }
  ],
  "obtained" : "2019-01-14T14:32:17.688+0000",
  "status" : "InProgress"
}]
WMS:getWorkStatus 606f31c5-aa85-46d9-b1ec-56613f8b229c
status: ASSIGNED
.... Mon Jan 14 08:32:17 CST 2019: Parse configurations: 0/20
WMS:getWorkStatus 606f31c5-aa85-46d9-b1ec-56613f8b229c
status: ASSIGNED
.... Mon Jan 14 08:32:17 CST 2019: Parse configurations: 0/20
WMS:getWorkStatus 606f31c5-aa85-46d9-b1ec-56613f8b229c
status: ASSIGNED
.... Mon Jan 14 08:32:17 CST 2019: Parse configurations: 0/20
WMS:getWorkStatus 606f31c5-aa85-46d9-b1ec-56613f8b229c
status: ASSIGNED
.... Mon Jan 14 08:32:17 CST 2019: Parse configurations: 0/20
WM:CheckWork: Trying to check [606f31c5-aa85-46d9-b1ec-56613f8b229c 83f26f47-773d-4937-ac65-b107fb09c6d4 55134110-3850-48c1-a8b7-138f3d650a82 {container=83f26f47-773d-4937-ac65-b107fb09c6d4, sv=, haltonparseerror=, si=, initinfo=false, ignoremanagementinterfaces=, loglevel=fatal, testrig=55134110-3850-48c1-a8b7-138f3d650a82, snapshotname=fat-tree.4-ary, haltonconverterror=}] [CHECKINGSTATUS] [Mon Jan 14 08:32:17 CST 2019 Mon Jan 14 08:32:17 CST 2019 null] [localhost:45508] [InProgress, Mon Jan 14 08:32:18 CST 2019] on localhost:45508
BFS:getTaskStatus 606f31c5-aa85-46d9-b1ec-56613f8b229c
response: ["success","{\n  \"args\" : [\n    \"-container\",\n    \"83f26f47-773d-4937-ac65-b107fb09c6d4\",\n    \"-sv\",\n    \"-haltonparseerror\",\n    \"-si\",\n    \"-initinfo\",\n    \"false\",\n    \"-ignoremanagementinterfaces\",\n    \"-loglevel\",\n    \"fatal\",\n    \"-testrig\",\n    \"55134110-3850-48c1-a8b7-138f3d650a82\",\n    \"-snapshotname\",\n    \"fat-tree.4-ary\",\n    \"-haltonconverterror\",\n    \"-storagebase\",\n    \"\/home\/plankton\/batfish\/experiments\/containers\"\n  ],\n  \"batches\" : [\n    {\n      \"completed\" : 0,\n      \"description\" : \"Begin job\",\n      \"size\" : 0,\n      \"startDate\" : \"2019-01-14T14:32:17.692+0000\"\n    },\n    {\n      \"completed\" : 20,\n      \"description\" : \"Reading network configuration files\",\n      \"size\" : 20,\n      \"startDate\" : \"2019-01-14T14:32:17.720+0000\"\n    },\n    {\n      \"completed\" : 0,\n      \"description\" : \"Parse configurations\",\n      \"size\" : 20,\n      \"startDate\" : \"2019-01-14T14:32:17.782+0000\"\n    }\n  ],\n  \"obtained\" : \"2019-01-14T14:32:17.688+0000\",\n  \"status\" : \"InProgress\"\n}"] [success] [{
  "args" : [
    "-container",
    "83f26f47-773d-4937-ac65-b107fb09c6d4",
    "-sv",
    "-haltonparseerror",
    "-si",
    "-initinfo",
    "false",
    "-ignoremanagementinterfaces",
    "-loglevel",
    "fatal",
    "-testrig",
    "55134110-3850-48c1-a8b7-138f3d650a82",
    "-snapshotname",
    "fat-tree.4-ary",
    "-haltonconverterror",
    "-storagebase",
    "/home/plankton/batfish/experiments/containers"
  ],
  "batches" : [
    {
      "completed" : 0,
      "description" : "Begin job",
      "size" : 0,
      "startDate" : "2019-01-14T14:32:17.692+0000"
    },
    {
      "completed" : 20,
      "description" : "Reading network configuration files",
      "size" : 20,
      "startDate" : "2019-01-14T14:32:17.720+0000"
    },
    {
      "completed" : 0,
      "description" : "Parse configurations",
      "size" : 20,
      "startDate" : "2019-01-14T14:32:17.782+0000"
    }
  ],
  "obtained" : "2019-01-14T14:32:17.688+0000",
  "status" : "InProgress"
}]
WMS:getWorkStatus 606f31c5-aa85-46d9-b1ec-56613f8b229c
status: ASSIGNED
.... Mon Jan 14 08:32:17 CST 2019: Parse configurations: 0/20
WMS:getWorkStatus 606f31c5-aa85-46d9-b1ec-56613f8b229c
status: ASSIGNED
.... Mon Jan 14 08:32:17 CST 2019: Parse configurations: 0/20
WM:CheckWork: Trying to check [606f31c5-aa85-46d9-b1ec-56613f8b229c 83f26f47-773d-4937-ac65-b107fb09c6d4 55134110-3850-48c1-a8b7-138f3d650a82 {container=83f26f47-773d-4937-ac65-b107fb09c6d4, sv=, haltonparseerror=, si=, initinfo=false, ignoremanagementinterfaces=, loglevel=fatal, testrig=55134110-3850-48c1-a8b7-138f3d650a82, snapshotname=fat-tree.4-ary, haltonconverterror=}] [CHECKINGSTATUS] [Mon Jan 14 08:32:17 CST 2019 Mon Jan 14 08:32:17 CST 2019 null] [localhost:45508] [InProgress, Mon Jan 14 08:32:18 CST 2019] on localhost:45508
BFS:getTaskStatus 606f31c5-aa85-46d9-b1ec-56613f8b229c
response: ["success","{\n  \"args\" : [\n    \"-container\",\n    \"83f26f47-773d-4937-ac65-b107fb09c6d4\",\n    \"-sv\",\n    \"-haltonparseerror\",\n    \"-si\",\n    \"-initinfo\",\n    \"false\",\n    \"-ignoremanagementinterfaces\",\n    \"-loglevel\",\n    \"fatal\",\n    \"-testrig\",\n    \"55134110-3850-48c1-a8b7-138f3d650a82\",\n    \"-snapshotname\",\n    \"fat-tree.4-ary\",\n    \"-haltonconverterror\",\n    \"-storagebase\",\n    \"\/home\/plankton\/batfish\/experiments\/containers\"\n  ],\n  \"batches\" : [\n    {\n      \"completed\" : 0,\n      \"description\" : \"Begin job\",\n      \"size\" : 0,\n      \"startDate\" : \"2019-01-14T14:32:17.692+0000\"\n    },\n    {\n      \"completed\" : 20,\n      \"description\" : \"Reading network configuration files\",\n      \"size\" : 20,\n      \"startDate\" : \"2019-01-14T14:32:17.720+0000\"\n    },\n    {\n      \"completed\" : 0,\n      \"description\" : \"Parse configurations\",\n      \"size\" : 20,\n      \"startDate\" : \"2019-01-14T14:32:17.782+0000\"\n    }\n  ],\n  \"obtained\" : \"2019-01-14T14:32:17.688+0000\",\n  \"status\" : \"InProgress\"\n}"] [success] [{
  "args" : [
    "-container",
    "83f26f47-773d-4937-ac65-b107fb09c6d4",
    "-sv",
    "-haltonparseerror",
    "-si",
    "-initinfo",
    "false",
    "-ignoremanagementinterfaces",
    "-loglevel",
    "fatal",
    "-testrig",
    "55134110-3850-48c1-a8b7-138f3d650a82",
    "-snapshotname",
    "fat-tree.4-ary",
    "-haltonconverterror",
    "-storagebase",
    "/home/plankton/batfish/experiments/containers"
  ],
  "batches" : [
    {
      "completed" : 0,
      "description" : "Begin job",
      "size" : 0,
      "startDate" : "2019-01-14T14:32:17.692+0000"
    },
    {
      "completed" : 20,
      "description" : "Reading network configuration files",
      "size" : 20,
      "startDate" : "2019-01-14T14:32:17.720+0000"
    },
    {
      "completed" : 0,
      "description" : "Parse configurations",
      "size" : 20,
      "startDate" : "2019-01-14T14:32:17.782+0000"
    }
  ],
  "obtained" : "2019-01-14T14:32:17.688+0000",
  "status" : "InProgress"
}]
WMS:getWorkStatus 606f31c5-aa85-46d9-b1ec-56613f8b229c
status: ASSIGNED
.... Mon Jan 14 08:32:17 CST 2019: Parse configurations: 0/20
WM:CheckWork: Trying to check [606f31c5-aa85-46d9-b1ec-56613f8b229c 83f26f47-773d-4937-ac65-b107fb09c6d4 55134110-3850-48c1-a8b7-138f3d650a82 {container=83f26f47-773d-4937-ac65-b107fb09c6d4, sv=, haltonparseerror=, si=, initinfo=false, ignoremanagementinterfaces=, loglevel=fatal, testrig=55134110-3850-48c1-a8b7-138f3d650a82, snapshotname=fat-tree.4-ary, haltonconverterror=}] [CHECKINGSTATUS] [Mon Jan 14 08:32:17 CST 2019 Mon Jan 14 08:32:17 CST 2019 null] [localhost:45508] [InProgress, Mon Jan 14 08:32:19 CST 2019] on localhost:45508
BFS:getTaskStatus 606f31c5-aa85-46d9-b1ec-56613f8b229c
response: ["success","{\n  \"args\" : [\n    \"-container\",\n    \"83f26f47-773d-4937-ac65-b107fb09c6d4\",\n    \"-sv\",\n    \"-haltonparseerror\",\n    \"-si\",\n    \"-initinfo\",\n    \"false\",\n    \"-ignoremanagementinterfaces\",\n    \"-loglevel\",\n    \"fatal\",\n    \"-testrig\",\n    \"55134110-3850-48c1-a8b7-138f3d650a82\",\n    \"-snapshotname\",\n    \"fat-tree.4-ary\",\n    \"-haltonconverterror\",\n    \"-storagebase\",\n    \"\/home\/plankton\/batfish\/experiments\/containers\"\n  ],\n  \"batches\" : [\n    {\n      \"completed\" : 0,\n      \"description\" : \"Begin job\",\n      \"size\" : 0,\n      \"startDate\" : \"2019-01-14T14:32:17.692+0000\"\n    },\n    {\n      \"completed\" : 20,\n      \"description\" : \"Reading network configuration files\",\n      \"size\" : 20,\n      \"startDate\" : \"2019-01-14T14:32:17.720+0000\"\n    },\n    {\n      \"completed\" : 0,\n      \"description\" : \"Parse configurations\",\n      \"size\" : 20,\n      \"startDate\" : \"2019-01-14T14:32:17.782+0000\"\n    }\n  ],\n  \"obtained\" : \"2019-01-14T14:32:17.688+0000\",\n  \"status\" : \"InProgress\"\n}"] [success] [{
  "args" : [
    "-container",
    "83f26f47-773d-4937-ac65-b107fb09c6d4",
    "-sv",
    "-haltonparseerror",
    "-si",
    "-initinfo",
    "false",
    "-ignoremanagementinterfaces",
    "-loglevel",
    "fatal",
    "-testrig",
    "55134110-3850-48c1-a8b7-138f3d650a82",
    "-snapshotname",
    "fat-tree.4-ary",
    "-haltonconverterror",
    "-storagebase",
    "/home/plankton/batfish/experiments/containers"
  ],
  "batches" : [
    {
      "completed" : 0,
      "description" : "Begin job",
      "size" : 0,
      "startDate" : "2019-01-14T14:32:17.692+0000"
    },
    {
      "completed" : 20,
      "description" : "Reading network configuration files",
      "size" : 20,
      "startDate" : "2019-01-14T14:32:17.720+0000"
    },
    {
      "completed" : 0,
      "description" : "Parse configurations",
      "size" : 20,
      "startDate" : "2019-01-14T14:32:17.782+0000"
    }
  ],
  "obtained" : "2019-01-14T14:32:17.688+0000",
  "status" : "InProgress"
}]
WMS:getWorkStatus 606f31c5-aa85-46d9-b1ec-56613f8b229c
status: ASSIGNED
.... Mon Jan 14 08:32:17 CST 2019: Parse configurations: 0/20
WM:CheckWork: Trying to check [606f31c5-aa85-46d9-b1ec-56613f8b229c 83f26f47-773d-4937-ac65-b107fb09c6d4 55134110-3850-48c1-a8b7-138f3d650a82 {container=83f26f47-773d-4937-ac65-b107fb09c6d4, sv=, haltonparseerror=, si=, initinfo=false, ignoremanagementinterfaces=, loglevel=fatal, testrig=55134110-3850-48c1-a8b7-138f3d650a82, snapshotname=fat-tree.4-ary, haltonconverterror=}] [CHECKINGSTATUS] [Mon Jan 14 08:32:17 CST 2019 Mon Jan 14 08:32:17 CST 2019 null] [localhost:45508] [InProgress, Mon Jan 14 08:32:20 CST 2019] on localhost:45508
BFS:getTaskStatus 606f31c5-aa85-46d9-b1ec-56613f8b229c
response: ["success","{\n  \"args\" : [\n    \"-container\",\n    \"83f26f47-773d-4937-ac65-b107fb09c6d4\",\n    \"-sv\",\n    \"-haltonparseerror\",\n    \"-si\",\n    \"-initinfo\",\n    \"false\",\n    \"-ignoremanagementinterfaces\",\n    \"-loglevel\",\n    \"fatal\",\n    \"-testrig\",\n    \"55134110-3850-48c1-a8b7-138f3d650a82\",\n    \"-snapshotname\",\n    \"fat-tree.4-ary\",\n    \"-haltonconverterror\",\n    \"-storagebase\",\n    \"\/home\/plankton\/batfish\/experiments\/containers\"\n  ],\n  \"batches\" : [\n    {\n      \"completed\" : 0,\n      \"description\" : \"Begin job\",\n      \"size\" : 0,\n      \"startDate\" : \"2019-01-14T14:32:17.692+0000\"\n    },\n    {\n      \"completed\" : 20,\n      \"description\" : \"Reading network configuration files\",\n      \"size\" : 20,\n      \"startDate\" : \"2019-01-14T14:32:17.720+0000\"\n    },\n    {\n      \"completed\" : 0,\n      \"description\" : \"Parse configurations\",\n      \"size\" : 20,\n      \"startDate\" : \"2019-01-14T14:32:17.782+0000\"\n    }\n  ],\n  \"obtained\" : \"2019-01-14T14:32:17.688+0000\",\n  \"status\" : \"InProgress\"\n}"] [success] [{
  "args" : [
    "-container",
    "83f26f47-773d-4937-ac65-b107fb09c6d4",
    "-sv",
    "-haltonparseerror",
    "-si",
    "-initinfo",
    "false",
    "-ignoremanagementinterfaces",
    "-loglevel",
    "fatal",
    "-testrig",
    "55134110-3850-48c1-a8b7-138f3d650a82",
    "-snapshotname",
    "fat-tree.4-ary",
    "-haltonconverterror",
    "-storagebase",
    "/home/plankton/batfish/experiments/containers"
  ],
  "batches" : [
    {
      "completed" : 0,
      "description" : "Begin job",
      "size" : 0,
      "startDate" : "2019-01-14T14:32:17.692+0000"
    },
    {
      "completed" : 20,
      "description" : "Reading network configuration files",
      "size" : 20,
      "startDate" : "2019-01-14T14:32:17.720+0000"
    },
    {
      "completed" : 0,
      "description" : "Parse configurations",
      "size" : 20,
      "startDate" : "2019-01-14T14:32:17.782+0000"
    }
  ],
  "obtained" : "2019-01-14T14:32:17.688+0000",
  "status" : "InProgress"
}]
WMS:getWorkStatus 606f31c5-aa85-46d9-b1ec-56613f8b229c
status: ASSIGNED
.... Mon Jan 14 08:32:17 CST 2019: Parse configurations: 0/20
WM:CheckWork: Trying to check [606f31c5-aa85-46d9-b1ec-56613f8b229c 83f26f47-773d-4937-ac65-b107fb09c6d4 55134110-3850-48c1-a8b7-138f3d650a82 {container=83f26f47-773d-4937-ac65-b107fb09c6d4, sv=, haltonparseerror=, si=, initinfo=false, ignoremanagementinterfaces=, loglevel=fatal, testrig=55134110-3850-48c1-a8b7-138f3d650a82, snapshotname=fat-tree.4-ary, haltonconverterror=}] [CHECKINGSTATUS] [Mon Jan 14 08:32:17 CST 2019 Mon Jan 14 08:32:17 CST 2019 null] [localhost:45508] [InProgress, Mon Jan 14 08:32:21 CST 2019] on localhost:45508
BFS:getTaskStatus 606f31c5-aa85-46d9-b1ec-56613f8b229c
response: ["success","{\n  \"args\" : [\n    \"-container\",\n    \"83f26f47-773d-4937-ac65-b107fb09c6d4\",\n    \"-sv\",\n    \"-haltonparseerror\",\n    \"-si\",\n    \"-initinfo\",\n    \"false\",\n    \"-ignoremanagementinterfaces\",\n    \"-loglevel\",\n    \"fatal\",\n    \"-testrig\",\n    \"55134110-3850-48c1-a8b7-138f3d650a82\",\n    \"-snapshotname\",\n    \"fat-tree.4-ary\",\n    \"-haltonconverterror\",\n    \"-storagebase\",\n    \"\/home\/plankton\/batfish\/experiments\/containers\"\n  ],\n  \"batches\" : [\n    {\n      \"completed\" : 0,\n      \"description\" : \"Begin job\",\n      \"size\" : 0,\n      \"startDate\" : \"2019-01-14T14:32:17.692+0000\"\n    },\n    {\n      \"completed\" : 20,\n      \"description\" : \"Reading network configuration files\",\n      \"size\" : 20,\n      \"startDate\" : \"2019-01-14T14:32:17.720+0000\"\n    },\n    {\n      \"completed\" : 20,\n      \"description\" : \"Parse configurations\",\n      \"size\" : 20,\n      \"startDate\" : \"2019-01-14T14:32:17.782+0000\"\n    },\n    {\n      \"completed\" : 20,\n      \"description\" : \"Serializing 'org.batfish.representation.cisco.CiscoConfiguration' instances to disk\",\n      \"size\" : 20,\n      \"startDate\" : \"2019-01-14T14:32:21.936+0000\"\n    },\n    {\n      \"completed\" : 20,\n      \"description\" : \"Reading, unpacking, and deserializing files containing 'org.batfish.datamodel.GenericConfigObject' instances\",\n      \"size\" : 20,\n      \"startDate\" : \"2019-01-14T14:32:22.089+0000\"\n    },\n    {\n      \"completed\" : 20,\n      \"description\" : \"Convert configurations to vendor-independent format\",\n      \"size\" : 20,\n      \"startDate\" : \"2019-01-14T14:32:22.136+0000\"\n    },\n    {\n      \"completed\" : 20,\n      \"description\" : \"Serializing 20 vendor-independent configuration structures for snapshot 55134110-3850-48c1-a8b7-138f3d650a82\",\n      \"size\" : 20,\n      \"startDate\" : \"2019-01-14T14:32:22.252+0000\"\n    },\n    {\n      \"completed\" : 20,\n      \"description\" : \"Deserializing objects of type 'org.batfish.datamodel.Configuration' from files\",\n      \"size\" : 20,\n      \"startDate\" : \"2019-01-14T14:32:22.348+0000\"\n    }\n  ],\n  \"obtained\" : \"2019-01-14T14:32:17.688+0000\",\n  \"status\" : \"TerminatedNormally\",\n  \"terminated\" : \"2019-01-14T14:32:22.408+0000\"\n}"] [success] [{
  "args" : [
    "-container",
    "83f26f47-773d-4937-ac65-b107fb09c6d4",
    "-sv",
    "-haltonparseerror",
    "-si",
    "-initinfo",
    "false",
    "-ignoremanagementinterfaces",
    "-loglevel",
    "fatal",
    "-testrig",
    "55134110-3850-48c1-a8b7-138f3d650a82",
    "-snapshotname",
    "fat-tree.4-ary",
    "-haltonconverterror",
    "-storagebase",
    "/home/plankton/batfish/experiments/containers"
  ],
  "batches" : [
    {
      "completed" : 0,
      "description" : "Begin job",
      "size" : 0,
      "startDate" : "2019-01-14T14:32:17.692+0000"
    },
    {
      "completed" : 20,
      "description" : "Reading network configuration files",
      "size" : 20,
      "startDate" : "2019-01-14T14:32:17.720+0000"
    },
    {
      "completed" : 20,
      "description" : "Parse configurations",
      "size" : 20,
      "startDate" : "2019-01-14T14:32:17.782+0000"
    },
    {
      "completed" : 20,
      "description" : "Serializing 'org.batfish.representation.cisco.CiscoConfiguration' instances to disk",
      "size" : 20,
      "startDate" : "2019-01-14T14:32:21.936+0000"
    },
    {
      "completed" : 20,
      "description" : "Reading, unpacking, and deserializing files containing 'org.batfish.datamodel.GenericConfigObject' instances",
      "size" : 20,
      "startDate" : "2019-01-14T14:32:22.089+0000"
    },
    {
      "completed" : 20,
      "description" : "Convert configurations to vendor-independent format",
      "size" : 20,
      "startDate" : "2019-01-14T14:32:22.136+0000"
    },
    {
      "completed" : 20,
      "description" : "Serializing 20 vendor-independent configuration structures for snapshot 55134110-3850-48c1-a8b7-138f3d650a82",
      "size" : 20,
      "startDate" : "2019-01-14T14:32:22.252+0000"
    },
    {
      "completed" : 20,
      "description" : "Deserializing objects of type 'org.batfish.datamodel.Configuration' from files",
      "size" : 20,
      "startDate" : "2019-01-14T14:32:22.348+0000"
    }
  ],
  "obtained" : "2019-01-14T14:32:17.688+0000",
  "status" : "TerminatedNormally",
  "terminated" : "2019-01-14T14:32:22.408+0000"
}]
WMS:getWorkStatus 606f31c5-aa85-46d9-b1ec-56613f8b229c
status: TERMINATEDNORMALLY
.... Mon Jan 14 08:32:17 CST 2019: Begin job
.... Mon Jan 14 08:32:17 CST 2019: Reading network configuration files: 20/20
.... Mon Jan 14 08:32:17 CST 2019: Parse configurations: 20/20
.... Mon Jan 14 08:32:21 CST 2019: Serializing 'org.batfish.representation.cisco.CiscoConfiguration' instances to disk: 20/20
.... Mon Jan 14 08:32:22 CST 2019: Reading, unpacking, and deserializing files containing 'org.batfish.datamodel.GenericConfigObject' instances: 20/20
.... Mon Jan 14 08:32:22 CST 2019: Convert configurations to vendor-independent format: 20/20
.... Mon Jan 14 08:32:22 CST 2019: Serializing 20 vendor-independent configuration structures for snapshot 55134110-3850-48c1-a8b7-138f3d650a82: 20/20
.... Mon Jan 14 08:32:22 CST 2019: Deserializing objects of type 'org.batfish.datamodel.Configuration' from files: 20/20
.... Mon Jan 14 08:32:22 CST 2019: TERMINATEDNORMALLY
WMS:getObject fat-tree.4-ary --> 606f31c5-aa85-46d9-b1ec-56613f8b229c.json
Status: SUCCESS
Summary: 0 (non-assertion) results; 
Current snapshot is now fat-tree.4-ary
WMS:uploadQuestion 00000000000000000000000000000000 np_56e901ce-c60d-4339-82d8-9a353cb53acf/q_f6ca6160-d264-44c5-899b-25341072179f
work-id is 1c2cb5d5-30f2-4163-9463-2098f5c84284
WMS:queueWork 00000000000000000000000000000000 {"containerName":"np_56e901ce-c60d-4339-82d8-9a353cb53acf","id":"1c2cb5d5-30f2-4163-9463-2098f5c84284","requestParams":{"answer":"","haltonparseerror":"","loglevel":"fatal","initinfo":"false","questionname":"q_f6ca6160-d264-44c5-899b-25341072179f","haltonconverterror":""},"testrigName":"fat-tree.4-ary"}
WM:AssignWork: Trying to assign [1c2cb5d5-30f2-4163-9463-2098f5c84284 83f26f47-773d-4937-ac65-b107fb09c6d4 55134110-3850-48c1-a8b7-138f3d650a82 {container=83f26f47-773d-4937-ac65-b107fb09c6d4, answer=, haltonparseerror=, loglevel=fatal, initinfo=false, questionname=f4523d87-5eea-48da-94fe-c6001e20ad64, testrig=55134110-3850-48c1-a8b7-138f3d650a82, snapshotname=fat-tree.4-ary, haltonconverterror=}] [TRYINGTOASSIGN] [Mon Jan 14 08:32:23 CST 2019 null null] [null] [null, null] to localhost:45508
Queuing result: true
WMS:getWorkStatus 1c2cb5d5-30f2-4163-9463-2098f5c84284
status: TRYINGTOASSIGN
.... no task information
WMS:getWorkStatus 1c2cb5d5-30f2-4163-9463-2098f5c84284
status: TRYINGTOASSIGN
.... no task information
WMS:getWorkStatus 1c2cb5d5-30f2-4163-9463-2098f5c84284
status: TRYINGTOASSIGN
.... no task information
WMS:getWorkStatus 1c2cb5d5-30f2-4163-9463-2098f5c84284
status: TRYINGTOASSIGN
.... no task information
BFS:runTask(1c2cb5d5-30f2-4163-9463-2098f5c84284,{"container":"83f26f47-773d-4937-ac65-b107fb09c6d4","answer":"","haltonparseerror":"","loglevel":"fatal","initinfo":"false","questionname":"f4523d87-5eea-48da-94fe-c6001e20ad64","testrig":"55134110-3850-48c1-a8b7-138f3d650a82","snapshotname":"fat-tree.4-ary","haltonconverterror":"","storagebase":"\/home\/plankton\/batfish\/experiments\/containers"})
Will run with args: [-container, 83f26f47-773d-4937-ac65-b107fb09c6d4, -answer, -haltonparseerror, -loglevel, fatal, -initinfo, false, -questionname, f4523d87-5eea-48da-94fe-c6001e20ad64, -testrig, 55134110-3850-48c1-a8b7-138f3d650a82, -snapshotname, fat-tree.4-ary, -haltonconverterror, -storagebase, /home/plankton/batfish/experiments/containers]
WMS:getWorkStatus 1c2cb5d5-30f2-4163-9463-2098f5c84284
WM:AssignWork: response: ["success","running now"] [success] [running now]
status: TRYINGTOASSIGN
.... no task information
WMS:getWorkStatus 1c2cb5d5-30f2-4163-9463-2098f5c84284
status: ASSIGNED
.... no task information
WMS:getWorkStatus 1c2cb5d5-30f2-4163-9463-2098f5c84284
status: ASSIGNED
.... no task information
WMS:getWorkStatus 1c2cb5d5-30f2-4163-9463-2098f5c84284
status: ASSIGNED
.... no task information
WMS:getWorkStatus 1c2cb5d5-30f2-4163-9463-2098f5c84284
=====[DEBUG]===== sourceRouters: [r12]
Start verification
Using headerspace: IpWildcardSetIpSpace{blacklist=[], whitelist=[10.0.0.58, 10.0.0.117, 10.0.0.142, 10.0.0.197]}
status: ASSIGNED
.... no task information
Number of edges: 128
Created destination classes
Num Classes: 2
WMS:getWorkStatus 1c2cb5d5-30f2-4163-9463-2098f5c84284
status: ASSIGNED
.... no task information
WMS:getWorkStatus 1c2cb5d5-30f2-4163-9463-2098f5c84284
status: ASSIGNED
.... no task information
WMS:getWorkStatus 1c2cb5d5-30f2-4163-9463-2098f5c84284
status: ASSIGNED
.... no task information
Created BDDs
=====[DEBUG]===== mapped srcRouters: [r12, r14, r13, r15]
WM:CheckWork: Trying to check [1c2cb5d5-30f2-4163-9463-2098f5c84284 83f26f47-773d-4937-ac65-b107fb09c6d4 55134110-3850-48c1-a8b7-138f3d650a82 {container=83f26f47-773d-4937-ac65-b107fb09c6d4, answer=, haltonparseerror=, loglevel=fatal, initinfo=false, questionname=f4523d87-5eea-48da-94fe-c6001e20ad64, testrig=55134110-3850-48c1-a8b7-138f3d650a82, snapshotname=fat-tree.4-ary, haltonconverterror=}] [CHECKINGSTATUS] [Mon Jan 14 08:32:23 CST 2019 Mon Jan 14 08:32:23 CST 2019 null] [localhost:45508] [null, null] on localhost:45508
WMS:getWorkStatus 1c2cb5d5-30f2-4163-9463-2098f5c84284
status: CHECKINGSTATUS
.... no task information
BFS:getTaskStatus 1c2cb5d5-30f2-4163-9463-2098f5c84284
response: ["success","{\n  \"args\" : [\n    \"-container\",\n    \"83f26f47-773d-4937-ac65-b107fb09c6d4\",\n    \"-answer\",\n    \"-haltonparseerror\",\n    \"-loglevel\",\n    \"fatal\",\n    \"-initinfo\",\n    \"false\",\n    \"-questionname\",\n    \"f4523d87-5eea-48da-94fe-c6001e20ad64\",\n    \"-testrig\",\n    \"55134110-3850-48c1-a8b7-138f3d650a82\",\n    \"-snapshotname\",\n    \"fat-tree.4-ary\",\n    \"-haltonconverterror\",\n    \"-storagebase\",\n    \"\/home\/plankton\/batfish\/experiments\/containers\"\n  ],\n  \"batches\" : [\n    {\n      \"completed\" : 0,\n      \"description\" : \"Begin job\",\n      \"size\" : 0,\n      \"startDate\" : \"2019-01-14T14:32:23.366+0000\"\n    }\n  ],\n  \"obtained\" : \"2019-01-14T14:32:23.366+0000\",\n  \"status\" : \"InProgress\"\n}"] [success] [{
  "args" : [
    "-container",
    "83f26f47-773d-4937-ac65-b107fb09c6d4",
    "-answer",
    "-haltonparseerror",
    "-loglevel",
    "fatal",
    "-initinfo",
    "false",
    "-questionname",
    "f4523d87-5eea-48da-94fe-c6001e20ad64",
    "-testrig",
    "55134110-3850-48c1-a8b7-138f3d650a82",
    "-snapshotname",
    "fat-tree.4-ary",
    "-haltonconverterror",
    "-storagebase",
    "/home/plankton/batfish/experiments/containers"
  ],
  "batches" : [
    {
      "completed" : 0,
      "description" : "Begin job",
      "size" : 0,
      "startDate" : "2019-01-14T14:32:23.366+0000"
    }
  ],
  "obtained" : "2019-01-14T14:32:23.366+0000",
  "status" : "InProgress"
}]
WMS:getWorkStatus 1c2cb5d5-30f2-4163-9463-2098f5c84284
status: ASSIGNED
.... Mon Jan 14 08:32:23 CST 2019: Begin job
WMS:getWorkStatus 1c2cb5d5-30f2-4163-9463-2098f5c84284
status: ASSIGNED
.... Mon Jan 14 08:32:23 CST 2019: Begin job
=====[DEBUG]===== mapped srcRouters: [r12, r14, r13, r15]
WM:CheckWork: Trying to check [1c2cb5d5-30f2-4163-9463-2098f5c84284 83f26f47-773d-4937-ac65-b107fb09c6d4 55134110-3850-48c1-a8b7-138f3d650a82 {container=83f26f47-773d-4937-ac65-b107fb09c6d4, answer=, haltonparseerror=, loglevel=fatal, initinfo=false, questionname=f4523d87-5eea-48da-94fe-c6001e20ad64, testrig=55134110-3850-48c1-a8b7-138f3d650a82, snapshotname=fat-tree.4-ary, haltonconverterror=}] [CHECKINGSTATUS] [Mon Jan 14 08:32:23 CST 2019 Mon Jan 14 08:32:23 CST 2019 null] [localhost:45508] [InProgress, Mon Jan 14 08:32:23 CST 2019] on localhost:45508
BFS:getTaskStatus 1c2cb5d5-30f2-4163-9463-2098f5c84284
response: ["success","{\n  \"args\" : [\n    \"-container\",\n    \"83f26f47-773d-4937-ac65-b107fb09c6d4\",\n    \"-answer\",\n    \"-haltonparseerror\",\n    \"-loglevel\",\n    \"fatal\",\n    \"-initinfo\",\n    \"false\",\n    \"-questionname\",\n    \"f4523d87-5eea-48da-94fe-c6001e20ad64\",\n    \"-testrig\",\n    \"55134110-3850-48c1-a8b7-138f3d650a82\",\n    \"-snapshotname\",\n    \"fat-tree.4-ary\",\n    \"-haltonconverterror\",\n    \"-storagebase\",\n    \"\/home\/plankton\/batfish\/experiments\/containers\"\n  ],\n  \"batches\" : [\n    {\n      \"completed\" : 0,\n      \"description\" : \"Begin job\",\n      \"size\" : 0,\n      \"startDate\" : \"2019-01-14T14:32:23.366+0000\"\n    }\n  ],\n  \"obtained\" : \"2019-01-14T14:32:23.366+0000\",\n  \"status\" : \"InProgress\"\n}"] [success] [{
  "args" : [
    "-container",
    "83f26f47-773d-4937-ac65-b107fb09c6d4",
    "-answer",
    "-haltonparseerror",
    "-loglevel",
    "fatal",
    "-initinfo",
    "false",
    "-questionname",
    "f4523d87-5eea-48da-94fe-c6001e20ad64",
    "-testrig",
    "55134110-3850-48c1-a8b7-138f3d650a82",
    "-snapshotname",
    "fat-tree.4-ary",
    "-haltonconverterror",
    "-storagebase",
    "/home/plankton/batfish/experiments/containers"
  ],
  "batches" : [
    {
      "completed" : 0,
      "description" : "Begin job",
      "size" : 0,
      "startDate" : "2019-01-14T14:32:23.366+0000"
    }
  ],
  "obtained" : "2019-01-14T14:32:23.366+0000",
  "status" : "InProgress"
}]
WMS:getWorkStatus 1c2cb5d5-30f2-4163-9463-2098f5c84284
status: ASSIGNED
.... Mon Jan 14 08:32:23 CST 2019: Begin job
WMS:getWorkStatus 1c2cb5d5-30f2-4163-9463-2098f5c84284
status: ASSIGNED
.... Mon Jan 14 08:32:23 CST 2019: Begin job
WM:CheckWork: Trying to check [1c2cb5d5-30f2-4163-9463-2098f5c84284 83f26f47-773d-4937-ac65-b107fb09c6d4 55134110-3850-48c1-a8b7-138f3d650a82 {container=83f26f47-773d-4937-ac65-b107fb09c6d4, answer=, haltonparseerror=, loglevel=fatal, initinfo=false, questionname=f4523d87-5eea-48da-94fe-c6001e20ad64, testrig=55134110-3850-48c1-a8b7-138f3d650a82, snapshotname=fat-tree.4-ary, haltonconverterror=}] [CHECKINGSTATUS] [Mon Jan 14 08:32:23 CST 2019 Mon Jan 14 08:32:23 CST 2019 null] [localhost:45508] [InProgress, Mon Jan 14 08:32:24 CST 2019] on localhost:45508
BFS:getTaskStatus 1c2cb5d5-30f2-4163-9463-2098f5c84284
response: ["success","{\n  \"args\" : [\n    \"-container\",\n    \"83f26f47-773d-4937-ac65-b107fb09c6d4\",\n    \"-answer\",\n    \"-haltonparseerror\",\n    \"-loglevel\",\n    \"fatal\",\n    \"-initinfo\",\n    \"false\",\n    \"-questionname\",\n    \"f4523d87-5eea-48da-94fe-c6001e20ad64\",\n    \"-testrig\",\n    \"55134110-3850-48c1-a8b7-138f3d650a82\",\n    \"-snapshotname\",\n    \"fat-tree.4-ary\",\n    \"-haltonconverterror\",\n    \"-storagebase\",\n    \"\/home\/plankton\/batfish\/experiments\/containers\"\n  ],\n  \"batches\" : [\n    {\n      \"completed\" : 0,\n      \"description\" : \"Begin job\",\n      \"size\" : 0,\n      \"startDate\" : \"2019-01-14T14:32:23.366+0000\"\n    }\n  ],\n  \"obtained\" : \"2019-01-14T14:32:23.366+0000\",\n  \"status\" : \"TerminatedNormally\",\n  \"terminated\" : \"2019-01-14T14:32:25.569+0000\"\n}"] [success] [{
  "args" : [
    "-container",
    "83f26f47-773d-4937-ac65-b107fb09c6d4",
    "-answer",
    "-haltonparseerror",
    "-loglevel",
    "fatal",
    "-initinfo",
    "false",
    "-questionname",
    "f4523d87-5eea-48da-94fe-c6001e20ad64",
    "-testrig",
    "55134110-3850-48c1-a8b7-138f3d650a82",
    "-snapshotname",
    "fat-tree.4-ary",
    "-haltonconverterror",
    "-storagebase",
    "/home/plankton/batfish/experiments/containers"
  ],
  "batches" : [
    {
      "completed" : 0,
      "description" : "Begin job",
      "size" : 0,
      "startDate" : "2019-01-14T14:32:23.366+0000"
    }
  ],
  "obtained" : "2019-01-14T14:32:23.366+0000",
  "status" : "TerminatedNormally",
  "terminated" : "2019-01-14T14:32:25.569+0000"
}]
WMS:getWorkStatus 1c2cb5d5-30f2-4163-9463-2098f5c84284
status: TERMINATEDNORMALLY
.... Mon Jan 14 08:32:23 CST 2019: Begin job
.... Mon Jan 14 08:32:25 CST 2019: TERMINATEDNORMALLY
WMS:getObject fat-tree.4-ary --> 1c2cb5d5-30f2-4163-9463-2098f5c84284.json
Status: SUCCESS
Question: smt-reachability actions=[ACCEPTED], dstIps=[10.0.0.58, 10.0.0.117, 10.0.0.142, 10.0.0.197], finalNodeRegex=r19, ingressNodeRegex=r12

Verified

Summary: 0 (non-assertion) results; 
56.66user 1.76system 0:11.84elapsed 493%CPU (0avgtext+0avgdata 1522308maxresident)k
0inputs+3568outputs (0major+399767minor)pagefaults 0swaps
