OpenJDK 64-Bit Server VM warning: ignoring option MaxPermSize=2048m; support was removed in 8.0
Changed client loglevel to info
WMS:initContainer cp
Initialized container:cp_f058b9e8-49d6-44bd-9070-39fd227092e4 using api-key:00000000000000000000000000000000
Init'ed and set active container to cp_f058b9e8-49d6-44bd-9070-39fd227092e4

WMS:uploadTestrig 00000000000000000000000000000000 cp_f058b9e8-49d6-44bd-9070-39fd227092e4 smt-test
Environment data for testrig:smt-test; bgpTables:false, routingTables:false
Uploaded testrig:smt-test for container:cp_f058b9e8-49d6-44bd-9070-39fd227092e4 using api-key:00000000000000000000000000000000
Uploaded testrig.
Parsing now.
work-id is 478a7319-d225-497e-b2a2-6cd30428f9f2
WMS:queueWork 00000000000000000000000000000000 {
  "containerName" : "cp_f058b9e8-49d6-44bd-9070-39fd227092e4",
  "id" : "478a7319-d225-497e-b2a2-6cd30428f9f2",
  "requestParams" : {
    "sv" : "",
    "haltonparseerror" : "",
    "si" : "",
    "initinfo" : "false",
    "loglevel" : "fatal",
    "unimplementedsuppress" : "",
    "haltonconverterror" : ""
  },
  "testrigName" : "smt-test"
}
WM:AssignWork: Trying to assign [478a7319-d225-497e-b2a2-6cd30428f9f2 cp_f058b9e8-49d6-44bd-9070-39fd227092e4 smt-test {sv=, haltonparseerror=, si=, initinfo=false, loglevel=fatal, unimplementedsuppress=, haltonconverterror=}] [TRYINGTOASSIGN] [Thu Dec 27 16:15:35 CST 2018 null null] [null] [null, null] to localhost:9999
Queuing result: true
WMS:getWorkStatus 478a7319-d225-497e-b2a2-6cd30428f9f2
status: TRYINGTOASSIGN
.... no task information
WMS:getWorkStatus 478a7319-d225-497e-b2a2-6cd30428f9f2
BFS:runTask(478a7319-d225-497e-b2a2-6cd30428f9f2,{"sv":"","haltonparseerror":"","si":"","initinfo":"false","loglevel":"fatal","unimplementedsuppress":"","haltonconverterror":"","containerdir":"\/home\/plankton\/batfish\/experiments\/containers\/cp_f058b9e8-49d6-44bd-9070-39fd227092e4","testrig":"smt-test","logfile":"\/home\/plankton\/batfish\/experiments\/containers\/cp_f058b9e8-49d6-44bd-9070-39fd227092e4\/testrigs\/smt-test\/478a7319-d225-497e-b2a2-6cd30428f9f2.log","answerjsonpath":"\/home\/plankton\/batfish\/experiments\/containers\/cp_f058b9e8-49d6-44bd-9070-39fd227092e4\/testrigs\/smt-test\/478a7319-d225-497e-b2a2-6cd30428f9f2.json"})
Will run with args: [-sv, -haltonparseerror, -si, -initinfo, false, -loglevel, fatal, -unimplementedsuppress, -haltonconverterror, -containerdir, /home/plankton/batfish/experiments/containers/cp_f058b9e8-49d6-44bd-9070-39fd227092e4, -testrig, smt-test, -logfile, /home/plankton/batfish/experiments/containers/cp_f058b9e8-49d6-44bd-9070-39fd227092e4/testrigs/smt-test/478a7319-d225-497e-b2a2-6cd30428f9f2.log, -answerjsonpath, /home/plankton/batfish/experiments/containers/cp_f058b9e8-49d6-44bd-9070-39fd227092e4/testrigs/smt-test/478a7319-d225-497e-b2a2-6cd30428f9f2.json]
status: TRYINGTOASSIGN
.... no task information
WMS:getWorkStatus 478a7319-d225-497e-b2a2-6cd30428f9f2
status: TRYINGTOASSIGN
.... no task information
WM:AssignWork: response: ["success","running now"] [success] [running now]
WMS:getWorkStatus 478a7319-d225-497e-b2a2-6cd30428f9f2
status: ASSIGNED
.... no task information
WMS:getWorkStatus 478a7319-d225-497e-b2a2-6cd30428f9f2
status: ASSIGNED
.... no task information
WMS:getWorkStatus 478a7319-d225-497e-b2a2-6cd30428f9f2
status: ASSIGNED
.... no task information
WMS:getWorkStatus 478a7319-d225-497e-b2a2-6cd30428f9f2
status: ASSIGNED
.... no task information
WMS:getWorkStatus 478a7319-d225-497e-b2a2-6cd30428f9f2
status: ASSIGNED
.... no task information
WMS:getWorkStatus 478a7319-d225-497e-b2a2-6cd30428f9f2
status: ASSIGNED
.... no task information
WMS:getWorkStatus 478a7319-d225-497e-b2a2-6cd30428f9f2
status: ASSIGNED
.... no task information
WMS:getWorkStatus 478a7319-d225-497e-b2a2-6cd30428f9f2
status: ASSIGNED
.... no task information
WMS:getWorkStatus 478a7319-d225-497e-b2a2-6cd30428f9f2
status: ASSIGNED
.... no task information
WMS:getWorkStatus 478a7319-d225-497e-b2a2-6cd30428f9f2
status: ASSIGNED
.... no task information
WM:CheckWork: Trying to check [478a7319-d225-497e-b2a2-6cd30428f9f2 cp_f058b9e8-49d6-44bd-9070-39fd227092e4 smt-test {sv=, haltonparseerror=, si=, initinfo=false, loglevel=fatal, unimplementedsuppress=, haltonconverterror=}] [CHECKINGSTATUS] [Thu Dec 27 16:15:35 CST 2018 Thu Dec 27 16:15:35 CST 2018 null] [localhost:9999] [null, null] on localhost:9999
BFS:getTaskStatus 478a7319-d225-497e-b2a2-6cd30428f9f2
response: ["success","{\n  \"args\" : [\n    \"-sv\",\n    \"-haltonparseerror\",\n    \"-si\",\n    \"-initinfo\",\n    \"false\",\n    \"-loglevel\",\n    \"fatal\",\n    \"-unimplementedsuppress\",\n    \"-haltonconverterror\",\n    \"-containerdir\",\n    \"\/home\/plankton\/batfish\/experiments\/containers\/cp_f058b9e8-49d6-44bd-9070-39fd227092e4\",\n    \"-testrig\",\n    \"smt-test\",\n    \"-logfile\",\n    \"\/home\/plankton\/batfish\/experiments\/containers\/cp_f058b9e8-49d6-44bd-9070-39fd227092e4\/testrigs\/smt-test\/478a7319-d225-497e-b2a2-6cd30428f9f2.log\",\n    \"-answerjsonpath\",\n    \"\/home\/plankton\/batfish\/experiments\/containers\/cp_f058b9e8-49d6-44bd-9070-39fd227092e4\/testrigs\/smt-test\/478a7319-d225-497e-b2a2-6cd30428f9f2.json\"\n  ],\n  \"batches\" : [\n    {\n      \"completed\" : 0,\n      \"description\" : \"Begin job\",\n      \"size\" : 0,\n      \"startDate\" : \"2018-12-27T22:15:35.280+0000\"\n    },\n    {\n      \"completed\" : 20,\n      \"description\" : \"Reading network configuration files\",\n      \"size\" : 20,\n      \"startDate\" : \"2018-12-27T22:15:35.300+0000\"\n    },\n    {\n      \"completed\" : 0,\n      \"description\" : \"Parse configurations\",\n      \"size\" : 20,\n      \"startDate\" : \"2018-12-27T22:15:35.340+0000\"\n    }\n  ],\n  \"obtained\" : \"2018-12-27T22:15:35.272+0000\",\n  \"status\" : \"InProgress\"\n}"] [success] [{
  "args" : [
    "-sv",
    "-haltonparseerror",
    "-si",
    "-initinfo",
    "false",
    "-loglevel",
    "fatal",
    "-unimplementedsuppress",
    "-haltonconverterror",
    "-containerdir",
    "/home/plankton/batfish/experiments/containers/cp_f058b9e8-49d6-44bd-9070-39fd227092e4",
    "-testrig",
    "smt-test",
    "-logfile",
    "/home/plankton/batfish/experiments/containers/cp_f058b9e8-49d6-44bd-9070-39fd227092e4/testrigs/smt-test/478a7319-d225-497e-b2a2-6cd30428f9f2.log",
    "-answerjsonpath",
    "/home/plankton/batfish/experiments/containers/cp_f058b9e8-49d6-44bd-9070-39fd227092e4/testrigs/smt-test/478a7319-d225-497e-b2a2-6cd30428f9f2.json"
  ],
  "batches" : [
    {
      "completed" : 0,
      "description" : "Begin job",
      "size" : 0,
      "startDate" : "2018-12-27T22:15:35.280+0000"
    },
    {
      "completed" : 20,
      "description" : "Reading network configuration files",
      "size" : 20,
      "startDate" : "2018-12-27T22:15:35.300+0000"
    },
    {
      "completed" : 0,
      "description" : "Parse configurations",
      "size" : 20,
      "startDate" : "2018-12-27T22:15:35.340+0000"
    }
  ],
  "obtained" : "2018-12-27T22:15:35.272+0000",
  "status" : "InProgress"
}]
WMS:getWorkStatus 478a7319-d225-497e-b2a2-6cd30428f9f2
status: ASSIGNED
.... Thu Dec 27 16:15:35 CST 2018: Parse configurations: 0/20
WMS:getWorkStatus 478a7319-d225-497e-b2a2-6cd30428f9f2
status: ASSIGNED
.... Thu Dec 27 16:15:35 CST 2018: Parse configurations: 0/20
WMS:getWorkStatus 478a7319-d225-497e-b2a2-6cd30428f9f2
status: ASSIGNED
.... Thu Dec 27 16:15:35 CST 2018: Parse configurations: 0/20
WM:CheckWork: Trying to check [478a7319-d225-497e-b2a2-6cd30428f9f2 cp_f058b9e8-49d6-44bd-9070-39fd227092e4 smt-test {sv=, haltonparseerror=, si=, initinfo=false, loglevel=fatal, unimplementedsuppress=, haltonconverterror=}] [CHECKINGSTATUS] [Thu Dec 27 16:15:35 CST 2018 Thu Dec 27 16:15:35 CST 2018 null] [localhost:9999] [InProgress, Thu Dec 27 16:15:36 CST 2018] on localhost:9999
BFS:getTaskStatus 478a7319-d225-497e-b2a2-6cd30428f9f2
response: ["success","{\n  \"args\" : [\n    \"-sv\",\n    \"-haltonparseerror\",\n    \"-si\",\n    \"-initinfo\",\n    \"false\",\n    \"-loglevel\",\n    \"fatal\",\n    \"-unimplementedsuppress\",\n    \"-haltonconverterror\",\n    \"-containerdir\",\n    \"\/home\/plankton\/batfish\/experiments\/containers\/cp_f058b9e8-49d6-44bd-9070-39fd227092e4\",\n    \"-testrig\",\n    \"smt-test\",\n    \"-logfile\",\n    \"\/home\/plankton\/batfish\/experiments\/containers\/cp_f058b9e8-49d6-44bd-9070-39fd227092e4\/testrigs\/smt-test\/478a7319-d225-497e-b2a2-6cd30428f9f2.log\",\n    \"-answerjsonpath\",\n    \"\/home\/plankton\/batfish\/experiments\/containers\/cp_f058b9e8-49d6-44bd-9070-39fd227092e4\/testrigs\/smt-test\/478a7319-d225-497e-b2a2-6cd30428f9f2.json\"\n  ],\n  \"batches\" : [\n    {\n      \"completed\" : 0,\n      \"description\" : \"Begin job\",\n      \"size\" : 0,\n      \"startDate\" : \"2018-12-27T22:15:35.280+0000\"\n    },\n    {\n      \"completed\" : 20,\n      \"description\" : \"Reading network configuration files\",\n      \"size\" : 20,\n      \"startDate\" : \"2018-12-27T22:15:35.300+0000\"\n    },\n    {\n      \"completed\" : 0,\n      \"description\" : \"Parse configurations\",\n      \"size\" : 20,\n      \"startDate\" : \"2018-12-27T22:15:35.340+0000\"\n    }\n  ],\n  \"obtained\" : \"2018-12-27T22:15:35.272+0000\",\n  \"status\" : \"InProgress\"\n}"] [success] [{
  "args" : [
    "-sv",
    "-haltonparseerror",
    "-si",
    "-initinfo",
    "false",
    "-loglevel",
    "fatal",
    "-unimplementedsuppress",
    "-haltonconverterror",
    "-containerdir",
    "/home/plankton/batfish/experiments/containers/cp_f058b9e8-49d6-44bd-9070-39fd227092e4",
    "-testrig",
    "smt-test",
    "-logfile",
    "/home/plankton/batfish/experiments/containers/cp_f058b9e8-49d6-44bd-9070-39fd227092e4/testrigs/smt-test/478a7319-d225-497e-b2a2-6cd30428f9f2.log",
    "-answerjsonpath",
    "/home/plankton/batfish/experiments/containers/cp_f058b9e8-49d6-44bd-9070-39fd227092e4/testrigs/smt-test/478a7319-d225-497e-b2a2-6cd30428f9f2.json"
  ],
  "batches" : [
    {
      "completed" : 0,
      "description" : "Begin job",
      "size" : 0,
      "startDate" : "2018-12-27T22:15:35.280+0000"
    },
    {
      "completed" : 20,
      "description" : "Reading network configuration files",
      "size" : 20,
      "startDate" : "2018-12-27T22:15:35.300+0000"
    },
    {
      "completed" : 0,
      "description" : "Parse configurations",
      "size" : 20,
      "startDate" : "2018-12-27T22:15:35.340+0000"
    }
  ],
  "obtained" : "2018-12-27T22:15:35.272+0000",
  "status" : "InProgress"
}]
WMS:getWorkStatus 478a7319-d225-497e-b2a2-6cd30428f9f2
status: ASSIGNED
.... Thu Dec 27 16:15:35 CST 2018: Parse configurations: 0/20
WM:CheckWork: Trying to check [478a7319-d225-497e-b2a2-6cd30428f9f2 cp_f058b9e8-49d6-44bd-9070-39fd227092e4 smt-test {sv=, haltonparseerror=, si=, initinfo=false, loglevel=fatal, unimplementedsuppress=, haltonconverterror=}] [CHECKINGSTATUS] [Thu Dec 27 16:15:35 CST 2018 Thu Dec 27 16:15:35 CST 2018 null] [localhost:9999] [InProgress, Thu Dec 27 16:15:37 CST 2018] on localhost:9999
BFS:getTaskStatus 478a7319-d225-497e-b2a2-6cd30428f9f2
response: ["success","{\n  \"args\" : [\n    \"-sv\",\n    \"-haltonparseerror\",\n    \"-si\",\n    \"-initinfo\",\n    \"false\",\n    \"-loglevel\",\n    \"fatal\",\n    \"-unimplementedsuppress\",\n    \"-haltonconverterror\",\n    \"-containerdir\",\n    \"\/home\/plankton\/batfish\/experiments\/containers\/cp_f058b9e8-49d6-44bd-9070-39fd227092e4\",\n    \"-testrig\",\n    \"smt-test\",\n    \"-logfile\",\n    \"\/home\/plankton\/batfish\/experiments\/containers\/cp_f058b9e8-49d6-44bd-9070-39fd227092e4\/testrigs\/smt-test\/478a7319-d225-497e-b2a2-6cd30428f9f2.log\",\n    \"-answerjsonpath\",\n    \"\/home\/plankton\/batfish\/experiments\/containers\/cp_f058b9e8-49d6-44bd-9070-39fd227092e4\/testrigs\/smt-test\/478a7319-d225-497e-b2a2-6cd30428f9f2.json\"\n  ],\n  \"batches\" : [\n    {\n      \"completed\" : 0,\n      \"description\" : \"Begin job\",\n      \"size\" : 0,\n      \"startDate\" : \"2018-12-27T22:15:35.280+0000\"\n    },\n    {\n      \"completed\" : 20,\n      \"description\" : \"Reading network configuration files\",\n      \"size\" : 20,\n      \"startDate\" : \"2018-12-27T22:15:35.300+0000\"\n    },\n    {\n      \"completed\" : 0,\n      \"description\" : \"Parse configurations\",\n      \"size\" : 20,\n      \"startDate\" : \"2018-12-27T22:15:35.340+0000\"\n    }\n  ],\n  \"obtained\" : \"2018-12-27T22:15:35.272+0000\",\n  \"status\" : \"InProgress\"\n}"] [success] [{
  "args" : [
    "-sv",
    "-haltonparseerror",
    "-si",
    "-initinfo",
    "false",
    "-loglevel",
    "fatal",
    "-unimplementedsuppress",
    "-haltonconverterror",
    "-containerdir",
    "/home/plankton/batfish/experiments/containers/cp_f058b9e8-49d6-44bd-9070-39fd227092e4",
    "-testrig",
    "smt-test",
    "-logfile",
    "/home/plankton/batfish/experiments/containers/cp_f058b9e8-49d6-44bd-9070-39fd227092e4/testrigs/smt-test/478a7319-d225-497e-b2a2-6cd30428f9f2.log",
    "-answerjsonpath",
    "/home/plankton/batfish/experiments/containers/cp_f058b9e8-49d6-44bd-9070-39fd227092e4/testrigs/smt-test/478a7319-d225-497e-b2a2-6cd30428f9f2.json"
  ],
  "batches" : [
    {
      "completed" : 0,
      "description" : "Begin job",
      "size" : 0,
      "startDate" : "2018-12-27T22:15:35.280+0000"
    },
    {
      "completed" : 20,
      "description" : "Reading network configuration files",
      "size" : 20,
      "startDate" : "2018-12-27T22:15:35.300+0000"
    },
    {
      "completed" : 0,
      "description" : "Parse configurations",
      "size" : 20,
      "startDate" : "2018-12-27T22:15:35.340+0000"
    }
  ],
  "obtained" : "2018-12-27T22:15:35.272+0000",
  "status" : "InProgress"
}]
WMS:getWorkStatus 478a7319-d225-497e-b2a2-6cd30428f9f2
status: ASSIGNED
.... Thu Dec 27 16:15:35 CST 2018: Parse configurations: 0/20
WM:CheckWork: Trying to check [478a7319-d225-497e-b2a2-6cd30428f9f2 cp_f058b9e8-49d6-44bd-9070-39fd227092e4 smt-test {sv=, haltonparseerror=, si=, initinfo=false, loglevel=fatal, unimplementedsuppress=, haltonconverterror=}] [CHECKINGSTATUS] [Thu Dec 27 16:15:35 CST 2018 Thu Dec 27 16:15:35 CST 2018 null] [localhost:9999] [InProgress, Thu Dec 27 16:15:38 CST 2018] on localhost:9999
BFS:getTaskStatus 478a7319-d225-497e-b2a2-6cd30428f9f2
response: ["success","{\n  \"args\" : [\n    \"-sv\",\n    \"-haltonparseerror\",\n    \"-si\",\n    \"-initinfo\",\n    \"false\",\n    \"-loglevel\",\n    \"fatal\",\n    \"-unimplementedsuppress\",\n    \"-haltonconverterror\",\n    \"-containerdir\",\n    \"\/home\/plankton\/batfish\/experiments\/containers\/cp_f058b9e8-49d6-44bd-9070-39fd227092e4\",\n    \"-testrig\",\n    \"smt-test\",\n    \"-logfile\",\n    \"\/home\/plankton\/batfish\/experiments\/containers\/cp_f058b9e8-49d6-44bd-9070-39fd227092e4\/testrigs\/smt-test\/478a7319-d225-497e-b2a2-6cd30428f9f2.log\",\n    \"-answerjsonpath\",\n    \"\/home\/plankton\/batfish\/experiments\/containers\/cp_f058b9e8-49d6-44bd-9070-39fd227092e4\/testrigs\/smt-test\/478a7319-d225-497e-b2a2-6cd30428f9f2.json\"\n  ],\n  \"batches\" : [\n    {\n      \"completed\" : 0,\n      \"description\" : \"Begin job\",\n      \"size\" : 0,\n      \"startDate\" : \"2018-12-27T22:15:35.280+0000\"\n    },\n    {\n      \"completed\" : 20,\n      \"description\" : \"Reading network configuration files\",\n      \"size\" : 20,\n      \"startDate\" : \"2018-12-27T22:15:35.300+0000\"\n    },\n    {\n      \"completed\" : 7,\n      \"description\" : \"Parse configurations\",\n      \"size\" : 20,\n      \"startDate\" : \"2018-12-27T22:15:35.340+0000\"\n    }\n  ],\n  \"obtained\" : \"2018-12-27T22:15:35.272+0000\",\n  \"status\" : \"InProgress\"\n}"] [success] [{
  "args" : [
    "-sv",
    "-haltonparseerror",
    "-si",
    "-initinfo",
    "false",
    "-loglevel",
    "fatal",
    "-unimplementedsuppress",
    "-haltonconverterror",
    "-containerdir",
    "/home/plankton/batfish/experiments/containers/cp_f058b9e8-49d6-44bd-9070-39fd227092e4",
    "-testrig",
    "smt-test",
    "-logfile",
    "/home/plankton/batfish/experiments/containers/cp_f058b9e8-49d6-44bd-9070-39fd227092e4/testrigs/smt-test/478a7319-d225-497e-b2a2-6cd30428f9f2.log",
    "-answerjsonpath",
    "/home/plankton/batfish/experiments/containers/cp_f058b9e8-49d6-44bd-9070-39fd227092e4/testrigs/smt-test/478a7319-d225-497e-b2a2-6cd30428f9f2.json"
  ],
  "batches" : [
    {
      "completed" : 0,
      "description" : "Begin job",
      "size" : 0,
      "startDate" : "2018-12-27T22:15:35.280+0000"
    },
    {
      "completed" : 20,
      "description" : "Reading network configuration files",
      "size" : 20,
      "startDate" : "2018-12-27T22:15:35.300+0000"
    },
    {
      "completed" : 7,
      "description" : "Parse configurations",
      "size" : 20,
      "startDate" : "2018-12-27T22:15:35.340+0000"
    }
  ],
  "obtained" : "2018-12-27T22:15:35.272+0000",
  "status" : "InProgress"
}]
WMS:getWorkStatus 478a7319-d225-497e-b2a2-6cd30428f9f2
status: ASSIGNED
.... Thu Dec 27 16:15:35 CST 2018: Parse configurations: 7/20
WM:CheckWork: Trying to check [478a7319-d225-497e-b2a2-6cd30428f9f2 cp_f058b9e8-49d6-44bd-9070-39fd227092e4 smt-test {sv=, haltonparseerror=, si=, initinfo=false, loglevel=fatal, unimplementedsuppress=, haltonconverterror=}] [CHECKINGSTATUS] [Thu Dec 27 16:15:35 CST 2018 Thu Dec 27 16:15:35 CST 2018 null] [localhost:9999] [InProgress, Thu Dec 27 16:15:38 CST 2018] on localhost:9999
BFS:getTaskStatus 478a7319-d225-497e-b2a2-6cd30428f9f2
response: ["success","{\n  \"args\" : [\n    \"-sv\",\n    \"-haltonparseerror\",\n    \"-si\",\n    \"-initinfo\",\n    \"false\",\n    \"-loglevel\",\n    \"fatal\",\n    \"-unimplementedsuppress\",\n    \"-haltonconverterror\",\n    \"-containerdir\",\n    \"\/home\/plankton\/batfish\/experiments\/containers\/cp_f058b9e8-49d6-44bd-9070-39fd227092e4\",\n    \"-testrig\",\n    \"smt-test\",\n    \"-logfile\",\n    \"\/home\/plankton\/batfish\/experiments\/containers\/cp_f058b9e8-49d6-44bd-9070-39fd227092e4\/testrigs\/smt-test\/478a7319-d225-497e-b2a2-6cd30428f9f2.log\",\n    \"-answerjsonpath\",\n    \"\/home\/plankton\/batfish\/experiments\/containers\/cp_f058b9e8-49d6-44bd-9070-39fd227092e4\/testrigs\/smt-test\/478a7319-d225-497e-b2a2-6cd30428f9f2.json\"\n  ],\n  \"batches\" : [\n    {\n      \"completed\" : 0,\n      \"description\" : \"Begin job\",\n      \"size\" : 0,\n      \"startDate\" : \"2018-12-27T22:15:35.280+0000\"\n    },\n    {\n      \"completed\" : 20,\n      \"description\" : \"Reading network configuration files\",\n      \"size\" : 20,\n      \"startDate\" : \"2018-12-27T22:15:35.300+0000\"\n    },\n    {\n      \"completed\" : 20,\n      \"description\" : \"Parse configurations\",\n      \"size\" : 20,\n      \"startDate\" : \"2018-12-27T22:15:35.340+0000\"\n    },\n    {\n      \"completed\" : 20,\n      \"description\" : \"Serializing 'org.batfish.representation.cisco.CiscoConfiguration' instances to disk\",\n      \"size\" : 20,\n      \"startDate\" : \"2018-12-27T22:15:39.126+0000\"\n    },\n    {\n      \"completed\" : 20,\n      \"description\" : \"Reading and unpacking files containing 'org.batfish.datamodel.GenericConfigObject' instances\",\n      \"size\" : 20,\n      \"startDate\" : \"2018-12-27T22:15:39.192+0000\"\n    },\n    {\n      \"completed\" : 20,\n      \"description\" : \"Deserializing 'org.batfish.datamodel.GenericConfigObject' instances\",\n      \"size\" : 20,\n      \"startDate\" : \"2018-12-27T22:15:39.197+0000\"\n    },\n    {\n      \"completed\" : 20,\n      \"description\" : \"Convert configurations to vendor-independent format\",\n      \"size\" : 20,\n      \"startDate\" : \"2018-12-27T22:15:39.225+0000\"\n    },\n    {\n      \"completed\" : 20,\n      \"description\" : \"Serializing 20 vendor-independent configuration structures for testrig smt-test\",\n      \"size\" : 20,\n      \"startDate\" : \"2018-12-27T22:15:39.277+0000\"\n    }\n  ],\n  \"obtained\" : \"2018-12-27T22:15:35.272+0000\",\n  \"status\" : \"TerminatedNormally\",\n  \"terminated\" : \"2018-12-27T22:15:39.375+0000\"\n}"] [success] [{
  "args" : [
    "-sv",
    "-haltonparseerror",
    "-si",
    "-initinfo",
    "false",
    "-loglevel",
    "fatal",
    "-unimplementedsuppress",
    "-haltonconverterror",
    "-containerdir",
    "/home/plankton/batfish/experiments/containers/cp_f058b9e8-49d6-44bd-9070-39fd227092e4",
    "-testrig",
    "smt-test",
    "-logfile",
    "/home/plankton/batfish/experiments/containers/cp_f058b9e8-49d6-44bd-9070-39fd227092e4/testrigs/smt-test/478a7319-d225-497e-b2a2-6cd30428f9f2.log",
    "-answerjsonpath",
    "/home/plankton/batfish/experiments/containers/cp_f058b9e8-49d6-44bd-9070-39fd227092e4/testrigs/smt-test/478a7319-d225-497e-b2a2-6cd30428f9f2.json"
  ],
  "batches" : [
    {
      "completed" : 0,
      "description" : "Begin job",
      "size" : 0,
      "startDate" : "2018-12-27T22:15:35.280+0000"
    },
    {
      "completed" : 20,
      "description" : "Reading network configuration files",
      "size" : 20,
      "startDate" : "2018-12-27T22:15:35.300+0000"
    },
    {
      "completed" : 20,
      "description" : "Parse configurations",
      "size" : 20,
      "startDate" : "2018-12-27T22:15:35.340+0000"
    },
    {
      "completed" : 20,
      "description" : "Serializing 'org.batfish.representation.cisco.CiscoConfiguration' instances to disk",
      "size" : 20,
      "startDate" : "2018-12-27T22:15:39.126+0000"
    },
    {
      "completed" : 20,
      "description" : "Reading and unpacking files containing 'org.batfish.datamodel.GenericConfigObject' instances",
      "size" : 20,
      "startDate" : "2018-12-27T22:15:39.192+0000"
    },
    {
      "completed" : 20,
      "description" : "Deserializing 'org.batfish.datamodel.GenericConfigObject' instances",
      "size" : 20,
      "startDate" : "2018-12-27T22:15:39.197+0000"
    },
    {
      "completed" : 20,
      "description" : "Convert configurations to vendor-independent format",
      "size" : 20,
      "startDate" : "2018-12-27T22:15:39.225+0000"
    },
    {
      "completed" : 20,
      "description" : "Serializing 20 vendor-independent configuration structures for testrig smt-test",
      "size" : 20,
      "startDate" : "2018-12-27T22:15:39.277+0000"
    }
  ],
  "obtained" : "2018-12-27T22:15:35.272+0000",
  "status" : "TerminatedNormally",
  "terminated" : "2018-12-27T22:15:39.375+0000"
}]
WMS:getWorkStatus 478a7319-d225-497e-b2a2-6cd30428f9f2
status: TERMINATEDNORMALLY
.... Thu Dec 27 16:15:35 CST 2018: Begin job
.... Thu Dec 27 16:15:35 CST 2018: Reading network configuration files: 20/20
.... Thu Dec 27 16:15:35 CST 2018: Parse configurations: 20/20
.... Thu Dec 27 16:15:39 CST 2018: Serializing 'org.batfish.representation.cisco.CiscoConfiguration' instances to disk: 20/20
.... Thu Dec 27 16:15:39 CST 2018: Reading and unpacking files containing 'org.batfish.datamodel.GenericConfigObject' instances: 20/20
.... Thu Dec 27 16:15:39 CST 2018: Deserializing 'org.batfish.datamodel.GenericConfigObject' instances: 20/20
.... Thu Dec 27 16:15:39 CST 2018: Convert configurations to vendor-independent format: 20/20
.... Thu Dec 27 16:15:39 CST 2018: Serializing 20 vendor-independent configuration structures for testrig smt-test: 20/20
.... Thu Dec 27 16:15:39 CST 2018: TERMINATEDNORMALLY
WMS:getObject smt-test --> 478a7319-d225-497e-b2a2-6cd30428f9f2.json
Status: SUCCESS
Summary: 0 (non-assertion) results; 
Base testrig is now smt-test
WMS:uploadQuestion 00000000000000000000000000000000 cp_f058b9e8-49d6-44bd-9070-39fd227092e4 smt-test/q_2031d3bc-886b-4f60-aaba-647325003230
work-id is 0747b3ea-7d72-4fa0-9025-95d6b6268c1d
WMS:queueWork 00000000000000000000000000000000 {
  "containerName" : "cp_f058b9e8-49d6-44bd-9070-39fd227092e4",
  "id" : "0747b3ea-7d72-4fa0-9025-95d6b6268c1d",
  "requestParams" : {
    "answer" : "",
    "haltonparseerror" : "",
    "loglevel" : "fatal",
    "initinfo" : "false",
    "questionname" : "q_2031d3bc-886b-4f60-aaba-647325003230",
    "env" : "env_default",
    "haltonconverterror" : ""
  },
  "testrigName" : "smt-test"
}
WM:AssignWork: Trying to assign [0747b3ea-7d72-4fa0-9025-95d6b6268c1d cp_f058b9e8-49d6-44bd-9070-39fd227092e4 smt-test {answer=, haltonparseerror=, loglevel=fatal, initinfo=false, questionname=q_2031d3bc-886b-4f60-aaba-647325003230, env=env_default, haltonconverterror=}] [TRYINGTOASSIGN] [Thu Dec 27 16:15:40 CST 2018 null null] [null] [null, null] to localhost:9999
Queuing result: true
WMS:getWorkStatus 0747b3ea-7d72-4fa0-9025-95d6b6268c1d
status: TRYINGTOASSIGN
.... no task information
WMS:getWorkStatus 0747b3ea-7d72-4fa0-9025-95d6b6268c1d
status: TRYINGTOASSIGN
.... no task information
BFS:runTask(0747b3ea-7d72-4fa0-9025-95d6b6268c1d,{"answer":"","haltonparseerror":"","loglevel":"fatal","initinfo":"false","questionname":"q_2031d3bc-886b-4f60-aaba-647325003230","env":"env_default","haltonconverterror":"","containerdir":"\/home\/plankton\/batfish\/experiments\/containers\/cp_f058b9e8-49d6-44bd-9070-39fd227092e4","testrig":"smt-test","logfile":"\/home\/plankton\/batfish\/experiments\/containers\/cp_f058b9e8-49d6-44bd-9070-39fd227092e4\/testrigs\/smt-test\/0747b3ea-7d72-4fa0-9025-95d6b6268c1d.log","answerjsonpath":"\/home\/plankton\/batfish\/experiments\/containers\/cp_f058b9e8-49d6-44bd-9070-39fd227092e4\/testrigs\/smt-test\/0747b3ea-7d72-4fa0-9025-95d6b6268c1d.json"})
Will run with args: [-answer, -haltonparseerror, -loglevel, fatal, -initinfo, false, -questionname, q_2031d3bc-886b-4f60-aaba-647325003230, -env, env_default, -haltonconverterror, -containerdir, /home/plankton/batfish/experiments/containers/cp_f058b9e8-49d6-44bd-9070-39fd227092e4, -testrig, smt-test, -logfile, /home/plankton/batfish/experiments/containers/cp_f058b9e8-49d6-44bd-9070-39fd227092e4/testrigs/smt-test/0747b3ea-7d72-4fa0-9025-95d6b6268c1d.log, -answerjsonpath, /home/plankton/batfish/experiments/containers/cp_f058b9e8-49d6-44bd-9070-39fd227092e4/testrigs/smt-test/0747b3ea-7d72-4fa0-9025-95d6b6268c1d.json]
WMS:getWorkStatus 0747b3ea-7d72-4fa0-9025-95d6b6268c1d
WM:AssignWork: response: ["success","running now"] [success] [running now]
status: ASSIGNED
.... no task information
WMS:getWorkStatus 0747b3ea-7d72-4fa0-9025-95d6b6268c1d
status: ASSIGNED
.... no task information
WMS:getWorkStatus 0747b3ea-7d72-4fa0-9025-95d6b6268c1d
status: ASSIGNED
.... no task information
WMS:getWorkStatus 0747b3ea-7d72-4fa0-9025-95d6b6268c1d
status: ASSIGNED
.... no task information
WM:CheckWork: Trying to check [0747b3ea-7d72-4fa0-9025-95d6b6268c1d cp_f058b9e8-49d6-44bd-9070-39fd227092e4 smt-test {answer=, haltonparseerror=, loglevel=fatal, initinfo=false, questionname=q_2031d3bc-886b-4f60-aaba-647325003230, env=env_default, haltonconverterror=}] [CHECKINGSTATUS] [Thu Dec 27 16:15:40 CST 2018 Thu Dec 27 16:15:40 CST 2018 null] [localhost:9999] [null, null] on localhost:9999
WMS:getWorkStatus 0747b3ea-7d72-4fa0-9025-95d6b6268c1d
status: CHECKINGSTATUS
.... no task information
BFS:getTaskStatus 0747b3ea-7d72-4fa0-9025-95d6b6268c1d
WMS:getWorkStatus 0747b3ea-7d72-4fa0-9025-95d6b6268c1d
status: CHECKINGSTATUS
response: ["success","{\n  \"args\" : [\n    \"-answer\",\n    \"-haltonparseerror\",\n    \"-loglevel\",\n    \"fatal\",\n    \"-initinfo\",\n    \"false\",\n    \"-questionname\",\n    \"q_2031d3bc-886b-4f60-aaba-647325003230\",\n    \"-env\",\n    \"env_default\",\n    \"-haltonconverterror\",\n    \"-containerdir\",\n    \"\/home\/plankton\/batfish\/experiments\/containers\/cp_f058b9e8-49d6-44bd-9070-39fd227092e4\",\n    \"-testrig\",\n    \"smt-test\",\n    \"-logfile\",\n    \"\/home\/plankton\/batfish\/experiments\/containers\/cp_f058b9e8-49d6-44bd-9070-39fd227092e4\/testrigs\/smt-test\/0747b3ea-7d72-4fa0-9025-95d6b6268c1d.log\",\n    \"-answerjsonpath\",\n    \"\/home\/plankton\/batfish\/experiments\/containers\/cp_f058b9e8-49d6-44bd-9070-39fd227092e4\/testrigs\/smt-test\/0747b3ea-7d72-4fa0-9025-95d6b6268c1d.json\"\n  ],\n  \"batches\" : [\n    {\n      \"completed\" : 0,\n      \"description\" : \"Begin job\",\n      \"size\" : 0,\n      \"startDate\" : \"2018-12-27T22:15:40.868+0000\"\n    },\n    {\n      \"completed\" : 20,\n      \"description\" : \"Deserializing objects of type 'org.batfish.datamodel.Configuration' from files\",\n      \"size\" : 20,\n      \"startDate\" : \"2018-12-27T22:15:40.908+0000\"\n    }\n  ],\n  \"obtained\" : \"2018-12-27T22:15:40.867+0000\",\n  \"status\" : \"InProgress\"\n}"] [success] [{
  "args" : [
    "-answer",
    "-haltonparseerror",
    "-loglevel",
    "fatal",
    "-initinfo",
    "false",
    "-questionname",
    "q_2031d3bc-886b-4f60-aaba-647325003230",
    "-env",
    "env_default",
    "-haltonconverterror",
    "-containerdir",
    "/home/plankton/batfish/experiments/containers/cp_f058b9e8-49d6-44bd-9070-39fd227092e4",
    "-testrig",
    "smt-test",
    "-logfile",
    "/home/plankton/batfish/experiments/containers/cp_f058b9e8-49d6-44bd-9070-39fd227092e4/testrigs/smt-test/0747b3ea-7d72-4fa0-9025-95d6b6268c1d.log",
    "-answerjsonpath",
    "/home/plankton/batfish/experiments/containers/cp_f058b9e8-49d6-44bd-9070-39fd227092e4/testrigs/smt-test/0747b3ea-7d72-4fa0-9025-95d6b6268c1d.json"
  ],
  "batches" : [
    {
      "completed" : 0,
      "description" : "Begin job",
      "size" : 0,
      "startDate" : "2018-12-27T22:15:40.868+0000"
    },
    {
      "completed" : 20,
      "description" : "Deserializing objects of type 'org.batfish.datamodel.Configuration' from files",
      "size" : 20,
      "startDate" : "2018-12-27T22:15:40.908+0000"
    }
  ],
  "obtained" : "2018-12-27T22:15:40.867+0000",
  "status" : "InProgress"
}]
.... no task information
=====[DEBUG]===== sourceRouters: [R12]
Start verification
Using headerspace: [10.0.0.5, 10.0.0.9, 10.0.0.13, 10.0.0.29, 10.0.0.58, 10.0.0.70, 10.0.0.85, 10.0.0.90, 10.0.0.94, 10.0.0.98, 10.0.0.101, 10.0.0.117, 10.0.0.129, 10.0.0.134, 10.0.0.142, 10.0.0.154, 10.0.0.158, 10.0.0.165, 10.0.0.174, 10.0.0.182, 10.0.0.194, 10.0.0.197, 10.0.0.201, 10.0.0.210, 10.0.0.217, 10.0.0.229, 10.0.0.234, 10.0.0.249]
WMS:getWorkStatus 0747b3ea-7d72-4fa0-9025-95d6b6268c1d
status: ASSIGNED
.... Thu Dec 27 16:15:40 CST 2018: Deserializing objects of type 'org.batfish.datamodel.Configuration' from files: 20/20
Number of edges: 128
Created destination classes
Num Classes: 14
WMS:getWorkStatus 0747b3ea-7d72-4fa0-9025-95d6b6268c1d
status: ASSIGNED
.... Thu Dec 27 16:15:40 CST 2018: Deserializing objects of type 'org.batfish.datamodel.Configuration' from files: 20/20
WMS:getWorkStatus 0747b3ea-7d72-4fa0-9025-95d6b6268c1d
status: ASSIGNED
.... Thu Dec 27 16:15:40 CST 2018: Deserializing objects of type 'org.batfish.datamodel.Configuration' from files: 20/20
WMS:getWorkStatus 0747b3ea-7d72-4fa0-9025-95d6b6268c1d
status: ASSIGNED
.... Thu Dec 27 16:15:40 CST 2018: Deserializing objects of type 'org.batfish.datamodel.Configuration' from files: 20/20
WMS:getWorkStatus 0747b3ea-7d72-4fa0-9025-95d6b6268c1d
status: ASSIGNED
.... Thu Dec 27 16:15:40 CST 2018: Deserializing objects of type 'org.batfish.datamodel.Configuration' from files: 20/20
Created BDDs
=====[DEBUG]===== abstract representatives of R12: [R12]
=====[DEBUG]===== mapped srcRouters: [R12]
=====[DEBUG]===== abstract representatives of R12: [R12, R13, R18, R19]
=====[DEBUG]===== mapped srcRouters: [R12, R13, R18, R19]
=====[DEBUG]===== abstract representatives of R12: [R12, R13, R18, R19]
=====[DEBUG]===== mapped srcRouters: [R12, R13, R18, R19]
=====[DEBUG]===== abstract representatives of R12: [R12]
=====[DEBUG]===== mapped srcRouters: [R12]
=====[DEBUG]===== abstract representatives of R12: [R12, R13, R18, R19]
=====[DEBUG]===== mapped srcRouters: [R12, R13, R18, R19]
=====[DEBUG]===== abstract representatives of R12: [R12, R14, R13, R15]
=====[DEBUG]===== mapped srcRouters: [R12, R14, R13, R15]
=====[DEBUG]===== abstract representatives of R12: [R12, R13, R18, R19]
=====[DEBUG]===== mapped srcRouters: [R12, R13, R18, R19]
=====[DEBUG]===== abstract representatives of R12: [R12, R13, R18, R19]
=====[DEBUG]===== mapped srcRouters: [R12, R13, R18, R19]
=====[DEBUG]===== abstract representatives of R12: [R12, R14, R13, R15]
=====[DEBUG]===== mapped srcRouters: [R12, R14, R13, R15]
=====[DEBUG]===== abstract representatives of R12: [R12, R13, R18, R19]
=====[DEBUG]===== mapped srcRouters: [R12, R13, R18, R19]
=====[DEBUG]===== abstract representatives of R12: [R12, R13, R18, R19]
=====[DEBUG]===== mapped srcRouters: [R12, R13, R18, R19]
=====[DEBUG]===== abstract representatives of R12: [R12, R14, R13, R15]
=====[DEBUG]===== mapped srcRouters: [R12, R14, R13, R15]
=====[DEBUG]===== abstract representatives of R12: [R12, R14, R13, R15]
=====[DEBUG]===== mapped srcRouters: [R12, R14, R13, R15]
=====[DEBUG]===== abstract representatives of R12: [R12, R13, R18, R19]
=====[DEBUG]===== mapped srcRouters: [R12, R13, R18, R19]
WMS:getWorkStatus 0747b3ea-7d72-4fa0-9025-95d6b6268c1d
status: ASSIGNED
.... Thu Dec 27 16:15:40 CST 2018: Deserializing objects of type 'org.batfish.datamodel.Configuration' from files: 20/20
WM:CheckWork: Trying to check [0747b3ea-7d72-4fa0-9025-95d6b6268c1d cp_f058b9e8-49d6-44bd-9070-39fd227092e4 smt-test {answer=, haltonparseerror=, loglevel=fatal, initinfo=false, questionname=q_2031d3bc-886b-4f60-aaba-647325003230, env=env_default, haltonconverterror=}] [CHECKINGSTATUS] [Thu Dec 27 16:15:40 CST 2018 Thu Dec 27 16:15:40 CST 2018 null] [localhost:9999] [InProgress, Thu Dec 27 16:15:41 CST 2018] on localhost:9999
WMS:getWorkStatus 0747b3ea-7d72-4fa0-9025-95d6b6268c1d
status: CHECKINGSTATUS
.... Thu Dec 27 16:15:40 CST 2018: Deserializing objects of type 'org.batfish.datamodel.Configuration' from files: 20/20
BFS:getTaskStatus 0747b3ea-7d72-4fa0-9025-95d6b6268c1d
response: ["success","{\n  \"args\" : [\n    \"-answer\",\n    \"-haltonparseerror\",\n    \"-loglevel\",\n    \"fatal\",\n    \"-initinfo\",\n    \"false\",\n    \"-questionname\",\n    \"q_2031d3bc-886b-4f60-aaba-647325003230\",\n    \"-env\",\n    \"env_default\",\n    \"-haltonconverterror\",\n    \"-containerdir\",\n    \"\/home\/plankton\/batfish\/experiments\/containers\/cp_f058b9e8-49d6-44bd-9070-39fd227092e4\",\n    \"-testrig\",\n    \"smt-test\",\n    \"-logfile\",\n    \"\/home\/plankton\/batfish\/experiments\/containers\/cp_f058b9e8-49d6-44bd-9070-39fd227092e4\/testrigs\/smt-test\/0747b3ea-7d72-4fa0-9025-95d6b6268c1d.log\",\n    \"-answerjsonpath\",\n    \"\/home\/plankton\/batfish\/experiments\/containers\/cp_f058b9e8-49d6-44bd-9070-39fd227092e4\/testrigs\/smt-test\/0747b3ea-7d72-4fa0-9025-95d6b6268c1d.json\"\n  ],\n  \"batches\" : [\n    {\n      \"completed\" : 0,\n      \"description\" : \"Begin job\",\n      \"size\" : 0,\n      \"startDate\" : \"2018-12-27T22:15:40.868+0000\"\n    },\n    {\n      \"completed\" : 20,\n      \"description\" : \"Deserializing objects of type 'org.batfish.datamodel.Configuration' from files\",\n      \"size\" : 20,\n      \"startDate\" : \"2018-12-27T22:15:40.908+0000\"\n    }\n  ],\n  \"errMessage\" : \"org.batfish.common.QuestionException: Exception answering question\",\n  \"obtained\" : \"2018-12-27T22:15:40.867+0000\",\n  \"status\" : \"TerminatedAbnormally\",\n  \"terminated\" : \"2018-12-27T22:15:41.593+0000\"\n}"] [success] [{
  "args" : [
    "-answer",
    "-haltonparseerror",
    "-loglevel",
    "fatal",
    "-initinfo",
    "false",
    "-questionname",
    "q_2031d3bc-886b-4f60-aaba-647325003230",
    "-env",
    "env_default",
    "-haltonconverterror",
    "-containerdir",
    "/home/plankton/batfish/experiments/containers/cp_f058b9e8-49d6-44bd-9070-39fd227092e4",
    "-testrig",
    "smt-test",
    "-logfile",
    "/home/plankton/batfish/experiments/containers/cp_f058b9e8-49d6-44bd-9070-39fd227092e4/testrigs/smt-test/0747b3ea-7d72-4fa0-9025-95d6b6268c1d.log",
    "-answerjsonpath",
    "/home/plankton/batfish/experiments/containers/cp_f058b9e8-49d6-44bd-9070-39fd227092e4/testrigs/smt-test/0747b3ea-7d72-4fa0-9025-95d6b6268c1d.json"
  ],
  "batches" : [
    {
      "completed" : 0,
      "description" : "Begin job",
      "size" : 0,
      "startDate" : "2018-12-27T22:15:40.868+0000"
    },
    {
      "completed" : 20,
      "description" : "Deserializing objects of type 'org.batfish.datamodel.Configuration' from files",
      "size" : 20,
      "startDate" : "2018-12-27T22:15:40.908+0000"
    }
  ],
  "errMessage" : "org.batfish.common.QuestionException: Exception answering question",
  "obtained" : "2018-12-27T22:15:40.867+0000",
  "status" : "TerminatedAbnormally",
  "terminated" : "2018-12-27T22:15:41.593+0000"
}]
WMS:getWorkStatus 0747b3ea-7d72-4fa0-9025-95d6b6268c1d
status: TERMINATEDABNORMALLY
.... Thu Dec 27 16:15:40 CST 2018: Begin job
.... Thu Dec 27 16:15:40 CST 2018: Deserializing objects of type 'org.batfish.datamodel.Configuration' from files: 20/20
.... Thu Dec 27 16:15:41 CST 2018: TERMINATEDABNORMALLY
WMS:getObject smt-test --> 0747b3ea-7d72-4fa0-9025-95d6b6268c1d.json
Status: FAILURE
Question: smt-reachability actions=[ACCEPT], dstIps=[10.0.0.5, 10.0.0.9, 10.0.0.13, 10.0.0.29, 10.0.0.58, 10.0.0.70, 10.0.0.85, 10.0.0.90, 10.0.0.94, 10.0.0.98, 10.0.0.101, 10.0.0.117, 10.0.0.129, 10.0.0.134, 10.0.0.142, 10.0.0.154, 10.0.0.158, 10.0.0.165, 10.0.0.174, 10.0.0.182, 10.0.0.194, 10.0.0.197, 10.0.0.201, 10.0.0.210, 10.0.0.217, 10.0.0.229, 10.0.0.234, 10.0.0.249], finalNodeRegex=R(13|14|15|16|17|18|19), ingressNodeRegex=R12
org.batfish.common.BatfishException: Failed to answer question
   at org.batfish.main.Batfish.answer(Batfish.java:619)
   at org.batfish.main.Batfish.run(Batfish.java:3647)
   at org.batfish.main.Driver$2.run(Driver.java:575)
Caused by: java.lang.NullPointerException
   at sun.reflect.NativeConstructorAccessorImpl.newInstance0(Native Method)
   at sun.reflect.NativeConstructorAccessorImpl.newInstance(NativeConstructorAccessorImpl.java:62)
   at sun.reflect.DelegatingConstructorAccessorImpl.newInstance(DelegatingConstructorAccessorImpl.java:45)
   at java.lang.reflect.Constructor.newInstance(Constructor.java:423)
   at java.util.concurrent.ForkJoinTask.getThrowableException(ForkJoinTask.java:598)
   at java.util.concurrent.ForkJoinTask.reportException(ForkJoinTask.java:677)
   at java.util.concurrent.ForkJoinTask.invoke(ForkJoinTask.java:735)
   at java.util.stream.MatchOps$MatchOp.evaluateParallel(MatchOps.java:242)
   at java.util.stream.MatchOps$MatchOp.evaluateParallel(MatchOps.java:196)
   at java.util.stream.AbstractPipeline.evaluate(AbstractPipeline.java:233)
   at java.util.stream.ReferencePipeline.anyMatch(ReferencePipeline.java:449)
   at org.batfish.symbolic.smt.PropertyChecker.checkProperty(PropertyChecker.java:374)
   at org.batfish.symbolic.smt.PropertyChecker.checkReachability(PropertyChecker.java:560)
   at org.batfish.main.Batfish.smtReachability(Batfish.java:4054)
   at org.batfish.question.SmtReachabilityQuestionPlugin$ReachabilityAnswerer.answer(SmtReachabilityQuestionPlugin.java:33)
   at org.batfish.main.Batfish.answer(Batfish.java:616)
   ... 2 more
Caused by: java.lang.NullPointerException
   at org.batfish.symbolic.Graph.getOriginatedNetworks(Graph.java:283)
   at org.batfish.symbolic.smt.EncoderSlice.initOriginatedPrefixes(EncoderSlice.java:785)
   at org.batfish.symbolic.smt.EncoderSlice.<init>(EncoderSlice.java:132)
   at org.batfish.symbolic.smt.Encoder.initSlices(Encoder.java:233)
   at org.batfish.symbolic.smt.Encoder.<init>(Encoder.java:193)
   at org.batfish.symbolic.smt.Encoder.<init>(Encoder.java:94)
   at org.batfish.symbolic.smt.PropertyChecker.lambda$checkProperty$2(PropertyChecker.java:413)
   at java.util.stream.MatchOps$1MatchSink.accept(MatchOps.java:90)
   at java.util.ArrayList$ArrayListSpliterator.tryAdvance(ArrayList.java:1359)
   at java.util.stream.ReferencePipeline.forEachWithCancel(ReferencePipeline.java:126)
   at java.util.stream.AbstractPipeline.copyIntoWithCancel(AbstractPipeline.java:498)
   at java.util.stream.AbstractPipeline.copyInto(AbstractPipeline.java:485)
   at java.util.stream.AbstractPipeline.wrapAndCopyInto(AbstractPipeline.java:471)
   at java.util.stream.MatchOps$MatchTask.doLeaf(MatchOps.java:306)
   at java.util.stream.MatchOps$MatchTask.doLeaf(MatchOps.java:277)
   at java.util.stream.AbstractShortCircuitTask.compute(AbstractShortCircuitTask.java:115)
   at java.util.concurrent.CountedCompleter.exec(CountedCompleter.java:731)
   at java.util.concurrent.ForkJoinTask.doExec(ForkJoinTask.java:289)
   at java.util.concurrent.ForkJoinPool$WorkQueue.runTask(ForkJoinPool.java:1056)
   at java.util.concurrent.ForkJoinPool.runWorker(ForkJoinPool.java:1692)
   at java.util.concurrent.ForkJoinWorkerThread.run(ForkJoinWorkerThread.java:157)

Summary: 0 (non-assertion) results; 
56.94user 1.57system 0:10.00elapsed 585%CPU (0avgtext+0avgdata 1029112maxresident)k
128inputs+6880outputs (0major+273945minor)pagefaults 0swaps
