OpenJDK 64-Bit Server VM warning: ignoring option MaxPermSize=2048m; support was removed in 8.0
Changed client loglevel to info
WMS:initContainer cp
Initialized container:cp_07b7ea53-f4b7-4c17-9c0f-25fc6cc46c00 using api-key:00000000000000000000000000000000
Init'ed and set active container to cp_07b7ea53-f4b7-4c17-9c0f-25fc6cc46c00

WMS:uploadTestrig 00000000000000000000000000000000 cp_07b7ea53-f4b7-4c17-9c0f-25fc6cc46c00 smt-test
Environment data for testrig:smt-test; bgpTables:false, routingTables:false
Uploaded testrig:smt-test for container:cp_07b7ea53-f4b7-4c17-9c0f-25fc6cc46c00 using api-key:00000000000000000000000000000000
Uploaded testrig.
Parsing now.
work-id is 8ce4c8f7-ae8d-49e2-9553-0f9c29b36007
WMS:queueWork 00000000000000000000000000000000 {
  "containerName" : "cp_07b7ea53-f4b7-4c17-9c0f-25fc6cc46c00",
  "id" : "8ce4c8f7-ae8d-49e2-9553-0f9c29b36007",
  "requestParams" : {
    "sv" : "",
    "haltonparseerror" : "",
    "si" : "",
    "initinfo" : "false",
    "loglevel" : "fatal",
    "unimplementedsuppress" : "",
    "haltonconverterror" : ""
  },
  "testrigName" : "smt-test"
}
WM:AssignWork: Trying to assign [8ce4c8f7-ae8d-49e2-9553-0f9c29b36007 cp_07b7ea53-f4b7-4c17-9c0f-25fc6cc46c00 smt-test {sv=, haltonparseerror=, si=, initinfo=false, loglevel=fatal, unimplementedsuppress=, haltonconverterror=}] [TRYINGTOASSIGN] [Fri Dec 28 10:18:00 CST 2018 null null] [null] [null, null] to localhost:9999
Queuing result: true
WMS:getWorkStatus 8ce4c8f7-ae8d-49e2-9553-0f9c29b36007
status: TRYINGTOASSIGN
.... no task information
BFS:runTask(8ce4c8f7-ae8d-49e2-9553-0f9c29b36007,{"sv":"","haltonparseerror":"","si":"","initinfo":"false","loglevel":"fatal","unimplementedsuppress":"","haltonconverterror":"","containerdir":"\/home\/plankton\/batfish\/experiments\/containers\/cp_07b7ea53-f4b7-4c17-9c0f-25fc6cc46c00","testrig":"smt-test","logfile":"\/home\/plankton\/batfish\/experiments\/containers\/cp_07b7ea53-f4b7-4c17-9c0f-25fc6cc46c00\/testrigs\/smt-test\/8ce4c8f7-ae8d-49e2-9553-0f9c29b36007.log","answerjsonpath":"\/home\/plankton\/batfish\/experiments\/containers\/cp_07b7ea53-f4b7-4c17-9c0f-25fc6cc46c00\/testrigs\/smt-test\/8ce4c8f7-ae8d-49e2-9553-0f9c29b36007.json"})
WMS:getWorkStatus 8ce4c8f7-ae8d-49e2-9553-0f9c29b36007
Will run with args: [-sv, -haltonparseerror, -si, -initinfo, false, -loglevel, fatal, -unimplementedsuppress, -haltonconverterror, -containerdir, /home/plankton/batfish/experiments/containers/cp_07b7ea53-f4b7-4c17-9c0f-25fc6cc46c00, -testrig, smt-test, -logfile, /home/plankton/batfish/experiments/containers/cp_07b7ea53-f4b7-4c17-9c0f-25fc6cc46c00/testrigs/smt-test/8ce4c8f7-ae8d-49e2-9553-0f9c29b36007.log, -answerjsonpath, /home/plankton/batfish/experiments/containers/cp_07b7ea53-f4b7-4c17-9c0f-25fc6cc46c00/testrigs/smt-test/8ce4c8f7-ae8d-49e2-9553-0f9c29b36007.json]
status: TRYINGTOASSIGN
.... no task information
WMS:getWorkStatus 8ce4c8f7-ae8d-49e2-9553-0f9c29b36007
status: TRYINGTOASSIGN
.... no task information
WM:AssignWork: response: ["success","running now"] [success] [running now]
WMS:getWorkStatus 8ce4c8f7-ae8d-49e2-9553-0f9c29b36007
status: ASSIGNED
.... no task information
WMS:getWorkStatus 8ce4c8f7-ae8d-49e2-9553-0f9c29b36007
status: ASSIGNED
.... no task information
WMS:getWorkStatus 8ce4c8f7-ae8d-49e2-9553-0f9c29b36007
status: ASSIGNED
.... no task information
WMS:getWorkStatus 8ce4c8f7-ae8d-49e2-9553-0f9c29b36007
status: ASSIGNED
.... no task information
WMS:getWorkStatus 8ce4c8f7-ae8d-49e2-9553-0f9c29b36007
status: ASSIGNED
.... no task information
WMS:getWorkStatus 8ce4c8f7-ae8d-49e2-9553-0f9c29b36007
status: ASSIGNED
.... no task information
WMS:getWorkStatus 8ce4c8f7-ae8d-49e2-9553-0f9c29b36007
status: ASSIGNED
.... no task information
WMS:getWorkStatus 8ce4c8f7-ae8d-49e2-9553-0f9c29b36007
status: ASSIGNED
.... no task information
WMS:getWorkStatus 8ce4c8f7-ae8d-49e2-9553-0f9c29b36007
status: ASSIGNED
.... no task information
WMS:getWorkStatus 8ce4c8f7-ae8d-49e2-9553-0f9c29b36007
status: ASSIGNED
.... no task information
WM:CheckWork: Trying to check [8ce4c8f7-ae8d-49e2-9553-0f9c29b36007 cp_07b7ea53-f4b7-4c17-9c0f-25fc6cc46c00 smt-test {sv=, haltonparseerror=, si=, initinfo=false, loglevel=fatal, unimplementedsuppress=, haltonconverterror=}] [CHECKINGSTATUS] [Fri Dec 28 10:18:00 CST 2018 Fri Dec 28 10:18:01 CST 2018 null] [localhost:9999] [null, null] on localhost:9999
BFS:getTaskStatus 8ce4c8f7-ae8d-49e2-9553-0f9c29b36007
response: ["success","{\n  \"args\" : [\n    \"-sv\",\n    \"-haltonparseerror\",\n    \"-si\",\n    \"-initinfo\",\n    \"false\",\n    \"-loglevel\",\n    \"fatal\",\n    \"-unimplementedsuppress\",\n    \"-haltonconverterror\",\n    \"-containerdir\",\n    \"\/home\/plankton\/batfish\/experiments\/containers\/cp_07b7ea53-f4b7-4c17-9c0f-25fc6cc46c00\",\n    \"-testrig\",\n    \"smt-test\",\n    \"-logfile\",\n    \"\/home\/plankton\/batfish\/experiments\/containers\/cp_07b7ea53-f4b7-4c17-9c0f-25fc6cc46c00\/testrigs\/smt-test\/8ce4c8f7-ae8d-49e2-9553-0f9c29b36007.log\",\n    \"-answerjsonpath\",\n    \"\/home\/plankton\/batfish\/experiments\/containers\/cp_07b7ea53-f4b7-4c17-9c0f-25fc6cc46c00\/testrigs\/smt-test\/8ce4c8f7-ae8d-49e2-9553-0f9c29b36007.json\"\n  ],\n  \"batches\" : [\n    {\n      \"completed\" : 0,\n      \"description\" : \"Begin job\",\n      \"size\" : 0,\n      \"startDate\" : \"2018-12-28T16:18:01.011+0000\"\n    },\n    {\n      \"completed\" : 45,\n      \"description\" : \"Reading network configuration files\",\n      \"size\" : 45,\n      \"startDate\" : \"2018-12-28T16:18:01.048+0000\"\n    },\n    {\n      \"completed\" : 0,\n      \"description\" : \"Parse configurations\",\n      \"size\" : 45,\n      \"startDate\" : \"2018-12-28T16:18:01.136+0000\"\n    }\n  ],\n  \"obtained\" : \"2018-12-28T16:18:01.001+0000\",\n  \"status\" : \"InProgress\"\n}"] [success] [{
  "args" : [
    "-sv",
    "-haltonparseerror",
    "-si",
    "-initinfo",
    "false",
    "-loglevel",
    "fatal",
    "-unimplementedsuppress",
    "-haltonconverterror",
    "-containerdir",
    "/home/plankton/batfish/experiments/containers/cp_07b7ea53-f4b7-4c17-9c0f-25fc6cc46c00",
    "-testrig",
    "smt-test",
    "-logfile",
    "/home/plankton/batfish/experiments/containers/cp_07b7ea53-f4b7-4c17-9c0f-25fc6cc46c00/testrigs/smt-test/8ce4c8f7-ae8d-49e2-9553-0f9c29b36007.log",
    "-answerjsonpath",
    "/home/plankton/batfish/experiments/containers/cp_07b7ea53-f4b7-4c17-9c0f-25fc6cc46c00/testrigs/smt-test/8ce4c8f7-ae8d-49e2-9553-0f9c29b36007.json"
  ],
  "batches" : [
    {
      "completed" : 0,
      "description" : "Begin job",
      "size" : 0,
      "startDate" : "2018-12-28T16:18:01.011+0000"
    },
    {
      "completed" : 45,
      "description" : "Reading network configuration files",
      "size" : 45,
      "startDate" : "2018-12-28T16:18:01.048+0000"
    },
    {
      "completed" : 0,
      "description" : "Parse configurations",
      "size" : 45,
      "startDate" : "2018-12-28T16:18:01.136+0000"
    }
  ],
  "obtained" : "2018-12-28T16:18:01.001+0000",
  "status" : "InProgress"
}]
WMS:getWorkStatus 8ce4c8f7-ae8d-49e2-9553-0f9c29b36007
status: ASSIGNED
.... Fri Dec 28 10:18:01 CST 2018: Parse configurations: 0/45
WMS:getWorkStatus 8ce4c8f7-ae8d-49e2-9553-0f9c29b36007
status: ASSIGNED
.... Fri Dec 28 10:18:01 CST 2018: Parse configurations: 0/45
WMS:getWorkStatus 8ce4c8f7-ae8d-49e2-9553-0f9c29b36007
status: ASSIGNED
.... Fri Dec 28 10:18:01 CST 2018: Parse configurations: 0/45
WM:CheckWork: Trying to check [8ce4c8f7-ae8d-49e2-9553-0f9c29b36007 cp_07b7ea53-f4b7-4c17-9c0f-25fc6cc46c00 smt-test {sv=, haltonparseerror=, si=, initinfo=false, loglevel=fatal, unimplementedsuppress=, haltonconverterror=}] [CHECKINGSTATUS] [Fri Dec 28 10:18:00 CST 2018 Fri Dec 28 10:18:01 CST 2018 null] [localhost:9999] [InProgress, Fri Dec 28 10:18:01 CST 2018] on localhost:9999
BFS:getTaskStatus 8ce4c8f7-ae8d-49e2-9553-0f9c29b36007
response: ["success","{\n  \"args\" : [\n    \"-sv\",\n    \"-haltonparseerror\",\n    \"-si\",\n    \"-initinfo\",\n    \"false\",\n    \"-loglevel\",\n    \"fatal\",\n    \"-unimplementedsuppress\",\n    \"-haltonconverterror\",\n    \"-containerdir\",\n    \"\/home\/plankton\/batfish\/experiments\/containers\/cp_07b7ea53-f4b7-4c17-9c0f-25fc6cc46c00\",\n    \"-testrig\",\n    \"smt-test\",\n    \"-logfile\",\n    \"\/home\/plankton\/batfish\/experiments\/containers\/cp_07b7ea53-f4b7-4c17-9c0f-25fc6cc46c00\/testrigs\/smt-test\/8ce4c8f7-ae8d-49e2-9553-0f9c29b36007.log\",\n    \"-answerjsonpath\",\n    \"\/home\/plankton\/batfish\/experiments\/containers\/cp_07b7ea53-f4b7-4c17-9c0f-25fc6cc46c00\/testrigs\/smt-test\/8ce4c8f7-ae8d-49e2-9553-0f9c29b36007.json\"\n  ],\n  \"batches\" : [\n    {\n      \"completed\" : 0,\n      \"description\" : \"Begin job\",\n      \"size\" : 0,\n      \"startDate\" : \"2018-12-28T16:18:01.011+0000\"\n    },\n    {\n      \"completed\" : 45,\n      \"description\" : \"Reading network configuration files\",\n      \"size\" : 45,\n      \"startDate\" : \"2018-12-28T16:18:01.048+0000\"\n    },\n    {\n      \"completed\" : 0,\n      \"description\" : \"Parse configurations\",\n      \"size\" : 45,\n      \"startDate\" : \"2018-12-28T16:18:01.136+0000\"\n    }\n  ],\n  \"obtained\" : \"2018-12-28T16:18:01.001+0000\",\n  \"status\" : \"InProgress\"\n}"] [success] [{
  "args" : [
    "-sv",
    "-haltonparseerror",
    "-si",
    "-initinfo",
    "false",
    "-loglevel",
    "fatal",
    "-unimplementedsuppress",
    "-haltonconverterror",
    "-containerdir",
    "/home/plankton/batfish/experiments/containers/cp_07b7ea53-f4b7-4c17-9c0f-25fc6cc46c00",
    "-testrig",
    "smt-test",
    "-logfile",
    "/home/plankton/batfish/experiments/containers/cp_07b7ea53-f4b7-4c17-9c0f-25fc6cc46c00/testrigs/smt-test/8ce4c8f7-ae8d-49e2-9553-0f9c29b36007.log",
    "-answerjsonpath",
    "/home/plankton/batfish/experiments/containers/cp_07b7ea53-f4b7-4c17-9c0f-25fc6cc46c00/testrigs/smt-test/8ce4c8f7-ae8d-49e2-9553-0f9c29b36007.json"
  ],
  "batches" : [
    {
      "completed" : 0,
      "description" : "Begin job",
      "size" : 0,
      "startDate" : "2018-12-28T16:18:01.011+0000"
    },
    {
      "completed" : 45,
      "description" : "Reading network configuration files",
      "size" : 45,
      "startDate" : "2018-12-28T16:18:01.048+0000"
    },
    {
      "completed" : 0,
      "description" : "Parse configurations",
      "size" : 45,
      "startDate" : "2018-12-28T16:18:01.136+0000"
    }
  ],
  "obtained" : "2018-12-28T16:18:01.001+0000",
  "status" : "InProgress"
}]
WMS:getWorkStatus 8ce4c8f7-ae8d-49e2-9553-0f9c29b36007
status: ASSIGNED
.... Fri Dec 28 10:18:01 CST 2018: Parse configurations: 0/45
WM:CheckWork: Trying to check [8ce4c8f7-ae8d-49e2-9553-0f9c29b36007 cp_07b7ea53-f4b7-4c17-9c0f-25fc6cc46c00 smt-test {sv=, haltonparseerror=, si=, initinfo=false, loglevel=fatal, unimplementedsuppress=, haltonconverterror=}] [CHECKINGSTATUS] [Fri Dec 28 10:18:00 CST 2018 Fri Dec 28 10:18:01 CST 2018 null] [localhost:9999] [InProgress, Fri Dec 28 10:18:02 CST 2018] on localhost:9999
BFS:getTaskStatus 8ce4c8f7-ae8d-49e2-9553-0f9c29b36007
response: ["success","{\n  \"args\" : [\n    \"-sv\",\n    \"-haltonparseerror\",\n    \"-si\",\n    \"-initinfo\",\n    \"false\",\n    \"-loglevel\",\n    \"fatal\",\n    \"-unimplementedsuppress\",\n    \"-haltonconverterror\",\n    \"-containerdir\",\n    \"\/home\/plankton\/batfish\/experiments\/containers\/cp_07b7ea53-f4b7-4c17-9c0f-25fc6cc46c00\",\n    \"-testrig\",\n    \"smt-test\",\n    \"-logfile\",\n    \"\/home\/plankton\/batfish\/experiments\/containers\/cp_07b7ea53-f4b7-4c17-9c0f-25fc6cc46c00\/testrigs\/smt-test\/8ce4c8f7-ae8d-49e2-9553-0f9c29b36007.log\",\n    \"-answerjsonpath\",\n    \"\/home\/plankton\/batfish\/experiments\/containers\/cp_07b7ea53-f4b7-4c17-9c0f-25fc6cc46c00\/testrigs\/smt-test\/8ce4c8f7-ae8d-49e2-9553-0f9c29b36007.json\"\n  ],\n  \"batches\" : [\n    {\n      \"completed\" : 0,\n      \"description\" : \"Begin job\",\n      \"size\" : 0,\n      \"startDate\" : \"2018-12-28T16:18:01.011+0000\"\n    },\n    {\n      \"completed\" : 45,\n      \"description\" : \"Reading network configuration files\",\n      \"size\" : 45,\n      \"startDate\" : \"2018-12-28T16:18:01.048+0000\"\n    },\n    {\n      \"completed\" : 0,\n      \"description\" : \"Parse configurations\",\n      \"size\" : 45,\n      \"startDate\" : \"2018-12-28T16:18:01.136+0000\"\n    }\n  ],\n  \"obtained\" : \"2018-12-28T16:18:01.001+0000\",\n  \"status\" : \"InProgress\"\n}"] [success] [{
  "args" : [
    "-sv",
    "-haltonparseerror",
    "-si",
    "-initinfo",
    "false",
    "-loglevel",
    "fatal",
    "-unimplementedsuppress",
    "-haltonconverterror",
    "-containerdir",
    "/home/plankton/batfish/experiments/containers/cp_07b7ea53-f4b7-4c17-9c0f-25fc6cc46c00",
    "-testrig",
    "smt-test",
    "-logfile",
    "/home/plankton/batfish/experiments/containers/cp_07b7ea53-f4b7-4c17-9c0f-25fc6cc46c00/testrigs/smt-test/8ce4c8f7-ae8d-49e2-9553-0f9c29b36007.log",
    "-answerjsonpath",
    "/home/plankton/batfish/experiments/containers/cp_07b7ea53-f4b7-4c17-9c0f-25fc6cc46c00/testrigs/smt-test/8ce4c8f7-ae8d-49e2-9553-0f9c29b36007.json"
  ],
  "batches" : [
    {
      "completed" : 0,
      "description" : "Begin job",
      "size" : 0,
      "startDate" : "2018-12-28T16:18:01.011+0000"
    },
    {
      "completed" : 45,
      "description" : "Reading network configuration files",
      "size" : 45,
      "startDate" : "2018-12-28T16:18:01.048+0000"
    },
    {
      "completed" : 0,
      "description" : "Parse configurations",
      "size" : 45,
      "startDate" : "2018-12-28T16:18:01.136+0000"
    }
  ],
  "obtained" : "2018-12-28T16:18:01.001+0000",
  "status" : "InProgress"
}]
WMS:getWorkStatus 8ce4c8f7-ae8d-49e2-9553-0f9c29b36007
status: ASSIGNED
.... Fri Dec 28 10:18:01 CST 2018: Parse configurations: 0/45
WM:CheckWork: Trying to check [8ce4c8f7-ae8d-49e2-9553-0f9c29b36007 cp_07b7ea53-f4b7-4c17-9c0f-25fc6cc46c00 smt-test {sv=, haltonparseerror=, si=, initinfo=false, loglevel=fatal, unimplementedsuppress=, haltonconverterror=}] [CHECKINGSTATUS] [Fri Dec 28 10:18:00 CST 2018 Fri Dec 28 10:18:01 CST 2018 null] [localhost:9999] [InProgress, Fri Dec 28 10:18:03 CST 2018] on localhost:9999
BFS:getTaskStatus 8ce4c8f7-ae8d-49e2-9553-0f9c29b36007
response: ["success","{\n  \"args\" : [\n    \"-sv\",\n    \"-haltonparseerror\",\n    \"-si\",\n    \"-initinfo\",\n    \"false\",\n    \"-loglevel\",\n    \"fatal\",\n    \"-unimplementedsuppress\",\n    \"-haltonconverterror\",\n    \"-containerdir\",\n    \"\/home\/plankton\/batfish\/experiments\/containers\/cp_07b7ea53-f4b7-4c17-9c0f-25fc6cc46c00\",\n    \"-testrig\",\n    \"smt-test\",\n    \"-logfile\",\n    \"\/home\/plankton\/batfish\/experiments\/containers\/cp_07b7ea53-f4b7-4c17-9c0f-25fc6cc46c00\/testrigs\/smt-test\/8ce4c8f7-ae8d-49e2-9553-0f9c29b36007.log\",\n    \"-answerjsonpath\",\n    \"\/home\/plankton\/batfish\/experiments\/containers\/cp_07b7ea53-f4b7-4c17-9c0f-25fc6cc46c00\/testrigs\/smt-test\/8ce4c8f7-ae8d-49e2-9553-0f9c29b36007.json\"\n  ],\n  \"batches\" : [\n    {\n      \"completed\" : 0,\n      \"description\" : \"Begin job\",\n      \"size\" : 0,\n      \"startDate\" : \"2018-12-28T16:18:01.011+0000\"\n    },\n    {\n      \"completed\" : 45,\n      \"description\" : \"Reading network configuration files\",\n      \"size\" : 45,\n      \"startDate\" : \"2018-12-28T16:18:01.048+0000\"\n    },\n    {\n      \"completed\" : 0,\n      \"description\" : \"Parse configurations\",\n      \"size\" : 45,\n      \"startDate\" : \"2018-12-28T16:18:01.136+0000\"\n    }\n  ],\n  \"obtained\" : \"2018-12-28T16:18:01.001+0000\",\n  \"status\" : \"InProgress\"\n}"] [success] [{
  "args" : [
    "-sv",
    "-haltonparseerror",
    "-si",
    "-initinfo",
    "false",
    "-loglevel",
    "fatal",
    "-unimplementedsuppress",
    "-haltonconverterror",
    "-containerdir",
    "/home/plankton/batfish/experiments/containers/cp_07b7ea53-f4b7-4c17-9c0f-25fc6cc46c00",
    "-testrig",
    "smt-test",
    "-logfile",
    "/home/plankton/batfish/experiments/containers/cp_07b7ea53-f4b7-4c17-9c0f-25fc6cc46c00/testrigs/smt-test/8ce4c8f7-ae8d-49e2-9553-0f9c29b36007.log",
    "-answerjsonpath",
    "/home/plankton/batfish/experiments/containers/cp_07b7ea53-f4b7-4c17-9c0f-25fc6cc46c00/testrigs/smt-test/8ce4c8f7-ae8d-49e2-9553-0f9c29b36007.json"
  ],
  "batches" : [
    {
      "completed" : 0,
      "description" : "Begin job",
      "size" : 0,
      "startDate" : "2018-12-28T16:18:01.011+0000"
    },
    {
      "completed" : 45,
      "description" : "Reading network configuration files",
      "size" : 45,
      "startDate" : "2018-12-28T16:18:01.048+0000"
    },
    {
      "completed" : 0,
      "description" : "Parse configurations",
      "size" : 45,
      "startDate" : "2018-12-28T16:18:01.136+0000"
    }
  ],
  "obtained" : "2018-12-28T16:18:01.001+0000",
  "status" : "InProgress"
}]
WMS:getWorkStatus 8ce4c8f7-ae8d-49e2-9553-0f9c29b36007
status: ASSIGNED
.... Fri Dec 28 10:18:01 CST 2018: Parse configurations: 0/45
WM:CheckWork: Trying to check [8ce4c8f7-ae8d-49e2-9553-0f9c29b36007 cp_07b7ea53-f4b7-4c17-9c0f-25fc6cc46c00 smt-test {sv=, haltonparseerror=, si=, initinfo=false, loglevel=fatal, unimplementedsuppress=, haltonconverterror=}] [CHECKINGSTATUS] [Fri Dec 28 10:18:00 CST 2018 Fri Dec 28 10:18:01 CST 2018 null] [localhost:9999] [InProgress, Fri Dec 28 10:18:04 CST 2018] on localhost:9999
BFS:getTaskStatus 8ce4c8f7-ae8d-49e2-9553-0f9c29b36007
response: ["success","{\n  \"args\" : [\n    \"-sv\",\n    \"-haltonparseerror\",\n    \"-si\",\n    \"-initinfo\",\n    \"false\",\n    \"-loglevel\",\n    \"fatal\",\n    \"-unimplementedsuppress\",\n    \"-haltonconverterror\",\n    \"-containerdir\",\n    \"\/home\/plankton\/batfish\/experiments\/containers\/cp_07b7ea53-f4b7-4c17-9c0f-25fc6cc46c00\",\n    \"-testrig\",\n    \"smt-test\",\n    \"-logfile\",\n    \"\/home\/plankton\/batfish\/experiments\/containers\/cp_07b7ea53-f4b7-4c17-9c0f-25fc6cc46c00\/testrigs\/smt-test\/8ce4c8f7-ae8d-49e2-9553-0f9c29b36007.log\",\n    \"-answerjsonpath\",\n    \"\/home\/plankton\/batfish\/experiments\/containers\/cp_07b7ea53-f4b7-4c17-9c0f-25fc6cc46c00\/testrigs\/smt-test\/8ce4c8f7-ae8d-49e2-9553-0f9c29b36007.json\"\n  ],\n  \"batches\" : [\n    {\n      \"completed\" : 0,\n      \"description\" : \"Begin job\",\n      \"size\" : 0,\n      \"startDate\" : \"2018-12-28T16:18:01.011+0000\"\n    },\n    {\n      \"completed\" : 45,\n      \"description\" : \"Reading network configuration files\",\n      \"size\" : 45,\n      \"startDate\" : \"2018-12-28T16:18:01.048+0000\"\n    },\n    {\n      \"completed\" : 45,\n      \"description\" : \"Parse configurations\",\n      \"size\" : 45,\n      \"startDate\" : \"2018-12-28T16:18:01.136+0000\"\n    },\n    {\n      \"completed\" : 45,\n      \"description\" : \"Serializing 'org.batfish.representation.cisco.CiscoConfiguration' instances to disk\",\n      \"size\" : 45,\n      \"startDate\" : \"2018-12-28T16:18:05.534+0000\"\n    },\n    {\n      \"completed\" : 45,\n      \"description\" : \"Reading and unpacking files containing 'org.batfish.datamodel.GenericConfigObject' instances\",\n      \"size\" : 45,\n      \"startDate\" : \"2018-12-28T16:18:05.619+0000\"\n    },\n    {\n      \"completed\" : 45,\n      \"description\" : \"Deserializing 'org.batfish.datamodel.GenericConfigObject' instances\",\n      \"size\" : 45,\n      \"startDate\" : \"2018-12-28T16:18:05.629+0000\"\n    },\n    {\n      \"completed\" : 18,\n      \"description\" : \"Convert configurations to vendor-independent format\",\n      \"size\" : 45,\n      \"startDate\" : \"2018-12-28T16:18:05.687+0000\"\n    }\n  ],\n  \"obtained\" : \"2018-12-28T16:18:01.001+0000\",\n  \"status\" : \"InProgress\"\n}"] [success] [{
  "args" : [
    "-sv",
    "-haltonparseerror",
    "-si",
    "-initinfo",
    "false",
    "-loglevel",
    "fatal",
    "-unimplementedsuppress",
    "-haltonconverterror",
    "-containerdir",
    "/home/plankton/batfish/experiments/containers/cp_07b7ea53-f4b7-4c17-9c0f-25fc6cc46c00",
    "-testrig",
    "smt-test",
    "-logfile",
    "/home/plankton/batfish/experiments/containers/cp_07b7ea53-f4b7-4c17-9c0f-25fc6cc46c00/testrigs/smt-test/8ce4c8f7-ae8d-49e2-9553-0f9c29b36007.log",
    "-answerjsonpath",
    "/home/plankton/batfish/experiments/containers/cp_07b7ea53-f4b7-4c17-9c0f-25fc6cc46c00/testrigs/smt-test/8ce4c8f7-ae8d-49e2-9553-0f9c29b36007.json"
  ],
  "batches" : [
    {
      "completed" : 0,
      "description" : "Begin job",
      "size" : 0,
      "startDate" : "2018-12-28T16:18:01.011+0000"
    },
    {
      "completed" : 45,
      "description" : "Reading network configuration files",
      "size" : 45,
      "startDate" : "2018-12-28T16:18:01.048+0000"
    },
    {
      "completed" : 45,
      "description" : "Parse configurations",
      "size" : 45,
      "startDate" : "2018-12-28T16:18:01.136+0000"
    },
    {
      "completed" : 45,
      "description" : "Serializing 'org.batfish.representation.cisco.CiscoConfiguration' instances to disk",
      "size" : 45,
      "startDate" : "2018-12-28T16:18:05.534+0000"
    },
    {
      "completed" : 45,
      "description" : "Reading and unpacking files containing 'org.batfish.datamodel.GenericConfigObject' instances",
      "size" : 45,
      "startDate" : "2018-12-28T16:18:05.619+0000"
    },
    {
      "completed" : 45,
      "description" : "Deserializing 'org.batfish.datamodel.GenericConfigObject' instances",
      "size" : 45,
      "startDate" : "2018-12-28T16:18:05.629+0000"
    },
    {
      "completed" : 18,
      "description" : "Convert configurations to vendor-independent format",
      "size" : 45,
      "startDate" : "2018-12-28T16:18:05.687+0000"
    }
  ],
  "obtained" : "2018-12-28T16:18:01.001+0000",
  "status" : "InProgress"
}]
WMS:getWorkStatus 8ce4c8f7-ae8d-49e2-9553-0f9c29b36007
status: ASSIGNED
.... Fri Dec 28 10:18:05 CST 2018: Convert configurations to vendor-independent format: 18/45
WM:CheckWork: Trying to check [8ce4c8f7-ae8d-49e2-9553-0f9c29b36007 cp_07b7ea53-f4b7-4c17-9c0f-25fc6cc46c00 smt-test {sv=, haltonparseerror=, si=, initinfo=false, loglevel=fatal, unimplementedsuppress=, haltonconverterror=}] [CHECKINGSTATUS] [Fri Dec 28 10:18:00 CST 2018 Fri Dec 28 10:18:01 CST 2018 null] [localhost:9999] [InProgress, Fri Dec 28 10:18:05 CST 2018] on localhost:9999
BFS:getTaskStatus 8ce4c8f7-ae8d-49e2-9553-0f9c29b36007
response: ["success","{\n  \"args\" : [\n    \"-sv\",\n    \"-haltonparseerror\",\n    \"-si\",\n    \"-initinfo\",\n    \"false\",\n    \"-loglevel\",\n    \"fatal\",\n    \"-unimplementedsuppress\",\n    \"-haltonconverterror\",\n    \"-containerdir\",\n    \"\/home\/plankton\/batfish\/experiments\/containers\/cp_07b7ea53-f4b7-4c17-9c0f-25fc6cc46c00\",\n    \"-testrig\",\n    \"smt-test\",\n    \"-logfile\",\n    \"\/home\/plankton\/batfish\/experiments\/containers\/cp_07b7ea53-f4b7-4c17-9c0f-25fc6cc46c00\/testrigs\/smt-test\/8ce4c8f7-ae8d-49e2-9553-0f9c29b36007.log\",\n    \"-answerjsonpath\",\n    \"\/home\/plankton\/batfish\/experiments\/containers\/cp_07b7ea53-f4b7-4c17-9c0f-25fc6cc46c00\/testrigs\/smt-test\/8ce4c8f7-ae8d-49e2-9553-0f9c29b36007.json\"\n  ],\n  \"batches\" : [\n    {\n      \"completed\" : 0,\n      \"description\" : \"Begin job\",\n      \"size\" : 0,\n      \"startDate\" : \"2018-12-28T16:18:01.011+0000\"\n    },\n    {\n      \"completed\" : 45,\n      \"description\" : \"Reading network configuration files\",\n      \"size\" : 45,\n      \"startDate\" : \"2018-12-28T16:18:01.048+0000\"\n    },\n    {\n      \"completed\" : 45,\n      \"description\" : \"Parse configurations\",\n      \"size\" : 45,\n      \"startDate\" : \"2018-12-28T16:18:01.136+0000\"\n    },\n    {\n      \"completed\" : 45,\n      \"description\" : \"Serializing 'org.batfish.representation.cisco.CiscoConfiguration' instances to disk\",\n      \"size\" : 45,\n      \"startDate\" : \"2018-12-28T16:18:05.534+0000\"\n    },\n    {\n      \"completed\" : 45,\n      \"description\" : \"Reading and unpacking files containing 'org.batfish.datamodel.GenericConfigObject' instances\",\n      \"size\" : 45,\n      \"startDate\" : \"2018-12-28T16:18:05.619+0000\"\n    },\n    {\n      \"completed\" : 45,\n      \"description\" : \"Deserializing 'org.batfish.datamodel.GenericConfigObject' instances\",\n      \"size\" : 45,\n      \"startDate\" : \"2018-12-28T16:18:05.629+0000\"\n    },\n    {\n      \"completed\" : 45,\n      \"description\" : \"Convert configurations to vendor-independent format\",\n      \"size\" : 45,\n      \"startDate\" : \"2018-12-28T16:18:05.687+0000\"\n    },\n    {\n      \"completed\" : 45,\n      \"description\" : \"Serializing 45 vendor-independent configuration structures for testrig smt-test\",\n      \"size\" : 45,\n      \"startDate\" : \"2018-12-28T16:18:05.761+0000\"\n    }\n  ],\n  \"obtained\" : \"2018-12-28T16:18:01.001+0000\",\n  \"status\" : \"TerminatedNormally\",\n  \"terminated\" : \"2018-12-28T16:18:05.885+0000\"\n}"] [success] [{
  "args" : [
    "-sv",
    "-haltonparseerror",
    "-si",
    "-initinfo",
    "false",
    "-loglevel",
    "fatal",
    "-unimplementedsuppress",
    "-haltonconverterror",
    "-containerdir",
    "/home/plankton/batfish/experiments/containers/cp_07b7ea53-f4b7-4c17-9c0f-25fc6cc46c00",
    "-testrig",
    "smt-test",
    "-logfile",
    "/home/plankton/batfish/experiments/containers/cp_07b7ea53-f4b7-4c17-9c0f-25fc6cc46c00/testrigs/smt-test/8ce4c8f7-ae8d-49e2-9553-0f9c29b36007.log",
    "-answerjsonpath",
    "/home/plankton/batfish/experiments/containers/cp_07b7ea53-f4b7-4c17-9c0f-25fc6cc46c00/testrigs/smt-test/8ce4c8f7-ae8d-49e2-9553-0f9c29b36007.json"
  ],
  "batches" : [
    {
      "completed" : 0,
      "description" : "Begin job",
      "size" : 0,
      "startDate" : "2018-12-28T16:18:01.011+0000"
    },
    {
      "completed" : 45,
      "description" : "Reading network configuration files",
      "size" : 45,
      "startDate" : "2018-12-28T16:18:01.048+0000"
    },
    {
      "completed" : 45,
      "description" : "Parse configurations",
      "size" : 45,
      "startDate" : "2018-12-28T16:18:01.136+0000"
    },
    {
      "completed" : 45,
      "description" : "Serializing 'org.batfish.representation.cisco.CiscoConfiguration' instances to disk",
      "size" : 45,
      "startDate" : "2018-12-28T16:18:05.534+0000"
    },
    {
      "completed" : 45,
      "description" : "Reading and unpacking files containing 'org.batfish.datamodel.GenericConfigObject' instances",
      "size" : 45,
      "startDate" : "2018-12-28T16:18:05.619+0000"
    },
    {
      "completed" : 45,
      "description" : "Deserializing 'org.batfish.datamodel.GenericConfigObject' instances",
      "size" : 45,
      "startDate" : "2018-12-28T16:18:05.629+0000"
    },
    {
      "completed" : 45,
      "description" : "Convert configurations to vendor-independent format",
      "size" : 45,
      "startDate" : "2018-12-28T16:18:05.687+0000"
    },
    {
      "completed" : 45,
      "description" : "Serializing 45 vendor-independent configuration structures for testrig smt-test",
      "size" : 45,
      "startDate" : "2018-12-28T16:18:05.761+0000"
    }
  ],
  "obtained" : "2018-12-28T16:18:01.001+0000",
  "status" : "TerminatedNormally",
  "terminated" : "2018-12-28T16:18:05.885+0000"
}]
WMS:getWorkStatus 8ce4c8f7-ae8d-49e2-9553-0f9c29b36007
status: TERMINATEDNORMALLY
.... Fri Dec 28 10:18:01 CST 2018: Begin job
.... Fri Dec 28 10:18:01 CST 2018: Reading network configuration files: 45/45
.... Fri Dec 28 10:18:01 CST 2018: Parse configurations: 45/45
.... Fri Dec 28 10:18:05 CST 2018: Serializing 'org.batfish.representation.cisco.CiscoConfiguration' instances to disk: 45/45
.... Fri Dec 28 10:18:05 CST 2018: Reading and unpacking files containing 'org.batfish.datamodel.GenericConfigObject' instances: 45/45
.... Fri Dec 28 10:18:05 CST 2018: Deserializing 'org.batfish.datamodel.GenericConfigObject' instances: 45/45
.... Fri Dec 28 10:18:05 CST 2018: Convert configurations to vendor-independent format: 45/45
.... Fri Dec 28 10:18:05 CST 2018: Serializing 45 vendor-independent configuration structures for testrig smt-test: 45/45
.... Fri Dec 28 10:18:05 CST 2018: TERMINATEDNORMALLY
WMS:getObject smt-test --> 8ce4c8f7-ae8d-49e2-9553-0f9c29b36007.json
Status: SUCCESS
Summary: 0 (non-assertion) results; 
Base testrig is now smt-test
WMS:uploadQuestion 00000000000000000000000000000000 cp_07b7ea53-f4b7-4c17-9c0f-25fc6cc46c00 smt-test/q_b0ceddd7-97fb-4a8e-8b00-7f9f3f724857
work-id is df735c6d-c34e-4ae1-8140-273cd8c201b6
WMS:queueWork 00000000000000000000000000000000 {
  "containerName" : "cp_07b7ea53-f4b7-4c17-9c0f-25fc6cc46c00",
  "id" : "df735c6d-c34e-4ae1-8140-273cd8c201b6",
  "requestParams" : {
    "answer" : "",
    "haltonparseerror" : "",
    "loglevel" : "fatal",
    "initinfo" : "false",
    "questionname" : "q_b0ceddd7-97fb-4a8e-8b00-7f9f3f724857",
    "env" : "env_default",
    "haltonconverterror" : ""
  },
  "testrigName" : "smt-test"
}
WM:AssignWork: Trying to assign [df735c6d-c34e-4ae1-8140-273cd8c201b6 cp_07b7ea53-f4b7-4c17-9c0f-25fc6cc46c00 smt-test {answer=, haltonparseerror=, loglevel=fatal, initinfo=false, questionname=q_b0ceddd7-97fb-4a8e-8b00-7f9f3f724857, env=env_default, haltonconverterror=}] [TRYINGTOASSIGN] [Fri Dec 28 10:18:07 CST 2018 null null] [null] [null, null] to localhost:9999
Queuing result: true
WMS:getWorkStatus df735c6d-c34e-4ae1-8140-273cd8c201b6
status: TRYINGTOASSIGN
.... no task information
WMS:getWorkStatus df735c6d-c34e-4ae1-8140-273cd8c201b6
status: TRYINGTOASSIGN
.... no task information
WMS:getWorkStatus df735c6d-c34e-4ae1-8140-273cd8c201b6
status: TRYINGTOASSIGN
.... no task information
BFS:runTask(df735c6d-c34e-4ae1-8140-273cd8c201b6,{"answer":"","haltonparseerror":"","loglevel":"fatal","initinfo":"false","questionname":"q_b0ceddd7-97fb-4a8e-8b00-7f9f3f724857","env":"env_default","haltonconverterror":"","containerdir":"\/home\/plankton\/batfish\/experiments\/containers\/cp_07b7ea53-f4b7-4c17-9c0f-25fc6cc46c00","testrig":"smt-test","logfile":"\/home\/plankton\/batfish\/experiments\/containers\/cp_07b7ea53-f4b7-4c17-9c0f-25fc6cc46c00\/testrigs\/smt-test\/df735c6d-c34e-4ae1-8140-273cd8c201b6.log","answerjsonpath":"\/home\/plankton\/batfish\/experiments\/containers\/cp_07b7ea53-f4b7-4c17-9c0f-25fc6cc46c00\/testrigs\/smt-test\/df735c6d-c34e-4ae1-8140-273cd8c201b6.json"})
Will run with args: [-answer, -haltonparseerror, -loglevel, fatal, -initinfo, false, -questionname, q_b0ceddd7-97fb-4a8e-8b00-7f9f3f724857, -env, env_default, -haltonconverterror, -containerdir, /home/plankton/batfish/experiments/containers/cp_07b7ea53-f4b7-4c17-9c0f-25fc6cc46c00, -testrig, smt-test, -logfile, /home/plankton/batfish/experiments/containers/cp_07b7ea53-f4b7-4c17-9c0f-25fc6cc46c00/testrigs/smt-test/df735c6d-c34e-4ae1-8140-273cd8c201b6.log, -answerjsonpath, /home/plankton/batfish/experiments/containers/cp_07b7ea53-f4b7-4c17-9c0f-25fc6cc46c00/testrigs/smt-test/df735c6d-c34e-4ae1-8140-273cd8c201b6.json]
WM:AssignWork: response: ["success","running now"] [success] [running now]
WMS:getWorkStatus df735c6d-c34e-4ae1-8140-273cd8c201b6
status: ASSIGNED
.... no task information
WMS:getWorkStatus df735c6d-c34e-4ae1-8140-273cd8c201b6
status: ASSIGNED
.... no task information
WMS:getWorkStatus df735c6d-c34e-4ae1-8140-273cd8c201b6
status: ASSIGNED
.... no task information
WMS:getWorkStatus df735c6d-c34e-4ae1-8140-273cd8c201b6
status: ASSIGNED
.... no task information
WMS:getWorkStatus df735c6d-c34e-4ae1-8140-273cd8c201b6
status: ASSIGNED
.... no task information
WMS:getWorkStatus df735c6d-c34e-4ae1-8140-273cd8c201b6
status: ASSIGNED
.... no task information
=====[DEBUG]===== sourceRouters: [R27]
Start verification
Using headerspace: [10.0.0.2, 10.0.0.14, 10.0.0.25, 10.0.0.33, 10.0.0.41, 10.0.0.46, 10.0.0.57, 10.0.0.61, 10.0.0.70, 10.0.0.74, 10.0.0.82, 10.0.0.86, 10.0.0.94, 10.0.0.98, 10.0.0.105, 10.0.0.109, 10.0.0.126, 10.0.0.129, 10.0.0.133, 10.0.0.138, 10.0.0.142, 10.0.0.149, 10.0.0.157, 10.0.0.166, 10.0.0.169, 10.0.0.177, 10.0.0.181, 10.0.0.186, 10.0.0.190, 10.0.0.193, 10.0.0.198, 10.0.0.202, 10.0.0.206, 10.0.0.214, 10.0.0.229, 10.0.0.238, 10.0.0.250, 10.0.1.1, 10.0.1.6, 10.0.1.14, 10.0.1.26, 10.0.1.33, 10.0.1.41, 10.0.1.53, 10.0.1.62, 10.0.1.66, 10.0.1.77, 10.0.1.81, 10.0.1.86, 10.0.1.90, 10.0.1.125, 10.0.1.129, 10.0.1.149, 10.0.1.153, 10.0.1.161, 10.0.1.169, 10.0.1.173, 10.0.1.181, 10.0.1.186, 10.0.1.197, 10.0.1.202, 10.0.1.205, 10.0.1.213, 10.0.1.226, 10.0.1.237, 10.0.1.242, 10.0.2.2, 10.0.2.14, 10.0.2.22, 10.0.2.33, 10.0.2.41, 10.0.2.45, 10.0.2.49, 10.0.2.58, 10.0.2.70, 10.0.2.114, 10.0.2.133, 10.0.2.145, 10.0.2.150, 10.0.2.154, 10.0.2.161, 10.0.2.178, 10.0.2.181, 10.0.2.190, 10.0.2.194, 10.0.2.209, 10.0.2.217, 10.0.2.221, 10.0.2.226, 10.0.2.233, 10.0.2.249, 10.0.3.17, 10.0.3.21, 10.0.3.34, 10.0.3.45, 10.0.3.50, 10.0.3.62, 10.0.3.69, 10.0.3.74, 10.0.3.78, 10.0.3.82, 10.0.3.90]
Number of edges: 432
Created destination classes
Num Classes: 51
WMS:getWorkStatus df735c6d-c34e-4ae1-8140-273cd8c201b6
status: ASSIGNED
.... no task information
WMS:getWorkStatus df735c6d-c34e-4ae1-8140-273cd8c201b6
status: ASSIGNED
.... no task information
WMS:getWorkStatus df735c6d-c34e-4ae1-8140-273cd8c201b6
status: ASSIGNED
.... no task information
WMS:getWorkStatus df735c6d-c34e-4ae1-8140-273cd8c201b6
status: ASSIGNED
.... no task information
WMS:getWorkStatus df735c6d-c34e-4ae1-8140-273cd8c201b6
status: ASSIGNED
.... no task information
WM:CheckWork: Trying to check [df735c6d-c34e-4ae1-8140-273cd8c201b6 cp_07b7ea53-f4b7-4c17-9c0f-25fc6cc46c00 smt-test {answer=, haltonparseerror=, loglevel=fatal, initinfo=false, questionname=q_b0ceddd7-97fb-4a8e-8b00-7f9f3f724857, env=env_default, haltonconverterror=}] [CHECKINGSTATUS] [Fri Dec 28 10:18:07 CST 2018 Fri Dec 28 10:18:07 CST 2018 null] [localhost:9999] [null, null] on localhost:9999
BFS:getTaskStatus df735c6d-c34e-4ae1-8140-273cd8c201b6
response: ["success","{\n  \"args\" : [\n    \"-answer\",\n    \"-haltonparseerror\",\n    \"-loglevel\",\n    \"fatal\",\n    \"-initinfo\",\n    \"false\",\n    \"-questionname\",\n    \"q_b0ceddd7-97fb-4a8e-8b00-7f9f3f724857\",\n    \"-env\",\n    \"env_default\",\n    \"-haltonconverterror\",\n    \"-containerdir\",\n    \"\/home\/plankton\/batfish\/experiments\/containers\/cp_07b7ea53-f4b7-4c17-9c0f-25fc6cc46c00\",\n    \"-testrig\",\n    \"smt-test\",\n    \"-logfile\",\n    \"\/home\/plankton\/batfish\/experiments\/containers\/cp_07b7ea53-f4b7-4c17-9c0f-25fc6cc46c00\/testrigs\/smt-test\/df735c6d-c34e-4ae1-8140-273cd8c201b6.log\",\n    \"-answerjsonpath\",\n    \"\/home\/plankton\/batfish\/experiments\/containers\/cp_07b7ea53-f4b7-4c17-9c0f-25fc6cc46c00\/testrigs\/smt-test\/df735c6d-c34e-4ae1-8140-273cd8c201b6.json\"\n  ],\n  \"batches\" : [\n    {\n      \"completed\" : 0,\n      \"description\" : \"Begin job\",\n      \"size\" : 0,\n      \"startDate\" : \"2018-12-28T16:18:07.720+0000\"\n    },\n    {\n      \"completed\" : 45,\n      \"description\" : \"Deserializing objects of type 'org.batfish.datamodel.Configuration' from files\",\n      \"size\" : 45,\n      \"startDate\" : \"2018-12-28T16:18:07.768+0000\"\n    }\n  ],\n  \"obtained\" : \"2018-12-28T16:18:07.719+0000\",\n  \"status\" : \"InProgress\"\n}"] [success] [{
  "args" : [
    "-answer",
    "-haltonparseerror",
    "-loglevel",
    "fatal",
    "-initinfo",
    "false",
    "-questionname",
    "q_b0ceddd7-97fb-4a8e-8b00-7f9f3f724857",
    "-env",
    "env_default",
    "-haltonconverterror",
    "-containerdir",
    "/home/plankton/batfish/experiments/containers/cp_07b7ea53-f4b7-4c17-9c0f-25fc6cc46c00",
    "-testrig",
    "smt-test",
    "-logfile",
    "/home/plankton/batfish/experiments/containers/cp_07b7ea53-f4b7-4c17-9c0f-25fc6cc46c00/testrigs/smt-test/df735c6d-c34e-4ae1-8140-273cd8c201b6.log",
    "-answerjsonpath",
    "/home/plankton/batfish/experiments/containers/cp_07b7ea53-f4b7-4c17-9c0f-25fc6cc46c00/testrigs/smt-test/df735c6d-c34e-4ae1-8140-273cd8c201b6.json"
  ],
  "batches" : [
    {
      "completed" : 0,
      "description" : "Begin job",
      "size" : 0,
      "startDate" : "2018-12-28T16:18:07.720+0000"
    },
    {
      "completed" : 45,
      "description" : "Deserializing objects of type 'org.batfish.datamodel.Configuration' from files",
      "size" : 45,
      "startDate" : "2018-12-28T16:18:07.768+0000"
    }
  ],
  "obtained" : "2018-12-28T16:18:07.719+0000",
  "status" : "InProgress"
}]
WMS:getWorkStatus df735c6d-c34e-4ae1-8140-273cd8c201b6
status: ASSIGNED
.... Fri Dec 28 10:18:07 CST 2018: Deserializing objects of type 'org.batfish.datamodel.Configuration' from files: 45/45
Created BDDs
=====[DEBUG]===== abstract representatives of R27: [R43, R42, R36, R27, R38, R29]
=====[DEBUG]===== mapped srcRouters: [R43, R42, R36, R27, R38, R29]
=====[DEBUG]===== abstract representatives of R27: [R36, R27, R38, R29, R39, R41]
=====[DEBUG]===== mapped srcRouters: [R36, R27, R38, R29, R39, R41]
=====[DEBUG]===== abstract representatives of R27: [R43, R42, R36, R27, R38, R29]
=====[DEBUG]===== mapped srcRouters: [R43, R42, R36, R27, R38, R29]
=====[DEBUG]===== abstract representatives of R27: [R43, R42, R36, R38, R27, R29]
=====[DEBUG]===== mapped srcRouters: [R43, R42, R36, R38, R27, R29]
=====[DEBUG]===== abstract representatives of R27: [R36, R27, R38, R29, R39, R41]
=====[DEBUG]===== mapped srcRouters: [R36, R27, R38, R29, R39, R41]
=====[DEBUG]===== abstract representatives of R27: [R32, R31, R36, R38, R39, R41]
=====[DEBUG]===== mapped srcRouters: [R32, R31, R36, R38, R39, R41]
=====[DEBUG]===== abstract representatives of R27: [R27, R29, R39, R41]
=====[DEBUG]===== mapped srcRouters: [R27, R29, R39, R41]
=====[DEBUG]===== abstract representatives of R27: [R36, R27, R38, R29, R39, R41]
=====[DEBUG]===== mapped srcRouters: [R36, R27, R38, R29, R39, R41]
=====[DEBUG]===== abstract representatives of R27: [R43, R42, R36, R27, R38, R29]
=====[DEBUG]===== mapped srcRouters: [R43, R42, R36, R27, R38, R29]
=====[DEBUG]===== abstract representatives of R27: [R32, R31, R39, R41]
=====[DEBUG]===== mapped srcRouters: [R32, R31, R39, R41]
=====[DEBUG]===== abstract representatives of R27: [R36, R38, R27, R29, R39, R41]
=====[DEBUG]===== mapped srcRouters: [R36, R38, R27, R29, R39, R41]
=====[DEBUG]===== abstract representatives of R27: [R32, R31, R27, R29, R39, R41]
=====[DEBUG]===== mapped srcRouters: [R32, R31, R27, R29, R39, R41]
=====[DEBUG]===== abstract representatives of R27: [R36, R27, R38, R29, R39, R41]
=====[DEBUG]===== mapped srcRouters: [R36, R27, R38, R29, R39, R41]
=====[DEBUG]===== abstract representatives of R27: [R36, R38, R27, R29, R39, R41]
=====[DEBUG]===== mapped srcRouters: [R36, R38, R27, R29, R39, R41]
=====[DEBUG]===== abstract representatives of R27: [R36, R27, R38, R29, R39, R41]
=====[DEBUG]===== mapped srcRouters: [R36, R27, R38, R29, R39, R41]
=====[DEBUG]===== abstract representatives of R27: [R32, R31, R27, R29, R39, R41]
=====[DEBUG]===== mapped srcRouters: [R32, R31, R27, R29, R39, R41]
=====[DEBUG]===== abstract representatives of R27: [R43, R42, R36, R38, R27, R29]
=====[DEBUG]===== mapped srcRouters: [R43, R42, R36, R38, R27, R29]
=====[DEBUG]===== abstract representatives of R27: [R36, R27, R38, R29, R39, R41]
=====[DEBUG]===== mapped srcRouters: [R36, R27, R38, R29, R39, R41]
=====[DEBUG]===== abstract representatives of R27: [R32, R31, R39, R41]
=====[DEBUG]===== mapped srcRouters: [R32, R31, R39, R41]
=====[DEBUG]===== abstract representatives of R27: [R27, R29, R39, R41]
=====[DEBUG]===== mapped srcRouters: [R27, R29, R39, R41]
=====[DEBUG]===== abstract representatives of R27: [R43, R42, R36, R38, R27, R29]
=====[DEBUG]===== mapped srcRouters: [R43, R42, R36, R38, R27, R29]
=====[DEBUG]===== abstract representatives of R27: [R27, R29]
=====[DEBUG]===== mapped srcRouters: [R27, R29]
=====[DEBUG]===== abstract representatives of R27: [R43, R32, R42, R31, R27, R29]
=====[DEBUG]===== mapped srcRouters: [R43, R32, R42, R31, R27, R29]
=====[DEBUG]===== abstract representatives of R27: [R27, R29, R39, R41]
=====[DEBUG]===== mapped srcRouters: [R27, R29, R39, R41]
=====[DEBUG]===== abstract representatives of R27: [R43, R42, R36, R38, R27, R29]
=====[DEBUG]===== mapped srcRouters: [R43, R42, R36, R38, R27, R29]
=====[DEBUG]===== abstract representatives of R27: [R36, R38, R27, R29, R39, R41]
=====[DEBUG]===== mapped srcRouters: [R36, R38, R27, R29, R39, R41]
=====[DEBUG]===== abstract representatives of R27: [R27, R29, R39, R41]
=====[DEBUG]===== mapped srcRouters: [R27, R29, R39, R41]
=====[DEBUG]===== abstract representatives of R27: [R27, R28]
=====[DEBUG]===== mapped srcRouters: [R27, R28]
=====[DEBUG]===== abstract representatives of R27: [R43, R42, R27, R29, R39, R41]
=====[DEBUG]===== mapped srcRouters: [R43, R42, R27, R29, R39, R41]
=====[DEBUG]===== abstract representatives of R27: [R43, R42, R36, R38, R39, R41]
=====[DEBUG]===== mapped srcRouters: [R43, R42, R36, R38, R39, R41]
=====[DEBUG]===== abstract representatives of R27: [R43, R42, R36, R38, R39, R41]
=====[DEBUG]===== mapped srcRouters: [R43, R42, R36, R38, R39, R41]
=====[DEBUG]===== abstract representatives of R27: [R32, R31, R27, R29, R39, R41]
=====[DEBUG]===== mapped srcRouters: [R32, R31, R27, R29, R39, R41]
=====[DEBUG]===== abstract representatives of R27: [R36, R27, R38, R29, R39, R41]
=====[DEBUG]===== mapped srcRouters: [R36, R27, R38, R29, R39, R41]
=====[DEBUG]===== abstract representatives of R27: [R32, R31, R27, R29, R39, R41]
=====[DEBUG]===== mapped srcRouters: [R32, R31, R27, R29, R39, R41]
=====[DEBUG]===== abstract representatives of R27: [R27, R28]
=====[DEBUG]===== mapped srcRouters: [R27, R28]
=====[DEBUG]===== abstract representatives of R27: [R43, R42, R27, R29, R39, R41]
=====[DEBUG]===== mapped srcRouters: [R43, R42, R27, R29, R39, R41]
WMS:getWorkStatus df735c6d-c34e-4ae1-8140-273cd8c201b6
=====[DEBUG]===== abstract representatives of R27: [R36, R38, R27, R29, R39, R41]
=====[DEBUG]===== mapped srcRouters: [R36, R38, R27, R29, R39, R41]
=====[DEBUG]===== abstract representatives of R27: [R27, R29]
=====[DEBUG]===== mapped srcRouters: [R27, R29]
status: ASSIGNED
.... Fri Dec 28 10:18:07 CST 2018: Deserializing objects of type 'org.batfish.datamodel.Configuration' from files: 45/45
=====[DEBUG]===== abstract representatives of R27: [R27, R28]
=====[DEBUG]===== mapped srcRouters: [R27, R28]
=====[DEBUG]===== abstract representatives of R27: [R43, R42, R36, R38, R39, R41]
=====[DEBUG]===== mapped srcRouters: [R43, R42, R36, R38, R39, R41]
=====[DEBUG]===== abstract representatives of R27: [R36, R27, R38, R29, R39, R41]
=====[DEBUG]===== mapped srcRouters: [R36, R27, R38, R29, R39, R41]
=====[DEBUG]===== abstract representatives of R27: [R36, R38, R27, R29, R39, R41]
=====[DEBUG]===== mapped srcRouters: [R36, R38, R27, R29, R39, R41]
=====[DEBUG]===== abstract representatives of R27: [R36, R38, R27, R29, R39, R41]
=====[DEBUG]===== mapped srcRouters: [R36, R38, R27, R29, R39, R41]
=====[DEBUG]===== abstract representatives of R27: [R36, R27, R38, R29, R39, R41]
=====[DEBUG]===== mapped srcRouters: [R36, R27, R38, R29, R39, R41]
=====[DEBUG]===== abstract representatives of R27: [R27, R29]
=====[DEBUG]===== mapped srcRouters: [R27, R29]
=====[DEBUG]===== abstract representatives of R27: [R27, R29, R39, R41]
=====[DEBUG]===== mapped srcRouters: [R27, R29, R39, R41]
=====[DEBUG]===== abstract representatives of R27: [R32, R31, R27, R29, R39, R41]
=====[DEBUG]===== mapped srcRouters: [R32, R31, R27, R29, R39, R41]
=====[DEBUG]===== abstract representatives of R27: [R32, R31, R27, R29, R39, R41]
=====[DEBUG]===== mapped srcRouters: [R32, R31, R27, R29, R39, R41]
=====[DEBUG]===== abstract representatives of R27: [R32, R31, R27, R29, R39, R41]
=====[DEBUG]===== mapped srcRouters: [R32, R31, R27, R29, R39, R41]
=====[DEBUG]===== abstract representatives of R27: [R32, R31, R39, R41]
=====[DEBUG]===== mapped srcRouters: [R32, R31, R39, R41]
=====[DEBUG]===== abstract representatives of R27: [R43, R42, R36, R38, R27, R29]
=====[DEBUG]===== mapped srcRouters: [R43, R42, R36, R38, R27, R29]
WM:CheckWork: Trying to check [df735c6d-c34e-4ae1-8140-273cd8c201b6 cp_07b7ea53-f4b7-4c17-9c0f-25fc6cc46c00 smt-test {answer=, haltonparseerror=, loglevel=fatal, initinfo=false, questionname=q_b0ceddd7-97fb-4a8e-8b00-7f9f3f724857, env=env_default, haltonconverterror=}] [CHECKINGSTATUS] [Fri Dec 28 10:18:07 CST 2018 Fri Dec 28 10:18:07 CST 2018 null] [localhost:9999] [InProgress, Fri Dec 28 10:18:08 CST 2018] on localhost:9999
BFS:getTaskStatus df735c6d-c34e-4ae1-8140-273cd8c201b6
response: ["success","{\n  \"args\" : [\n    \"-answer\",\n    \"-haltonparseerror\",\n    \"-loglevel\",\n    \"fatal\",\n    \"-initinfo\",\n    \"false\",\n    \"-questionname\",\n    \"q_b0ceddd7-97fb-4a8e-8b00-7f9f3f724857\",\n    \"-env\",\n    \"env_default\",\n    \"-haltonconverterror\",\n    \"-containerdir\",\n    \"\/home\/plankton\/batfish\/experiments\/containers\/cp_07b7ea53-f4b7-4c17-9c0f-25fc6cc46c00\",\n    \"-testrig\",\n    \"smt-test\",\n    \"-logfile\",\n    \"\/home\/plankton\/batfish\/experiments\/containers\/cp_07b7ea53-f4b7-4c17-9c0f-25fc6cc46c00\/testrigs\/smt-test\/df735c6d-c34e-4ae1-8140-273cd8c201b6.log\",\n    \"-answerjsonpath\",\n    \"\/home\/plankton\/batfish\/experiments\/containers\/cp_07b7ea53-f4b7-4c17-9c0f-25fc6cc46c00\/testrigs\/smt-test\/df735c6d-c34e-4ae1-8140-273cd8c201b6.json\"\n  ],\n  \"batches\" : [\n    {\n      \"completed\" : 0,\n      \"description\" : \"Begin job\",\n      \"size\" : 0,\n      \"startDate\" : \"2018-12-28T16:18:07.720+0000\"\n    },\n    {\n      \"completed\" : 45,\n      \"description\" : \"Deserializing objects of type 'org.batfish.datamodel.Configuration' from files\",\n      \"size\" : 45,\n      \"startDate\" : \"2018-12-28T16:18:07.768+0000\"\n    }\n  ],\n  \"errMessage\" : \"org.batfish.common.QuestionException: Exception answering question\",\n  \"obtained\" : \"2018-12-28T16:18:07.719+0000\",\n  \"status\" : \"TerminatedAbnormally\",\n  \"terminated\" : \"2018-12-28T16:18:09.274+0000\"\n}"] [success] [{
  "args" : [
    "-answer",
    "-haltonparseerror",
    "-loglevel",
    "fatal",
    "-initinfo",
    "false",
    "-questionname",
    "q_b0ceddd7-97fb-4a8e-8b00-7f9f3f724857",
    "-env",
    "env_default",
    "-haltonconverterror",
    "-containerdir",
    "/home/plankton/batfish/experiments/containers/cp_07b7ea53-f4b7-4c17-9c0f-25fc6cc46c00",
    "-testrig",
    "smt-test",
    "-logfile",
    "/home/plankton/batfish/experiments/containers/cp_07b7ea53-f4b7-4c17-9c0f-25fc6cc46c00/testrigs/smt-test/df735c6d-c34e-4ae1-8140-273cd8c201b6.log",
    "-answerjsonpath",
    "/home/plankton/batfish/experiments/containers/cp_07b7ea53-f4b7-4c17-9c0f-25fc6cc46c00/testrigs/smt-test/df735c6d-c34e-4ae1-8140-273cd8c201b6.json"
  ],
  "batches" : [
    {
      "completed" : 0,
      "description" : "Begin job",
      "size" : 0,
      "startDate" : "2018-12-28T16:18:07.720+0000"
    },
    {
      "completed" : 45,
      "description" : "Deserializing objects of type 'org.batfish.datamodel.Configuration' from files",
      "size" : 45,
      "startDate" : "2018-12-28T16:18:07.768+0000"
    }
  ],
  "errMessage" : "org.batfish.common.QuestionException: Exception answering question",
  "obtained" : "2018-12-28T16:18:07.719+0000",
  "status" : "TerminatedAbnormally",
  "terminated" : "2018-12-28T16:18:09.274+0000"
}]
WMS:getWorkStatus df735c6d-c34e-4ae1-8140-273cd8c201b6
status: TERMINATEDABNORMALLY
.... Fri Dec 28 10:18:07 CST 2018: Begin job
.... Fri Dec 28 10:18:07 CST 2018: Deserializing objects of type 'org.batfish.datamodel.Configuration' from files: 45/45
.... Fri Dec 28 10:18:09 CST 2018: TERMINATEDABNORMALLY
WMS:getObject smt-test --> df735c6d-c34e-4ae1-8140-273cd8c201b6.json
Status: FAILURE
Question: smt-reachability actions=[ACCEPT], dstIps=[10.0.0.2, 10.0.0.14, 10.0.0.25, 10.0.0.33, 10.0.0.41, 10.0.0.46, 10.0.0.57, 10.0.0.61, 10.0.0.70, 10.0.0.74, 10.0.0.82, 10.0.0.86, 10.0.0.94, 10.0.0.98, 10.0.0.105, 10.0.0.109, 10.0.0.126, 10.0.0.129, 10.0.0.133, 10.0.0.138, 10.0.0.142, 10.0.0.149, 10.0.0.157, 10.0.0.166, 10.0.0.169, 10.0.0.177, 10.0.0.181, 10.0.0.186, 10.0.0.190, 10.0.0.193, 10.0.0.198, 10.0.0.202, 10.0.0.206, 10.0.0.214, 10.0.0.229, 10.0.0.238, 10.0.0.250, 10.0.1.1, 10.0.1.6, 10.0.1.14, 10.0.1.26, 10.0.1.33, 10.0.1.41, 10.0.1.53, 10.0.1.62, 10.0.1.66, 10.0.1.77, 10.0.1.81, 10.0.1.86, 10.0.1.90, 10.0.1.125, 10.0.1.129, 10.0.1.149, 10.0.1.153, 10.0.1.161, 10.0.1.169, 10.0.1.173, 10.0.1.181, 10.0.1.186, 10.0.1.197, 10.0.1.202, 10.0.1.205, 10.0.1.213, 10.0.1.226, 10.0.1.237, 10.0.1.242, 10.0.2.2, 10.0.2.14, 10.0.2.22, 10.0.2.33, 10.0.2.41, 10.0.2.45, 10.0.2.49, 10.0.2.58, 10.0.2.70, 10.0.2.114, 10.0.2.133, 10.0.2.145, 10.0.2.150, 10.0.2.154, 10.0.2.161, 10.0.2.178, 10.0.2.181, 10.0.2.190, 10.0.2.194, 10.0.2.209, 10.0.2.217, 10.0.2.221, 10.0.2.226, 10.0.2.233, 10.0.2.249, 10.0.3.17, 10.0.3.21, 10.0.3.34, 10.0.3.45, 10.0.3.50, 10.0.3.62, 10.0.3.69, 10.0.3.74, 10.0.3.78, 10.0.3.82, 10.0.3.90], finalNodeRegex=R(28|29|30|31|32|33|34|35|36|37|38|39|40|41|42|43|44), ingressNodeRegex=R27
org.batfish.common.BatfishException: Failed to answer question
   at org.batfish.main.Batfish.answer(Batfish.java:619)
   at org.batfish.main.Batfish.run(Batfish.java:3647)
   at org.batfish.main.Driver$2.run(Driver.java:575)
Caused by: java.lang.NullPointerException
   at sun.reflect.NativeConstructorAccessorImpl.newInstance0(Native Method)
   at sun.reflect.NativeConstructorAccessorImpl.newInstance(NativeConstructorAccessorImpl.java:62)
   at sun.reflect.DelegatingConstructorAccessorImpl.newInstance(DelegatingConstructorAccessorImpl.java:45)
   at java.lang.reflect.Constructor.newInstance(Constructor.java:423)
   at java.util.concurrent.ForkJoinTask.getThrowableException(ForkJoinTask.java:598)
   at java.util.concurrent.ForkJoinTask.reportException(ForkJoinTask.java:677)
   at java.util.concurrent.ForkJoinTask.invoke(ForkJoinTask.java:735)
   at java.util.stream.MatchOps$MatchOp.evaluateParallel(MatchOps.java:242)
   at java.util.stream.MatchOps$MatchOp.evaluateParallel(MatchOps.java:196)
   at java.util.stream.AbstractPipeline.evaluate(AbstractPipeline.java:233)
   at java.util.stream.ReferencePipeline.anyMatch(ReferencePipeline.java:449)
   at org.batfish.symbolic.smt.PropertyChecker.checkProperty(PropertyChecker.java:374)
   at org.batfish.symbolic.smt.PropertyChecker.checkReachability(PropertyChecker.java:560)
   at org.batfish.main.Batfish.smtReachability(Batfish.java:4054)
   at org.batfish.question.SmtReachabilityQuestionPlugin$ReachabilityAnswerer.answer(SmtReachabilityQuestionPlugin.java:33)
   at org.batfish.main.Batfish.answer(Batfish.java:616)
   ... 2 more
Caused by: java.lang.NullPointerException
   at org.batfish.symbolic.Graph.getOriginatedNetworks(Graph.java:283)
   at org.batfish.symbolic.smt.EncoderSlice.initOriginatedPrefixes(EncoderSlice.java:785)
   at org.batfish.symbolic.smt.EncoderSlice.<init>(EncoderSlice.java:132)
   at org.batfish.symbolic.smt.Encoder.initSlices(Encoder.java:233)
   at org.batfish.symbolic.smt.Encoder.<init>(Encoder.java:193)
   at org.batfish.symbolic.smt.Encoder.<init>(Encoder.java:94)
   at org.batfish.symbolic.smt.PropertyChecker.lambda$checkProperty$2(PropertyChecker.java:413)
   at java.util.stream.MatchOps$1MatchSink.accept(MatchOps.java:90)
   at java.util.ArrayList$ArrayListSpliterator.tryAdvance(ArrayList.java:1359)
   at java.util.stream.ReferencePipeline.forEachWithCancel(ReferencePipeline.java:126)
   at java.util.stream.AbstractPipeline.copyIntoWithCancel(AbstractPipeline.java:498)
   at java.util.stream.AbstractPipeline.copyInto(AbstractPipeline.java:485)
   at java.util.stream.AbstractPipeline.wrapAndCopyInto(AbstractPipeline.java:471)
   at java.util.stream.MatchOps$MatchTask.doLeaf(MatchOps.java:306)
   at java.util.stream.MatchOps$MatchTask.doLeaf(MatchOps.java:277)
   at java.util.stream.AbstractShortCircuitTask.compute(AbstractShortCircuitTask.java:115)
   at java.util.concurrent.CountedCompleter.exec(CountedCompleter.java:731)
   at java.util.concurrent.ForkJoinTask.doExec(ForkJoinTask.java:289)
   at java.util.concurrent.ForkJoinPool$WorkQueue.runTask(ForkJoinPool.java:1056)
   at java.util.concurrent.ForkJoinPool.runWorker(ForkJoinPool.java:1692)
   at java.util.concurrent.ForkJoinWorkerThread.run(ForkJoinWorkerThread.java:157)

Summary: 0 (non-assertion) results; 
75.82user 1.72system 0:11.68elapsed 663%CPU (0avgtext+0avgdata 1373584maxresident)k
168inputs+43328outputs (0major+364943minor)pagefaults 0swaps
