OpenJDK 64-Bit Server VM warning: ignoring option MaxPermSize=2048m; support was removed in 8.0
Changed client loglevel to info
WARNING: Command init-testrig has been deprecated and may be removed. The term "testrig" has been replaced with "snapshot". Use init-snapshot instead.
WMS:initNetwork np
Initialized network:np_176ec7d0-c17c-437c-a0dd-887024186eea using api-key:00000000000000000000000000000000
Init'ed and set active network to np_176ec7d0-c17c-437c-a0dd-887024186eea

WMS:uploadSnapshot 00000000000000000000000000000000 np_176ec7d0-c17c-437c-a0dd-887024186eea fat-tree.6-ary
Environment data for snapshot:fat-tree.6-ary; bgpTables:false, routingTables:false, nodeRoles:false referenceBooks:false
Uploaded snapshot:fat-tree.6-ary for network:np_176ec7d0-c17c-437c-a0dd-887024186eea using api-key:00000000000000000000000000000000
Uploaded snapshot.
Parsing now.
work-id is 08b49b69-2da5-4b4f-a82e-7d99663808a0
WMS:queueWork 00000000000000000000000000000000 {"containerName":"np_176ec7d0-c17c-437c-a0dd-887024186eea","id":"08b49b69-2da5-4b4f-a82e-7d99663808a0","requestParams":{"sv":"","haltonparseerror":"","si":"","initinfo":"false","ignoremanagementinterfaces":"","loglevel":"fatal","haltonconverterror":""},"testrigName":"fat-tree.6-ary"}
WM:AssignWork: Trying to assign [08b49b69-2da5-4b4f-a82e-7d99663808a0 c8d74fb5-e1a8-4576-842a-1471d4ba1091 707b9583-7061-488f-820e-4094852eb729 {container=c8d74fb5-e1a8-4576-842a-1471d4ba1091, sv=, haltonparseerror=, si=, initinfo=false, ignoremanagementinterfaces=, loglevel=fatal, testrig=707b9583-7061-488f-820e-4094852eb729, snapshotname=fat-tree.6-ary, haltonconverterror=}] [TRYINGTOASSIGN] [Mon Jan 14 08:32:31 CST 2019 null null] [null] [null, null] to localhost:43716
Queuing result: true
WMS:getWorkStatus 08b49b69-2da5-4b4f-a82e-7d99663808a0
status: TRYINGTOASSIGN
.... no task information
WMS:getWorkStatus 08b49b69-2da5-4b4f-a82e-7d99663808a0
BFS:runTask(08b49b69-2da5-4b4f-a82e-7d99663808a0,{"container":"c8d74fb5-e1a8-4576-842a-1471d4ba1091","sv":"","haltonparseerror":"","si":"","initinfo":"false","ignoremanagementinterfaces":"","loglevel":"fatal","testrig":"707b9583-7061-488f-820e-4094852eb729","snapshotname":"fat-tree.6-ary","haltonconverterror":"","storagebase":"\/home\/plankton\/batfish\/experiments\/containers"})
Will run with args: [-container, c8d74fb5-e1a8-4576-842a-1471d4ba1091, -sv, -haltonparseerror, -si, -initinfo, false, -ignoremanagementinterfaces, -loglevel, fatal, -testrig, 707b9583-7061-488f-820e-4094852eb729, -snapshotname, fat-tree.6-ary, -haltonconverterror, -storagebase, /home/plankton/batfish/experiments/containers]
status: TRYINGTOASSIGN
.... no task information
WMS:getWorkStatus 08b49b69-2da5-4b4f-a82e-7d99663808a0
status: TRYINGTOASSIGN
.... no task information
WMS:getWorkStatus 08b49b69-2da5-4b4f-a82e-7d99663808a0
status: TRYINGTOASSIGN
.... no task information
WM:AssignWork: response: ["success","running now"] [success] [running now]
WMS:getWorkStatus 08b49b69-2da5-4b4f-a82e-7d99663808a0
status: ASSIGNED
.... no task information
WMS:getWorkStatus 08b49b69-2da5-4b4f-a82e-7d99663808a0
status: ASSIGNED
.... no task information
WMS:getWorkStatus 08b49b69-2da5-4b4f-a82e-7d99663808a0
status: ASSIGNED
.... no task information
WMS:getWorkStatus 08b49b69-2da5-4b4f-a82e-7d99663808a0
status: ASSIGNED
.... no task information
WMS:getWorkStatus 08b49b69-2da5-4b4f-a82e-7d99663808a0
status: ASSIGNED
.... no task information
WM:CheckWork: Trying to check [08b49b69-2da5-4b4f-a82e-7d99663808a0 c8d74fb5-e1a8-4576-842a-1471d4ba1091 707b9583-7061-488f-820e-4094852eb729 {container=c8d74fb5-e1a8-4576-842a-1471d4ba1091, sv=, haltonparseerror=, si=, initinfo=false, ignoremanagementinterfaces=, loglevel=fatal, testrig=707b9583-7061-488f-820e-4094852eb729, snapshotname=fat-tree.6-ary, haltonconverterror=}] [CHECKINGSTATUS] [Mon Jan 14 08:32:31 CST 2019 Mon Jan 14 08:32:31 CST 2019 null] [localhost:43716] [null, null] on localhost:43716
BFS:getTaskStatus 08b49b69-2da5-4b4f-a82e-7d99663808a0
WMS:getWorkStatus 08b49b69-2da5-4b4f-a82e-7d99663808a0
status: CHECKINGSTATUS
.... no task information
response: ["success","{\n  \"args\" : [\n    \"-container\",\n    \"c8d74fb5-e1a8-4576-842a-1471d4ba1091\",\n    \"-sv\",\n    \"-haltonparseerror\",\n    \"-si\",\n    \"-initinfo\",\n    \"false\",\n    \"-ignoremanagementinterfaces\",\n    \"-loglevel\",\n    \"fatal\",\n    \"-testrig\",\n    \"707b9583-7061-488f-820e-4094852eb729\",\n    \"-snapshotname\",\n    \"fat-tree.6-ary\",\n    \"-haltonconverterror\",\n    \"-storagebase\",\n    \"\/home\/plankton\/batfish\/experiments\/containers\"\n  ],\n  \"batches\" : [\n    {\n      \"completed\" : 0,\n      \"description\" : \"Begin job\",\n      \"size\" : 0,\n      \"startDate\" : \"2019-01-14T14:32:31.122+0000\"\n    },\n    {\n      \"completed\" : 45,\n      \"description\" : \"Reading network configuration files\",\n      \"size\" : 45,\n      \"startDate\" : \"2019-01-14T14:32:31.165+0000\"\n    },\n    {\n      \"completed\" : 0,\n      \"description\" : \"Parse configurations\",\n      \"size\" : 45,\n      \"startDate\" : \"2019-01-14T14:32:31.258+0000\"\n    }\n  ],\n  \"obtained\" : \"2019-01-14T14:32:31.118+0000\",\n  \"status\" : \"InProgress\"\n}"] [success] [{
  "args" : [
    "-container",
    "c8d74fb5-e1a8-4576-842a-1471d4ba1091",
    "-sv",
    "-haltonparseerror",
    "-si",
    "-initinfo",
    "false",
    "-ignoremanagementinterfaces",
    "-loglevel",
    "fatal",
    "-testrig",
    "707b9583-7061-488f-820e-4094852eb729",
    "-snapshotname",
    "fat-tree.6-ary",
    "-haltonconverterror",
    "-storagebase",
    "/home/plankton/batfish/experiments/containers"
  ],
  "batches" : [
    {
      "completed" : 0,
      "description" : "Begin job",
      "size" : 0,
      "startDate" : "2019-01-14T14:32:31.122+0000"
    },
    {
      "completed" : 45,
      "description" : "Reading network configuration files",
      "size" : 45,
      "startDate" : "2019-01-14T14:32:31.165+0000"
    },
    {
      "completed" : 0,
      "description" : "Parse configurations",
      "size" : 45,
      "startDate" : "2019-01-14T14:32:31.258+0000"
    }
  ],
  "obtained" : "2019-01-14T14:32:31.118+0000",
  "status" : "InProgress"
}]
WMS:getWorkStatus 08b49b69-2da5-4b4f-a82e-7d99663808a0
status: ASSIGNED
.... Mon Jan 14 08:32:31 CST 2019: Parse configurations: 0/45
WMS:getWorkStatus 08b49b69-2da5-4b4f-a82e-7d99663808a0
status: ASSIGNED
.... Mon Jan 14 08:32:31 CST 2019: Parse configurations: 0/45
WMS:getWorkStatus 08b49b69-2da5-4b4f-a82e-7d99663808a0
status: ASSIGNED
.... Mon Jan 14 08:32:31 CST 2019: Parse configurations: 0/45
WMS:getWorkStatus 08b49b69-2da5-4b4f-a82e-7d99663808a0
status: ASSIGNED
.... Mon Jan 14 08:32:31 CST 2019: Parse configurations: 0/45
WM:CheckWork: Trying to check [08b49b69-2da5-4b4f-a82e-7d99663808a0 c8d74fb5-e1a8-4576-842a-1471d4ba1091 707b9583-7061-488f-820e-4094852eb729 {container=c8d74fb5-e1a8-4576-842a-1471d4ba1091, sv=, haltonparseerror=, si=, initinfo=false, ignoremanagementinterfaces=, loglevel=fatal, testrig=707b9583-7061-488f-820e-4094852eb729, snapshotname=fat-tree.6-ary, haltonconverterror=}] [CHECKINGSTATUS] [Mon Jan 14 08:32:31 CST 2019 Mon Jan 14 08:32:31 CST 2019 null] [localhost:43716] [InProgress, Mon Jan 14 08:32:31 CST 2019] on localhost:43716
BFS:getTaskStatus 08b49b69-2da5-4b4f-a82e-7d99663808a0
response: ["success","{\n  \"args\" : [\n    \"-container\",\n    \"c8d74fb5-e1a8-4576-842a-1471d4ba1091\",\n    \"-sv\",\n    \"-haltonparseerror\",\n    \"-si\",\n    \"-initinfo\",\n    \"false\",\n    \"-ignoremanagementinterfaces\",\n    \"-loglevel\",\n    \"fatal\",\n    \"-testrig\",\n    \"707b9583-7061-488f-820e-4094852eb729\",\n    \"-snapshotname\",\n    \"fat-tree.6-ary\",\n    \"-haltonconverterror\",\n    \"-storagebase\",\n    \"\/home\/plankton\/batfish\/experiments\/containers\"\n  ],\n  \"batches\" : [\n    {\n      \"completed\" : 0,\n      \"description\" : \"Begin job\",\n      \"size\" : 0,\n      \"startDate\" : \"2019-01-14T14:32:31.122+0000\"\n    },\n    {\n      \"completed\" : 45,\n      \"description\" : \"Reading network configuration files\",\n      \"size\" : 45,\n      \"startDate\" : \"2019-01-14T14:32:31.165+0000\"\n    },\n    {\n      \"completed\" : 0,\n      \"description\" : \"Parse configurations\",\n      \"size\" : 45,\n      \"startDate\" : \"2019-01-14T14:32:31.258+0000\"\n    }\n  ],\n  \"obtained\" : \"2019-01-14T14:32:31.118+0000\",\n  \"status\" : \"InProgress\"\n}"] [success] [{
  "args" : [
    "-container",
    "c8d74fb5-e1a8-4576-842a-1471d4ba1091",
    "-sv",
    "-haltonparseerror",
    "-si",
    "-initinfo",
    "false",
    "-ignoremanagementinterfaces",
    "-loglevel",
    "fatal",
    "-testrig",
    "707b9583-7061-488f-820e-4094852eb729",
    "-snapshotname",
    "fat-tree.6-ary",
    "-haltonconverterror",
    "-storagebase",
    "/home/plankton/batfish/experiments/containers"
  ],
  "batches" : [
    {
      "completed" : 0,
      "description" : "Begin job",
      "size" : 0,
      "startDate" : "2019-01-14T14:32:31.122+0000"
    },
    {
      "completed" : 45,
      "description" : "Reading network configuration files",
      "size" : 45,
      "startDate" : "2019-01-14T14:32:31.165+0000"
    },
    {
      "completed" : 0,
      "description" : "Parse configurations",
      "size" : 45,
      "startDate" : "2019-01-14T14:32:31.258+0000"
    }
  ],
  "obtained" : "2019-01-14T14:32:31.118+0000",
  "status" : "InProgress"
}]
WMS:getWorkStatus 08b49b69-2da5-4b4f-a82e-7d99663808a0
status: ASSIGNED
.... Mon Jan 14 08:32:31 CST 2019: Parse configurations: 0/45
WMS:getWorkStatus 08b49b69-2da5-4b4f-a82e-7d99663808a0
status: ASSIGNED
.... Mon Jan 14 08:32:31 CST 2019: Parse configurations: 0/45
WM:CheckWork: Trying to check [08b49b69-2da5-4b4f-a82e-7d99663808a0 c8d74fb5-e1a8-4576-842a-1471d4ba1091 707b9583-7061-488f-820e-4094852eb729 {container=c8d74fb5-e1a8-4576-842a-1471d4ba1091, sv=, haltonparseerror=, si=, initinfo=false, ignoremanagementinterfaces=, loglevel=fatal, testrig=707b9583-7061-488f-820e-4094852eb729, snapshotname=fat-tree.6-ary, haltonconverterror=}] [CHECKINGSTATUS] [Mon Jan 14 08:32:31 CST 2019 Mon Jan 14 08:32:31 CST 2019 null] [localhost:43716] [InProgress, Mon Jan 14 08:32:32 CST 2019] on localhost:43716
BFS:getTaskStatus 08b49b69-2da5-4b4f-a82e-7d99663808a0
response: ["success","{\n  \"args\" : [\n    \"-container\",\n    \"c8d74fb5-e1a8-4576-842a-1471d4ba1091\",\n    \"-sv\",\n    \"-haltonparseerror\",\n    \"-si\",\n    \"-initinfo\",\n    \"false\",\n    \"-ignoremanagementinterfaces\",\n    \"-loglevel\",\n    \"fatal\",\n    \"-testrig\",\n    \"707b9583-7061-488f-820e-4094852eb729\",\n    \"-snapshotname\",\n    \"fat-tree.6-ary\",\n    \"-haltonconverterror\",\n    \"-storagebase\",\n    \"\/home\/plankton\/batfish\/experiments\/containers\"\n  ],\n  \"batches\" : [\n    {\n      \"completed\" : 0,\n      \"description\" : \"Begin job\",\n      \"size\" : 0,\n      \"startDate\" : \"2019-01-14T14:32:31.122+0000\"\n    },\n    {\n      \"completed\" : 45,\n      \"description\" : \"Reading network configuration files\",\n      \"size\" : 45,\n      \"startDate\" : \"2019-01-14T14:32:31.165+0000\"\n    },\n    {\n      \"completed\" : 0,\n      \"description\" : \"Parse configurations\",\n      \"size\" : 45,\n      \"startDate\" : \"2019-01-14T14:32:31.258+0000\"\n    }\n  ],\n  \"obtained\" : \"2019-01-14T14:32:31.118+0000\",\n  \"status\" : \"InProgress\"\n}"] [success] [{
  "args" : [
    "-container",
    "c8d74fb5-e1a8-4576-842a-1471d4ba1091",
    "-sv",
    "-haltonparseerror",
    "-si",
    "-initinfo",
    "false",
    "-ignoremanagementinterfaces",
    "-loglevel",
    "fatal",
    "-testrig",
    "707b9583-7061-488f-820e-4094852eb729",
    "-snapshotname",
    "fat-tree.6-ary",
    "-haltonconverterror",
    "-storagebase",
    "/home/plankton/batfish/experiments/containers"
  ],
  "batches" : [
    {
      "completed" : 0,
      "description" : "Begin job",
      "size" : 0,
      "startDate" : "2019-01-14T14:32:31.122+0000"
    },
    {
      "completed" : 45,
      "description" : "Reading network configuration files",
      "size" : 45,
      "startDate" : "2019-01-14T14:32:31.165+0000"
    },
    {
      "completed" : 0,
      "description" : "Parse configurations",
      "size" : 45,
      "startDate" : "2019-01-14T14:32:31.258+0000"
    }
  ],
  "obtained" : "2019-01-14T14:32:31.118+0000",
  "status" : "InProgress"
}]
WMS:getWorkStatus 08b49b69-2da5-4b4f-a82e-7d99663808a0
status: ASSIGNED
.... Mon Jan 14 08:32:31 CST 2019: Parse configurations: 0/45
WM:CheckWork: Trying to check [08b49b69-2da5-4b4f-a82e-7d99663808a0 c8d74fb5-e1a8-4576-842a-1471d4ba1091 707b9583-7061-488f-820e-4094852eb729 {container=c8d74fb5-e1a8-4576-842a-1471d4ba1091, sv=, haltonparseerror=, si=, initinfo=false, ignoremanagementinterfaces=, loglevel=fatal, testrig=707b9583-7061-488f-820e-4094852eb729, snapshotname=fat-tree.6-ary, haltonconverterror=}] [CHECKINGSTATUS] [Mon Jan 14 08:32:31 CST 2019 Mon Jan 14 08:32:31 CST 2019 null] [localhost:43716] [InProgress, Mon Jan 14 08:32:33 CST 2019] on localhost:43716
BFS:getTaskStatus 08b49b69-2da5-4b4f-a82e-7d99663808a0
response: ["success","{\n  \"args\" : [\n    \"-container\",\n    \"c8d74fb5-e1a8-4576-842a-1471d4ba1091\",\n    \"-sv\",\n    \"-haltonparseerror\",\n    \"-si\",\n    \"-initinfo\",\n    \"false\",\n    \"-ignoremanagementinterfaces\",\n    \"-loglevel\",\n    \"fatal\",\n    \"-testrig\",\n    \"707b9583-7061-488f-820e-4094852eb729\",\n    \"-snapshotname\",\n    \"fat-tree.6-ary\",\n    \"-haltonconverterror\",\n    \"-storagebase\",\n    \"\/home\/plankton\/batfish\/experiments\/containers\"\n  ],\n  \"batches\" : [\n    {\n      \"completed\" : 0,\n      \"description\" : \"Begin job\",\n      \"size\" : 0,\n      \"startDate\" : \"2019-01-14T14:32:31.122+0000\"\n    },\n    {\n      \"completed\" : 45,\n      \"description\" : \"Reading network configuration files\",\n      \"size\" : 45,\n      \"startDate\" : \"2019-01-14T14:32:31.165+0000\"\n    },\n    {\n      \"completed\" : 0,\n      \"description\" : \"Parse configurations\",\n      \"size\" : 45,\n      \"startDate\" : \"2019-01-14T14:32:31.258+0000\"\n    }\n  ],\n  \"obtained\" : \"2019-01-14T14:32:31.118+0000\",\n  \"status\" : \"InProgress\"\n}"] [success] [{
  "args" : [
    "-container",
    "c8d74fb5-e1a8-4576-842a-1471d4ba1091",
    "-sv",
    "-haltonparseerror",
    "-si",
    "-initinfo",
    "false",
    "-ignoremanagementinterfaces",
    "-loglevel",
    "fatal",
    "-testrig",
    "707b9583-7061-488f-820e-4094852eb729",
    "-snapshotname",
    "fat-tree.6-ary",
    "-haltonconverterror",
    "-storagebase",
    "/home/plankton/batfish/experiments/containers"
  ],
  "batches" : [
    {
      "completed" : 0,
      "description" : "Begin job",
      "size" : 0,
      "startDate" : "2019-01-14T14:32:31.122+0000"
    },
    {
      "completed" : 45,
      "description" : "Reading network configuration files",
      "size" : 45,
      "startDate" : "2019-01-14T14:32:31.165+0000"
    },
    {
      "completed" : 0,
      "description" : "Parse configurations",
      "size" : 45,
      "startDate" : "2019-01-14T14:32:31.258+0000"
    }
  ],
  "obtained" : "2019-01-14T14:32:31.118+0000",
  "status" : "InProgress"
}]
WMS:getWorkStatus 08b49b69-2da5-4b4f-a82e-7d99663808a0
status: ASSIGNED
.... Mon Jan 14 08:32:31 CST 2019: Parse configurations: 0/45
WM:CheckWork: Trying to check [08b49b69-2da5-4b4f-a82e-7d99663808a0 c8d74fb5-e1a8-4576-842a-1471d4ba1091 707b9583-7061-488f-820e-4094852eb729 {container=c8d74fb5-e1a8-4576-842a-1471d4ba1091, sv=, haltonparseerror=, si=, initinfo=false, ignoremanagementinterfaces=, loglevel=fatal, testrig=707b9583-7061-488f-820e-4094852eb729, snapshotname=fat-tree.6-ary, haltonconverterror=}] [CHECKINGSTATUS] [Mon Jan 14 08:32:31 CST 2019 Mon Jan 14 08:32:31 CST 2019 null] [localhost:43716] [InProgress, Mon Jan 14 08:32:34 CST 2019] on localhost:43716
BFS:getTaskStatus 08b49b69-2da5-4b4f-a82e-7d99663808a0
response: ["success","{\n  \"args\" : [\n    \"-container\",\n    \"c8d74fb5-e1a8-4576-842a-1471d4ba1091\",\n    \"-sv\",\n    \"-haltonparseerror\",\n    \"-si\",\n    \"-initinfo\",\n    \"false\",\n    \"-ignoremanagementinterfaces\",\n    \"-loglevel\",\n    \"fatal\",\n    \"-testrig\",\n    \"707b9583-7061-488f-820e-4094852eb729\",\n    \"-snapshotname\",\n    \"fat-tree.6-ary\",\n    \"-haltonconverterror\",\n    \"-storagebase\",\n    \"\/home\/plankton\/batfish\/experiments\/containers\"\n  ],\n  \"batches\" : [\n    {\n      \"completed\" : 0,\n      \"description\" : \"Begin job\",\n      \"size\" : 0,\n      \"startDate\" : \"2019-01-14T14:32:31.122+0000\"\n    },\n    {\n      \"completed\" : 45,\n      \"description\" : \"Reading network configuration files\",\n      \"size\" : 45,\n      \"startDate\" : \"2019-01-14T14:32:31.165+0000\"\n    },\n    {\n      \"completed\" : 0,\n      \"description\" : \"Parse configurations\",\n      \"size\" : 45,\n      \"startDate\" : \"2019-01-14T14:32:31.258+0000\"\n    }\n  ],\n  \"obtained\" : \"2019-01-14T14:32:31.118+0000\",\n  \"status\" : \"InProgress\"\n}"] [success] [{
  "args" : [
    "-container",
    "c8d74fb5-e1a8-4576-842a-1471d4ba1091",
    "-sv",
    "-haltonparseerror",
    "-si",
    "-initinfo",
    "false",
    "-ignoremanagementinterfaces",
    "-loglevel",
    "fatal",
    "-testrig",
    "707b9583-7061-488f-820e-4094852eb729",
    "-snapshotname",
    "fat-tree.6-ary",
    "-haltonconverterror",
    "-storagebase",
    "/home/plankton/batfish/experiments/containers"
  ],
  "batches" : [
    {
      "completed" : 0,
      "description" : "Begin job",
      "size" : 0,
      "startDate" : "2019-01-14T14:32:31.122+0000"
    },
    {
      "completed" : 45,
      "description" : "Reading network configuration files",
      "size" : 45,
      "startDate" : "2019-01-14T14:32:31.165+0000"
    },
    {
      "completed" : 0,
      "description" : "Parse configurations",
      "size" : 45,
      "startDate" : "2019-01-14T14:32:31.258+0000"
    }
  ],
  "obtained" : "2019-01-14T14:32:31.118+0000",
  "status" : "InProgress"
}]
WMS:getWorkStatus 08b49b69-2da5-4b4f-a82e-7d99663808a0
status: ASSIGNED
.... Mon Jan 14 08:32:31 CST 2019: Parse configurations: 0/45
WM:CheckWork: Trying to check [08b49b69-2da5-4b4f-a82e-7d99663808a0 c8d74fb5-e1a8-4576-842a-1471d4ba1091 707b9583-7061-488f-820e-4094852eb729 {container=c8d74fb5-e1a8-4576-842a-1471d4ba1091, sv=, haltonparseerror=, si=, initinfo=false, ignoremanagementinterfaces=, loglevel=fatal, testrig=707b9583-7061-488f-820e-4094852eb729, snapshotname=fat-tree.6-ary, haltonconverterror=}] [CHECKINGSTATUS] [Mon Jan 14 08:32:31 CST 2019 Mon Jan 14 08:32:31 CST 2019 null] [localhost:43716] [InProgress, Mon Jan 14 08:32:35 CST 2019] on localhost:43716
BFS:getTaskStatus 08b49b69-2da5-4b4f-a82e-7d99663808a0
response: ["success","{\n  \"args\" : [\n    \"-container\",\n    \"c8d74fb5-e1a8-4576-842a-1471d4ba1091\",\n    \"-sv\",\n    \"-haltonparseerror\",\n    \"-si\",\n    \"-initinfo\",\n    \"false\",\n    \"-ignoremanagementinterfaces\",\n    \"-loglevel\",\n    \"fatal\",\n    \"-testrig\",\n    \"707b9583-7061-488f-820e-4094852eb729\",\n    \"-snapshotname\",\n    \"fat-tree.6-ary\",\n    \"-haltonconverterror\",\n    \"-storagebase\",\n    \"\/home\/plankton\/batfish\/experiments\/containers\"\n  ],\n  \"batches\" : [\n    {\n      \"completed\" : 0,\n      \"description\" : \"Begin job\",\n      \"size\" : 0,\n      \"startDate\" : \"2019-01-14T14:32:31.122+0000\"\n    },\n    {\n      \"completed\" : 45,\n      \"description\" : \"Reading network configuration files\",\n      \"size\" : 45,\n      \"startDate\" : \"2019-01-14T14:32:31.165+0000\"\n    },\n    {\n      \"completed\" : 34,\n      \"description\" : \"Parse configurations\",\n      \"size\" : 45,\n      \"startDate\" : \"2019-01-14T14:32:31.258+0000\"\n    }\n  ],\n  \"obtained\" : \"2019-01-14T14:32:31.118+0000\",\n  \"status\" : \"InProgress\"\n}"] [success] [{
  "args" : [
    "-container",
    "c8d74fb5-e1a8-4576-842a-1471d4ba1091",
    "-sv",
    "-haltonparseerror",
    "-si",
    "-initinfo",
    "false",
    "-ignoremanagementinterfaces",
    "-loglevel",
    "fatal",
    "-testrig",
    "707b9583-7061-488f-820e-4094852eb729",
    "-snapshotname",
    "fat-tree.6-ary",
    "-haltonconverterror",
    "-storagebase",
    "/home/plankton/batfish/experiments/containers"
  ],
  "batches" : [
    {
      "completed" : 0,
      "description" : "Begin job",
      "size" : 0,
      "startDate" : "2019-01-14T14:32:31.122+0000"
    },
    {
      "completed" : 45,
      "description" : "Reading network configuration files",
      "size" : 45,
      "startDate" : "2019-01-14T14:32:31.165+0000"
    },
    {
      "completed" : 34,
      "description" : "Parse configurations",
      "size" : 45,
      "startDate" : "2019-01-14T14:32:31.258+0000"
    }
  ],
  "obtained" : "2019-01-14T14:32:31.118+0000",
  "status" : "InProgress"
}]
WMS:getWorkStatus 08b49b69-2da5-4b4f-a82e-7d99663808a0
status: ASSIGNED
.... Mon Jan 14 08:32:31 CST 2019: Parse configurations: 34/45
WM:CheckWork: Trying to check [08b49b69-2da5-4b4f-a82e-7d99663808a0 c8d74fb5-e1a8-4576-842a-1471d4ba1091 707b9583-7061-488f-820e-4094852eb729 {container=c8d74fb5-e1a8-4576-842a-1471d4ba1091, sv=, haltonparseerror=, si=, initinfo=false, ignoremanagementinterfaces=, loglevel=fatal, testrig=707b9583-7061-488f-820e-4094852eb729, snapshotname=fat-tree.6-ary, haltonconverterror=}] [CHECKINGSTATUS] [Mon Jan 14 08:32:31 CST 2019 Mon Jan 14 08:32:31 CST 2019 null] [localhost:43716] [InProgress, Mon Jan 14 08:32:36 CST 2019] on localhost:43716
BFS:getTaskStatus 08b49b69-2da5-4b4f-a82e-7d99663808a0
response: ["success","{\n  \"args\" : [\n    \"-container\",\n    \"c8d74fb5-e1a8-4576-842a-1471d4ba1091\",\n    \"-sv\",\n    \"-haltonparseerror\",\n    \"-si\",\n    \"-initinfo\",\n    \"false\",\n    \"-ignoremanagementinterfaces\",\n    \"-loglevel\",\n    \"fatal\",\n    \"-testrig\",\n    \"707b9583-7061-488f-820e-4094852eb729\",\n    \"-snapshotname\",\n    \"fat-tree.6-ary\",\n    \"-haltonconverterror\",\n    \"-storagebase\",\n    \"\/home\/plankton\/batfish\/experiments\/containers\"\n  ],\n  \"batches\" : [\n    {\n      \"completed\" : 0,\n      \"description\" : \"Begin job\",\n      \"size\" : 0,\n      \"startDate\" : \"2019-01-14T14:32:31.122+0000\"\n    },\n    {\n      \"completed\" : 45,\n      \"description\" : \"Reading network configuration files\",\n      \"size\" : 45,\n      \"startDate\" : \"2019-01-14T14:32:31.165+0000\"\n    },\n    {\n      \"completed\" : 45,\n      \"description\" : \"Parse configurations\",\n      \"size\" : 45,\n      \"startDate\" : \"2019-01-14T14:32:31.258+0000\"\n    },\n    {\n      \"completed\" : 45,\n      \"description\" : \"Serializing 'org.batfish.representation.cisco.CiscoConfiguration' instances to disk\",\n      \"size\" : 45,\n      \"startDate\" : \"2019-01-14T14:32:36.475+0000\"\n    },\n    {\n      \"completed\" : 45,\n      \"description\" : \"Reading, unpacking, and deserializing files containing 'org.batfish.datamodel.GenericConfigObject' instances\",\n      \"size\" : 45,\n      \"startDate\" : \"2019-01-14T14:32:36.652+0000\"\n    },\n    {\n      \"completed\" : 45,\n      \"description\" : \"Convert configurations to vendor-independent format\",\n      \"size\" : 45,\n      \"startDate\" : \"2019-01-14T14:32:36.710+0000\"\n    },\n    {\n      \"completed\" : 45,\n      \"description\" : \"Serializing 45 vendor-independent configuration structures for snapshot 707b9583-7061-488f-820e-4094852eb729\",\n      \"size\" : 45,\n      \"startDate\" : \"2019-01-14T14:32:36.833+0000\"\n    },\n    {\n      \"completed\" : 45,\n      \"description\" : \"Deserializing objects of type 'org.batfish.datamodel.Configuration' from files\",\n      \"size\" : 45,\n      \"startDate\" : \"2019-01-14T14:32:36.973+0000\"\n    }\n  ],\n  \"obtained\" : \"2019-01-14T14:32:31.118+0000\",\n  \"status\" : \"TerminatedNormally\",\n  \"terminated\" : \"2019-01-14T14:32:37.080+0000\"\n}"] [success] [{
  "args" : [
    "-container",
    "c8d74fb5-e1a8-4576-842a-1471d4ba1091",
    "-sv",
    "-haltonparseerror",
    "-si",
    "-initinfo",
    "false",
    "-ignoremanagementinterfaces",
    "-loglevel",
    "fatal",
    "-testrig",
    "707b9583-7061-488f-820e-4094852eb729",
    "-snapshotname",
    "fat-tree.6-ary",
    "-haltonconverterror",
    "-storagebase",
    "/home/plankton/batfish/experiments/containers"
  ],
  "batches" : [
    {
      "completed" : 0,
      "description" : "Begin job",
      "size" : 0,
      "startDate" : "2019-01-14T14:32:31.122+0000"
    },
    {
      "completed" : 45,
      "description" : "Reading network configuration files",
      "size" : 45,
      "startDate" : "2019-01-14T14:32:31.165+0000"
    },
    {
      "completed" : 45,
      "description" : "Parse configurations",
      "size" : 45,
      "startDate" : "2019-01-14T14:32:31.258+0000"
    },
    {
      "completed" : 45,
      "description" : "Serializing 'org.batfish.representation.cisco.CiscoConfiguration' instances to disk",
      "size" : 45,
      "startDate" : "2019-01-14T14:32:36.475+0000"
    },
    {
      "completed" : 45,
      "description" : "Reading, unpacking, and deserializing files containing 'org.batfish.datamodel.GenericConfigObject' instances",
      "size" : 45,
      "startDate" : "2019-01-14T14:32:36.652+0000"
    },
    {
      "completed" : 45,
      "description" : "Convert configurations to vendor-independent format",
      "size" : 45,
      "startDate" : "2019-01-14T14:32:36.710+0000"
    },
    {
      "completed" : 45,
      "description" : "Serializing 45 vendor-independent configuration structures for snapshot 707b9583-7061-488f-820e-4094852eb729",
      "size" : 45,
      "startDate" : "2019-01-14T14:32:36.833+0000"
    },
    {
      "completed" : 45,
      "description" : "Deserializing objects of type 'org.batfish.datamodel.Configuration' from files",
      "size" : 45,
      "startDate" : "2019-01-14T14:32:36.973+0000"
    }
  ],
  "obtained" : "2019-01-14T14:32:31.118+0000",
  "status" : "TerminatedNormally",
  "terminated" : "2019-01-14T14:32:37.080+0000"
}]
WMS:getWorkStatus 08b49b69-2da5-4b4f-a82e-7d99663808a0
status: TERMINATEDNORMALLY
.... Mon Jan 14 08:32:31 CST 2019: Begin job
.... Mon Jan 14 08:32:31 CST 2019: Reading network configuration files: 45/45
.... Mon Jan 14 08:32:31 CST 2019: Parse configurations: 45/45
.... Mon Jan 14 08:32:36 CST 2019: Serializing 'org.batfish.representation.cisco.CiscoConfiguration' instances to disk: 45/45
.... Mon Jan 14 08:32:36 CST 2019: Reading, unpacking, and deserializing files containing 'org.batfish.datamodel.GenericConfigObject' instances: 45/45
.... Mon Jan 14 08:32:36 CST 2019: Convert configurations to vendor-independent format: 45/45
.... Mon Jan 14 08:32:36 CST 2019: Serializing 45 vendor-independent configuration structures for snapshot 707b9583-7061-488f-820e-4094852eb729: 45/45
.... Mon Jan 14 08:32:36 CST 2019: Deserializing objects of type 'org.batfish.datamodel.Configuration' from files: 45/45
.... Mon Jan 14 08:32:37 CST 2019: TERMINATEDNORMALLY
WMS:getObject fat-tree.6-ary --> 08b49b69-2da5-4b4f-a82e-7d99663808a0.json
Status: SUCCESS
Summary: 0 (non-assertion) results; 
Current snapshot is now fat-tree.6-ary
WMS:uploadQuestion 00000000000000000000000000000000 np_176ec7d0-c17c-437c-a0dd-887024186eea/q_03cf0c7e-cd9f-4ca8-8b9f-1406ec8effc9
work-id is 9d0eae79-5d64-4740-8e38-c6acbad10406
WMS:queueWork 00000000000000000000000000000000 {"containerName":"np_176ec7d0-c17c-437c-a0dd-887024186eea","id":"9d0eae79-5d64-4740-8e38-c6acbad10406","requestParams":{"answer":"","haltonparseerror":"","loglevel":"fatal","initinfo":"false","questionname":"q_03cf0c7e-cd9f-4ca8-8b9f-1406ec8effc9","haltonconverterror":""},"testrigName":"fat-tree.6-ary"}
WM:AssignWork: Trying to assign [9d0eae79-5d64-4740-8e38-c6acbad10406 c8d74fb5-e1a8-4576-842a-1471d4ba1091 707b9583-7061-488f-820e-4094852eb729 {container=c8d74fb5-e1a8-4576-842a-1471d4ba1091, answer=, haltonparseerror=, loglevel=fatal, initinfo=false, questionname=6603263a-78de-41c3-8e4e-e70e5a1f29ca, testrig=707b9583-7061-488f-820e-4094852eb729, snapshotname=fat-tree.6-ary, haltonconverterror=}] [TRYINGTOASSIGN] [Mon Jan 14 08:32:37 CST 2019 null null] [null] [null, null] to localhost:43716
Queuing result: true
WMS:getWorkStatus 9d0eae79-5d64-4740-8e38-c6acbad10406
status: TRYINGTOASSIGN
.... no task information
WMS:getWorkStatus 9d0eae79-5d64-4740-8e38-c6acbad10406
BFS:runTask(9d0eae79-5d64-4740-8e38-c6acbad10406,{"container":"c8d74fb5-e1a8-4576-842a-1471d4ba1091","answer":"","haltonparseerror":"","loglevel":"fatal","initinfo":"false","questionname":"6603263a-78de-41c3-8e4e-e70e5a1f29ca","testrig":"707b9583-7061-488f-820e-4094852eb729","snapshotname":"fat-tree.6-ary","haltonconverterror":"","storagebase":"\/home\/plankton\/batfish\/experiments\/containers"})
Will run with args: [-container, c8d74fb5-e1a8-4576-842a-1471d4ba1091, -answer, -haltonparseerror, -loglevel, fatal, -initinfo, false, -questionname, 6603263a-78de-41c3-8e4e-e70e5a1f29ca, -testrig, 707b9583-7061-488f-820e-4094852eb729, -snapshotname, fat-tree.6-ary, -haltonconverterror, -storagebase, /home/plankton/batfish/experiments/containers]
status: TRYINGTOASSIGN
.... no task information
WM:AssignWork: response: ["success","running now"] [success] [running now]
WMS:getWorkStatus 9d0eae79-5d64-4740-8e38-c6acbad10406
status: ASSIGNED
.... no task information
WMS:getWorkStatus 9d0eae79-5d64-4740-8e38-c6acbad10406
status: ASSIGNED
.... no task information
WMS:getWorkStatus 9d0eae79-5d64-4740-8e38-c6acbad10406
status: ASSIGNED
.... no task information
WMS:getWorkStatus 9d0eae79-5d64-4740-8e38-c6acbad10406
status: ASSIGNED
.... no task information
WMS:getWorkStatus 9d0eae79-5d64-4740-8e38-c6acbad10406
status: ASSIGNED
.... no task information
WMS:getWorkStatus 9d0eae79-5d64-4740-8e38-c6acbad10406
status: ASSIGNED
.... no task information
=====[DEBUG]===== sourceRouters: [r27]
Start verification
Using headerspace: IpWildcardSetIpSpace{blacklist=[], whitelist=[10.0.0.181, 10.0.0.190, 10.0.1.14, 10.0.1.181, 10.0.2.70, 10.0.3.17]}
WMS:getWorkStatus 9d0eae79-5d64-4740-8e38-c6acbad10406
status: ASSIGNED
.... no task information
Number of edges: 432
Created destination classes
Num Classes: 3
WMS:getWorkStatus 9d0eae79-5d64-4740-8e38-c6acbad10406
status: ASSIGNED
.... no task information
WMS:getWorkStatus 9d0eae79-5d64-4740-8e38-c6acbad10406
status: ASSIGNED
.... no task information
WMS:getWorkStatus 9d0eae79-5d64-4740-8e38-c6acbad10406
status: ASSIGNED
.... no task information
WM:CheckWork: Trying to check [9d0eae79-5d64-4740-8e38-c6acbad10406 c8d74fb5-e1a8-4576-842a-1471d4ba1091 707b9583-7061-488f-820e-4094852eb729 {container=c8d74fb5-e1a8-4576-842a-1471d4ba1091, answer=, haltonparseerror=, loglevel=fatal, initinfo=false, questionname=6603263a-78de-41c3-8e4e-e70e5a1f29ca, testrig=707b9583-7061-488f-820e-4094852eb729, snapshotname=fat-tree.6-ary, haltonconverterror=}] [CHECKINGSTATUS] [Mon Jan 14 08:32:37 CST 2019 Mon Jan 14 08:32:37 CST 2019 null] [localhost:43716] [null, null] on localhost:43716
WMS:getWorkStatus 9d0eae79-5d64-4740-8e38-c6acbad10406
status: CHECKINGSTATUS
.... no task information
BFS:getTaskStatus 9d0eae79-5d64-4740-8e38-c6acbad10406
response: ["success","{\n  \"args\" : [\n    \"-container\",\n    \"c8d74fb5-e1a8-4576-842a-1471d4ba1091\",\n    \"-answer\",\n    \"-haltonparseerror\",\n    \"-loglevel\",\n    \"fatal\",\n    \"-initinfo\",\n    \"false\",\n    \"-questionname\",\n    \"6603263a-78de-41c3-8e4e-e70e5a1f29ca\",\n    \"-testrig\",\n    \"707b9583-7061-488f-820e-4094852eb729\",\n    \"-snapshotname\",\n    \"fat-tree.6-ary\",\n    \"-haltonconverterror\",\n    \"-storagebase\",\n    \"\/home\/plankton\/batfish\/experiments\/containers\"\n  ],\n  \"batches\" : [\n    {\n      \"completed\" : 0,\n      \"description\" : \"Begin job\",\n      \"size\" : 0,\n      \"startDate\" : \"2019-01-14T14:32:37.795+0000\"\n    }\n  ],\n  \"obtained\" : \"2019-01-14T14:32:37.795+0000\",\n  \"status\" : \"InProgress\"\n}"] [success] [{
  "args" : [
    "-container",
    "c8d74fb5-e1a8-4576-842a-1471d4ba1091",
    "-answer",
    "-haltonparseerror",
    "-loglevel",
    "fatal",
    "-initinfo",
    "false",
    "-questionname",
    "6603263a-78de-41c3-8e4e-e70e5a1f29ca",
    "-testrig",
    "707b9583-7061-488f-820e-4094852eb729",
    "-snapshotname",
    "fat-tree.6-ary",
    "-haltonconverterror",
    "-storagebase",
    "/home/plankton/batfish/experiments/containers"
  ],
  "batches" : [
    {
      "completed" : 0,
      "description" : "Begin job",
      "size" : 0,
      "startDate" : "2019-01-14T14:32:37.795+0000"
    }
  ],
  "obtained" : "2019-01-14T14:32:37.795+0000",
  "status" : "InProgress"
}]
Created BDDs
=====[DEBUG]===== mapped srcRouters: [r32, r31, r27, r29, r39, r41]
WMS:getWorkStatus 9d0eae79-5d64-4740-8e38-c6acbad10406
status: ASSIGNED
.... Mon Jan 14 08:32:37 CST 2019: Begin job
WMS:getWorkStatus 9d0eae79-5d64-4740-8e38-c6acbad10406
status: ASSIGNED
.... Mon Jan 14 08:32:37 CST 2019: Begin job
WM:CheckWork: Trying to check [9d0eae79-5d64-4740-8e38-c6acbad10406 c8d74fb5-e1a8-4576-842a-1471d4ba1091 707b9583-7061-488f-820e-4094852eb729 {container=c8d74fb5-e1a8-4576-842a-1471d4ba1091, answer=, haltonparseerror=, loglevel=fatal, initinfo=false, questionname=6603263a-78de-41c3-8e4e-e70e5a1f29ca, testrig=707b9583-7061-488f-820e-4094852eb729, snapshotname=fat-tree.6-ary, haltonconverterror=}] [CHECKINGSTATUS] [Mon Jan 14 08:32:37 CST 2019 Mon Jan 14 08:32:37 CST 2019 null] [localhost:43716] [InProgress, Mon Jan 14 08:32:38 CST 2019] on localhost:43716
BFS:getTaskStatus 9d0eae79-5d64-4740-8e38-c6acbad10406
response: ["success","{\n  \"args\" : [\n    \"-container\",\n    \"c8d74fb5-e1a8-4576-842a-1471d4ba1091\",\n    \"-answer\",\n    \"-haltonparseerror\",\n    \"-loglevel\",\n    \"fatal\",\n    \"-initinfo\",\n    \"false\",\n    \"-questionname\",\n    \"6603263a-78de-41c3-8e4e-e70e5a1f29ca\",\n    \"-testrig\",\n    \"707b9583-7061-488f-820e-4094852eb729\",\n    \"-snapshotname\",\n    \"fat-tree.6-ary\",\n    \"-haltonconverterror\",\n    \"-storagebase\",\n    \"\/home\/plankton\/batfish\/experiments\/containers\"\n  ],\n  \"batches\" : [\n    {\n      \"completed\" : 0,\n      \"description\" : \"Begin job\",\n      \"size\" : 0,\n      \"startDate\" : \"2019-01-14T14:32:37.795+0000\"\n    }\n  ],\n  \"obtained\" : \"2019-01-14T14:32:37.795+0000\",\n  \"status\" : \"InProgress\"\n}"] [success] [{
  "args" : [
    "-container",
    "c8d74fb5-e1a8-4576-842a-1471d4ba1091",
    "-answer",
    "-haltonparseerror",
    "-loglevel",
    "fatal",
    "-initinfo",
    "false",
    "-questionname",
    "6603263a-78de-41c3-8e4e-e70e5a1f29ca",
    "-testrig",
    "707b9583-7061-488f-820e-4094852eb729",
    "-snapshotname",
    "fat-tree.6-ary",
    "-haltonconverterror",
    "-storagebase",
    "/home/plankton/batfish/experiments/containers"
  ],
  "batches" : [
    {
      "completed" : 0,
      "description" : "Begin job",
      "size" : 0,
      "startDate" : "2019-01-14T14:32:37.795+0000"
    }
  ],
  "obtained" : "2019-01-14T14:32:37.795+0000",
  "status" : "InProgress"
}]
WMS:getWorkStatus 9d0eae79-5d64-4740-8e38-c6acbad10406
status: ASSIGNED
.... Mon Jan 14 08:32:37 CST 2019: Begin job
WMS:getWorkStatus 9d0eae79-5d64-4740-8e38-c6acbad10406
status: ASSIGNED
.... Mon Jan 14 08:32:37 CST 2019: Begin job
WM:CheckWork: Trying to check [9d0eae79-5d64-4740-8e38-c6acbad10406 c8d74fb5-e1a8-4576-842a-1471d4ba1091 707b9583-7061-488f-820e-4094852eb729 {container=c8d74fb5-e1a8-4576-842a-1471d4ba1091, answer=, haltonparseerror=, loglevel=fatal, initinfo=false, questionname=6603263a-78de-41c3-8e4e-e70e5a1f29ca, testrig=707b9583-7061-488f-820e-4094852eb729, snapshotname=fat-tree.6-ary, haltonconverterror=}] [CHECKINGSTATUS] [Mon Jan 14 08:32:37 CST 2019 Mon Jan 14 08:32:37 CST 2019 null] [localhost:43716] [InProgress, Mon Jan 14 08:32:39 CST 2019] on localhost:43716
BFS:getTaskStatus 9d0eae79-5d64-4740-8e38-c6acbad10406
response: ["success","{\n  \"args\" : [\n    \"-container\",\n    \"c8d74fb5-e1a8-4576-842a-1471d4ba1091\",\n    \"-answer\",\n    \"-haltonparseerror\",\n    \"-loglevel\",\n    \"fatal\",\n    \"-initinfo\",\n    \"false\",\n    \"-questionname\",\n    \"6603263a-78de-41c3-8e4e-e70e5a1f29ca\",\n    \"-testrig\",\n    \"707b9583-7061-488f-820e-4094852eb729\",\n    \"-snapshotname\",\n    \"fat-tree.6-ary\",\n    \"-haltonconverterror\",\n    \"-storagebase\",\n    \"\/home\/plankton\/batfish\/experiments\/containers\"\n  ],\n  \"batches\" : [\n    {\n      \"completed\" : 0,\n      \"description\" : \"Begin job\",\n      \"size\" : 0,\n      \"startDate\" : \"2019-01-14T14:32:37.795+0000\"\n    }\n  ],\n  \"obtained\" : \"2019-01-14T14:32:37.795+0000\",\n  \"status\" : \"InProgress\"\n}"] [success] [{
  "args" : [
    "-container",
    "c8d74fb5-e1a8-4576-842a-1471d4ba1091",
    "-answer",
    "-haltonparseerror",
    "-loglevel",
    "fatal",
    "-initinfo",
    "false",
    "-questionname",
    "6603263a-78de-41c3-8e4e-e70e5a1f29ca",
    "-testrig",
    "707b9583-7061-488f-820e-4094852eb729",
    "-snapshotname",
    "fat-tree.6-ary",
    "-haltonconverterror",
    "-storagebase",
    "/home/plankton/batfish/experiments/containers"
  ],
  "batches" : [
    {
      "completed" : 0,
      "description" : "Begin job",
      "size" : 0,
      "startDate" : "2019-01-14T14:32:37.795+0000"
    }
  ],
  "obtained" : "2019-01-14T14:32:37.795+0000",
  "status" : "InProgress"
}]
WMS:getWorkStatus 9d0eae79-5d64-4740-8e38-c6acbad10406
status: ASSIGNED
.... Mon Jan 14 08:32:37 CST 2019: Begin job
WM:CheckWork: Trying to check [9d0eae79-5d64-4740-8e38-c6acbad10406 c8d74fb5-e1a8-4576-842a-1471d4ba1091 707b9583-7061-488f-820e-4094852eb729 {container=c8d74fb5-e1a8-4576-842a-1471d4ba1091, answer=, haltonparseerror=, loglevel=fatal, initinfo=false, questionname=6603263a-78de-41c3-8e4e-e70e5a1f29ca, testrig=707b9583-7061-488f-820e-4094852eb729, snapshotname=fat-tree.6-ary, haltonconverterror=}] [CHECKINGSTATUS] [Mon Jan 14 08:32:37 CST 2019 Mon Jan 14 08:32:37 CST 2019 null] [localhost:43716] [InProgress, Mon Jan 14 08:32:40 CST 2019] on localhost:43716
BFS:getTaskStatus 9d0eae79-5d64-4740-8e38-c6acbad10406
response: ["success","{\n  \"args\" : [\n    \"-container\",\n    \"c8d74fb5-e1a8-4576-842a-1471d4ba1091\",\n    \"-answer\",\n    \"-haltonparseerror\",\n    \"-loglevel\",\n    \"fatal\",\n    \"-initinfo\",\n    \"false\",\n    \"-questionname\",\n    \"6603263a-78de-41c3-8e4e-e70e5a1f29ca\",\n    \"-testrig\",\n    \"707b9583-7061-488f-820e-4094852eb729\",\n    \"-snapshotname\",\n    \"fat-tree.6-ary\",\n    \"-haltonconverterror\",\n    \"-storagebase\",\n    \"\/home\/plankton\/batfish\/experiments\/containers\"\n  ],\n  \"batches\" : [\n    {\n      \"completed\" : 0,\n      \"description\" : \"Begin job\",\n      \"size\" : 0,\n      \"startDate\" : \"2019-01-14T14:32:37.795+0000\"\n    }\n  ],\n  \"obtained\" : \"2019-01-14T14:32:37.795+0000\",\n  \"status\" : \"InProgress\"\n}"] [success] [{
  "args" : [
    "-container",
    "c8d74fb5-e1a8-4576-842a-1471d4ba1091",
    "-answer",
    "-haltonparseerror",
    "-loglevel",
    "fatal",
    "-initinfo",
    "false",
    "-questionname",
    "6603263a-78de-41c3-8e4e-e70e5a1f29ca",
    "-testrig",
    "707b9583-7061-488f-820e-4094852eb729",
    "-snapshotname",
    "fat-tree.6-ary",
    "-haltonconverterror",
    "-storagebase",
    "/home/plankton/batfish/experiments/containers"
  ],
  "batches" : [
    {
      "completed" : 0,
      "description" : "Begin job",
      "size" : 0,
      "startDate" : "2019-01-14T14:32:37.795+0000"
    }
  ],
  "obtained" : "2019-01-14T14:32:37.795+0000",
  "status" : "InProgress"
}]
=====[DEBUG]===== mapped srcRouters: [r36, r27, r38, r29, r39, r41]
WMS:getWorkStatus 9d0eae79-5d64-4740-8e38-c6acbad10406
WM:CheckWork: Trying to check [9d0eae79-5d64-4740-8e38-c6acbad10406 c8d74fb5-e1a8-4576-842a-1471d4ba1091 707b9583-7061-488f-820e-4094852eb729 {container=c8d74fb5-e1a8-4576-842a-1471d4ba1091, answer=, haltonparseerror=, loglevel=fatal, initinfo=false, questionname=6603263a-78de-41c3-8e4e-e70e5a1f29ca, testrig=707b9583-7061-488f-820e-4094852eb729, snapshotname=fat-tree.6-ary, haltonconverterror=}] [CHECKINGSTATUS] [Mon Jan 14 08:32:37 CST 2019 Mon Jan 14 08:32:37 CST 2019 null] [localhost:43716] [InProgress, Mon Jan 14 08:32:41 CST 2019] on localhost:43716
status: CHECKINGSTATUS
.... Mon Jan 14 08:32:37 CST 2019: Begin job
BFS:getTaskStatus 9d0eae79-5d64-4740-8e38-c6acbad10406
response: ["success","{\n  \"args\" : [\n    \"-container\",\n    \"c8d74fb5-e1a8-4576-842a-1471d4ba1091\",\n    \"-answer\",\n    \"-haltonparseerror\",\n    \"-loglevel\",\n    \"fatal\",\n    \"-initinfo\",\n    \"false\",\n    \"-questionname\",\n    \"6603263a-78de-41c3-8e4e-e70e5a1f29ca\",\n    \"-testrig\",\n    \"707b9583-7061-488f-820e-4094852eb729\",\n    \"-snapshotname\",\n    \"fat-tree.6-ary\",\n    \"-haltonconverterror\",\n    \"-storagebase\",\n    \"\/home\/plankton\/batfish\/experiments\/containers\"\n  ],\n  \"batches\" : [\n    {\n      \"completed\" : 0,\n      \"description\" : \"Begin job\",\n      \"size\" : 0,\n      \"startDate\" : \"2019-01-14T14:32:37.795+0000\"\n    }\n  ],\n  \"obtained\" : \"2019-01-14T14:32:37.795+0000\",\n  \"status\" : \"InProgress\"\n}"] [success] [{
  "args" : [
    "-container",
    "c8d74fb5-e1a8-4576-842a-1471d4ba1091",
    "-answer",
    "-haltonparseerror",
    "-loglevel",
    "fatal",
    "-initinfo",
    "false",
    "-questionname",
    "6603263a-78de-41c3-8e4e-e70e5a1f29ca",
    "-testrig",
    "707b9583-7061-488f-820e-4094852eb729",
    "-snapshotname",
    "fat-tree.6-ary",
    "-haltonconverterror",
    "-storagebase",
    "/home/plankton/batfish/experiments/containers"
  ],
  "batches" : [
    {
      "completed" : 0,
      "description" : "Begin job",
      "size" : 0,
      "startDate" : "2019-01-14T14:32:37.795+0000"
    }
  ],
  "obtained" : "2019-01-14T14:32:37.795+0000",
  "status" : "InProgress"
}]
WM:CheckWork: Trying to check [9d0eae79-5d64-4740-8e38-c6acbad10406 c8d74fb5-e1a8-4576-842a-1471d4ba1091 707b9583-7061-488f-820e-4094852eb729 {container=c8d74fb5-e1a8-4576-842a-1471d4ba1091, answer=, haltonparseerror=, loglevel=fatal, initinfo=false, questionname=6603263a-78de-41c3-8e4e-e70e5a1f29ca, testrig=707b9583-7061-488f-820e-4094852eb729, snapshotname=fat-tree.6-ary, haltonconverterror=}] [CHECKINGSTATUS] [Mon Jan 14 08:32:37 CST 2019 Mon Jan 14 08:32:37 CST 2019 null] [localhost:43716] [InProgress, Mon Jan 14 08:32:42 CST 2019] on localhost:43716
WMS:getWorkStatus 9d0eae79-5d64-4740-8e38-c6acbad10406
status: CHECKINGSTATUS
.... Mon Jan 14 08:32:37 CST 2019: Begin job
BFS:getTaskStatus 9d0eae79-5d64-4740-8e38-c6acbad10406
response: ["success","{\n  \"args\" : [\n    \"-container\",\n    \"c8d74fb5-e1a8-4576-842a-1471d4ba1091\",\n    \"-answer\",\n    \"-haltonparseerror\",\n    \"-loglevel\",\n    \"fatal\",\n    \"-initinfo\",\n    \"false\",\n    \"-questionname\",\n    \"6603263a-78de-41c3-8e4e-e70e5a1f29ca\",\n    \"-testrig\",\n    \"707b9583-7061-488f-820e-4094852eb729\",\n    \"-snapshotname\",\n    \"fat-tree.6-ary\",\n    \"-haltonconverterror\",\n    \"-storagebase\",\n    \"\/home\/plankton\/batfish\/experiments\/containers\"\n  ],\n  \"batches\" : [\n    {\n      \"completed\" : 0,\n      \"description\" : \"Begin job\",\n      \"size\" : 0,\n      \"startDate\" : \"2019-01-14T14:32:37.795+0000\"\n    }\n  ],\n  \"obtained\" : \"2019-01-14T14:32:37.795+0000\",\n  \"status\" : \"InProgress\"\n}"] [success] [{
  "args" : [
    "-container",
    "c8d74fb5-e1a8-4576-842a-1471d4ba1091",
    "-answer",
    "-haltonparseerror",
    "-loglevel",
    "fatal",
    "-initinfo",
    "false",
    "-questionname",
    "6603263a-78de-41c3-8e4e-e70e5a1f29ca",
    "-testrig",
    "707b9583-7061-488f-820e-4094852eb729",
    "-snapshotname",
    "fat-tree.6-ary",
    "-haltonconverterror",
    "-storagebase",
    "/home/plankton/batfish/experiments/containers"
  ],
  "batches" : [
    {
      "completed" : 0,
      "description" : "Begin job",
      "size" : 0,
      "startDate" : "2019-01-14T14:32:37.795+0000"
    }
  ],
  "obtained" : "2019-01-14T14:32:37.795+0000",
  "status" : "InProgress"
}]
WM:CheckWork: Trying to check [9d0eae79-5d64-4740-8e38-c6acbad10406 c8d74fb5-e1a8-4576-842a-1471d4ba1091 707b9583-7061-488f-820e-4094852eb729 {container=c8d74fb5-e1a8-4576-842a-1471d4ba1091, answer=, haltonparseerror=, loglevel=fatal, initinfo=false, questionname=6603263a-78de-41c3-8e4e-e70e5a1f29ca, testrig=707b9583-7061-488f-820e-4094852eb729, snapshotname=fat-tree.6-ary, haltonconverterror=}] [CHECKINGSTATUS] [Mon Jan 14 08:32:37 CST 2019 Mon Jan 14 08:32:37 CST 2019 null] [localhost:43716] [InProgress, Mon Jan 14 08:32:43 CST 2019] on localhost:43716
WMS:getWorkStatus 9d0eae79-5d64-4740-8e38-c6acbad10406
BFS:getTaskStatus 9d0eae79-5d64-4740-8e38-c6acbad10406
response: ["success","{\n  \"args\" : [\n    \"-container\",\n    \"c8d74fb5-e1a8-4576-842a-1471d4ba1091\",\n    \"-answer\",\n    \"-haltonparseerror\",\n    \"-loglevel\",\n    \"fatal\",\n    \"-initinfo\",\n    \"false\",\n    \"-questionname\",\n    \"6603263a-78de-41c3-8e4e-e70e5a1f29ca\",\n    \"-testrig\",\n    \"707b9583-7061-488f-820e-4094852eb729\",\n    \"-snapshotname\",\n    \"fat-tree.6-ary\",\n    \"-haltonconverterror\",\n    \"-storagebase\",\n    \"\/home\/plankton\/batfish\/experiments\/containers\"\n  ],\n  \"batches\" : [\n    {\n      \"completed\" : 0,\n      \"description\" : \"Begin job\",\n      \"size\" : 0,\n      \"startDate\" : \"2019-01-14T14:32:37.795+0000\"\n    }\n  ],\n  \"obtained\" : \"2019-01-14T14:32:37.795+0000\",\n  \"status\" : \"InProgress\"\n}"] [success] [{
  "args" : [
    "-container",
    "c8d74fb5-e1a8-4576-842a-1471d4ba1091",
    "-answer",
    "-haltonparseerror",
    "-loglevel",
    "fatal",
    "-initinfo",
    "false",
    "-questionname",
    "6603263a-78de-41c3-8e4e-e70e5a1f29ca",
    "-testrig",
    "707b9583-7061-488f-820e-4094852eb729",
    "-snapshotname",
    "fat-tree.6-ary",
    "-haltonconverterror",
    "-storagebase",
    "/home/plankton/batfish/experiments/containers"
  ],
  "batches" : [
    {
      "completed" : 0,
      "description" : "Begin job",
      "size" : 0,
      "startDate" : "2019-01-14T14:32:37.795+0000"
    }
  ],
  "obtained" : "2019-01-14T14:32:37.795+0000",
  "status" : "InProgress"
}]
status: CHECKINGSTATUS
.... Mon Jan 14 08:32:37 CST 2019: Begin job
WM:CheckWork: Trying to check [9d0eae79-5d64-4740-8e38-c6acbad10406 c8d74fb5-e1a8-4576-842a-1471d4ba1091 707b9583-7061-488f-820e-4094852eb729 {container=c8d74fb5-e1a8-4576-842a-1471d4ba1091, answer=, haltonparseerror=, loglevel=fatal, initinfo=false, questionname=6603263a-78de-41c3-8e4e-e70e5a1f29ca, testrig=707b9583-7061-488f-820e-4094852eb729, snapshotname=fat-tree.6-ary, haltonconverterror=}] [CHECKINGSTATUS] [Mon Jan 14 08:32:37 CST 2019 Mon Jan 14 08:32:37 CST 2019 null] [localhost:43716] [InProgress, Mon Jan 14 08:32:44 CST 2019] on localhost:43716
BFS:getTaskStatus 9d0eae79-5d64-4740-8e38-c6acbad10406
response: ["success","{\n  \"args\" : [\n    \"-container\",\n    \"c8d74fb5-e1a8-4576-842a-1471d4ba1091\",\n    \"-answer\",\n    \"-haltonparseerror\",\n    \"-loglevel\",\n    \"fatal\",\n    \"-initinfo\",\n    \"false\",\n    \"-questionname\",\n    \"6603263a-78de-41c3-8e4e-e70e5a1f29ca\",\n    \"-testrig\",\n    \"707b9583-7061-488f-820e-4094852eb729\",\n    \"-snapshotname\",\n    \"fat-tree.6-ary\",\n    \"-haltonconverterror\",\n    \"-storagebase\",\n    \"\/home\/plankton\/batfish\/experiments\/containers\"\n  ],\n  \"batches\" : [\n    {\n      \"completed\" : 0,\n      \"description\" : \"Begin job\",\n      \"size\" : 0,\n      \"startDate\" : \"2019-01-14T14:32:37.795+0000\"\n    }\n  ],\n  \"obtained\" : \"2019-01-14T14:32:37.795+0000\",\n  \"status\" : \"InProgress\"\n}"] [success] [{
  "args" : [
    "-container",
    "c8d74fb5-e1a8-4576-842a-1471d4ba1091",
    "-answer",
    "-haltonparseerror",
    "-loglevel",
    "fatal",
    "-initinfo",
    "false",
    "-questionname",
    "6603263a-78de-41c3-8e4e-e70e5a1f29ca",
    "-testrig",
    "707b9583-7061-488f-820e-4094852eb729",
    "-snapshotname",
    "fat-tree.6-ary",
    "-haltonconverterror",
    "-storagebase",
    "/home/plankton/batfish/experiments/containers"
  ],
  "batches" : [
    {
      "completed" : 0,
      "description" : "Begin job",
      "size" : 0,
      "startDate" : "2019-01-14T14:32:37.795+0000"
    }
  ],
  "obtained" : "2019-01-14T14:32:37.795+0000",
  "status" : "InProgress"
}]
WMS:getWorkStatus 9d0eae79-5d64-4740-8e38-c6acbad10406
status: ASSIGNED
.... Mon Jan 14 08:32:37 CST 2019: Begin job
=====[DEBUG]===== mapped srcRouters: [r36, r38, r27, r29, r39, r41]
WM:CheckWork: Trying to check [9d0eae79-5d64-4740-8e38-c6acbad10406 c8d74fb5-e1a8-4576-842a-1471d4ba1091 707b9583-7061-488f-820e-4094852eb729 {container=c8d74fb5-e1a8-4576-842a-1471d4ba1091, answer=, haltonparseerror=, loglevel=fatal, initinfo=false, questionname=6603263a-78de-41c3-8e4e-e70e5a1f29ca, testrig=707b9583-7061-488f-820e-4094852eb729, snapshotname=fat-tree.6-ary, haltonconverterror=}] [CHECKINGSTATUS] [Mon Jan 14 08:32:37 CST 2019 Mon Jan 14 08:32:37 CST 2019 null] [localhost:43716] [InProgress, Mon Jan 14 08:32:45 CST 2019] on localhost:43716
BFS:getTaskStatus 9d0eae79-5d64-4740-8e38-c6acbad10406
response: ["success","{\n  \"args\" : [\n    \"-container\",\n    \"c8d74fb5-e1a8-4576-842a-1471d4ba1091\",\n    \"-answer\",\n    \"-haltonparseerror\",\n    \"-loglevel\",\n    \"fatal\",\n    \"-initinfo\",\n    \"false\",\n    \"-questionname\",\n    \"6603263a-78de-41c3-8e4e-e70e5a1f29ca\",\n    \"-testrig\",\n    \"707b9583-7061-488f-820e-4094852eb729\",\n    \"-snapshotname\",\n    \"fat-tree.6-ary\",\n    \"-haltonconverterror\",\n    \"-storagebase\",\n    \"\/home\/plankton\/batfish\/experiments\/containers\"\n  ],\n  \"batches\" : [\n    {\n      \"completed\" : 0,\n      \"description\" : \"Begin job\",\n      \"size\" : 0,\n      \"startDate\" : \"2019-01-14T14:32:37.795+0000\"\n    }\n  ],\n  \"obtained\" : \"2019-01-14T14:32:37.795+0000\",\n  \"status\" : \"InProgress\"\n}"] [success] [{
  "args" : [
    "-container",
    "c8d74fb5-e1a8-4576-842a-1471d4ba1091",
    "-answer",
    "-haltonparseerror",
    "-loglevel",
    "fatal",
    "-initinfo",
    "false",
    "-questionname",
    "6603263a-78de-41c3-8e4e-e70e5a1f29ca",
    "-testrig",
    "707b9583-7061-488f-820e-4094852eb729",
    "-snapshotname",
    "fat-tree.6-ary",
    "-haltonconverterror",
    "-storagebase",
    "/home/plankton/batfish/experiments/containers"
  ],
  "batches" : [
    {
      "completed" : 0,
      "description" : "Begin job",
      "size" : 0,
      "startDate" : "2019-01-14T14:32:37.795+0000"
    }
  ],
  "obtained" : "2019-01-14T14:32:37.795+0000",
  "status" : "InProgress"
}]
WMS:getWorkStatus 9d0eae79-5d64-4740-8e38-c6acbad10406
status: ASSIGNED
.... Mon Jan 14 08:32:37 CST 2019: Begin job
WM:CheckWork: Trying to check [9d0eae79-5d64-4740-8e38-c6acbad10406 c8d74fb5-e1a8-4576-842a-1471d4ba1091 707b9583-7061-488f-820e-4094852eb729 {container=c8d74fb5-e1a8-4576-842a-1471d4ba1091, answer=, haltonparseerror=, loglevel=fatal, initinfo=false, questionname=6603263a-78de-41c3-8e4e-e70e5a1f29ca, testrig=707b9583-7061-488f-820e-4094852eb729, snapshotname=fat-tree.6-ary, haltonconverterror=}] [CHECKINGSTATUS] [Mon Jan 14 08:32:37 CST 2019 Mon Jan 14 08:32:37 CST 2019 null] [localhost:43716] [InProgress, Mon Jan 14 08:32:46 CST 2019] on localhost:43716
BFS:getTaskStatus 9d0eae79-5d64-4740-8e38-c6acbad10406
response: ["success","{\n  \"args\" : [\n    \"-container\",\n    \"c8d74fb5-e1a8-4576-842a-1471d4ba1091\",\n    \"-answer\",\n    \"-haltonparseerror\",\n    \"-loglevel\",\n    \"fatal\",\n    \"-initinfo\",\n    \"false\",\n    \"-questionname\",\n    \"6603263a-78de-41c3-8e4e-e70e5a1f29ca\",\n    \"-testrig\",\n    \"707b9583-7061-488f-820e-4094852eb729\",\n    \"-snapshotname\",\n    \"fat-tree.6-ary\",\n    \"-haltonconverterror\",\n    \"-storagebase\",\n    \"\/home\/plankton\/batfish\/experiments\/containers\"\n  ],\n  \"batches\" : [\n    {\n      \"completed\" : 0,\n      \"description\" : \"Begin job\",\n      \"size\" : 0,\n      \"startDate\" : \"2019-01-14T14:32:37.795+0000\"\n    }\n  ],\n  \"obtained\" : \"2019-01-14T14:32:37.795+0000\",\n  \"status\" : \"InProgress\"\n}"] [success] [{
  "args" : [
    "-container",
    "c8d74fb5-e1a8-4576-842a-1471d4ba1091",
    "-answer",
    "-haltonparseerror",
    "-loglevel",
    "fatal",
    "-initinfo",
    "false",
    "-questionname",
    "6603263a-78de-41c3-8e4e-e70e5a1f29ca",
    "-testrig",
    "707b9583-7061-488f-820e-4094852eb729",
    "-snapshotname",
    "fat-tree.6-ary",
    "-haltonconverterror",
    "-storagebase",
    "/home/plankton/batfish/experiments/containers"
  ],
  "batches" : [
    {
      "completed" : 0,
      "description" : "Begin job",
      "size" : 0,
      "startDate" : "2019-01-14T14:32:37.795+0000"
    }
  ],
  "obtained" : "2019-01-14T14:32:37.795+0000",
  "status" : "InProgress"
}]
WMS:getWorkStatus 9d0eae79-5d64-4740-8e38-c6acbad10406
status: ASSIGNED
.... Mon Jan 14 08:32:37 CST 2019: Begin job
WM:CheckWork: Trying to check [9d0eae79-5d64-4740-8e38-c6acbad10406 c8d74fb5-e1a8-4576-842a-1471d4ba1091 707b9583-7061-488f-820e-4094852eb729 {container=c8d74fb5-e1a8-4576-842a-1471d4ba1091, answer=, haltonparseerror=, loglevel=fatal, initinfo=false, questionname=6603263a-78de-41c3-8e4e-e70e5a1f29ca, testrig=707b9583-7061-488f-820e-4094852eb729, snapshotname=fat-tree.6-ary, haltonconverterror=}] [CHECKINGSTATUS] [Mon Jan 14 08:32:37 CST 2019 Mon Jan 14 08:32:37 CST 2019 null] [localhost:43716] [InProgress, Mon Jan 14 08:32:47 CST 2019] on localhost:43716
BFS:getTaskStatus 9d0eae79-5d64-4740-8e38-c6acbad10406
response: ["success","{\n  \"args\" : [\n    \"-container\",\n    \"c8d74fb5-e1a8-4576-842a-1471d4ba1091\",\n    \"-answer\",\n    \"-haltonparseerror\",\n    \"-loglevel\",\n    \"fatal\",\n    \"-initinfo\",\n    \"false\",\n    \"-questionname\",\n    \"6603263a-78de-41c3-8e4e-e70e5a1f29ca\",\n    \"-testrig\",\n    \"707b9583-7061-488f-820e-4094852eb729\",\n    \"-snapshotname\",\n    \"fat-tree.6-ary\",\n    \"-haltonconverterror\",\n    \"-storagebase\",\n    \"\/home\/plankton\/batfish\/experiments\/containers\"\n  ],\n  \"batches\" : [\n    {\n      \"completed\" : 0,\n      \"description\" : \"Begin job\",\n      \"size\" : 0,\n      \"startDate\" : \"2019-01-14T14:32:37.795+0000\"\n    }\n  ],\n  \"obtained\" : \"2019-01-14T14:32:37.795+0000\",\n  \"status\" : \"InProgress\"\n}"] [success] [{
  "args" : [
    "-container",
    "c8d74fb5-e1a8-4576-842a-1471d4ba1091",
    "-answer",
    "-haltonparseerror",
    "-loglevel",
    "fatal",
    "-initinfo",
    "false",
    "-questionname",
    "6603263a-78de-41c3-8e4e-e70e5a1f29ca",
    "-testrig",
    "707b9583-7061-488f-820e-4094852eb729",
    "-snapshotname",
    "fat-tree.6-ary",
    "-haltonconverterror",
    "-storagebase",
    "/home/plankton/batfish/experiments/containers"
  ],
  "batches" : [
    {
      "completed" : 0,
      "description" : "Begin job",
      "size" : 0,
      "startDate" : "2019-01-14T14:32:37.795+0000"
    }
  ],
  "obtained" : "2019-01-14T14:32:37.795+0000",
  "status" : "InProgress"
}]
WMS:getWorkStatus 9d0eae79-5d64-4740-8e38-c6acbad10406
status: ASSIGNED
.... Mon Jan 14 08:32:37 CST 2019: Begin job
WM:CheckWork: Trying to check [9d0eae79-5d64-4740-8e38-c6acbad10406 c8d74fb5-e1a8-4576-842a-1471d4ba1091 707b9583-7061-488f-820e-4094852eb729 {container=c8d74fb5-e1a8-4576-842a-1471d4ba1091, answer=, haltonparseerror=, loglevel=fatal, initinfo=false, questionname=6603263a-78de-41c3-8e4e-e70e5a1f29ca, testrig=707b9583-7061-488f-820e-4094852eb729, snapshotname=fat-tree.6-ary, haltonconverterror=}] [CHECKINGSTATUS] [Mon Jan 14 08:32:37 CST 2019 Mon Jan 14 08:32:37 CST 2019 null] [localhost:43716] [InProgress, Mon Jan 14 08:32:48 CST 2019] on localhost:43716
BFS:getTaskStatus 9d0eae79-5d64-4740-8e38-c6acbad10406
response: ["success","{\n  \"args\" : [\n    \"-container\",\n    \"c8d74fb5-e1a8-4576-842a-1471d4ba1091\",\n    \"-answer\",\n    \"-haltonparseerror\",\n    \"-loglevel\",\n    \"fatal\",\n    \"-initinfo\",\n    \"false\",\n    \"-questionname\",\n    \"6603263a-78de-41c3-8e4e-e70e5a1f29ca\",\n    \"-testrig\",\n    \"707b9583-7061-488f-820e-4094852eb729\",\n    \"-snapshotname\",\n    \"fat-tree.6-ary\",\n    \"-haltonconverterror\",\n    \"-storagebase\",\n    \"\/home\/plankton\/batfish\/experiments\/containers\"\n  ],\n  \"batches\" : [\n    {\n      \"completed\" : 0,\n      \"description\" : \"Begin job\",\n      \"size\" : 0,\n      \"startDate\" : \"2019-01-14T14:32:37.795+0000\"\n    }\n  ],\n  \"obtained\" : \"2019-01-14T14:32:37.795+0000\",\n  \"status\" : \"TerminatedNormally\",\n  \"terminated\" : \"2019-01-14T14:32:48.440+0000\"\n}"] [success] [{
  "args" : [
    "-container",
    "c8d74fb5-e1a8-4576-842a-1471d4ba1091",
    "-answer",
    "-haltonparseerror",
    "-loglevel",
    "fatal",
    "-initinfo",
    "false",
    "-questionname",
    "6603263a-78de-41c3-8e4e-e70e5a1f29ca",
    "-testrig",
    "707b9583-7061-488f-820e-4094852eb729",
    "-snapshotname",
    "fat-tree.6-ary",
    "-haltonconverterror",
    "-storagebase",
    "/home/plankton/batfish/experiments/containers"
  ],
  "batches" : [
    {
      "completed" : 0,
      "description" : "Begin job",
      "size" : 0,
      "startDate" : "2019-01-14T14:32:37.795+0000"
    }
  ],
  "obtained" : "2019-01-14T14:32:37.795+0000",
  "status" : "TerminatedNormally",
  "terminated" : "2019-01-14T14:32:48.440+0000"
}]
WMS:getWorkStatus 9d0eae79-5d64-4740-8e38-c6acbad10406
status: TERMINATEDNORMALLY
.... Mon Jan 14 08:32:37 CST 2019: Begin job
.... Mon Jan 14 08:32:48 CST 2019: TERMINATEDNORMALLY
WMS:getObject fat-tree.6-ary --> 9d0eae79-5d64-4740-8e38-c6acbad10406.json
Status: SUCCESS
Question: smt-reachability actions=[ACCEPTED], dstIps=[10.0.0.181, 10.0.0.190, 10.0.1.14, 10.0.1.181, 10.0.2.70, 10.0.3.17], finalNodeRegex=r44, ingressNodeRegex=r27

Verified

Summary: 0 (non-assertion) results; 
101.82user 2.58system 0:20.97elapsed 497%CPU (0avgtext+0avgdata 2345432maxresident)k
0inputs+15520outputs (0major+608775minor)pagefaults 0swaps
