OpenJDK 64-Bit Server VM warning: ignoring option MaxPermSize=2048m; support was removed in 8.0
Changed client loglevel to info
WARNING: Command init-testrig has been deprecated and may be removed. The term "testrig" has been replaced with "snapshot". Use init-snapshot instead.
WMS:initNetwork np
Initialized network:np_d1c3368b-2352-403e-b271-b91baee3f41c using api-key:00000000000000000000000000000000
Init'ed and set active network to np_d1c3368b-2352-403e-b271-b91baee3f41c

WMS:uploadSnapshot 00000000000000000000000000000000 np_d1c3368b-2352-403e-b271-b91baee3f41c rocketfuel-bb.AS-1221
Environment data for snapshot:rocketfuel-bb.AS-1221; bgpTables:false, routingTables:false, nodeRoles:false referenceBooks:false
Uploaded snapshot:rocketfuel-bb.AS-1221 for network:np_d1c3368b-2352-403e-b271-b91baee3f41c using api-key:00000000000000000000000000000000
Uploaded snapshot.
Parsing now.
work-id is 1c80b0ff-c262-4e56-90c5-dd7a9ec978f7
WMS:queueWork 00000000000000000000000000000000 {"containerName":"np_d1c3368b-2352-403e-b271-b91baee3f41c","id":"1c80b0ff-c262-4e56-90c5-dd7a9ec978f7","requestParams":{"sv":"","haltonparseerror":"","si":"","initinfo":"false","ignoremanagementinterfaces":"","loglevel":"fatal","haltonconverterror":""},"testrigName":"rocketfuel-bb.AS-1221"}
WM:AssignWork: Trying to assign [1c80b0ff-c262-4e56-90c5-dd7a9ec978f7 48654182-64e4-46ba-a466-fb156bfbcb4a 9bb1c24a-dd4b-4ee1-a60f-9dedc1125670 {container=48654182-64e4-46ba-a466-fb156bfbcb4a, sv=, haltonparseerror=, si=, initinfo=false, ignoremanagementinterfaces=, loglevel=fatal, testrig=9bb1c24a-dd4b-4ee1-a60f-9dedc1125670, snapshotname=rocketfuel-bb.AS-1221, haltonconverterror=}] [TRYINGTOASSIGN] [Tue Jan 15 23:23:06 CST 2019 null null] [null] [null, null] to localhost:36377
Queuing result: true
WMS:getWorkStatus 1c80b0ff-c262-4e56-90c5-dd7a9ec978f7
status: TRYINGTOASSIGN
BFS:runTask(1c80b0ff-c262-4e56-90c5-dd7a9ec978f7,{"container":"48654182-64e4-46ba-a466-fb156bfbcb4a","sv":"","haltonparseerror":"","si":"","initinfo":"false","ignoremanagementinterfaces":"","loglevel":"fatal","testrig":"9bb1c24a-dd4b-4ee1-a60f-9dedc1125670","snapshotname":"rocketfuel-bb.AS-1221","haltonconverterror":"","storagebase":"\/home\/plankton\/batfish\/experiments\/containers"})
Will run with args: [-container, 48654182-64e4-46ba-a466-fb156bfbcb4a, -sv, -haltonparseerror, -si, -initinfo, false, -ignoremanagementinterfaces, -loglevel, fatal, -testrig, 9bb1c24a-dd4b-4ee1-a60f-9dedc1125670, -snapshotname, rocketfuel-bb.AS-1221, -haltonconverterror, -storagebase, /home/plankton/batfish/experiments/containers]
.... no task information
WMS:getWorkStatus 1c80b0ff-c262-4e56-90c5-dd7a9ec978f7
status: TRYINGTOASSIGN
.... no task information
WM:AssignWork: response: ["success","running now"] [success] [running now]
WMS:getWorkStatus 1c80b0ff-c262-4e56-90c5-dd7a9ec978f7
status: ASSIGNED
.... no task information
WMS:getWorkStatus 1c80b0ff-c262-4e56-90c5-dd7a9ec978f7
status: ASSIGNED
.... no task information
WMS:getWorkStatus 1c80b0ff-c262-4e56-90c5-dd7a9ec978f7
status: ASSIGNED
.... no task information
WMS:getWorkStatus 1c80b0ff-c262-4e56-90c5-dd7a9ec978f7
status: ASSIGNED
.... no task information
WMS:getWorkStatus 1c80b0ff-c262-4e56-90c5-dd7a9ec978f7
status: ASSIGNED
.... no task information
WMS:getWorkStatus 1c80b0ff-c262-4e56-90c5-dd7a9ec978f7
status: ASSIGNED
.... no task information
WMS:getWorkStatus 1c80b0ff-c262-4e56-90c5-dd7a9ec978f7
WMS:getWorkStatus 1c80b0ff-c262-4e56-90c5-dd7a9ec978f7
status: ASSIGNED
.... no task information
WMS:getWorkStatus 1c80b0ff-c262-4e56-90c5-dd7a9ec978f7
status: ASSIGNED
.... no task information
WMS:getWorkStatus 1c80b0ff-c262-4e56-90c5-dd7a9ec978f7
status: ASSIGNED
.... no task information
WMS:getWorkStatus 1c80b0ff-c262-4e56-90c5-dd7a9ec978f7
status: ASSIGNED
.... no task information
WMS:getWorkStatus 1c80b0ff-c262-4e56-90c5-dd7a9ec978f7
status: ASSIGNED
.... no task information
WMS:getWorkStatus 1c80b0ff-c262-4e56-90c5-dd7a9ec978f7
status: ASSIGNED
.... no task information
WM:CheckWork: Trying to check [1c80b0ff-c262-4e56-90c5-dd7a9ec978f7 48654182-64e4-46ba-a466-fb156bfbcb4a 9bb1c24a-dd4b-4ee1-a60f-9dedc1125670 {container=48654182-64e4-46ba-a466-fb156bfbcb4a, sv=, haltonparseerror=, si=, initinfo=false, ignoremanagementinterfaces=, loglevel=fatal, testrig=9bb1c24a-dd4b-4ee1-a60f-9dedc1125670, snapshotname=rocketfuel-bb.AS-1221, haltonconverterror=}] [CHECKINGSTATUS] [Tue Jan 15 23:23:06 CST 2019 Tue Jan 15 23:23:07 CST 2019 null] [localhost:36377] [null, null] on localhost:36377
BFS:getTaskStatus 1c80b0ff-c262-4e56-90c5-dd7a9ec978f7
response: ["success","{\n  \"args\" : [\n    \"-container\",\n    \"48654182-64e4-46ba-a466-fb156bfbcb4a\",\n    \"-sv\",\n    \"-haltonparseerror\",\n    \"-si\",\n    \"-initinfo\",\n    \"false\",\n    \"-ignoremanagementinterfaces\",\n    \"-loglevel\",\n    \"fatal\",\n    \"-testrig\",\n    \"9bb1c24a-dd4b-4ee1-a60f-9dedc1125670\",\n    \"-snapshotname\",\n    \"rocketfuel-bb.AS-1221\",\n    \"-haltonconverterror\",\n    \"-storagebase\",\n    \"\/home\/plankton\/batfish\/experiments\/containers\"\n  ],\n  \"batches\" : [\n    {\n      \"completed\" : 0,\n      \"description\" : \"Begin job\",\n      \"size\" : 0,\n      \"startDate\" : \"2019-01-16T05:23:07.077+0000\"\n    },\n    {\n      \"completed\" : 108,\n      \"description\" : \"Reading network configuration files\",\n      \"size\" : 108,\n      \"startDate\" : \"2019-01-16T05:23:07.122+0000\"\n    },\n    {\n      \"completed\" : 0,\n      \"description\" : \"Parse configurations\",\n      \"size\" : 108,\n      \"startDate\" : \"2019-01-16T05:23:07.183+0000\"\n    }\n  ],\n  \"obtained\" : \"2019-01-16T05:23:07.074+0000\",\n  \"status\" : \"InProgress\"\n}"] [success] [{
  "args" : [
    "-container",
    "48654182-64e4-46ba-a466-fb156bfbcb4a",
    "-sv",
    "-haltonparseerror",
    "-si",
    "-initinfo",
    "false",
    "-ignoremanagementinterfaces",
    "-loglevel",
    "fatal",
    "-testrig",
    "9bb1c24a-dd4b-4ee1-a60f-9dedc1125670",
    "-snapshotname",
    "rocketfuel-bb.AS-1221",
    "-haltonconverterror",
    "-storagebase",
    "/home/plankton/batfish/experiments/containers"
  ],
  "batches" : [
    {
      "completed" : 0,
      "description" : "Begin job",
      "size" : 0,
      "startDate" : "2019-01-16T05:23:07.077+0000"
    },
    {
      "completed" : 108,
      "description" : "Reading network configuration files",
      "size" : 108,
      "startDate" : "2019-01-16T05:23:07.122+0000"
    },
    {
      "completed" : 0,
      "description" : "Parse configurations",
      "size" : 108,
      "startDate" : "2019-01-16T05:23:07.183+0000"
    }
  ],
  "obtained" : "2019-01-16T05:23:07.074+0000",
  "status" : "InProgress"
}]
WMS:getWorkStatus 1c80b0ff-c262-4e56-90c5-dd7a9ec978f7
status: ASSIGNED
.... Tue Jan 15 23:23:07 CST 2019: Parse configurations: 0/108
WMS:getWorkStatus 1c80b0ff-c262-4e56-90c5-dd7a9ec978f7
status: ASSIGNED
.... Tue Jan 15 23:23:07 CST 2019: Parse configurations: 0/108
WM:CheckWork: Trying to check [1c80b0ff-c262-4e56-90c5-dd7a9ec978f7 48654182-64e4-46ba-a466-fb156bfbcb4a 9bb1c24a-dd4b-4ee1-a60f-9dedc1125670 {container=48654182-64e4-46ba-a466-fb156bfbcb4a, sv=, haltonparseerror=, si=, initinfo=false, ignoremanagementinterfaces=, loglevel=fatal, testrig=9bb1c24a-dd4b-4ee1-a60f-9dedc1125670, snapshotname=rocketfuel-bb.AS-1221, haltonconverterror=}] [CHECKINGSTATUS] [Tue Jan 15 23:23:06 CST 2019 Tue Jan 15 23:23:07 CST 2019 null] [localhost:36377] [InProgress, Tue Jan 15 23:23:08 CST 2019] on localhost:36377
BFS:getTaskStatus 1c80b0ff-c262-4e56-90c5-dd7a9ec978f7
response: ["success","{\n  \"args\" : [\n    \"-container\",\n    \"48654182-64e4-46ba-a466-fb156bfbcb4a\",\n    \"-sv\",\n    \"-haltonparseerror\",\n    \"-si\",\n    \"-initinfo\",\n    \"false\",\n    \"-ignoremanagementinterfaces\",\n    \"-loglevel\",\n    \"fatal\",\n    \"-testrig\",\n    \"9bb1c24a-dd4b-4ee1-a60f-9dedc1125670\",\n    \"-snapshotname\",\n    \"rocketfuel-bb.AS-1221\",\n    \"-haltonconverterror\",\n    \"-storagebase\",\n    \"\/home\/plankton\/batfish\/experiments\/containers\"\n  ],\n  \"batches\" : [\n    {\n      \"completed\" : 0,\n      \"description\" : \"Begin job\",\n      \"size\" : 0,\n      \"startDate\" : \"2019-01-16T05:23:07.077+0000\"\n    },\n    {\n      \"completed\" : 108,\n      \"description\" : \"Reading network configuration files\",\n      \"size\" : 108,\n      \"startDate\" : \"2019-01-16T05:23:07.122+0000\"\n    },\n    {\n      \"completed\" : 0,\n      \"description\" : \"Parse configurations\",\n      \"size\" : 108,\n      \"startDate\" : \"2019-01-16T05:23:07.183+0000\"\n    }\n  ],\n  \"obtained\" : \"2019-01-16T05:23:07.074+0000\",\n  \"status\" : \"InProgress\"\n}"] [success] [{
  "args" : [
    "-container",
    "48654182-64e4-46ba-a466-fb156bfbcb4a",
    "-sv",
    "-haltonparseerror",
    "-si",
    "-initinfo",
    "false",
    "-ignoremanagementinterfaces",
    "-loglevel",
    "fatal",
    "-testrig",
    "9bb1c24a-dd4b-4ee1-a60f-9dedc1125670",
    "-snapshotname",
    "rocketfuel-bb.AS-1221",
    "-haltonconverterror",
    "-storagebase",
    "/home/plankton/batfish/experiments/containers"
  ],
  "batches" : [
    {
      "completed" : 0,
      "description" : "Begin job",
      "size" : 0,
      "startDate" : "2019-01-16T05:23:07.077+0000"
    },
    {
      "completed" : 108,
      "description" : "Reading network configuration files",
      "size" : 108,
      "startDate" : "2019-01-16T05:23:07.122+0000"
    },
    {
      "completed" : 0,
      "description" : "Parse configurations",
      "size" : 108,
      "startDate" : "2019-01-16T05:23:07.183+0000"
    }
  ],
  "obtained" : "2019-01-16T05:23:07.074+0000",
  "status" : "InProgress"
}]
WMS:getWorkStatus 1c80b0ff-c262-4e56-90c5-dd7a9ec978f7
status: ASSIGNED
.... Tue Jan 15 23:23:07 CST 2019: Parse configurations: 0/108
WM:CheckWork: Trying to check [1c80b0ff-c262-4e56-90c5-dd7a9ec978f7 48654182-64e4-46ba-a466-fb156bfbcb4a 9bb1c24a-dd4b-4ee1-a60f-9dedc1125670 {container=48654182-64e4-46ba-a466-fb156bfbcb4a, sv=, haltonparseerror=, si=, initinfo=false, ignoremanagementinterfaces=, loglevel=fatal, testrig=9bb1c24a-dd4b-4ee1-a60f-9dedc1125670, snapshotname=rocketfuel-bb.AS-1221, haltonconverterror=}] [CHECKINGSTATUS] [Tue Jan 15 23:23:06 CST 2019 Tue Jan 15 23:23:07 CST 2019 null] [localhost:36377] [InProgress, Tue Jan 15 23:23:09 CST 2019] on localhost:36377
BFS:getTaskStatus 1c80b0ff-c262-4e56-90c5-dd7a9ec978f7
response: ["success","{\n  \"args\" : [\n    \"-container\",\n    \"48654182-64e4-46ba-a466-fb156bfbcb4a\",\n    \"-sv\",\n    \"-haltonparseerror\",\n    \"-si\",\n    \"-initinfo\",\n    \"false\",\n    \"-ignoremanagementinterfaces\",\n    \"-loglevel\",\n    \"fatal\",\n    \"-testrig\",\n    \"9bb1c24a-dd4b-4ee1-a60f-9dedc1125670\",\n    \"-snapshotname\",\n    \"rocketfuel-bb.AS-1221\",\n    \"-haltonconverterror\",\n    \"-storagebase\",\n    \"\/home\/plankton\/batfish\/experiments\/containers\"\n  ],\n  \"batches\" : [\n    {\n      \"completed\" : 0,\n      \"description\" : \"Begin job\",\n      \"size\" : 0,\n      \"startDate\" : \"2019-01-16T05:23:07.077+0000\"\n    },\n    {\n      \"completed\" : 108,\n      \"description\" : \"Reading network configuration files\",\n      \"size\" : 108,\n      \"startDate\" : \"2019-01-16T05:23:07.122+0000\"\n    },\n    {\n      \"completed\" : 0,\n      \"description\" : \"Parse configurations\",\n      \"size\" : 108,\n      \"startDate\" : \"2019-01-16T05:23:07.183+0000\"\n    }\n  ],\n  \"obtained\" : \"2019-01-16T05:23:07.074+0000\",\n  \"status\" : \"InProgress\"\n}"] [success] [{
  "args" : [
    "-container",
    "48654182-64e4-46ba-a466-fb156bfbcb4a",
    "-sv",
    "-haltonparseerror",
    "-si",
    "-initinfo",
    "false",
    "-ignoremanagementinterfaces",
    "-loglevel",
    "fatal",
    "-testrig",
    "9bb1c24a-dd4b-4ee1-a60f-9dedc1125670",
    "-snapshotname",
    "rocketfuel-bb.AS-1221",
    "-haltonconverterror",
    "-storagebase",
    "/home/plankton/batfish/experiments/containers"
  ],
  "batches" : [
    {
      "completed" : 0,
      "description" : "Begin job",
      "size" : 0,
      "startDate" : "2019-01-16T05:23:07.077+0000"
    },
    {
      "completed" : 108,
      "description" : "Reading network configuration files",
      "size" : 108,
      "startDate" : "2019-01-16T05:23:07.122+0000"
    },
    {
      "completed" : 0,
      "description" : "Parse configurations",
      "size" : 108,
      "startDate" : "2019-01-16T05:23:07.183+0000"
    }
  ],
  "obtained" : "2019-01-16T05:23:07.074+0000",
  "status" : "InProgress"
}]
WMS:getWorkStatus 1c80b0ff-c262-4e56-90c5-dd7a9ec978f7
status: ASSIGNED
.... Tue Jan 15 23:23:07 CST 2019: Parse configurations: 0/108
WM:CheckWork: Trying to check [1c80b0ff-c262-4e56-90c5-dd7a9ec978f7 48654182-64e4-46ba-a466-fb156bfbcb4a 9bb1c24a-dd4b-4ee1-a60f-9dedc1125670 {container=48654182-64e4-46ba-a466-fb156bfbcb4a, sv=, haltonparseerror=, si=, initinfo=false, ignoremanagementinterfaces=, loglevel=fatal, testrig=9bb1c24a-dd4b-4ee1-a60f-9dedc1125670, snapshotname=rocketfuel-bb.AS-1221, haltonconverterror=}] [CHECKINGSTATUS] [Tue Jan 15 23:23:06 CST 2019 Tue Jan 15 23:23:07 CST 2019 null] [localhost:36377] [InProgress, Tue Jan 15 23:23:10 CST 2019] on localhost:36377
BFS:getTaskStatus 1c80b0ff-c262-4e56-90c5-dd7a9ec978f7
response: ["success","{\n  \"args\" : [\n    \"-container\",\n    \"48654182-64e4-46ba-a466-fb156bfbcb4a\",\n    \"-sv\",\n    \"-haltonparseerror\",\n    \"-si\",\n    \"-initinfo\",\n    \"false\",\n    \"-ignoremanagementinterfaces\",\n    \"-loglevel\",\n    \"fatal\",\n    \"-testrig\",\n    \"9bb1c24a-dd4b-4ee1-a60f-9dedc1125670\",\n    \"-snapshotname\",\n    \"rocketfuel-bb.AS-1221\",\n    \"-haltonconverterror\",\n    \"-storagebase\",\n    \"\/home\/plankton\/batfish\/experiments\/containers\"\n  ],\n  \"batches\" : [\n    {\n      \"completed\" : 0,\n      \"description\" : \"Begin job\",\n      \"size\" : 0,\n      \"startDate\" : \"2019-01-16T05:23:07.077+0000\"\n    },\n    {\n      \"completed\" : 108,\n      \"description\" : \"Reading network configuration files\",\n      \"size\" : 108,\n      \"startDate\" : \"2019-01-16T05:23:07.122+0000\"\n    },\n    {\n      \"completed\" : 0,\n      \"description\" : \"Parse configurations\",\n      \"size\" : 108,\n      \"startDate\" : \"2019-01-16T05:23:07.183+0000\"\n    }\n  ],\n  \"obtained\" : \"2019-01-16T05:23:07.074+0000\",\n  \"status\" : \"InProgress\"\n}"] [success] [{
  "args" : [
    "-container",
    "48654182-64e4-46ba-a466-fb156bfbcb4a",
    "-sv",
    "-haltonparseerror",
    "-si",
    "-initinfo",
    "false",
    "-ignoremanagementinterfaces",
    "-loglevel",
    "fatal",
    "-testrig",
    "9bb1c24a-dd4b-4ee1-a60f-9dedc1125670",
    "-snapshotname",
    "rocketfuel-bb.AS-1221",
    "-haltonconverterror",
    "-storagebase",
    "/home/plankton/batfish/experiments/containers"
  ],
  "batches" : [
    {
      "completed" : 0,
      "description" : "Begin job",
      "size" : 0,
      "startDate" : "2019-01-16T05:23:07.077+0000"
    },
    {
      "completed" : 108,
      "description" : "Reading network configuration files",
      "size" : 108,
      "startDate" : "2019-01-16T05:23:07.122+0000"
    },
    {
      "completed" : 0,
      "description" : "Parse configurations",
      "size" : 108,
      "startDate" : "2019-01-16T05:23:07.183+0000"
    }
  ],
  "obtained" : "2019-01-16T05:23:07.074+0000",
  "status" : "InProgress"
}]
WMS:getWorkStatus 1c80b0ff-c262-4e56-90c5-dd7a9ec978f7
status: ASSIGNED
.... Tue Jan 15 23:23:07 CST 2019: Parse configurations: 0/108
WM:CheckWork: Trying to check [1c80b0ff-c262-4e56-90c5-dd7a9ec978f7 48654182-64e4-46ba-a466-fb156bfbcb4a 9bb1c24a-dd4b-4ee1-a60f-9dedc1125670 {container=48654182-64e4-46ba-a466-fb156bfbcb4a, sv=, haltonparseerror=, si=, initinfo=false, ignoremanagementinterfaces=, loglevel=fatal, testrig=9bb1c24a-dd4b-4ee1-a60f-9dedc1125670, snapshotname=rocketfuel-bb.AS-1221, haltonconverterror=}] [CHECKINGSTATUS] [Tue Jan 15 23:23:06 CST 2019 Tue Jan 15 23:23:07 CST 2019 null] [localhost:36377] [InProgress, Tue Jan 15 23:23:11 CST 2019] on localhost:36377
BFS:getTaskStatus 1c80b0ff-c262-4e56-90c5-dd7a9ec978f7
response: ["success","{\n  \"args\" : [\n    \"-container\",\n    \"48654182-64e4-46ba-a466-fb156bfbcb4a\",\n    \"-sv\",\n    \"-haltonparseerror\",\n    \"-si\",\n    \"-initinfo\",\n    \"false\",\n    \"-ignoremanagementinterfaces\",\n    \"-loglevel\",\n    \"fatal\",\n    \"-testrig\",\n    \"9bb1c24a-dd4b-4ee1-a60f-9dedc1125670\",\n    \"-snapshotname\",\n    \"rocketfuel-bb.AS-1221\",\n    \"-haltonconverterror\",\n    \"-storagebase\",\n    \"\/home\/plankton\/batfish\/experiments\/containers\"\n  ],\n  \"batches\" : [\n    {\n      \"completed\" : 0,\n      \"description\" : \"Begin job\",\n      \"size\" : 0,\n      \"startDate\" : \"2019-01-16T05:23:07.077+0000\"\n    },\n    {\n      \"completed\" : 108,\n      \"description\" : \"Reading network configuration files\",\n      \"size\" : 108,\n      \"startDate\" : \"2019-01-16T05:23:07.122+0000\"\n    },\n    {\n      \"completed\" : 108,\n      \"description\" : \"Parse configurations\",\n      \"size\" : 108,\n      \"startDate\" : \"2019-01-16T05:23:07.183+0000\"\n    },\n    {\n      \"completed\" : 0,\n      \"description\" : \"Serializing 'org.batfish.representation.cisco.CiscoConfiguration' instances to disk\",\n      \"size\" : 108,\n      \"startDate\" : \"2019-01-16T05:23:11.970+0000\"\n    }\n  ],\n  \"obtained\" : \"2019-01-16T05:23:07.074+0000\",\n  \"status\" : \"InProgress\"\n}"] [success] [{
  "args" : [
    "-container",
    "48654182-64e4-46ba-a466-fb156bfbcb4a",
    "-sv",
    "-haltonparseerror",
    "-si",
    "-initinfo",
    "false",
    "-ignoremanagementinterfaces",
    "-loglevel",
    "fatal",
    "-testrig",
    "9bb1c24a-dd4b-4ee1-a60f-9dedc1125670",
    "-snapshotname",
    "rocketfuel-bb.AS-1221",
    "-haltonconverterror",
    "-storagebase",
    "/home/plankton/batfish/experiments/containers"
  ],
  "batches" : [
    {
      "completed" : 0,
      "description" : "Begin job",
      "size" : 0,
      "startDate" : "2019-01-16T05:23:07.077+0000"
    },
    {
      "completed" : 108,
      "description" : "Reading network configuration files",
      "size" : 108,
      "startDate" : "2019-01-16T05:23:07.122+0000"
    },
    {
      "completed" : 108,
      "description" : "Parse configurations",
      "size" : 108,
      "startDate" : "2019-01-16T05:23:07.183+0000"
    },
    {
      "completed" : 0,
      "description" : "Serializing 'org.batfish.representation.cisco.CiscoConfiguration' instances to disk",
      "size" : 108,
      "startDate" : "2019-01-16T05:23:11.970+0000"
    }
  ],
  "obtained" : "2019-01-16T05:23:07.074+0000",
  "status" : "InProgress"
}]
WMS:getWorkStatus 1c80b0ff-c262-4e56-90c5-dd7a9ec978f7
status: ASSIGNED
.... Tue Jan 15 23:23:11 CST 2019: Serializing 'org.batfish.representation.cisco.CiscoConfiguration' instances to disk: 0/108
WM:CheckWork: Trying to check [1c80b0ff-c262-4e56-90c5-dd7a9ec978f7 48654182-64e4-46ba-a466-fb156bfbcb4a 9bb1c24a-dd4b-4ee1-a60f-9dedc1125670 {container=48654182-64e4-46ba-a466-fb156bfbcb4a, sv=, haltonparseerror=, si=, initinfo=false, ignoremanagementinterfaces=, loglevel=fatal, testrig=9bb1c24a-dd4b-4ee1-a60f-9dedc1125670, snapshotname=rocketfuel-bb.AS-1221, haltonconverterror=}] [CHECKINGSTATUS] [Tue Jan 15 23:23:06 CST 2019 Tue Jan 15 23:23:07 CST 2019 null] [localhost:36377] [InProgress, Tue Jan 15 23:23:12 CST 2019] on localhost:36377
BFS:getTaskStatus 1c80b0ff-c262-4e56-90c5-dd7a9ec978f7
response: ["success","{\n  \"args\" : [\n    \"-container\",\n    \"48654182-64e4-46ba-a466-fb156bfbcb4a\",\n    \"-sv\",\n    \"-haltonparseerror\",\n    \"-si\",\n    \"-initinfo\",\n    \"false\",\n    \"-ignoremanagementinterfaces\",\n    \"-loglevel\",\n    \"fatal\",\n    \"-testrig\",\n    \"9bb1c24a-dd4b-4ee1-a60f-9dedc1125670\",\n    \"-snapshotname\",\n    \"rocketfuel-bb.AS-1221\",\n    \"-haltonconverterror\",\n    \"-storagebase\",\n    \"\/home\/plankton\/batfish\/experiments\/containers\"\n  ],\n  \"batches\" : [\n    {\n      \"completed\" : 0,\n      \"description\" : \"Begin job\",\n      \"size\" : 0,\n      \"startDate\" : \"2019-01-16T05:23:07.077+0000\"\n    },\n    {\n      \"completed\" : 108,\n      \"description\" : \"Reading network configuration files\",\n      \"size\" : 108,\n      \"startDate\" : \"2019-01-16T05:23:07.122+0000\"\n    },\n    {\n      \"completed\" : 108,\n      \"description\" : \"Parse configurations\",\n      \"size\" : 108,\n      \"startDate\" : \"2019-01-16T05:23:07.183+0000\"\n    },\n    {\n      \"completed\" : 108,\n      \"description\" : \"Serializing 'org.batfish.representation.cisco.CiscoConfiguration' instances to disk\",\n      \"size\" : 108,\n      \"startDate\" : \"2019-01-16T05:23:11.970+0000\"\n    },\n    {\n      \"completed\" : 108,\n      \"description\" : \"Reading, unpacking, and deserializing files containing 'org.batfish.datamodel.GenericConfigObject' instances\",\n      \"size\" : 108,\n      \"startDate\" : \"2019-01-16T05:23:12.245+0000\"\n    },\n    {\n      \"completed\" : 108,\n      \"description\" : \"Convert configurations to vendor-independent format\",\n      \"size\" : 108,\n      \"startDate\" : \"2019-01-16T05:23:12.362+0000\"\n    },\n    {\n      \"completed\" : 108,\n      \"description\" : \"Serializing 108 vendor-independent configuration structures for snapshot 9bb1c24a-dd4b-4ee1-a60f-9dedc1125670\",\n      \"size\" : 108,\n      \"startDate\" : \"2019-01-16T05:23:12.501+0000\"\n    },\n    {\n      \"completed\" : 108,\n      \"description\" : \"Deserializing objects of type 'org.batfish.datamodel.Configuration' from files\",\n      \"size\" : 108,\n      \"startDate\" : \"2019-01-16T05:23:12.726+0000\"\n    }\n  ],\n  \"obtained\" : \"2019-01-16T05:23:07.074+0000\",\n  \"status\" : \"TerminatedNormally\",\n  \"terminated\" : \"2019-01-16T05:23:12.888+0000\"\n}"] [success] [{
  "args" : [
    "-container",
    "48654182-64e4-46ba-a466-fb156bfbcb4a",
    "-sv",
    "-haltonparseerror",
    "-si",
    "-initinfo",
    "false",
    "-ignoremanagementinterfaces",
    "-loglevel",
    "fatal",
    "-testrig",
    "9bb1c24a-dd4b-4ee1-a60f-9dedc1125670",
    "-snapshotname",
    "rocketfuel-bb.AS-1221",
    "-haltonconverterror",
    "-storagebase",
    "/home/plankton/batfish/experiments/containers"
  ],
  "batches" : [
    {
      "completed" : 0,
      "description" : "Begin job",
      "size" : 0,
      "startDate" : "2019-01-16T05:23:07.077+0000"
    },
    {
      "completed" : 108,
      "description" : "Reading network configuration files",
      "size" : 108,
      "startDate" : "2019-01-16T05:23:07.122+0000"
    },
    {
      "completed" : 108,
      "description" : "Parse configurations",
      "size" : 108,
      "startDate" : "2019-01-16T05:23:07.183+0000"
    },
    {
      "completed" : 108,
      "description" : "Serializing 'org.batfish.representation.cisco.CiscoConfiguration' instances to disk",
      "size" : 108,
      "startDate" : "2019-01-16T05:23:11.970+0000"
    },
    {
      "completed" : 108,
      "description" : "Reading, unpacking, and deserializing files containing 'org.batfish.datamodel.GenericConfigObject' instances",
      "size" : 108,
      "startDate" : "2019-01-16T05:23:12.245+0000"
    },
    {
      "completed" : 108,
      "description" : "Convert configurations to vendor-independent format",
      "size" : 108,
      "startDate" : "2019-01-16T05:23:12.362+0000"
    },
    {
      "completed" : 108,
      "description" : "Serializing 108 vendor-independent configuration structures for snapshot 9bb1c24a-dd4b-4ee1-a60f-9dedc1125670",
      "size" : 108,
      "startDate" : "2019-01-16T05:23:12.501+0000"
    },
    {
      "completed" : 108,
      "description" : "Deserializing objects of type 'org.batfish.datamodel.Configuration' from files",
      "size" : 108,
      "startDate" : "2019-01-16T05:23:12.726+0000"
    }
  ],
  "obtained" : "2019-01-16T05:23:07.074+0000",
  "status" : "TerminatedNormally",
  "terminated" : "2019-01-16T05:23:12.888+0000"
}]
WMS:getWorkStatus 1c80b0ff-c262-4e56-90c5-dd7a9ec978f7
status: TERMINATEDNORMALLY
.... Tue Jan 15 23:23:07 CST 2019: Begin job
.... Tue Jan 15 23:23:07 CST 2019: Reading network configuration files: 108/108
.... Tue Jan 15 23:23:07 CST 2019: Parse configurations: 108/108
.... Tue Jan 15 23:23:11 CST 2019: Serializing 'org.batfish.representation.cisco.CiscoConfiguration' instances to disk: 108/108
.... Tue Jan 15 23:23:12 CST 2019: Reading, unpacking, and deserializing files containing 'org.batfish.datamodel.GenericConfigObject' instances: 108/108
.... Tue Jan 15 23:23:12 CST 2019: Convert configurations to vendor-independent format: 108/108
.... Tue Jan 15 23:23:12 CST 2019: Serializing 108 vendor-independent configuration structures for snapshot 9bb1c24a-dd4b-4ee1-a60f-9dedc1125670: 108/108
.... Tue Jan 15 23:23:12 CST 2019: Deserializing objects of type 'org.batfish.datamodel.Configuration' from files: 108/108
.... Tue Jan 15 23:23:12 CST 2019: TERMINATEDNORMALLY
WMS:getObject rocketfuel-bb.AS-1221 --> 1c80b0ff-c262-4e56-90c5-dd7a9ec978f7.json
Status: SUCCESS
Summary: 0 (non-assertion) results; 
Current snapshot is now rocketfuel-bb.AS-1221
WMS:uploadQuestion 00000000000000000000000000000000 np_d1c3368b-2352-403e-b271-b91baee3f41c/q_4ccc1602-735c-4ce3-9d14-128b597ac0f6
work-id is d26a1e1f-39ef-4118-835d-bf374e23af2c
WMS:queueWork 00000000000000000000000000000000 {"containerName":"np_d1c3368b-2352-403e-b271-b91baee3f41c","id":"d26a1e1f-39ef-4118-835d-bf374e23af2c","requestParams":{"answer":"","haltonparseerror":"","loglevel":"fatal","initinfo":"false","questionname":"q_4ccc1602-735c-4ce3-9d14-128b597ac0f6","haltonconverterror":""},"testrigName":"rocketfuel-bb.AS-1221"}
WM:AssignWork: Trying to assign [d26a1e1f-39ef-4118-835d-bf374e23af2c 48654182-64e4-46ba-a466-fb156bfbcb4a 9bb1c24a-dd4b-4ee1-a60f-9dedc1125670 {container=48654182-64e4-46ba-a466-fb156bfbcb4a, answer=, haltonparseerror=, loglevel=fatal, initinfo=false, questionname=63138b2c-df8d-47ff-b50b-163ca59e0d1a, testrig=9bb1c24a-dd4b-4ee1-a60f-9dedc1125670, snapshotname=rocketfuel-bb.AS-1221, haltonconverterror=}] [TRYINGTOASSIGN] [Tue Jan 15 23:23:13 CST 2019 null null] [null] [null, null] to localhost:36377
Queuing result: true
WMS:getWorkStatus d26a1e1f-39ef-4118-835d-bf374e23af2c
status: TRYINGTOASSIGN
.... no task information
WMS:getWorkStatus d26a1e1f-39ef-4118-835d-bf374e23af2c
status: TRYINGTOASSIGN
.... no task information
WMS:getWorkStatus d26a1e1f-39ef-4118-835d-bf374e23af2c
status: TRYINGTOASSIGN
.... no task information
WMS:getWorkStatus d26a1e1f-39ef-4118-835d-bf374e23af2c
BFS:runTask(d26a1e1f-39ef-4118-835d-bf374e23af2c,{"container":"48654182-64e4-46ba-a466-fb156bfbcb4a","answer":"","haltonparseerror":"","loglevel":"fatal","initinfo":"false","questionname":"63138b2c-df8d-47ff-b50b-163ca59e0d1a","testrig":"9bb1c24a-dd4b-4ee1-a60f-9dedc1125670","snapshotname":"rocketfuel-bb.AS-1221","haltonconverterror":"","storagebase":"\/home\/plankton\/batfish\/experiments\/containers"})
Will run with args: [-container, 48654182-64e4-46ba-a466-fb156bfbcb4a, -answer, -haltonparseerror, -loglevel, fatal, -initinfo, false, -questionname, 63138b2c-df8d-47ff-b50b-163ca59e0d1a, -testrig, 9bb1c24a-dd4b-4ee1-a60f-9dedc1125670, -snapshotname, rocketfuel-bb.AS-1221, -haltonconverterror, -storagebase, /home/plankton/batfish/experiments/containers]
status: TRYINGTOASSIGN
.... no task information
WM:AssignWork: response: ["success","running now"] [success] [running now]
WMS:getWorkStatus d26a1e1f-39ef-4118-835d-bf374e23af2c
status: ASSIGNED
.... no task information
WMS:getWorkStatus d26a1e1f-39ef-4118-835d-bf374e23af2c
status: ASSIGNED
.... no task information
WMS:getWorkStatus d26a1e1f-39ef-4118-835d-bf374e23af2c
status: ASSIGNED
.... no task information
WMS:getWorkStatus d26a1e1f-39ef-4118-835d-bf374e23af2c
status: ASSIGNED
.... no task information
=====[DEBUG]===== sourceRouters: [r54]
WMS:getWorkStatus d26a1e1f-39ef-4118-835d-bf374e23af2c
status: ASSIGNED
.... no task information
=====[DEBUG]===== mapped srcRouters: [r54]
WMS:getWorkStatus d26a1e1f-39ef-4118-835d-bf374e23af2c
status: ASSIGNED
.... no task information
WMS:getWorkStatus d26a1e1f-39ef-4118-835d-bf374e23af2c
WM:CheckWork: Trying to check [d26a1e1f-39ef-4118-835d-bf374e23af2c 48654182-64e4-46ba-a466-fb156bfbcb4a 9bb1c24a-dd4b-4ee1-a60f-9dedc1125670 {container=48654182-64e4-46ba-a466-fb156bfbcb4a, answer=, haltonparseerror=, loglevel=fatal, initinfo=false, questionname=63138b2c-df8d-47ff-b50b-163ca59e0d1a, testrig=9bb1c24a-dd4b-4ee1-a60f-9dedc1125670, snapshotname=rocketfuel-bb.AS-1221, haltonconverterror=}] [CHECKINGSTATUS] [Tue Jan 15 23:23:13 CST 2019 Tue Jan 15 23:23:13 CST 2019 null] [localhost:36377] [null, null] on localhost:36377
status: ASSIGNED
.... no task information
BFS:getTaskStatus d26a1e1f-39ef-4118-835d-bf374e23af2c
response: ["success","{\n  \"args\" : [\n    \"-container\",\n    \"48654182-64e4-46ba-a466-fb156bfbcb4a\",\n    \"-answer\",\n    \"-haltonparseerror\",\n    \"-loglevel\",\n    \"fatal\",\n    \"-initinfo\",\n    \"false\",\n    \"-questionname\",\n    \"63138b2c-df8d-47ff-b50b-163ca59e0d1a\",\n    \"-testrig\",\n    \"9bb1c24a-dd4b-4ee1-a60f-9dedc1125670\",\n    \"-snapshotname\",\n    \"rocketfuel-bb.AS-1221\",\n    \"-haltonconverterror\",\n    \"-storagebase\",\n    \"\/home\/plankton\/batfish\/experiments\/containers\"\n  ],\n  \"batches\" : [\n    {\n      \"completed\" : 0,\n      \"description\" : \"Begin job\",\n      \"size\" : 0,\n      \"startDate\" : \"2019-01-16T05:23:13.830+0000\"\n    }\n  ],\n  \"obtained\" : \"2019-01-16T05:23:13.829+0000\",\n  \"status\" : \"InProgress\"\n}"] [success] [{
  "args" : [
    "-container",
    "48654182-64e4-46ba-a466-fb156bfbcb4a",
    "-answer",
    "-haltonparseerror",
    "-loglevel",
    "fatal",
    "-initinfo",
    "false",
    "-questionname",
    "63138b2c-df8d-47ff-b50b-163ca59e0d1a",
    "-testrig",
    "9bb1c24a-dd4b-4ee1-a60f-9dedc1125670",
    "-snapshotname",
    "rocketfuel-bb.AS-1221",
    "-haltonconverterror",
    "-storagebase",
    "/home/plankton/batfish/experiments/containers"
  ],
  "batches" : [
    {
      "completed" : 0,
      "description" : "Begin job",
      "size" : 0,
      "startDate" : "2019-01-16T05:23:13.830+0000"
    }
  ],
  "obtained" : "2019-01-16T05:23:13.829+0000",
  "status" : "InProgress"
}]
WMS:getWorkStatus d26a1e1f-39ef-4118-835d-bf374e23af2c
status: ASSIGNED
.... Tue Jan 15 23:23:13 CST 2019: Begin job
WMS:getWorkStatus d26a1e1f-39ef-4118-835d-bf374e23af2c
status: ASSIGNED
.... Tue Jan 15 23:23:13 CST 2019: Begin job
WMS:getWorkStatus d26a1e1f-39ef-4118-835d-bf374e23af2c
status: ASSIGNED
.... Tue Jan 15 23:23:13 CST 2019: Begin job
WMS:getWorkStatus d26a1e1f-39ef-4118-835d-bf374e23af2c
status: ASSIGNED
.... Tue Jan 15 23:23:13 CST 2019: Begin job
WM:CheckWork: Trying to check [d26a1e1f-39ef-4118-835d-bf374e23af2c 48654182-64e4-46ba-a466-fb156bfbcb4a 9bb1c24a-dd4b-4ee1-a60f-9dedc1125670 {container=48654182-64e4-46ba-a466-fb156bfbcb4a, answer=, haltonparseerror=, loglevel=fatal, initinfo=false, questionname=63138b2c-df8d-47ff-b50b-163ca59e0d1a, testrig=9bb1c24a-dd4b-4ee1-a60f-9dedc1125670, snapshotname=rocketfuel-bb.AS-1221, haltonconverterror=}] [CHECKINGSTATUS] [Tue Jan 15 23:23:13 CST 2019 Tue Jan 15 23:23:13 CST 2019 null] [localhost:36377] [InProgress, Tue Jan 15 23:23:14 CST 2019] on localhost:36377
BFS:getTaskStatus d26a1e1f-39ef-4118-835d-bf374e23af2c
response: ["success","{\n  \"args\" : [\n    \"-container\",\n    \"48654182-64e4-46ba-a466-fb156bfbcb4a\",\n    \"-answer\",\n    \"-haltonparseerror\",\n    \"-loglevel\",\n    \"fatal\",\n    \"-initinfo\",\n    \"false\",\n    \"-questionname\",\n    \"63138b2c-df8d-47ff-b50b-163ca59e0d1a\",\n    \"-testrig\",\n    \"9bb1c24a-dd4b-4ee1-a60f-9dedc1125670\",\n    \"-snapshotname\",\n    \"rocketfuel-bb.AS-1221\",\n    \"-haltonconverterror\",\n    \"-storagebase\",\n    \"\/home\/plankton\/batfish\/experiments\/containers\"\n  ],\n  \"batches\" : [\n    {\n      \"completed\" : 0,\n      \"description\" : \"Begin job\",\n      \"size\" : 0,\n      \"startDate\" : \"2019-01-16T05:23:13.830+0000\"\n    }\n  ],\n  \"obtained\" : \"2019-01-16T05:23:13.829+0000\",\n  \"status\" : \"InProgress\"\n}"] [success] [{
  "args" : [
    "-container",
    "48654182-64e4-46ba-a466-fb156bfbcb4a",
    "-answer",
    "-haltonparseerror",
    "-loglevel",
    "fatal",
    "-initinfo",
    "false",
    "-questionname",
    "63138b2c-df8d-47ff-b50b-163ca59e0d1a",
    "-testrig",
    "9bb1c24a-dd4b-4ee1-a60f-9dedc1125670",
    "-snapshotname",
    "rocketfuel-bb.AS-1221",
    "-haltonconverterror",
    "-storagebase",
    "/home/plankton/batfish/experiments/containers"
  ],
  "batches" : [
    {
      "completed" : 0,
      "description" : "Begin job",
      "size" : 0,
      "startDate" : "2019-01-16T05:23:13.830+0000"
    }
  ],
  "obtained" : "2019-01-16T05:23:13.829+0000",
  "status" : "InProgress"
}]
WMS:getWorkStatus d26a1e1f-39ef-4118-835d-bf374e23af2c
status: ASSIGNED
.... Tue Jan 15 23:23:13 CST 2019: Begin job
WM:CheckWork: Trying to check [d26a1e1f-39ef-4118-835d-bf374e23af2c 48654182-64e4-46ba-a466-fb156bfbcb4a 9bb1c24a-dd4b-4ee1-a60f-9dedc1125670 {container=48654182-64e4-46ba-a466-fb156bfbcb4a, answer=, haltonparseerror=, loglevel=fatal, initinfo=false, questionname=63138b2c-df8d-47ff-b50b-163ca59e0d1a, testrig=9bb1c24a-dd4b-4ee1-a60f-9dedc1125670, snapshotname=rocketfuel-bb.AS-1221, haltonconverterror=}] [CHECKINGSTATUS] [Tue Jan 15 23:23:13 CST 2019 Tue Jan 15 23:23:13 CST 2019 null] [localhost:36377] [InProgress, Tue Jan 15 23:23:15 CST 2019] on localhost:36377
BFS:getTaskStatus d26a1e1f-39ef-4118-835d-bf374e23af2c
response: ["success","{\n  \"args\" : [\n    \"-container\",\n    \"48654182-64e4-46ba-a466-fb156bfbcb4a\",\n    \"-answer\",\n    \"-haltonparseerror\",\n    \"-loglevel\",\n    \"fatal\",\n    \"-initinfo\",\n    \"false\",\n    \"-questionname\",\n    \"63138b2c-df8d-47ff-b50b-163ca59e0d1a\",\n    \"-testrig\",\n    \"9bb1c24a-dd4b-4ee1-a60f-9dedc1125670\",\n    \"-snapshotname\",\n    \"rocketfuel-bb.AS-1221\",\n    \"-haltonconverterror\",\n    \"-storagebase\",\n    \"\/home\/plankton\/batfish\/experiments\/containers\"\n  ],\n  \"batches\" : [\n    {\n      \"completed\" : 0,\n      \"description\" : \"Begin job\",\n      \"size\" : 0,\n      \"startDate\" : \"2019-01-16T05:23:13.830+0000\"\n    }\n  ],\n  \"obtained\" : \"2019-01-16T05:23:13.829+0000\",\n  \"status\" : \"InProgress\"\n}"] [success] [{
  "args" : [
    "-container",
    "48654182-64e4-46ba-a466-fb156bfbcb4a",
    "-answer",
    "-haltonparseerror",
    "-loglevel",
    "fatal",
    "-initinfo",
    "false",
    "-questionname",
    "63138b2c-df8d-47ff-b50b-163ca59e0d1a",
    "-testrig",
    "9bb1c24a-dd4b-4ee1-a60f-9dedc1125670",
    "-snapshotname",
    "rocketfuel-bb.AS-1221",
    "-haltonconverterror",
    "-storagebase",
    "/home/plankton/batfish/experiments/containers"
  ],
  "batches" : [
    {
      "completed" : 0,
      "description" : "Begin job",
      "size" : 0,
      "startDate" : "2019-01-16T05:23:13.830+0000"
    }
  ],
  "obtained" : "2019-01-16T05:23:13.829+0000",
  "status" : "InProgress"
}]
WMS:getWorkStatus d26a1e1f-39ef-4118-835d-bf374e23af2c
status: ASSIGNED
.... Tue Jan 15 23:23:13 CST 2019: Begin job
WM:CheckWork: Trying to check [d26a1e1f-39ef-4118-835d-bf374e23af2c 48654182-64e4-46ba-a466-fb156bfbcb4a 9bb1c24a-dd4b-4ee1-a60f-9dedc1125670 {container=48654182-64e4-46ba-a466-fb156bfbcb4a, answer=, haltonparseerror=, loglevel=fatal, initinfo=false, questionname=63138b2c-df8d-47ff-b50b-163ca59e0d1a, testrig=9bb1c24a-dd4b-4ee1-a60f-9dedc1125670, snapshotname=rocketfuel-bb.AS-1221, haltonconverterror=}] [CHECKINGSTATUS] [Tue Jan 15 23:23:13 CST 2019 Tue Jan 15 23:23:13 CST 2019 null] [localhost:36377] [InProgress, Tue Jan 15 23:23:16 CST 2019] on localhost:36377
BFS:getTaskStatus d26a1e1f-39ef-4118-835d-bf374e23af2c
response: ["success","{\n  \"args\" : [\n    \"-container\",\n    \"48654182-64e4-46ba-a466-fb156bfbcb4a\",\n    \"-answer\",\n    \"-haltonparseerror\",\n    \"-loglevel\",\n    \"fatal\",\n    \"-initinfo\",\n    \"false\",\n    \"-questionname\",\n    \"63138b2c-df8d-47ff-b50b-163ca59e0d1a\",\n    \"-testrig\",\n    \"9bb1c24a-dd4b-4ee1-a60f-9dedc1125670\",\n    \"-snapshotname\",\n    \"rocketfuel-bb.AS-1221\",\n    \"-haltonconverterror\",\n    \"-storagebase\",\n    \"\/home\/plankton\/batfish\/experiments\/containers\"\n  ],\n  \"batches\" : [\n    {\n      \"completed\" : 0,\n      \"description\" : \"Begin job\",\n      \"size\" : 0,\n      \"startDate\" : \"2019-01-16T05:23:13.830+0000\"\n    }\n  ],\n  \"obtained\" : \"2019-01-16T05:23:13.829+0000\",\n  \"status\" : \"InProgress\"\n}"] [success] [{
  "args" : [
    "-container",
    "48654182-64e4-46ba-a466-fb156bfbcb4a",
    "-answer",
    "-haltonparseerror",
    "-loglevel",
    "fatal",
    "-initinfo",
    "false",
    "-questionname",
    "63138b2c-df8d-47ff-b50b-163ca59e0d1a",
    "-testrig",
    "9bb1c24a-dd4b-4ee1-a60f-9dedc1125670",
    "-snapshotname",
    "rocketfuel-bb.AS-1221",
    "-haltonconverterror",
    "-storagebase",
    "/home/plankton/batfish/experiments/containers"
  ],
  "batches" : [
    {
      "completed" : 0,
      "description" : "Begin job",
      "size" : 0,
      "startDate" : "2019-01-16T05:23:13.830+0000"
    }
  ],
  "obtained" : "2019-01-16T05:23:13.829+0000",
  "status" : "InProgress"
}]
WMS:getWorkStatus d26a1e1f-39ef-4118-835d-bf374e23af2c
status: ASSIGNED
.... Tue Jan 15 23:23:13 CST 2019: Begin job
WM:CheckWork: Trying to check [d26a1e1f-39ef-4118-835d-bf374e23af2c 48654182-64e4-46ba-a466-fb156bfbcb4a 9bb1c24a-dd4b-4ee1-a60f-9dedc1125670 {container=48654182-64e4-46ba-a466-fb156bfbcb4a, answer=, haltonparseerror=, loglevel=fatal, initinfo=false, questionname=63138b2c-df8d-47ff-b50b-163ca59e0d1a, testrig=9bb1c24a-dd4b-4ee1-a60f-9dedc1125670, snapshotname=rocketfuel-bb.AS-1221, haltonconverterror=}] [CHECKINGSTATUS] [Tue Jan 15 23:23:13 CST 2019 Tue Jan 15 23:23:13 CST 2019 null] [localhost:36377] [InProgress, Tue Jan 15 23:23:17 CST 2019] on localhost:36377
BFS:getTaskStatus d26a1e1f-39ef-4118-835d-bf374e23af2c
response: ["success","{\n  \"args\" : [\n    \"-container\",\n    \"48654182-64e4-46ba-a466-fb156bfbcb4a\",\n    \"-answer\",\n    \"-haltonparseerror\",\n    \"-loglevel\",\n    \"fatal\",\n    \"-initinfo\",\n    \"false\",\n    \"-questionname\",\n    \"63138b2c-df8d-47ff-b50b-163ca59e0d1a\",\n    \"-testrig\",\n    \"9bb1c24a-dd4b-4ee1-a60f-9dedc1125670\",\n    \"-snapshotname\",\n    \"rocketfuel-bb.AS-1221\",\n    \"-haltonconverterror\",\n    \"-storagebase\",\n    \"\/home\/plankton\/batfish\/experiments\/containers\"\n  ],\n  \"batches\" : [\n    {\n      \"completed\" : 0,\n      \"description\" : \"Begin job\",\n      \"size\" : 0,\n      \"startDate\" : \"2019-01-16T05:23:13.830+0000\"\n    }\n  ],\n  \"obtained\" : \"2019-01-16T05:23:13.829+0000\",\n  \"status\" : \"InProgress\"\n}"] [success] [{
  "args" : [
    "-container",
    "48654182-64e4-46ba-a466-fb156bfbcb4a",
    "-answer",
    "-haltonparseerror",
    "-loglevel",
    "fatal",
    "-initinfo",
    "false",
    "-questionname",
    "63138b2c-df8d-47ff-b50b-163ca59e0d1a",
    "-testrig",
    "9bb1c24a-dd4b-4ee1-a60f-9dedc1125670",
    "-snapshotname",
    "rocketfuel-bb.AS-1221",
    "-haltonconverterror",
    "-storagebase",
    "/home/plankton/batfish/experiments/containers"
  ],
  "batches" : [
    {
      "completed" : 0,
      "description" : "Begin job",
      "size" : 0,
      "startDate" : "2019-01-16T05:23:13.830+0000"
    }
  ],
  "obtained" : "2019-01-16T05:23:13.829+0000",
  "status" : "InProgress"
}]
WMS:getWorkStatus d26a1e1f-39ef-4118-835d-bf374e23af2c
status: ASSIGNED
.... Tue Jan 15 23:23:13 CST 2019: Begin job
WM:CheckWork: Trying to check [d26a1e1f-39ef-4118-835d-bf374e23af2c 48654182-64e4-46ba-a466-fb156bfbcb4a 9bb1c24a-dd4b-4ee1-a60f-9dedc1125670 {container=48654182-64e4-46ba-a466-fb156bfbcb4a, answer=, haltonparseerror=, loglevel=fatal, initinfo=false, questionname=63138b2c-df8d-47ff-b50b-163ca59e0d1a, testrig=9bb1c24a-dd4b-4ee1-a60f-9dedc1125670, snapshotname=rocketfuel-bb.AS-1221, haltonconverterror=}] [CHECKINGSTATUS] [Tue Jan 15 23:23:13 CST 2019 Tue Jan 15 23:23:13 CST 2019 null] [localhost:36377] [InProgress, Tue Jan 15 23:23:18 CST 2019] on localhost:36377
BFS:getTaskStatus d26a1e1f-39ef-4118-835d-bf374e23af2c
response: ["success","{\n  \"args\" : [\n    \"-container\",\n    \"48654182-64e4-46ba-a466-fb156bfbcb4a\",\n    \"-answer\",\n    \"-haltonparseerror\",\n    \"-loglevel\",\n    \"fatal\",\n    \"-initinfo\",\n    \"false\",\n    \"-questionname\",\n    \"63138b2c-df8d-47ff-b50b-163ca59e0d1a\",\n    \"-testrig\",\n    \"9bb1c24a-dd4b-4ee1-a60f-9dedc1125670\",\n    \"-snapshotname\",\n    \"rocketfuel-bb.AS-1221\",\n    \"-haltonconverterror\",\n    \"-storagebase\",\n    \"\/home\/plankton\/batfish\/experiments\/containers\"\n  ],\n  \"batches\" : [\n    {\n      \"completed\" : 0,\n      \"description\" : \"Begin job\",\n      \"size\" : 0,\n      \"startDate\" : \"2019-01-16T05:23:13.830+0000\"\n    }\n  ],\n  \"obtained\" : \"2019-01-16T05:23:13.829+0000\",\n  \"status\" : \"InProgress\"\n}"] [success] [{
  "args" : [
    "-container",
    "48654182-64e4-46ba-a466-fb156bfbcb4a",
    "-answer",
    "-haltonparseerror",
    "-loglevel",
    "fatal",
    "-initinfo",
    "false",
    "-questionname",
    "63138b2c-df8d-47ff-b50b-163ca59e0d1a",
    "-testrig",
    "9bb1c24a-dd4b-4ee1-a60f-9dedc1125670",
    "-snapshotname",
    "rocketfuel-bb.AS-1221",
    "-haltonconverterror",
    "-storagebase",
    "/home/plankton/batfish/experiments/containers"
  ],
  "batches" : [
    {
      "completed" : 0,
      "description" : "Begin job",
      "size" : 0,
      "startDate" : "2019-01-16T05:23:13.830+0000"
    }
  ],
  "obtained" : "2019-01-16T05:23:13.829+0000",
  "status" : "InProgress"
}]
WMS:getWorkStatus d26a1e1f-39ef-4118-835d-bf374e23af2c
status: ASSIGNED
.... Tue Jan 15 23:23:13 CST 2019: Begin job
WM:CheckWork: Trying to check [d26a1e1f-39ef-4118-835d-bf374e23af2c 48654182-64e4-46ba-a466-fb156bfbcb4a 9bb1c24a-dd4b-4ee1-a60f-9dedc1125670 {container=48654182-64e4-46ba-a466-fb156bfbcb4a, answer=, haltonparseerror=, loglevel=fatal, initinfo=false, questionname=63138b2c-df8d-47ff-b50b-163ca59e0d1a, testrig=9bb1c24a-dd4b-4ee1-a60f-9dedc1125670, snapshotname=rocketfuel-bb.AS-1221, haltonconverterror=}] [CHECKINGSTATUS] [Tue Jan 15 23:23:13 CST 2019 Tue Jan 15 23:23:13 CST 2019 null] [localhost:36377] [InProgress, Tue Jan 15 23:23:19 CST 2019] on localhost:36377
BFS:getTaskStatus d26a1e1f-39ef-4118-835d-bf374e23af2c
response: ["success","{\n  \"args\" : [\n    \"-container\",\n    \"48654182-64e4-46ba-a466-fb156bfbcb4a\",\n    \"-answer\",\n    \"-haltonparseerror\",\n    \"-loglevel\",\n    \"fatal\",\n    \"-initinfo\",\n    \"false\",\n    \"-questionname\",\n    \"63138b2c-df8d-47ff-b50b-163ca59e0d1a\",\n    \"-testrig\",\n    \"9bb1c24a-dd4b-4ee1-a60f-9dedc1125670\",\n    \"-snapshotname\",\n    \"rocketfuel-bb.AS-1221\",\n    \"-haltonconverterror\",\n    \"-storagebase\",\n    \"\/home\/plankton\/batfish\/experiments\/containers\"\n  ],\n  \"batches\" : [\n    {\n      \"completed\" : 0,\n      \"description\" : \"Begin job\",\n      \"size\" : 0,\n      \"startDate\" : \"2019-01-16T05:23:13.830+0000\"\n    }\n  ],\n  \"obtained\" : \"2019-01-16T05:23:13.829+0000\",\n  \"status\" : \"InProgress\"\n}"] [success] [{
  "args" : [
    "-container",
    "48654182-64e4-46ba-a466-fb156bfbcb4a",
    "-answer",
    "-haltonparseerror",
    "-loglevel",
    "fatal",
    "-initinfo",
    "false",
    "-questionname",
    "63138b2c-df8d-47ff-b50b-163ca59e0d1a",
    "-testrig",
    "9bb1c24a-dd4b-4ee1-a60f-9dedc1125670",
    "-snapshotname",
    "rocketfuel-bb.AS-1221",
    "-haltonconverterror",
    "-storagebase",
    "/home/plankton/batfish/experiments/containers"
  ],
  "batches" : [
    {
      "completed" : 0,
      "description" : "Begin job",
      "size" : 0,
      "startDate" : "2019-01-16T05:23:13.830+0000"
    }
  ],
  "obtained" : "2019-01-16T05:23:13.829+0000",
  "status" : "InProgress"
}]
WMS:getWorkStatus d26a1e1f-39ef-4118-835d-bf374e23af2c
status: ASSIGNED
.... Tue Jan 15 23:23:13 CST 2019: Begin job
WM:CheckWork: Trying to check [d26a1e1f-39ef-4118-835d-bf374e23af2c 48654182-64e4-46ba-a466-fb156bfbcb4a 9bb1c24a-dd4b-4ee1-a60f-9dedc1125670 {container=48654182-64e4-46ba-a466-fb156bfbcb4a, answer=, haltonparseerror=, loglevel=fatal, initinfo=false, questionname=63138b2c-df8d-47ff-b50b-163ca59e0d1a, testrig=9bb1c24a-dd4b-4ee1-a60f-9dedc1125670, snapshotname=rocketfuel-bb.AS-1221, haltonconverterror=}] [CHECKINGSTATUS] [Tue Jan 15 23:23:13 CST 2019 Tue Jan 15 23:23:13 CST 2019 null] [localhost:36377] [InProgress, Tue Jan 15 23:23:20 CST 2019] on localhost:36377
BFS:getTaskStatus d26a1e1f-39ef-4118-835d-bf374e23af2c
response: ["success","{\n  \"args\" : [\n    \"-container\",\n    \"48654182-64e4-46ba-a466-fb156bfbcb4a\",\n    \"-answer\",\n    \"-haltonparseerror\",\n    \"-loglevel\",\n    \"fatal\",\n    \"-initinfo\",\n    \"false\",\n    \"-questionname\",\n    \"63138b2c-df8d-47ff-b50b-163ca59e0d1a\",\n    \"-testrig\",\n    \"9bb1c24a-dd4b-4ee1-a60f-9dedc1125670\",\n    \"-snapshotname\",\n    \"rocketfuel-bb.AS-1221\",\n    \"-haltonconverterror\",\n    \"-storagebase\",\n    \"\/home\/plankton\/batfish\/experiments\/containers\"\n  ],\n  \"batches\" : [\n    {\n      \"completed\" : 0,\n      \"description\" : \"Begin job\",\n      \"size\" : 0,\n      \"startDate\" : \"2019-01-16T05:23:13.830+0000\"\n    }\n  ],\n  \"obtained\" : \"2019-01-16T05:23:13.829+0000\",\n  \"status\" : \"InProgress\"\n}"] [success] [{
  "args" : [
    "-container",
    "48654182-64e4-46ba-a466-fb156bfbcb4a",
    "-answer",
    "-haltonparseerror",
    "-loglevel",
    "fatal",
    "-initinfo",
    "false",
    "-questionname",
    "63138b2c-df8d-47ff-b50b-163ca59e0d1a",
    "-testrig",
    "9bb1c24a-dd4b-4ee1-a60f-9dedc1125670",
    "-snapshotname",
    "rocketfuel-bb.AS-1221",
    "-haltonconverterror",
    "-storagebase",
    "/home/plankton/batfish/experiments/containers"
  ],
  "batches" : [
    {
      "completed" : 0,
      "description" : "Begin job",
      "size" : 0,
      "startDate" : "2019-01-16T05:23:13.830+0000"
    }
  ],
  "obtained" : "2019-01-16T05:23:13.829+0000",
  "status" : "InProgress"
}]
WMS:getWorkStatus d26a1e1f-39ef-4118-835d-bf374e23af2c
status: ASSIGNED
.... Tue Jan 15 23:23:13 CST 2019: Begin job
WM:CheckWork: Trying to check [d26a1e1f-39ef-4118-835d-bf374e23af2c 48654182-64e4-46ba-a466-fb156bfbcb4a 9bb1c24a-dd4b-4ee1-a60f-9dedc1125670 {container=48654182-64e4-46ba-a466-fb156bfbcb4a, answer=, haltonparseerror=, loglevel=fatal, initinfo=false, questionname=63138b2c-df8d-47ff-b50b-163ca59e0d1a, testrig=9bb1c24a-dd4b-4ee1-a60f-9dedc1125670, snapshotname=rocketfuel-bb.AS-1221, haltonconverterror=}] [CHECKINGSTATUS] [Tue Jan 15 23:23:13 CST 2019 Tue Jan 15 23:23:13 CST 2019 null] [localhost:36377] [InProgress, Tue Jan 15 23:23:21 CST 2019] on localhost:36377
BFS:getTaskStatus d26a1e1f-39ef-4118-835d-bf374e23af2c
response: ["success","{\n  \"args\" : [\n    \"-container\",\n    \"48654182-64e4-46ba-a466-fb156bfbcb4a\",\n    \"-answer\",\n    \"-haltonparseerror\",\n    \"-loglevel\",\n    \"fatal\",\n    \"-initinfo\",\n    \"false\",\n    \"-questionname\",\n    \"63138b2c-df8d-47ff-b50b-163ca59e0d1a\",\n    \"-testrig\",\n    \"9bb1c24a-dd4b-4ee1-a60f-9dedc1125670\",\n    \"-snapshotname\",\n    \"rocketfuel-bb.AS-1221\",\n    \"-haltonconverterror\",\n    \"-storagebase\",\n    \"\/home\/plankton\/batfish\/experiments\/containers\"\n  ],\n  \"batches\" : [\n    {\n      \"completed\" : 0,\n      \"description\" : \"Begin job\",\n      \"size\" : 0,\n      \"startDate\" : \"2019-01-16T05:23:13.830+0000\"\n    }\n  ],\n  \"obtained\" : \"2019-01-16T05:23:13.829+0000\",\n  \"status\" : \"InProgress\"\n}"] [success] [{
  "args" : [
    "-container",
    "48654182-64e4-46ba-a466-fb156bfbcb4a",
    "-answer",
    "-haltonparseerror",
    "-loglevel",
    "fatal",
    "-initinfo",
    "false",
    "-questionname",
    "63138b2c-df8d-47ff-b50b-163ca59e0d1a",
    "-testrig",
    "9bb1c24a-dd4b-4ee1-a60f-9dedc1125670",
    "-snapshotname",
    "rocketfuel-bb.AS-1221",
    "-haltonconverterror",
    "-storagebase",
    "/home/plankton/batfish/experiments/containers"
  ],
  "batches" : [
    {
      "completed" : 0,
      "description" : "Begin job",
      "size" : 0,
      "startDate" : "2019-01-16T05:23:13.830+0000"
    }
  ],
  "obtained" : "2019-01-16T05:23:13.829+0000",
  "status" : "InProgress"
}]
WMS:getWorkStatus d26a1e1f-39ef-4118-835d-bf374e23af2c
status: ASSIGNED
.... Tue Jan 15 23:23:13 CST 2019: Begin job
WM:CheckWork: Trying to check [d26a1e1f-39ef-4118-835d-bf374e23af2c 48654182-64e4-46ba-a466-fb156bfbcb4a 9bb1c24a-dd4b-4ee1-a60f-9dedc1125670 {container=48654182-64e4-46ba-a466-fb156bfbcb4a, answer=, haltonparseerror=, loglevel=fatal, initinfo=false, questionname=63138b2c-df8d-47ff-b50b-163ca59e0d1a, testrig=9bb1c24a-dd4b-4ee1-a60f-9dedc1125670, snapshotname=rocketfuel-bb.AS-1221, haltonconverterror=}] [CHECKINGSTATUS] [Tue Jan 15 23:23:13 CST 2019 Tue Jan 15 23:23:13 CST 2019 null] [localhost:36377] [InProgress, Tue Jan 15 23:23:22 CST 2019] on localhost:36377
BFS:getTaskStatus d26a1e1f-39ef-4118-835d-bf374e23af2c
response: ["success","{\n  \"args\" : [\n    \"-container\",\n    \"48654182-64e4-46ba-a466-fb156bfbcb4a\",\n    \"-answer\",\n    \"-haltonparseerror\",\n    \"-loglevel\",\n    \"fatal\",\n    \"-initinfo\",\n    \"false\",\n    \"-questionname\",\n    \"63138b2c-df8d-47ff-b50b-163ca59e0d1a\",\n    \"-testrig\",\n    \"9bb1c24a-dd4b-4ee1-a60f-9dedc1125670\",\n    \"-snapshotname\",\n    \"rocketfuel-bb.AS-1221\",\n    \"-haltonconverterror\",\n    \"-storagebase\",\n    \"\/home\/plankton\/batfish\/experiments\/containers\"\n  ],\n  \"batches\" : [\n    {\n      \"completed\" : 0,\n      \"description\" : \"Begin job\",\n      \"size\" : 0,\n      \"startDate\" : \"2019-01-16T05:23:13.830+0000\"\n    }\n  ],\n  \"obtained\" : \"2019-01-16T05:23:13.829+0000\",\n  \"status\" : \"InProgress\"\n}"] [success] [{
  "args" : [
    "-container",
    "48654182-64e4-46ba-a466-fb156bfbcb4a",
    "-answer",
    "-haltonparseerror",
    "-loglevel",
    "fatal",
    "-initinfo",
    "false",
    "-questionname",
    "63138b2c-df8d-47ff-b50b-163ca59e0d1a",
    "-testrig",
    "9bb1c24a-dd4b-4ee1-a60f-9dedc1125670",
    "-snapshotname",
    "rocketfuel-bb.AS-1221",
    "-haltonconverterror",
    "-storagebase",
    "/home/plankton/batfish/experiments/containers"
  ],
  "batches" : [
    {
      "completed" : 0,
      "description" : "Begin job",
      "size" : 0,
      "startDate" : "2019-01-16T05:23:13.830+0000"
    }
  ],
  "obtained" : "2019-01-16T05:23:13.829+0000",
  "status" : "InProgress"
}]
WMS:getWorkStatus d26a1e1f-39ef-4118-835d-bf374e23af2c
status: ASSIGNED
.... Tue Jan 15 23:23:13 CST 2019: Begin job
WM:CheckWork: Trying to check [d26a1e1f-39ef-4118-835d-bf374e23af2c 48654182-64e4-46ba-a466-fb156bfbcb4a 9bb1c24a-dd4b-4ee1-a60f-9dedc1125670 {container=48654182-64e4-46ba-a466-fb156bfbcb4a, answer=, haltonparseerror=, loglevel=fatal, initinfo=false, questionname=63138b2c-df8d-47ff-b50b-163ca59e0d1a, testrig=9bb1c24a-dd4b-4ee1-a60f-9dedc1125670, snapshotname=rocketfuel-bb.AS-1221, haltonconverterror=}] [CHECKINGSTATUS] [Tue Jan 15 23:23:13 CST 2019 Tue Jan 15 23:23:13 CST 2019 null] [localhost:36377] [InProgress, Tue Jan 15 23:23:23 CST 2019] on localhost:36377
BFS:getTaskStatus d26a1e1f-39ef-4118-835d-bf374e23af2c
response: ["success","{\n  \"args\" : [\n    \"-container\",\n    \"48654182-64e4-46ba-a466-fb156bfbcb4a\",\n    \"-answer\",\n    \"-haltonparseerror\",\n    \"-loglevel\",\n    \"fatal\",\n    \"-initinfo\",\n    \"false\",\n    \"-questionname\",\n    \"63138b2c-df8d-47ff-b50b-163ca59e0d1a\",\n    \"-testrig\",\n    \"9bb1c24a-dd4b-4ee1-a60f-9dedc1125670\",\n    \"-snapshotname\",\n    \"rocketfuel-bb.AS-1221\",\n    \"-haltonconverterror\",\n    \"-storagebase\",\n    \"\/home\/plankton\/batfish\/experiments\/containers\"\n  ],\n  \"batches\" : [\n    {\n      \"completed\" : 0,\n      \"description\" : \"Begin job\",\n      \"size\" : 0,\n      \"startDate\" : \"2019-01-16T05:23:13.830+0000\"\n    }\n  ],\n  \"obtained\" : \"2019-01-16T05:23:13.829+0000\",\n  \"status\" : \"TerminatedNormally\",\n  \"terminated\" : \"2019-01-16T05:23:23.488+0000\"\n}"] [success] [{
  "args" : [
    "-container",
    "48654182-64e4-46ba-a466-fb156bfbcb4a",
    "-answer",
    "-haltonparseerror",
    "-loglevel",
    "fatal",
    "-initinfo",
    "false",
    "-questionname",
    "63138b2c-df8d-47ff-b50b-163ca59e0d1a",
    "-testrig",
    "9bb1c24a-dd4b-4ee1-a60f-9dedc1125670",
    "-snapshotname",
    "rocketfuel-bb.AS-1221",
    "-haltonconverterror",
    "-storagebase",
    "/home/plankton/batfish/experiments/containers"
  ],
  "batches" : [
    {
      "completed" : 0,
      "description" : "Begin job",
      "size" : 0,
      "startDate" : "2019-01-16T05:23:13.830+0000"
    }
  ],
  "obtained" : "2019-01-16T05:23:13.829+0000",
  "status" : "TerminatedNormally",
  "terminated" : "2019-01-16T05:23:23.488+0000"
}]
WMS:getWorkStatus d26a1e1f-39ef-4118-835d-bf374e23af2c
status: TERMINATEDNORMALLY
.... Tue Jan 15 23:23:13 CST 2019: Begin job
.... Tue Jan 15 23:23:23 CST 2019: TERMINATEDNORMALLY
WMS:getObject rocketfuel-bb.AS-1221 --> d26a1e1f-39ef-4118-835d-bf374e23af2c.json
Status: SUCCESS
Question: smt-reachability actions=[ACCEPTED], dstIps=[10.0.0.1, 10.0.0.2, 10.0.0.5, 10.0.0.6, 10.0.0.9, 10.0.0.10, 10.0.0.13, 10.0.0.14, 10.0.0.17, 10.0.0.18, 10.0.0.21, 10.0.0.22, 10.0.0.25, 10.0.0.26, 10.0.0.29, 10.0.0.30, 10.0.0.33, 10.0.0.34, 10.0.0.37, 10.0.0.38, 10.0.0.41, 10.0.0.42, 10.0.0.45, 10.0.0.46, 10.0.0.49, 10.0.0.50, 10.0.0.53, 10.0.0.54, 10.0.0.57, 10.0.0.58, 10.0.0.61, 10.0.0.62, 10.0.0.65, 10.0.0.66, 10.0.0.69, 10.0.0.70, 10.0.0.73, 10.0.0.74, 10.0.0.77, 10.0.0.78, 10.0.0.81, 10.0.0.82, 10.0.0.85, 10.0.0.86, 10.0.0.89, 10.0.0.90, 10.0.0.93, 10.0.0.94, 10.0.0.97, 10.0.0.98, 10.0.0.101, 10.0.0.102, 10.0.0.105, 10.0.0.106, 10.0.0.109, 10.0.0.110, 10.0.0.113, 10.0.0.114, 10.0.0.117, 10.0.0.118, 10.0.0.121, 10.0.0.122, 10.0.0.125, 10.0.0.126, 10.0.0.129, 10.0.0.130, 10.0.0.133, 10.0.0.134, 10.0.0.137, 10.0.0.138, 10.0.0.141, 10.0.0.142, 10.0.0.145, 10.0.0.146, 10.0.0.149, 10.0.0.150, 10.0.0.153, 10.0.0.154, 10.0.0.157, 10.0.0.158, 10.0.0.161, 10.0.0.162, 10.0.0.165, 10.0.0.166, 10.0.0.169, 10.0.0.170, 10.0.0.173, 10.0.0.174, 10.0.0.177, 10.0.0.178, 10.0.0.181, 10.0.0.182, 10.0.0.185, 10.0.0.186, 10.0.0.189, 10.0.0.190, 10.0.0.193, 10.0.0.194, 10.0.0.197, 10.0.0.198, 10.0.0.201, 10.0.0.202, 10.0.0.205, 10.0.0.206, 10.0.0.209, 10.0.0.210, 10.0.0.213, 10.0.0.214, 10.0.0.217, 10.0.0.218, 10.0.0.221, 10.0.0.222, 10.0.0.225, 10.0.0.226, 10.0.0.229, 10.0.0.230, 10.0.0.233, 10.0.0.234, 10.0.0.237, 10.0.0.238, 10.0.0.241, 10.0.0.242, 10.0.0.245, 10.0.0.246, 10.0.0.249, 10.0.0.250, 10.0.0.253, 10.0.0.254, 10.0.1.1, 10.0.1.2, 10.0.1.5, 10.0.1.6, 10.0.1.9, 10.0.1.10, 10.0.1.13, 10.0.1.14, 10.0.1.17, 10.0.1.18, 10.0.1.21, 10.0.1.22, 10.0.1.25, 10.0.1.26, 10.0.1.29, 10.0.1.30, 10.0.1.33, 10.0.1.34, 10.0.1.37, 10.0.1.38, 10.0.1.41, 10.0.1.42, 10.0.1.45, 10.0.1.46, 10.0.1.49, 10.0.1.50, 10.0.1.53, 10.0.1.54, 10.0.1.57, 10.0.1.58, 10.0.1.61, 10.0.1.62, 10.0.1.65, 10.0.1.66, 10.0.1.69, 10.0.1.70, 10.0.1.73, 10.0.1.74, 10.0.1.77, 10.0.1.78, 10.0.1.81, 10.0.1.82, 10.0.1.85, 10.0.1.86, 10.0.1.89, 10.0.1.90, 10.0.1.93, 10.0.1.94, 10.0.1.97, 10.0.1.98, 10.0.1.101, 10.0.1.102, 10.0.1.105, 10.0.1.106, 10.0.1.109, 10.0.1.110, 10.0.1.113, 10.0.1.114, 10.0.1.117, 10.0.1.118, 10.0.1.121, 10.0.1.122, 10.0.1.125, 10.0.1.126, 10.0.1.129, 10.0.1.130, 10.0.1.133, 10.0.1.134, 10.0.1.137, 10.0.1.138, 10.0.1.141, 10.0.1.142, 10.0.1.145, 10.0.1.146, 10.0.1.149, 10.0.1.150, 10.0.1.153, 10.0.1.154, 10.0.1.157, 10.0.1.158, 10.0.1.161, 10.0.1.162, 10.0.1.165, 10.0.1.166, 10.0.1.169, 10.0.1.170, 10.0.1.173, 10.0.1.174, 10.0.1.177, 10.0.1.178, 10.0.1.181, 10.0.1.182, 10.0.1.185, 10.0.1.186, 10.0.1.189, 10.0.1.190, 10.0.1.193, 10.0.1.194, 10.0.1.197, 10.0.1.198, 10.0.1.201, 10.0.1.202, 10.0.1.205, 10.0.1.206, 10.0.1.209, 10.0.1.210, 10.0.1.213, 10.0.1.214, 10.0.1.217, 10.0.1.218, 10.0.1.221, 10.0.1.222, 10.0.1.225, 10.0.1.226, 10.0.1.229, 10.0.1.230, 10.0.1.233, 10.0.1.234, 10.0.1.237, 10.0.1.238, 10.0.1.241, 10.0.1.242, 10.0.1.245, 10.0.1.246, 10.0.1.249, 10.0.1.250, 10.0.1.253, 10.0.1.254, 10.0.2.1, 10.0.2.2, 10.0.2.5, 10.0.2.6, 10.0.2.9, 10.0.2.10, 10.0.2.13, 10.0.2.14, 10.0.2.17, 10.0.2.18, 10.0.2.21, 10.0.2.22, 10.0.2.25, 10.0.2.26, 10.0.2.29, 10.0.2.30, 10.0.2.33, 10.0.2.34, 10.0.2.37, 10.0.2.38, 10.0.2.41, 10.0.2.42, 10.0.2.45, 10.0.2.46, 10.0.2.49, 10.0.2.50, 10.0.2.53, 10.0.2.54, 10.0.2.57, 10.0.2.58, 10.0.2.61, 10.0.2.62, 10.0.2.65, 10.0.2.66, 10.0.2.69, 10.0.2.70, 10.0.2.73, 10.0.2.74, 10.0.2.77, 10.0.2.78, 10.0.2.81, 10.0.2.82, 10.0.2.85, 10.0.2.86, 10.0.2.89, 10.0.2.90, 10.0.2.93, 10.0.2.94, 10.0.2.97, 10.0.2.98, 10.0.2.101, 10.0.2.102, 10.0.2.105, 10.0.2.106, 10.0.2.109, 10.0.2.110, 10.0.2.113, 10.0.2.114, 10.0.2.117, 10.0.2.118, 10.0.2.121, 10.0.2.122, 10.0.2.125, 10.0.2.126, 10.0.2.129, 10.0.2.130, 10.0.2.133, 10.0.2.134, 10.0.2.137, 10.0.2.138, 10.0.2.141, 10.0.2.142, 10.0.2.145, 10.0.2.146, 10.0.2.149, 10.0.2.150, 10.0.2.153, 10.0.2.154, 10.0.2.157, 10.0.2.158, 10.0.2.161, 10.0.2.162, 10.0.2.165, 10.0.2.166, 10.0.2.169, 10.0.2.170, 10.0.2.173, 10.0.2.174, 10.0.2.177, 10.0.2.178, 10.0.2.181, 10.0.2.182, 10.0.2.185, 10.0.2.186, 10.0.2.189, 10.0.2.190, 10.0.2.193, 10.0.2.194, 10.0.2.197, 10.0.2.198, 10.0.2.201, 10.0.2.202, 10.0.2.205, 10.0.2.206, 10.0.2.209, 10.0.2.210, 10.0.2.213, 10.0.2.214, 10.0.2.217, 10.0.2.218, 10.0.2.221, 10.0.2.222, 10.0.2.225, 10.0.2.226, 10.0.2.229, 10.0.2.230, 10.0.2.233, 10.0.2.234, 10.0.2.237, 10.0.2.238, 10.0.2.241, 10.0.2.242, 10.0.2.245, 10.0.2.246, 10.0.2.249, 10.0.2.250, 10.0.2.253, 10.0.2.254, 10.0.3.1, 10.0.3.2, 10.0.3.5, 10.0.3.6, 10.0.3.9, 10.0.3.10, 10.0.3.13, 10.0.3.14, 10.0.3.17, 10.0.3.18, 10.0.3.21, 10.0.3.22, 10.0.3.25, 10.0.3.26, 10.0.3.29, 10.0.3.30, 10.0.3.33, 10.0.3.34, 10.0.3.37, 10.0.3.38, 10.0.3.41, 10.0.3.42, 10.0.3.45, 10.0.3.46, 10.0.3.49, 10.0.3.50, 10.0.3.53, 10.0.3.54, 10.0.3.57, 10.0.3.58, 10.0.3.61, 10.0.3.62, 10.0.3.65, 10.0.3.66, 10.0.3.69, 10.0.3.70, 10.0.3.73, 10.0.3.74, 10.0.3.77, 10.0.3.78, 10.0.3.81, 10.0.3.82, 10.0.3.85, 10.0.3.86, 10.0.3.89, 10.0.3.90, 10.0.3.93, 10.0.3.94, 10.0.3.97, 10.0.3.98, 10.0.3.101, 10.0.3.102, 10.0.3.105, 10.0.3.106, 10.0.3.109, 10.0.3.110, 10.0.3.113, 10.0.3.114, 10.0.3.117, 10.0.3.118, 10.0.3.121, 10.0.3.122, 10.0.3.125, 10.0.3.126, 10.0.3.129, 10.0.3.130, 10.0.3.133, 10.0.3.134, 10.0.3.137, 10.0.3.138, 10.0.3.141, 10.0.3.142, 10.0.3.145, 10.0.3.146, 10.0.3.149, 10.0.3.150, 10.0.3.153, 10.0.3.154, 10.0.3.157, 10.0.3.158, 10.0.3.161, 10.0.3.162, 10.0.3.165, 10.0.3.166, 10.0.3.169, 10.0.3.170, 10.0.3.173, 10.0.3.174, 10.0.3.177, 10.0.3.178, 10.0.3.181, 10.0.3.182, 10.0.3.185, 10.0.3.186, 10.0.3.189, 10.0.3.190, 10.0.3.193, 10.0.3.194, 10.0.3.197, 10.0.3.198, 10.0.3.201, 10.0.3.202, 10.0.3.205, 10.0.3.206, 10.0.3.209, 10.0.3.210, 10.0.3.213, 10.0.3.214, 10.0.3.217, 10.0.3.218, 10.0.3.221, 10.0.3.222, 10.0.3.225, 10.0.3.226, 10.0.3.229, 10.0.3.230, 10.0.3.233, 10.0.3.234, 10.0.3.237, 10.0.3.238, 10.0.3.241, 10.0.3.242, 10.0.3.245, 10.0.3.246, 10.0.3.249, 10.0.3.250, 10.0.3.253, 10.0.3.254, 10.0.4.1, 10.0.4.2, 10.0.4.5, 10.0.4.6, 10.0.4.9, 10.0.4.10, 10.0.4.13, 10.0.4.14, 10.0.4.17, 10.0.4.18, 10.0.4.21, 10.0.4.22, 10.0.4.25, 10.0.4.26, 10.0.4.29, 10.0.4.30, 10.0.4.33, 10.0.4.34, 10.0.4.37, 10.0.4.38, 10.0.4.41, 10.0.4.42, 10.0.4.45, 10.0.4.46, 10.0.4.49, 10.0.4.50, 10.0.4.53, 10.0.4.54, 10.0.4.57, 10.0.4.58, 10.0.4.61, 10.0.4.62, 10.0.4.65, 10.0.4.66, 10.0.4.69, 10.0.4.70, 10.0.4.73, 10.0.4.74, 10.0.4.77, 10.0.4.78, 10.0.4.81, 10.0.4.82, 10.0.4.85, 10.0.4.86, 10.0.4.89, 10.0.4.90, 10.0.4.93, 10.0.4.94, 10.0.4.97, 10.0.4.98, 10.0.4.101, 10.0.4.102, 10.0.4.105, 10.0.4.106, 10.0.4.109, 10.0.4.110, 10.0.4.113, 10.0.4.114, 10.0.4.117, 10.0.4.118, 10.0.4.121, 10.0.4.122, 10.0.4.125, 10.0.4.126, 10.0.4.129, 10.0.4.130, 10.0.4.133, 10.0.4.134, 10.0.4.137, 10.0.4.138, 10.0.4.141, 10.0.4.142, 10.0.4.145, 10.0.4.146, 10.0.4.149, 10.0.4.150, 10.0.4.153, 10.0.4.154, 10.0.4.157, 10.0.4.158, 10.0.4.161, 10.0.4.162, 10.0.4.165, 10.0.4.166, 10.0.4.169, 10.0.4.170, 10.0.4.173, 10.0.4.174, 10.0.4.177, 10.0.4.178, 10.0.4.181, 10.0.4.182, 10.0.4.185, 10.0.4.186, 10.0.4.189, 10.0.4.190, 10.0.4.193, 10.0.4.194, 10.0.4.197, 10.0.4.198], finalNodeRegex=r.*, ingressNodeRegex=r(54)

Flow: ingress:r54 vrf:default 0.0.0.0->10.0.4.1 HOPOPT packetLength:0 state:NEW
  environment:BASE
Environment{testrigName=rocketfuel-bb.AS-1221, edgeBlacklist=null, interfaceBlacklist=null, nodeBlacklist=null, bgpTables=null, routingTables=null, externalBgpAnnouncements=null}
    NO_ROUTE


Summary: 0 (non-assertion) results; 
91.67user 3.06system 0:20.24elapsed 467%CPU (0avgtext+0avgdata 2960948maxresident)k
0inputs+18000outputs (0major+759921minor)pagefaults 0swaps
